[2025-07-17T09:29:50.692+0000] {local_task_job_runner.py:123} INFO - ::group::Pre task execution logs
[2025-07-17T09:29:50.699+0000] {taskinstance.py:2603} INFO - Dependencies all met for dep_context=non-requeueable deps ti=<TaskInstance: enhanced_csv_json_merge_pipeline.load_and_merge manual__2025-07-17T09:29:49.100537+00:00 [queued]>
[2025-07-17T09:29:50.702+0000] {taskinstance.py:2603} INFO - Dependencies all met for dep_context=requeueable deps ti=<TaskInstance: enhanced_csv_json_merge_pipeline.load_and_merge manual__2025-07-17T09:29:49.100537+00:00 [queued]>
[2025-07-17T09:29:50.702+0000] {taskinstance.py:2856} INFO - Starting attempt 1 of 2
[2025-07-17T09:29:50.707+0000] {taskinstance.py:2879} INFO - Executing <Task(PythonOperator): load_and_merge> on 2025-07-17 09:29:49.100537+00:00
[2025-07-17T09:29:50.710+0000] {warnings.py:112} WARNING - /home/***/.local/lib/python3.12/site-packages/***/task/task_runner/standard_task_runner.py:70: DeprecationWarning: This process (pid=105) is multi-threaded, use of fork() may lead to deadlocks in the child.
  pid = os.fork()

[2025-07-17T09:29:50.710+0000] {standard_task_runner.py:72} INFO - Started process 107 to run task
[2025-07-17T09:29:50.711+0000] {standard_task_runner.py:104} INFO - Running: ['***', 'tasks', 'run', 'enhanced_csv_json_merge_pipeline', 'load_and_merge', 'manual__2025-07-17T09:29:49.100537+00:00', '--job-id', '6', '--raw', '--subdir', 'DAGS_FOLDER/enhanced_csv_json_merge_dag.py', '--cfg-path', '/tmp/tmp91405xnt']
[2025-07-17T09:29:50.712+0000] {standard_task_runner.py:105} INFO - Job 6: Subtask load_and_merge
[2025-07-17T09:29:50.733+0000] {task_command.py:467} INFO - Running <TaskInstance: enhanced_csv_json_merge_pipeline.load_and_merge manual__2025-07-17T09:29:49.100537+00:00 [running]> on host 65ddff0449bf
[2025-07-17T09:29:50.760+0000] {taskinstance.py:3122} INFO - Exporting env vars: AIRFLOW_CTX_DAG_OWNER='***' AIRFLOW_CTX_DAG_ID='enhanced_csv_json_merge_pipeline' AIRFLOW_CTX_TASK_ID='load_and_merge' AIRFLOW_CTX_EXECUTION_DATE='2025-07-17T09:29:49.100537+00:00' AIRFLOW_CTX_TRY_NUMBER='1' AIRFLOW_CTX_DAG_RUN_ID='manual__2025-07-17T09:29:49.100537+00:00'
[2025-07-17T09:29:50.761+0000] {logging_mixin.py:190} INFO - Task instance is in running state
[2025-07-17T09:29:50.761+0000] {logging_mixin.py:190} INFO -  Previous state of the Task instance: queued
[2025-07-17T09:29:50.761+0000] {logging_mixin.py:190} INFO - Current task name:load_and_merge state:running start_date:2025-07-17 09:29:50.699661+00:00
[2025-07-17T09:29:50.761+0000] {logging_mixin.py:190} INFO - Dag name:enhanced_csv_json_merge_pipeline and current dag run status:running
[2025-07-17T09:29:50.761+0000] {taskinstance.py:731} INFO - ::endgroup::
[2025-07-17T09:29:50.770+0000] {logging_mixin.py:190} INFO - Merged and enriched CSV written
[2025-07-17T09:29:50.771+0000] {python.py:240} INFO - Done. Returned value was: None
[2025-07-17T09:29:50.775+0000] {taskinstance.py:340} INFO - ::group::Post task execution logs
[2025-07-17T09:29:50.775+0000] {taskinstance.py:352} INFO - Marking task as SUCCESS. dag_id=enhanced_csv_json_merge_pipeline, task_id=load_and_merge, run_id=manual__2025-07-17T09:29:49.100537+00:00, execution_date=20250717T092949, start_date=20250717T092950, end_date=20250717T092950
[2025-07-17T09:29:50.778+0000] {logging_mixin.py:190} INFO - Task instance in success state
[2025-07-17T09:29:50.778+0000] {logging_mixin.py:190} INFO -  Previous state of the Task instance: running
[2025-07-17T09:29:50.778+0000] {logging_mixin.py:190} INFO - Dag name:enhanced_csv_json_merge_pipeline queued_at:2025-07-17 09:29:49.115718+00:00
[2025-07-17T09:29:50.778+0000] {logging_mixin.py:190} INFO - Task hostname:65ddff0449bf operator:PythonOperator
[2025-07-17T09:29:50.811+0000] {local_task_job_runner.py:261} INFO - Task exited with return code 0
[2025-07-17T09:29:50.821+0000] {taskinstance.py:3891} INFO - 1 downstream tasks scheduled from follow-on schedule check
[2025-07-17T09:29:50.822+0000] {local_task_job_runner.py:240} INFO - ::endgroup::
