[2025-07-17T08:30:48.193+0000] {processor.py:186} INFO - Started process (PID=61) to work on /home/airflow/.local/lib/python3.12/site-packages/airflow/example_dags/example_task_group_decorator.py
[2025-07-17T08:30:48.194+0000] {processor.py:914} INFO - Processing file /home/airflow/.local/lib/python3.12/site-packages/airflow/example_dags/example_task_group_decorator.py for tasks to queue
[2025-07-17T08:30:48.196+0000] {logging_mixin.py:190} INFO - [2025-07-17T08:30:48.196+0000] {dagbag.py:587} INFO - Filling up the DagBag from /home/airflow/.local/lib/python3.12/site-packages/airflow/example_dags/example_task_group_decorator.py
[2025-07-17T08:30:48.204+0000] {processor.py:925} INFO - DAG(s) 'example_task_group_decorator' retrieved from /home/airflow/.local/lib/python3.12/site-packages/airflow/example_dags/example_task_group_decorator.py
[2025-07-17T08:30:48.250+0000] {logging_mixin.py:190} INFO - [2025-07-17T08:30:48.250+0000] {override.py:1858} INFO - Created Permission View: can delete on DAG:example_task_group_decorator
[2025-07-17T08:30:48.254+0000] {logging_mixin.py:190} INFO - [2025-07-17T08:30:48.254+0000] {override.py:1858} INFO - Created Permission View: can edit on DAG:example_task_group_decorator
[2025-07-17T08:30:48.256+0000] {logging_mixin.py:190} INFO - [2025-07-17T08:30:48.256+0000] {override.py:1858} INFO - Created Permission View: can read on DAG:example_task_group_decorator
[2025-07-17T08:30:48.258+0000] {logging_mixin.py:190} INFO - [2025-07-17T08:30:48.258+0000] {dag.py:3211} INFO - Sync 1 DAGs
[2025-07-17T08:30:48.262+0000] {logging_mixin.py:190} INFO - [2025-07-17T08:30:48.262+0000] {dag.py:3234} INFO - Creating ORM DAG for example_task_group_decorator
[2025-07-17T08:30:48.267+0000] {logging_mixin.py:190} INFO - [2025-07-17T08:30:48.267+0000] {dag.py:4138} INFO - Setting next_dagrun for example_task_group_decorator to 2025-07-16 00:00:00+00:00, run_after=2025-07-17 00:00:00+00:00
[2025-07-17T08:30:48.273+0000] {processor.py:208} INFO - Processing /home/airflow/.local/lib/python3.12/site-packages/airflow/example_dags/example_task_group_decorator.py took 0.084 seconds
[2025-07-17T08:31:18.600+0000] {processor.py:186} INFO - Started process (PID=129) to work on /home/airflow/.local/lib/python3.12/site-packages/airflow/example_dags/example_task_group_decorator.py
[2025-07-17T08:31:18.600+0000] {processor.py:914} INFO - Processing file /home/airflow/.local/lib/python3.12/site-packages/airflow/example_dags/example_task_group_decorator.py for tasks to queue
[2025-07-17T08:31:18.601+0000] {logging_mixin.py:190} INFO - [2025-07-17T08:31:18.601+0000] {dagbag.py:587} INFO - Filling up the DagBag from /home/airflow/.local/lib/python3.12/site-packages/airflow/example_dags/example_task_group_decorator.py
[2025-07-17T08:31:18.608+0000] {processor.py:925} INFO - DAG(s) 'example_task_group_decorator' retrieved from /home/airflow/.local/lib/python3.12/site-packages/airflow/example_dags/example_task_group_decorator.py
[2025-07-17T08:31:18.618+0000] {logging_mixin.py:190} INFO - [2025-07-17T08:31:18.618+0000] {dag.py:3211} INFO - Sync 1 DAGs
[2025-07-17T08:31:18.627+0000] {logging_mixin.py:190} INFO - [2025-07-17T08:31:18.627+0000] {dag.py:4138} INFO - Setting next_dagrun for example_task_group_decorator to 2025-07-16 00:00:00+00:00, run_after=2025-07-17 00:00:00+00:00
[2025-07-17T08:31:18.634+0000] {processor.py:208} INFO - Processing /home/airflow/.local/lib/python3.12/site-packages/airflow/example_dags/example_task_group_decorator.py took 0.037 seconds
[2025-07-17T08:31:49.333+0000] {processor.py:186} INFO - Started process (PID=191) to work on /home/airflow/.local/lib/python3.12/site-packages/airflow/example_dags/example_task_group_decorator.py
[2025-07-17T08:31:49.333+0000] {processor.py:914} INFO - Processing file /home/airflow/.local/lib/python3.12/site-packages/airflow/example_dags/example_task_group_decorator.py for tasks to queue
[2025-07-17T08:31:49.334+0000] {logging_mixin.py:190} INFO - [2025-07-17T08:31:49.334+0000] {dagbag.py:587} INFO - Filling up the DagBag from /home/airflow/.local/lib/python3.12/site-packages/airflow/example_dags/example_task_group_decorator.py
[2025-07-17T08:31:49.341+0000] {processor.py:925} INFO - DAG(s) 'example_task_group_decorator' retrieved from /home/airflow/.local/lib/python3.12/site-packages/airflow/example_dags/example_task_group_decorator.py
[2025-07-17T08:31:49.351+0000] {logging_mixin.py:190} INFO - [2025-07-17T08:31:49.351+0000] {dag.py:3211} INFO - Sync 1 DAGs
[2025-07-17T08:31:49.358+0000] {logging_mixin.py:190} INFO - [2025-07-17T08:31:49.358+0000] {dag.py:4138} INFO - Setting next_dagrun for example_task_group_decorator to 2025-07-16 00:00:00+00:00, run_after=2025-07-17 00:00:00+00:00
[2025-07-17T08:31:49.364+0000] {processor.py:208} INFO - Processing /home/airflow/.local/lib/python3.12/site-packages/airflow/example_dags/example_task_group_decorator.py took 0.034 seconds
[2025-07-17T08:32:20.075+0000] {processor.py:186} INFO - Started process (PID=253) to work on /home/airflow/.local/lib/python3.12/site-packages/airflow/example_dags/example_task_group_decorator.py
[2025-07-17T08:32:20.076+0000] {processor.py:914} INFO - Processing file /home/airflow/.local/lib/python3.12/site-packages/airflow/example_dags/example_task_group_decorator.py for tasks to queue
[2025-07-17T08:32:20.077+0000] {logging_mixin.py:190} INFO - [2025-07-17T08:32:20.077+0000] {dagbag.py:587} INFO - Filling up the DagBag from /home/airflow/.local/lib/python3.12/site-packages/airflow/example_dags/example_task_group_decorator.py
[2025-07-17T08:32:20.083+0000] {processor.py:925} INFO - DAG(s) 'example_task_group_decorator' retrieved from /home/airflow/.local/lib/python3.12/site-packages/airflow/example_dags/example_task_group_decorator.py
[2025-07-17T08:32:20.095+0000] {logging_mixin.py:190} INFO - [2025-07-17T08:32:20.095+0000] {dag.py:3211} INFO - Sync 1 DAGs
[2025-07-17T08:32:20.104+0000] {logging_mixin.py:190} INFO - [2025-07-17T08:32:20.103+0000] {dag.py:4138} INFO - Setting next_dagrun for example_task_group_decorator to 2025-07-16 00:00:00+00:00, run_after=2025-07-17 00:00:00+00:00
[2025-07-17T08:32:20.112+0000] {processor.py:208} INFO - Processing /home/airflow/.local/lib/python3.12/site-packages/airflow/example_dags/example_task_group_decorator.py took 0.040 seconds
[2025-07-17T08:32:50.828+0000] {processor.py:186} INFO - Started process (PID=315) to work on /home/airflow/.local/lib/python3.12/site-packages/airflow/example_dags/example_task_group_decorator.py
[2025-07-17T08:32:50.829+0000] {processor.py:914} INFO - Processing file /home/airflow/.local/lib/python3.12/site-packages/airflow/example_dags/example_task_group_decorator.py for tasks to queue
[2025-07-17T08:32:50.831+0000] {logging_mixin.py:190} INFO - [2025-07-17T08:32:50.830+0000] {dagbag.py:587} INFO - Filling up the DagBag from /home/airflow/.local/lib/python3.12/site-packages/airflow/example_dags/example_task_group_decorator.py
[2025-07-17T08:32:50.836+0000] {processor.py:925} INFO - DAG(s) 'example_task_group_decorator' retrieved from /home/airflow/.local/lib/python3.12/site-packages/airflow/example_dags/example_task_group_decorator.py
[2025-07-17T08:32:50.848+0000] {logging_mixin.py:190} INFO - [2025-07-17T08:32:50.848+0000] {dag.py:3211} INFO - Sync 1 DAGs
[2025-07-17T08:32:50.856+0000] {logging_mixin.py:190} INFO - [2025-07-17T08:32:50.856+0000] {dag.py:4138} INFO - Setting next_dagrun for example_task_group_decorator to 2025-07-16 00:00:00+00:00, run_after=2025-07-17 00:00:00+00:00
[2025-07-17T08:32:50.863+0000] {processor.py:208} INFO - Processing /home/airflow/.local/lib/python3.12/site-packages/airflow/example_dags/example_task_group_decorator.py took 0.037 seconds
[2025-07-17T08:33:21.575+0000] {processor.py:186} INFO - Started process (PID=377) to work on /home/airflow/.local/lib/python3.12/site-packages/airflow/example_dags/example_task_group_decorator.py
[2025-07-17T08:33:21.576+0000] {processor.py:914} INFO - Processing file /home/airflow/.local/lib/python3.12/site-packages/airflow/example_dags/example_task_group_decorator.py for tasks to queue
[2025-07-17T08:33:21.577+0000] {logging_mixin.py:190} INFO - [2025-07-17T08:33:21.577+0000] {dagbag.py:587} INFO - Filling up the DagBag from /home/airflow/.local/lib/python3.12/site-packages/airflow/example_dags/example_task_group_decorator.py
[2025-07-17T08:33:21.584+0000] {processor.py:925} INFO - DAG(s) 'example_task_group_decorator' retrieved from /home/airflow/.local/lib/python3.12/site-packages/airflow/example_dags/example_task_group_decorator.py
[2025-07-17T08:33:21.595+0000] {logging_mixin.py:190} INFO - [2025-07-17T08:33:21.594+0000] {dag.py:3211} INFO - Sync 1 DAGs
[2025-07-17T08:33:21.603+0000] {logging_mixin.py:190} INFO - [2025-07-17T08:33:21.603+0000] {dag.py:4138} INFO - Setting next_dagrun for example_task_group_decorator to 2025-07-16 00:00:00+00:00, run_after=2025-07-17 00:00:00+00:00
[2025-07-17T08:33:21.611+0000] {processor.py:208} INFO - Processing /home/airflow/.local/lib/python3.12/site-packages/airflow/example_dags/example_task_group_decorator.py took 0.039 seconds
[2025-07-17T08:33:52.323+0000] {processor.py:186} INFO - Started process (PID=439) to work on /home/airflow/.local/lib/python3.12/site-packages/airflow/example_dags/example_task_group_decorator.py
[2025-07-17T08:33:52.324+0000] {processor.py:914} INFO - Processing file /home/airflow/.local/lib/python3.12/site-packages/airflow/example_dags/example_task_group_decorator.py for tasks to queue
[2025-07-17T08:33:52.329+0000] {logging_mixin.py:190} INFO - [2025-07-17T08:33:52.328+0000] {dagbag.py:587} INFO - Filling up the DagBag from /home/airflow/.local/lib/python3.12/site-packages/airflow/example_dags/example_task_group_decorator.py
[2025-07-17T08:33:52.335+0000] {processor.py:925} INFO - DAG(s) 'example_task_group_decorator' retrieved from /home/airflow/.local/lib/python3.12/site-packages/airflow/example_dags/example_task_group_decorator.py
[2025-07-17T08:33:52.348+0000] {logging_mixin.py:190} INFO - [2025-07-17T08:33:52.348+0000] {dag.py:3211} INFO - Sync 1 DAGs
[2025-07-17T08:33:52.358+0000] {logging_mixin.py:190} INFO - [2025-07-17T08:33:52.358+0000] {dag.py:4138} INFO - Setting next_dagrun for example_task_group_decorator to 2025-07-16 00:00:00+00:00, run_after=2025-07-17 00:00:00+00:00
[2025-07-17T08:33:52.366+0000] {processor.py:208} INFO - Processing /home/airflow/.local/lib/python3.12/site-packages/airflow/example_dags/example_task_group_decorator.py took 0.046 seconds
[2025-07-17T08:34:23.184+0000] {processor.py:186} INFO - Started process (PID=501) to work on /home/airflow/.local/lib/python3.12/site-packages/airflow/example_dags/example_task_group_decorator.py
[2025-07-17T08:34:23.188+0000] {processor.py:914} INFO - Processing file /home/airflow/.local/lib/python3.12/site-packages/airflow/example_dags/example_task_group_decorator.py for tasks to queue
[2025-07-17T08:34:23.191+0000] {logging_mixin.py:190} INFO - [2025-07-17T08:34:23.190+0000] {dagbag.py:587} INFO - Filling up the DagBag from /home/airflow/.local/lib/python3.12/site-packages/airflow/example_dags/example_task_group_decorator.py
[2025-07-17T08:34:23.198+0000] {processor.py:925} INFO - DAG(s) 'example_task_group_decorator' retrieved from /home/airflow/.local/lib/python3.12/site-packages/airflow/example_dags/example_task_group_decorator.py
[2025-07-17T08:34:23.211+0000] {logging_mixin.py:190} INFO - [2025-07-17T08:34:23.211+0000] {dag.py:3211} INFO - Sync 1 DAGs
[2025-07-17T08:34:23.220+0000] {logging_mixin.py:190} INFO - [2025-07-17T08:34:23.220+0000] {dag.py:4138} INFO - Setting next_dagrun for example_task_group_decorator to 2025-07-16 00:00:00+00:00, run_after=2025-07-17 00:00:00+00:00
[2025-07-17T08:34:23.228+0000] {processor.py:208} INFO - Processing /home/airflow/.local/lib/python3.12/site-packages/airflow/example_dags/example_task_group_decorator.py took 0.046 seconds
[2025-07-17T08:34:54.122+0000] {processor.py:186} INFO - Started process (PID=563) to work on /home/airflow/.local/lib/python3.12/site-packages/airflow/example_dags/example_task_group_decorator.py
[2025-07-17T08:34:54.122+0000] {processor.py:914} INFO - Processing file /home/airflow/.local/lib/python3.12/site-packages/airflow/example_dags/example_task_group_decorator.py for tasks to queue
[2025-07-17T08:34:54.123+0000] {logging_mixin.py:190} INFO - [2025-07-17T08:34:54.123+0000] {dagbag.py:587} INFO - Filling up the DagBag from /home/airflow/.local/lib/python3.12/site-packages/airflow/example_dags/example_task_group_decorator.py
[2025-07-17T08:34:54.129+0000] {processor.py:925} INFO - DAG(s) 'example_task_group_decorator' retrieved from /home/airflow/.local/lib/python3.12/site-packages/airflow/example_dags/example_task_group_decorator.py
[2025-07-17T08:34:54.140+0000] {logging_mixin.py:190} INFO - [2025-07-17T08:34:54.140+0000] {dag.py:3211} INFO - Sync 1 DAGs
[2025-07-17T08:34:54.148+0000] {logging_mixin.py:190} INFO - [2025-07-17T08:34:54.148+0000] {dag.py:4138} INFO - Setting next_dagrun for example_task_group_decorator to 2025-07-16 00:00:00+00:00, run_after=2025-07-17 00:00:00+00:00
[2025-07-17T08:34:54.156+0000] {processor.py:208} INFO - Processing /home/airflow/.local/lib/python3.12/site-packages/airflow/example_dags/example_task_group_decorator.py took 0.037 seconds
[2025-07-17T08:35:24.994+0000] {processor.py:186} INFO - Started process (PID=625) to work on /home/airflow/.local/lib/python3.12/site-packages/airflow/example_dags/example_task_group_decorator.py
[2025-07-17T08:35:24.994+0000] {processor.py:914} INFO - Processing file /home/airflow/.local/lib/python3.12/site-packages/airflow/example_dags/example_task_group_decorator.py for tasks to queue
[2025-07-17T08:35:24.996+0000] {logging_mixin.py:190} INFO - [2025-07-17T08:35:24.996+0000] {dagbag.py:587} INFO - Filling up the DagBag from /home/airflow/.local/lib/python3.12/site-packages/airflow/example_dags/example_task_group_decorator.py
[2025-07-17T08:35:25.003+0000] {processor.py:925} INFO - DAG(s) 'example_task_group_decorator' retrieved from /home/airflow/.local/lib/python3.12/site-packages/airflow/example_dags/example_task_group_decorator.py
[2025-07-17T08:35:25.014+0000] {logging_mixin.py:190} INFO - [2025-07-17T08:35:25.014+0000] {dag.py:3211} INFO - Sync 1 DAGs
[2025-07-17T08:35:25.027+0000] {logging_mixin.py:190} INFO - [2025-07-17T08:35:25.027+0000] {dag.py:4138} INFO - Setting next_dagrun for example_task_group_decorator to 2025-07-16 00:00:00+00:00, run_after=2025-07-17 00:00:00+00:00
[2025-07-17T08:35:25.035+0000] {processor.py:208} INFO - Processing /home/airflow/.local/lib/python3.12/site-packages/airflow/example_dags/example_task_group_decorator.py took 0.044 seconds
