[2025-07-17T08:30:49.740+0000] {processor.py:186} INFO - Started process (PID=100) to work on /home/airflow/.local/lib/python3.12/site-packages/airflow/example_dags/example_latest_only.py
[2025-07-17T08:30:49.741+0000] {processor.py:914} INFO - Processing file /home/airflow/.local/lib/python3.12/site-packages/airflow/example_dags/example_latest_only.py for tasks to queue
[2025-07-17T08:30:49.743+0000] {logging_mixin.py:190} INFO - [2025-07-17T08:30:49.743+0000] {dagbag.py:587} INFO - Filling up the DagBag from /home/airflow/.local/lib/python3.12/site-packages/airflow/example_dags/example_latest_only.py
[2025-07-17T08:30:49.747+0000] {processor.py:925} INFO - DAG(s) 'latest_only' retrieved from /home/airflow/.local/lib/python3.12/site-packages/airflow/example_dags/example_latest_only.py
[2025-07-17T08:30:49.784+0000] {logging_mixin.py:190} INFO - [2025-07-17T08:30:49.784+0000] {override.py:1858} INFO - Created Permission View: can delete on DAG:latest_only
[2025-07-17T08:30:49.788+0000] {logging_mixin.py:190} INFO - [2025-07-17T08:30:49.788+0000] {override.py:1858} INFO - Created Permission View: can edit on DAG:latest_only
[2025-07-17T08:30:49.790+0000] {logging_mixin.py:190} INFO - [2025-07-17T08:30:49.790+0000] {override.py:1858} INFO - Created Permission View: can read on DAG:latest_only
[2025-07-17T08:30:49.790+0000] {logging_mixin.py:190} INFO - [2025-07-17T08:30:49.790+0000] {dag.py:3211} INFO - Sync 1 DAGs
[2025-07-17T08:30:49.796+0000] {logging_mixin.py:190} INFO - [2025-07-17T08:30:49.796+0000] {dag.py:3234} INFO - Creating ORM DAG for latest_only
[2025-07-17T08:30:49.800+0000] {logging_mixin.py:190} INFO - [2025-07-17T08:30:49.800+0000] {dag.py:4138} INFO - Setting next_dagrun for latest_only to 2025-07-17 04:00:00+00:00, run_after=2025-07-17 08:00:00+00:00
[2025-07-17T08:30:49.806+0000] {processor.py:208} INFO - Processing /home/airflow/.local/lib/python3.12/site-packages/airflow/example_dags/example_latest_only.py took 0.068 seconds
[2025-07-17T08:31:20.522+0000] {processor.py:186} INFO - Started process (PID=162) to work on /home/airflow/.local/lib/python3.12/site-packages/airflow/example_dags/example_latest_only.py
[2025-07-17T08:31:20.522+0000] {processor.py:914} INFO - Processing file /home/airflow/.local/lib/python3.12/site-packages/airflow/example_dags/example_latest_only.py for tasks to queue
[2025-07-17T08:31:20.523+0000] {logging_mixin.py:190} INFO - [2025-07-17T08:31:20.523+0000] {dagbag.py:587} INFO - Filling up the DagBag from /home/airflow/.local/lib/python3.12/site-packages/airflow/example_dags/example_latest_only.py
[2025-07-17T08:31:20.527+0000] {processor.py:925} INFO - DAG(s) 'latest_only' retrieved from /home/airflow/.local/lib/python3.12/site-packages/airflow/example_dags/example_latest_only.py
[2025-07-17T08:31:20.534+0000] {logging_mixin.py:190} INFO - [2025-07-17T08:31:20.534+0000] {dag.py:3211} INFO - Sync 1 DAGs
[2025-07-17T08:31:20.543+0000] {logging_mixin.py:190} INFO - [2025-07-17T08:31:20.543+0000] {dag.py:4138} INFO - Setting next_dagrun for latest_only to 2025-07-17 04:00:00+00:00, run_after=2025-07-17 08:00:00+00:00
[2025-07-17T08:31:20.549+0000] {processor.py:208} INFO - Processing /home/airflow/.local/lib/python3.12/site-packages/airflow/example_dags/example_latest_only.py took 0.030 seconds
[2025-07-17T08:31:51.198+0000] {processor.py:186} INFO - Started process (PID=224) to work on /home/airflow/.local/lib/python3.12/site-packages/airflow/example_dags/example_latest_only.py
[2025-07-17T08:31:51.199+0000] {processor.py:914} INFO - Processing file /home/airflow/.local/lib/python3.12/site-packages/airflow/example_dags/example_latest_only.py for tasks to queue
[2025-07-17T08:31:51.200+0000] {logging_mixin.py:190} INFO - [2025-07-17T08:31:51.200+0000] {dagbag.py:587} INFO - Filling up the DagBag from /home/airflow/.local/lib/python3.12/site-packages/airflow/example_dags/example_latest_only.py
[2025-07-17T08:31:51.204+0000] {processor.py:925} INFO - DAG(s) 'latest_only' retrieved from /home/airflow/.local/lib/python3.12/site-packages/airflow/example_dags/example_latest_only.py
[2025-07-17T08:31:51.213+0000] {logging_mixin.py:190} INFO - [2025-07-17T08:31:51.213+0000] {dag.py:3211} INFO - Sync 1 DAGs
[2025-07-17T08:31:51.222+0000] {logging_mixin.py:190} INFO - [2025-07-17T08:31:51.222+0000] {dag.py:4138} INFO - Setting next_dagrun for latest_only to 2025-07-17 04:00:00+00:00, run_after=2025-07-17 08:00:00+00:00
[2025-07-17T08:31:51.229+0000] {processor.py:208} INFO - Processing /home/airflow/.local/lib/python3.12/site-packages/airflow/example_dags/example_latest_only.py took 0.034 seconds
[2025-07-17T08:32:21.986+0000] {processor.py:186} INFO - Started process (PID=286) to work on /home/airflow/.local/lib/python3.12/site-packages/airflow/example_dags/example_latest_only.py
[2025-07-17T08:32:21.987+0000] {processor.py:914} INFO - Processing file /home/airflow/.local/lib/python3.12/site-packages/airflow/example_dags/example_latest_only.py for tasks to queue
[2025-07-17T08:32:21.988+0000] {logging_mixin.py:190} INFO - [2025-07-17T08:32:21.988+0000] {dagbag.py:587} INFO - Filling up the DagBag from /home/airflow/.local/lib/python3.12/site-packages/airflow/example_dags/example_latest_only.py
[2025-07-17T08:32:21.991+0000] {processor.py:925} INFO - DAG(s) 'latest_only' retrieved from /home/airflow/.local/lib/python3.12/site-packages/airflow/example_dags/example_latest_only.py
[2025-07-17T08:32:22.002+0000] {logging_mixin.py:190} INFO - [2025-07-17T08:32:22.002+0000] {dag.py:3211} INFO - Sync 1 DAGs
[2025-07-17T08:32:22.011+0000] {logging_mixin.py:190} INFO - [2025-07-17T08:32:22.011+0000] {dag.py:4138} INFO - Setting next_dagrun for latest_only to 2025-07-17 04:00:00+00:00, run_after=2025-07-17 08:00:00+00:00
[2025-07-17T08:32:22.020+0000] {processor.py:208} INFO - Processing /home/airflow/.local/lib/python3.12/site-packages/airflow/example_dags/example_latest_only.py took 0.036 seconds
[2025-07-17T08:32:52.743+0000] {processor.py:186} INFO - Started process (PID=348) to work on /home/airflow/.local/lib/python3.12/site-packages/airflow/example_dags/example_latest_only.py
[2025-07-17T08:32:52.744+0000] {processor.py:914} INFO - Processing file /home/airflow/.local/lib/python3.12/site-packages/airflow/example_dags/example_latest_only.py for tasks to queue
[2025-07-17T08:32:52.745+0000] {logging_mixin.py:190} INFO - [2025-07-17T08:32:52.744+0000] {dagbag.py:587} INFO - Filling up the DagBag from /home/airflow/.local/lib/python3.12/site-packages/airflow/example_dags/example_latest_only.py
[2025-07-17T08:32:52.748+0000] {processor.py:925} INFO - DAG(s) 'latest_only' retrieved from /home/airflow/.local/lib/python3.12/site-packages/airflow/example_dags/example_latest_only.py
[2025-07-17T08:32:52.757+0000] {logging_mixin.py:190} INFO - [2025-07-17T08:32:52.757+0000] {dag.py:3211} INFO - Sync 1 DAGs
[2025-07-17T08:32:52.765+0000] {logging_mixin.py:190} INFO - [2025-07-17T08:32:52.765+0000] {dag.py:4138} INFO - Setting next_dagrun for latest_only to 2025-07-17 04:00:00+00:00, run_after=2025-07-17 08:00:00+00:00
[2025-07-17T08:32:52.775+0000] {processor.py:208} INFO - Processing /home/airflow/.local/lib/python3.12/site-packages/airflow/example_dags/example_latest_only.py took 0.034 seconds
[2025-07-17T08:33:23.465+0000] {processor.py:186} INFO - Started process (PID=410) to work on /home/airflow/.local/lib/python3.12/site-packages/airflow/example_dags/example_latest_only.py
[2025-07-17T08:33:23.466+0000] {processor.py:914} INFO - Processing file /home/airflow/.local/lib/python3.12/site-packages/airflow/example_dags/example_latest_only.py for tasks to queue
[2025-07-17T08:33:23.467+0000] {logging_mixin.py:190} INFO - [2025-07-17T08:33:23.467+0000] {dagbag.py:587} INFO - Filling up the DagBag from /home/airflow/.local/lib/python3.12/site-packages/airflow/example_dags/example_latest_only.py
[2025-07-17T08:33:23.470+0000] {processor.py:925} INFO - DAG(s) 'latest_only' retrieved from /home/airflow/.local/lib/python3.12/site-packages/airflow/example_dags/example_latest_only.py
[2025-07-17T08:33:23.479+0000] {logging_mixin.py:190} INFO - [2025-07-17T08:33:23.479+0000] {dag.py:3211} INFO - Sync 1 DAGs
[2025-07-17T08:33:23.489+0000] {logging_mixin.py:190} INFO - [2025-07-17T08:33:23.489+0000] {dag.py:4138} INFO - Setting next_dagrun for latest_only to 2025-07-17 04:00:00+00:00, run_after=2025-07-17 08:00:00+00:00
[2025-07-17T08:33:23.496+0000] {processor.py:208} INFO - Processing /home/airflow/.local/lib/python3.12/site-packages/airflow/example_dags/example_latest_only.py took 0.034 seconds
[2025-07-17T08:33:54.273+0000] {processor.py:186} INFO - Started process (PID=472) to work on /home/airflow/.local/lib/python3.12/site-packages/airflow/example_dags/example_latest_only.py
[2025-07-17T08:33:54.274+0000] {processor.py:914} INFO - Processing file /home/airflow/.local/lib/python3.12/site-packages/airflow/example_dags/example_latest_only.py for tasks to queue
[2025-07-17T08:33:54.275+0000] {logging_mixin.py:190} INFO - [2025-07-17T08:33:54.275+0000] {dagbag.py:587} INFO - Filling up the DagBag from /home/airflow/.local/lib/python3.12/site-packages/airflow/example_dags/example_latest_only.py
[2025-07-17T08:33:54.279+0000] {processor.py:925} INFO - DAG(s) 'latest_only' retrieved from /home/airflow/.local/lib/python3.12/site-packages/airflow/example_dags/example_latest_only.py
[2025-07-17T08:33:54.288+0000] {logging_mixin.py:190} INFO - [2025-07-17T08:33:54.288+0000] {dag.py:3211} INFO - Sync 1 DAGs
[2025-07-17T08:33:54.298+0000] {logging_mixin.py:190} INFO - [2025-07-17T08:33:54.298+0000] {dag.py:4138} INFO - Setting next_dagrun for latest_only to 2025-07-17 04:00:00+00:00, run_after=2025-07-17 08:00:00+00:00
[2025-07-17T08:33:54.309+0000] {processor.py:208} INFO - Processing /home/airflow/.local/lib/python3.12/site-packages/airflow/example_dags/example_latest_only.py took 0.038 seconds
[2025-07-17T08:34:25.254+0000] {processor.py:186} INFO - Started process (PID=534) to work on /home/airflow/.local/lib/python3.12/site-packages/airflow/example_dags/example_latest_only.py
[2025-07-17T08:34:25.255+0000] {processor.py:914} INFO - Processing file /home/airflow/.local/lib/python3.12/site-packages/airflow/example_dags/example_latest_only.py for tasks to queue
[2025-07-17T08:34:25.256+0000] {logging_mixin.py:190} INFO - [2025-07-17T08:34:25.256+0000] {dagbag.py:587} INFO - Filling up the DagBag from /home/airflow/.local/lib/python3.12/site-packages/airflow/example_dags/example_latest_only.py
[2025-07-17T08:34:25.259+0000] {processor.py:925} INFO - DAG(s) 'latest_only' retrieved from /home/airflow/.local/lib/python3.12/site-packages/airflow/example_dags/example_latest_only.py
[2025-07-17T08:34:25.268+0000] {logging_mixin.py:190} INFO - [2025-07-17T08:34:25.268+0000] {dag.py:3211} INFO - Sync 1 DAGs
[2025-07-17T08:34:25.279+0000] {logging_mixin.py:190} INFO - [2025-07-17T08:34:25.279+0000] {dag.py:4138} INFO - Setting next_dagrun for latest_only to 2025-07-17 04:00:00+00:00, run_after=2025-07-17 08:00:00+00:00
[2025-07-17T08:34:25.287+0000] {processor.py:208} INFO - Processing /home/airflow/.local/lib/python3.12/site-packages/airflow/example_dags/example_latest_only.py took 0.036 seconds
[2025-07-17T08:34:56.044+0000] {processor.py:186} INFO - Started process (PID=596) to work on /home/airflow/.local/lib/python3.12/site-packages/airflow/example_dags/example_latest_only.py
[2025-07-17T08:34:56.046+0000] {processor.py:914} INFO - Processing file /home/airflow/.local/lib/python3.12/site-packages/airflow/example_dags/example_latest_only.py for tasks to queue
[2025-07-17T08:34:56.048+0000] {logging_mixin.py:190} INFO - [2025-07-17T08:34:56.048+0000] {dagbag.py:587} INFO - Filling up the DagBag from /home/airflow/.local/lib/python3.12/site-packages/airflow/example_dags/example_latest_only.py
[2025-07-17T08:34:56.051+0000] {processor.py:925} INFO - DAG(s) 'latest_only' retrieved from /home/airflow/.local/lib/python3.12/site-packages/airflow/example_dags/example_latest_only.py
[2025-07-17T08:34:56.061+0000] {logging_mixin.py:190} INFO - [2025-07-17T08:34:56.061+0000] {dag.py:3211} INFO - Sync 1 DAGs
[2025-07-17T08:34:56.070+0000] {logging_mixin.py:190} INFO - [2025-07-17T08:34:56.070+0000] {dag.py:4138} INFO - Setting next_dagrun for latest_only to 2025-07-17 04:00:00+00:00, run_after=2025-07-17 08:00:00+00:00
[2025-07-17T08:34:56.078+0000] {processor.py:208} INFO - Processing /home/airflow/.local/lib/python3.12/site-packages/airflow/example_dags/example_latest_only.py took 0.037 seconds
[2025-07-17T08:35:27.009+0000] {processor.py:186} INFO - Started process (PID=658) to work on /home/airflow/.local/lib/python3.12/site-packages/airflow/example_dags/example_latest_only.py
[2025-07-17T08:35:27.010+0000] {processor.py:914} INFO - Processing file /home/airflow/.local/lib/python3.12/site-packages/airflow/example_dags/example_latest_only.py for tasks to queue
[2025-07-17T08:35:27.011+0000] {logging_mixin.py:190} INFO - [2025-07-17T08:35:27.011+0000] {dagbag.py:587} INFO - Filling up the DagBag from /home/airflow/.local/lib/python3.12/site-packages/airflow/example_dags/example_latest_only.py
[2025-07-17T08:35:27.015+0000] {processor.py:925} INFO - DAG(s) 'latest_only' retrieved from /home/airflow/.local/lib/python3.12/site-packages/airflow/example_dags/example_latest_only.py
[2025-07-17T08:35:27.027+0000] {logging_mixin.py:190} INFO - [2025-07-17T08:35:27.026+0000] {dag.py:3211} INFO - Sync 1 DAGs
[2025-07-17T08:35:27.036+0000] {logging_mixin.py:190} INFO - [2025-07-17T08:35:27.036+0000] {dag.py:4138} INFO - Setting next_dagrun for latest_only to 2025-07-17 04:00:00+00:00, run_after=2025-07-17 08:00:00+00:00
[2025-07-17T08:35:27.045+0000] {processor.py:208} INFO - Processing /home/airflow/.local/lib/python3.12/site-packages/airflow/example_dags/example_latest_only.py took 0.038 seconds
