[2025-07-17T08:30:47.445+0000] {processor.py:186} INFO - Started process (PID=49) to work on /home/airflow/.local/lib/python3.12/site-packages/airflow/example_dags/example_datasets.py
[2025-07-17T08:30:47.445+0000] {processor.py:914} INFO - Processing file /home/airflow/.local/lib/python3.12/site-packages/airflow/example_dags/example_datasets.py for tasks to queue
[2025-07-17T08:30:47.446+0000] {logging_mixin.py:190} INFO - [2025-07-17T08:30:47.446+0000] {dagbag.py:587} INFO - Filling up the DagBag from /home/airflow/.local/lib/python3.12/site-packages/airflow/example_dags/example_datasets.py
[2025-07-17T08:30:47.605+0000] {processor.py:925} INFO - DAG(s) 'dataset_produces_1', 'dataset_consumes_1_and_2', 'dataset_produces_2', 'dataset_consumes_unknown_never_scheduled', 'conditional_dataset_and_time_based_timetable', 'dataset_consumes_1', 'consume_1_or_2_with_dataset_expressions', 'consume_1_or_both_2_and_3_with_dataset_expressions', 'dataset_consumes_1_never_scheduled', 'consume_1_and_2_with_dataset_expressions' retrieved from /home/airflow/.local/lib/python3.12/site-packages/airflow/example_dags/example_datasets.py
[2025-07-17T08:30:47.644+0000] {logging_mixin.py:190} INFO - [2025-07-17T08:30:47.643+0000] {override.py:1858} INFO - Created Permission View: can delete on DAG:dataset_produces_1
[2025-07-17T08:30:47.647+0000] {logging_mixin.py:190} INFO - [2025-07-17T08:30:47.647+0000] {override.py:1858} INFO - Created Permission View: can edit on DAG:dataset_produces_1
[2025-07-17T08:30:47.649+0000] {logging_mixin.py:190} INFO - [2025-07-17T08:30:47.649+0000] {override.py:1858} INFO - Created Permission View: can read on DAG:dataset_produces_1
[2025-07-17T08:30:47.653+0000] {logging_mixin.py:190} INFO - [2025-07-17T08:30:47.653+0000] {override.py:1858} INFO - Created Permission View: can delete on DAG:dataset_consumes_1_and_2
[2025-07-17T08:30:47.655+0000] {logging_mixin.py:190} INFO - [2025-07-17T08:30:47.655+0000] {override.py:1858} INFO - Created Permission View: can edit on DAG:dataset_consumes_1_and_2
[2025-07-17T08:30:47.657+0000] {logging_mixin.py:190} INFO - [2025-07-17T08:30:47.657+0000] {override.py:1858} INFO - Created Permission View: can read on DAG:dataset_consumes_1_and_2
[2025-07-17T08:30:47.660+0000] {logging_mixin.py:190} INFO - [2025-07-17T08:30:47.660+0000] {override.py:1858} INFO - Created Permission View: can delete on DAG:dataset_produces_2
[2025-07-17T08:30:47.662+0000] {logging_mixin.py:190} INFO - [2025-07-17T08:30:47.662+0000] {override.py:1858} INFO - Created Permission View: can edit on DAG:dataset_produces_2
[2025-07-17T08:30:47.663+0000] {logging_mixin.py:190} INFO - [2025-07-17T08:30:47.663+0000] {override.py:1858} INFO - Created Permission View: can read on DAG:dataset_produces_2
[2025-07-17T08:30:47.666+0000] {logging_mixin.py:190} INFO - [2025-07-17T08:30:47.666+0000] {override.py:1858} INFO - Created Permission View: can delete on DAG:dataset_consumes_unknown_never_scheduled
[2025-07-17T08:30:47.668+0000] {logging_mixin.py:190} INFO - [2025-07-17T08:30:47.668+0000] {override.py:1858} INFO - Created Permission View: can edit on DAG:dataset_consumes_unknown_never_scheduled
[2025-07-17T08:30:47.670+0000] {logging_mixin.py:190} INFO - [2025-07-17T08:30:47.670+0000] {override.py:1858} INFO - Created Permission View: can read on DAG:dataset_consumes_unknown_never_scheduled
[2025-07-17T08:30:47.673+0000] {logging_mixin.py:190} INFO - [2025-07-17T08:30:47.673+0000] {override.py:1858} INFO - Created Permission View: can delete on DAG:conditional_dataset_and_time_based_timetable
[2025-07-17T08:30:47.674+0000] {logging_mixin.py:190} INFO - [2025-07-17T08:30:47.674+0000] {override.py:1858} INFO - Created Permission View: can edit on DAG:conditional_dataset_and_time_based_timetable
[2025-07-17T08:30:47.676+0000] {logging_mixin.py:190} INFO - [2025-07-17T08:30:47.676+0000] {override.py:1858} INFO - Created Permission View: can read on DAG:conditional_dataset_and_time_based_timetable
[2025-07-17T08:30:47.679+0000] {logging_mixin.py:190} INFO - [2025-07-17T08:30:47.679+0000] {override.py:1858} INFO - Created Permission View: can delete on DAG:dataset_consumes_1
[2025-07-17T08:30:47.681+0000] {logging_mixin.py:190} INFO - [2025-07-17T08:30:47.681+0000] {override.py:1858} INFO - Created Permission View: can edit on DAG:dataset_consumes_1
[2025-07-17T08:30:47.682+0000] {logging_mixin.py:190} INFO - [2025-07-17T08:30:47.682+0000] {override.py:1858} INFO - Created Permission View: can read on DAG:dataset_consumes_1
[2025-07-17T08:30:47.685+0000] {logging_mixin.py:190} INFO - [2025-07-17T08:30:47.685+0000] {override.py:1858} INFO - Created Permission View: can delete on DAG:consume_1_or_2_with_dataset_expressions
[2025-07-17T08:30:47.687+0000] {logging_mixin.py:190} INFO - [2025-07-17T08:30:47.687+0000] {override.py:1858} INFO - Created Permission View: can edit on DAG:consume_1_or_2_with_dataset_expressions
[2025-07-17T08:30:47.689+0000] {logging_mixin.py:190} INFO - [2025-07-17T08:30:47.689+0000] {override.py:1858} INFO - Created Permission View: can read on DAG:consume_1_or_2_with_dataset_expressions
[2025-07-17T08:30:47.692+0000] {logging_mixin.py:190} INFO - [2025-07-17T08:30:47.692+0000] {override.py:1858} INFO - Created Permission View: can delete on DAG:consume_1_or_both_2_and_3_with_dataset_expressions
[2025-07-17T08:30:47.695+0000] {logging_mixin.py:190} INFO - [2025-07-17T08:30:47.695+0000] {override.py:1858} INFO - Created Permission View: can edit on DAG:consume_1_or_both_2_and_3_with_dataset_expressions
[2025-07-17T08:30:47.697+0000] {logging_mixin.py:190} INFO - [2025-07-17T08:30:47.697+0000] {override.py:1858} INFO - Created Permission View: can read on DAG:consume_1_or_both_2_and_3_with_dataset_expressions
[2025-07-17T08:30:47.703+0000] {logging_mixin.py:190} INFO - [2025-07-17T08:30:47.702+0000] {override.py:1858} INFO - Created Permission View: can delete on DAG:dataset_consumes_1_never_scheduled
[2025-07-17T08:30:47.705+0000] {logging_mixin.py:190} INFO - [2025-07-17T08:30:47.705+0000] {override.py:1858} INFO - Created Permission View: can edit on DAG:dataset_consumes_1_never_scheduled
[2025-07-17T08:30:47.708+0000] {logging_mixin.py:190} INFO - [2025-07-17T08:30:47.708+0000] {override.py:1858} INFO - Created Permission View: can read on DAG:dataset_consumes_1_never_scheduled
[2025-07-17T08:30:47.717+0000] {logging_mixin.py:190} INFO - [2025-07-17T08:30:47.717+0000] {override.py:1858} INFO - Created Permission View: can delete on DAG:consume_1_and_2_with_dataset_expressions
[2025-07-17T08:30:47.724+0000] {logging_mixin.py:190} INFO - [2025-07-17T08:30:47.724+0000] {override.py:1858} INFO - Created Permission View: can edit on DAG:consume_1_and_2_with_dataset_expressions
[2025-07-17T08:30:47.726+0000] {logging_mixin.py:190} INFO - [2025-07-17T08:30:47.726+0000] {override.py:1858} INFO - Created Permission View: can read on DAG:consume_1_and_2_with_dataset_expressions
[2025-07-17T08:30:47.726+0000] {logging_mixin.py:190} INFO - [2025-07-17T08:30:47.726+0000] {dag.py:3211} INFO - Sync 10 DAGs
[2025-07-17T08:30:47.732+0000] {logging_mixin.py:190} INFO - [2025-07-17T08:30:47.732+0000] {dag.py:3234} INFO - Creating ORM DAG for dataset_produces_2
[2025-07-17T08:30:47.732+0000] {logging_mixin.py:190} INFO - [2025-07-17T08:30:47.732+0000] {dag.py:3234} INFO - Creating ORM DAG for dataset_consumes_1
[2025-07-17T08:30:47.733+0000] {logging_mixin.py:190} INFO - [2025-07-17T08:30:47.733+0000] {dag.py:3234} INFO - Creating ORM DAG for consume_1_or_both_2_and_3_with_dataset_expressions
[2025-07-17T08:30:47.733+0000] {logging_mixin.py:190} INFO - [2025-07-17T08:30:47.733+0000] {dag.py:3234} INFO - Creating ORM DAG for dataset_consumes_1_never_scheduled
[2025-07-17T08:30:47.733+0000] {logging_mixin.py:190} INFO - [2025-07-17T08:30:47.733+0000] {dag.py:3234} INFO - Creating ORM DAG for consume_1_and_2_with_dataset_expressions
[2025-07-17T08:30:47.733+0000] {logging_mixin.py:190} INFO - [2025-07-17T08:30:47.733+0000] {dag.py:3234} INFO - Creating ORM DAG for consume_1_or_2_with_dataset_expressions
[2025-07-17T08:30:47.733+0000] {logging_mixin.py:190} INFO - [2025-07-17T08:30:47.733+0000] {dag.py:3234} INFO - Creating ORM DAG for dataset_consumes_unknown_never_scheduled
[2025-07-17T08:30:47.733+0000] {logging_mixin.py:190} INFO - [2025-07-17T08:30:47.733+0000] {dag.py:3234} INFO - Creating ORM DAG for conditional_dataset_and_time_based_timetable
[2025-07-17T08:30:47.734+0000] {logging_mixin.py:190} INFO - [2025-07-17T08:30:47.733+0000] {dag.py:3234} INFO - Creating ORM DAG for dataset_produces_1
[2025-07-17T08:30:47.734+0000] {logging_mixin.py:190} INFO - [2025-07-17T08:30:47.734+0000] {dag.py:3234} INFO - Creating ORM DAG for dataset_consumes_1_and_2
[2025-07-17T08:30:47.738+0000] {logging_mixin.py:190} INFO - [2025-07-17T08:30:47.738+0000] {dag.py:4138} INFO - Setting next_dagrun for conditional_dataset_and_time_based_timetable to 2025-07-16 01:00:00+00:00, run_after=2025-07-16 01:00:00+00:00
[2025-07-17T08:30:47.738+0000] {logging_mixin.py:190} INFO - [2025-07-17T08:30:47.738+0000] {dag.py:4138} INFO - Setting next_dagrun for consume_1_and_2_with_dataset_expressions to None, run_after=None
[2025-07-17T08:30:47.739+0000] {logging_mixin.py:190} INFO - [2025-07-17T08:30:47.739+0000] {dag.py:4138} INFO - Setting next_dagrun for consume_1_or_2_with_dataset_expressions to None, run_after=None
[2025-07-17T08:30:47.739+0000] {logging_mixin.py:190} INFO - [2025-07-17T08:30:47.739+0000] {dag.py:4138} INFO - Setting next_dagrun for consume_1_or_both_2_and_3_with_dataset_expressions to None, run_after=None
[2025-07-17T08:30:47.739+0000] {logging_mixin.py:190} INFO - [2025-07-17T08:30:47.739+0000] {dag.py:4138} INFO - Setting next_dagrun for dataset_consumes_1 to None, run_after=None
[2025-07-17T08:30:47.739+0000] {logging_mixin.py:190} INFO - [2025-07-17T08:30:47.739+0000] {dag.py:4138} INFO - Setting next_dagrun for dataset_consumes_1_and_2 to None, run_after=None
[2025-07-17T08:30:47.739+0000] {logging_mixin.py:190} INFO - [2025-07-17T08:30:47.739+0000] {dag.py:4138} INFO - Setting next_dagrun for dataset_consumes_1_never_scheduled to None, run_after=None
[2025-07-17T08:30:47.739+0000] {logging_mixin.py:190} INFO - [2025-07-17T08:30:47.739+0000] {dag.py:4138} INFO - Setting next_dagrun for dataset_consumes_unknown_never_scheduled to None, run_after=None
[2025-07-17T08:30:47.740+0000] {logging_mixin.py:190} INFO - [2025-07-17T08:30:47.740+0000] {dag.py:4138} INFO - Setting next_dagrun for dataset_produces_1 to 2025-07-16 00:00:00+00:00, run_after=2025-07-17 00:00:00+00:00
[2025-07-17T08:30:47.740+0000] {logging_mixin.py:190} INFO - [2025-07-17T08:30:47.740+0000] {dag.py:4138} INFO - Setting next_dagrun for dataset_produces_2 to None, run_after=None
[2025-07-17T08:30:47.756+0000] {processor.py:208} INFO - Processing /home/airflow/.local/lib/python3.12/site-packages/airflow/example_dags/example_datasets.py took 0.314 seconds
[2025-07-17T08:31:18.272+0000] {processor.py:186} INFO - Started process (PID=111) to work on /home/airflow/.local/lib/python3.12/site-packages/airflow/example_dags/example_datasets.py
[2025-07-17T08:31:18.273+0000] {processor.py:914} INFO - Processing file /home/airflow/.local/lib/python3.12/site-packages/airflow/example_dags/example_datasets.py for tasks to queue
[2025-07-17T08:31:18.274+0000] {logging_mixin.py:190} INFO - [2025-07-17T08:31:18.274+0000] {dagbag.py:587} INFO - Filling up the DagBag from /home/airflow/.local/lib/python3.12/site-packages/airflow/example_dags/example_datasets.py
[2025-07-17T08:31:18.340+0000] {processor.py:925} INFO - DAG(s) 'dataset_consumes_1', 'consume_1_or_both_2_and_3_with_dataset_expressions', 'dataset_produces_1', 'dataset_produces_2', 'dataset_consumes_1_and_2', 'dataset_consumes_1_never_scheduled', 'dataset_consumes_unknown_never_scheduled', 'conditional_dataset_and_time_based_timetable', 'consume_1_and_2_with_dataset_expressions', 'consume_1_or_2_with_dataset_expressions' retrieved from /home/airflow/.local/lib/python3.12/site-packages/airflow/example_dags/example_datasets.py
[2025-07-17T08:31:18.360+0000] {logging_mixin.py:190} INFO - [2025-07-17T08:31:18.360+0000] {dag.py:3211} INFO - Sync 10 DAGs
[2025-07-17T08:31:18.371+0000] {logging_mixin.py:190} INFO - [2025-07-17T08:31:18.370+0000] {dag.py:4138} INFO - Setting next_dagrun for conditional_dataset_and_time_based_timetable to 2025-07-16 01:00:00+00:00, run_after=2025-07-16 01:00:00+00:00
[2025-07-17T08:31:18.372+0000] {logging_mixin.py:190} INFO - [2025-07-17T08:31:18.372+0000] {dag.py:4138} INFO - Setting next_dagrun for consume_1_and_2_with_dataset_expressions to None, run_after=None
[2025-07-17T08:31:18.373+0000] {logging_mixin.py:190} INFO - [2025-07-17T08:31:18.373+0000] {dag.py:4138} INFO - Setting next_dagrun for consume_1_or_2_with_dataset_expressions to None, run_after=None
[2025-07-17T08:31:18.373+0000] {logging_mixin.py:190} INFO - [2025-07-17T08:31:18.373+0000] {dag.py:4138} INFO - Setting next_dagrun for consume_1_or_both_2_and_3_with_dataset_expressions to None, run_after=None
[2025-07-17T08:31:18.374+0000] {logging_mixin.py:190} INFO - [2025-07-17T08:31:18.373+0000] {dag.py:4138} INFO - Setting next_dagrun for dataset_consumes_1 to None, run_after=None
[2025-07-17T08:31:18.374+0000] {logging_mixin.py:190} INFO - [2025-07-17T08:31:18.374+0000] {dag.py:4138} INFO - Setting next_dagrun for dataset_consumes_1_and_2 to None, run_after=None
[2025-07-17T08:31:18.374+0000] {logging_mixin.py:190} INFO - [2025-07-17T08:31:18.374+0000] {dag.py:4138} INFO - Setting next_dagrun for dataset_consumes_1_never_scheduled to None, run_after=None
[2025-07-17T08:31:18.375+0000] {logging_mixin.py:190} INFO - [2025-07-17T08:31:18.375+0000] {dag.py:4138} INFO - Setting next_dagrun for dataset_consumes_unknown_never_scheduled to None, run_after=None
[2025-07-17T08:31:18.376+0000] {logging_mixin.py:190} INFO - [2025-07-17T08:31:18.376+0000] {dag.py:4138} INFO - Setting next_dagrun for dataset_produces_1 to 2025-07-16 00:00:00+00:00, run_after=2025-07-17 00:00:00+00:00
[2025-07-17T08:31:18.376+0000] {logging_mixin.py:190} INFO - [2025-07-17T08:31:18.376+0000] {dag.py:4138} INFO - Setting next_dagrun for dataset_produces_2 to None, run_after=None
[2025-07-17T08:31:18.389+0000] {processor.py:208} INFO - Processing /home/airflow/.local/lib/python3.12/site-packages/airflow/example_dags/example_datasets.py took 0.119 seconds
[2025-07-17T08:31:48.977+0000] {processor.py:186} INFO - Started process (PID=179) to work on /home/airflow/.local/lib/python3.12/site-packages/airflow/example_dags/example_datasets.py
[2025-07-17T08:31:48.978+0000] {processor.py:914} INFO - Processing file /home/airflow/.local/lib/python3.12/site-packages/airflow/example_dags/example_datasets.py for tasks to queue
[2025-07-17T08:31:48.978+0000] {logging_mixin.py:190} INFO - [2025-07-17T08:31:48.978+0000] {dagbag.py:587} INFO - Filling up the DagBag from /home/airflow/.local/lib/python3.12/site-packages/airflow/example_dags/example_datasets.py
[2025-07-17T08:31:49.037+0000] {processor.py:925} INFO - DAG(s) 'dataset_consumes_1', 'dataset_consumes_1_and_2', 'conditional_dataset_and_time_based_timetable', 'dataset_consumes_unknown_never_scheduled', 'dataset_produces_1', 'dataset_consumes_1_never_scheduled', 'consume_1_or_both_2_and_3_with_dataset_expressions', 'dataset_produces_2', 'consume_1_and_2_with_dataset_expressions', 'consume_1_or_2_with_dataset_expressions' retrieved from /home/airflow/.local/lib/python3.12/site-packages/airflow/example_dags/example_datasets.py
[2025-07-17T08:31:49.054+0000] {logging_mixin.py:190} INFO - [2025-07-17T08:31:49.054+0000] {dag.py:3211} INFO - Sync 10 DAGs
[2025-07-17T08:31:49.063+0000] {logging_mixin.py:190} INFO - [2025-07-17T08:31:49.063+0000] {dag.py:4138} INFO - Setting next_dagrun for conditional_dataset_and_time_based_timetable to 2025-07-16 01:00:00+00:00, run_after=2025-07-16 01:00:00+00:00
[2025-07-17T08:31:49.065+0000] {logging_mixin.py:190} INFO - [2025-07-17T08:31:49.065+0000] {dag.py:4138} INFO - Setting next_dagrun for consume_1_and_2_with_dataset_expressions to None, run_after=None
[2025-07-17T08:31:49.065+0000] {logging_mixin.py:190} INFO - [2025-07-17T08:31:49.065+0000] {dag.py:4138} INFO - Setting next_dagrun for consume_1_or_2_with_dataset_expressions to None, run_after=None
[2025-07-17T08:31:49.066+0000] {logging_mixin.py:190} INFO - [2025-07-17T08:31:49.066+0000] {dag.py:4138} INFO - Setting next_dagrun for consume_1_or_both_2_and_3_with_dataset_expressions to None, run_after=None
[2025-07-17T08:31:49.066+0000] {logging_mixin.py:190} INFO - [2025-07-17T08:31:49.066+0000] {dag.py:4138} INFO - Setting next_dagrun for dataset_consumes_1 to None, run_after=None
[2025-07-17T08:31:49.066+0000] {logging_mixin.py:190} INFO - [2025-07-17T08:31:49.066+0000] {dag.py:4138} INFO - Setting next_dagrun for dataset_consumes_1_and_2 to None, run_after=None
[2025-07-17T08:31:49.067+0000] {logging_mixin.py:190} INFO - [2025-07-17T08:31:49.067+0000] {dag.py:4138} INFO - Setting next_dagrun for dataset_consumes_1_never_scheduled to None, run_after=None
[2025-07-17T08:31:49.067+0000] {logging_mixin.py:190} INFO - [2025-07-17T08:31:49.067+0000] {dag.py:4138} INFO - Setting next_dagrun for dataset_consumes_unknown_never_scheduled to None, run_after=None
[2025-07-17T08:31:49.068+0000] {logging_mixin.py:190} INFO - [2025-07-17T08:31:49.068+0000] {dag.py:4138} INFO - Setting next_dagrun for dataset_produces_1 to 2025-07-16 00:00:00+00:00, run_after=2025-07-17 00:00:00+00:00
[2025-07-17T08:31:49.068+0000] {logging_mixin.py:190} INFO - [2025-07-17T08:31:49.068+0000] {dag.py:4138} INFO - Setting next_dagrun for dataset_produces_2 to None, run_after=None
[2025-07-17T08:31:49.079+0000] {processor.py:208} INFO - Processing /home/airflow/.local/lib/python3.12/site-packages/airflow/example_dags/example_datasets.py took 0.104 seconds
[2025-07-17T08:32:19.724+0000] {processor.py:186} INFO - Started process (PID=241) to work on /home/airflow/.local/lib/python3.12/site-packages/airflow/example_dags/example_datasets.py
[2025-07-17T08:32:19.725+0000] {processor.py:914} INFO - Processing file /home/airflow/.local/lib/python3.12/site-packages/airflow/example_dags/example_datasets.py for tasks to queue
[2025-07-17T08:32:19.726+0000] {logging_mixin.py:190} INFO - [2025-07-17T08:32:19.725+0000] {dagbag.py:587} INFO - Filling up the DagBag from /home/airflow/.local/lib/python3.12/site-packages/airflow/example_dags/example_datasets.py
[2025-07-17T08:32:19.790+0000] {processor.py:925} INFO - DAG(s) 'consume_1_or_both_2_and_3_with_dataset_expressions', 'dataset_consumes_unknown_never_scheduled', 'consume_1_or_2_with_dataset_expressions', 'dataset_consumes_1_never_scheduled', 'conditional_dataset_and_time_based_timetable', 'dataset_produces_1', 'dataset_consumes_1', 'dataset_consumes_1_and_2', 'dataset_produces_2', 'consume_1_and_2_with_dataset_expressions' retrieved from /home/airflow/.local/lib/python3.12/site-packages/airflow/example_dags/example_datasets.py
[2025-07-17T08:32:19.809+0000] {logging_mixin.py:190} INFO - [2025-07-17T08:32:19.808+0000] {dag.py:3211} INFO - Sync 10 DAGs
[2025-07-17T08:32:19.818+0000] {logging_mixin.py:190} INFO - [2025-07-17T08:32:19.818+0000] {dag.py:4138} INFO - Setting next_dagrun for conditional_dataset_and_time_based_timetable to 2025-07-16 01:00:00+00:00, run_after=2025-07-16 01:00:00+00:00
[2025-07-17T08:32:19.819+0000] {logging_mixin.py:190} INFO - [2025-07-17T08:32:19.819+0000] {dag.py:4138} INFO - Setting next_dagrun for consume_1_and_2_with_dataset_expressions to None, run_after=None
[2025-07-17T08:32:19.821+0000] {logging_mixin.py:190} INFO - [2025-07-17T08:32:19.821+0000] {dag.py:4138} INFO - Setting next_dagrun for consume_1_or_2_with_dataset_expressions to None, run_after=None
[2025-07-17T08:32:19.821+0000] {logging_mixin.py:190} INFO - [2025-07-17T08:32:19.821+0000] {dag.py:4138} INFO - Setting next_dagrun for consume_1_or_both_2_and_3_with_dataset_expressions to None, run_after=None
[2025-07-17T08:32:19.823+0000] {logging_mixin.py:190} INFO - [2025-07-17T08:32:19.823+0000] {dag.py:4138} INFO - Setting next_dagrun for dataset_consumes_1 to None, run_after=None
[2025-07-17T08:32:19.825+0000] {logging_mixin.py:190} INFO - [2025-07-17T08:32:19.825+0000] {dag.py:4138} INFO - Setting next_dagrun for dataset_consumes_1_and_2 to None, run_after=None
[2025-07-17T08:32:19.826+0000] {logging_mixin.py:190} INFO - [2025-07-17T08:32:19.826+0000] {dag.py:4138} INFO - Setting next_dagrun for dataset_consumes_1_never_scheduled to None, run_after=None
[2025-07-17T08:32:19.827+0000] {logging_mixin.py:190} INFO - [2025-07-17T08:32:19.826+0000] {dag.py:4138} INFO - Setting next_dagrun for dataset_consumes_unknown_never_scheduled to None, run_after=None
[2025-07-17T08:32:19.828+0000] {logging_mixin.py:190} INFO - [2025-07-17T08:32:19.828+0000] {dag.py:4138} INFO - Setting next_dagrun for dataset_produces_1 to 2025-07-16 00:00:00+00:00, run_after=2025-07-17 00:00:00+00:00
[2025-07-17T08:32:19.828+0000] {logging_mixin.py:190} INFO - [2025-07-17T08:32:19.828+0000] {dag.py:4138} INFO - Setting next_dagrun for dataset_produces_2 to None, run_after=None
[2025-07-17T08:32:19.841+0000] {processor.py:208} INFO - Processing /home/airflow/.local/lib/python3.12/site-packages/airflow/example_dags/example_datasets.py took 0.120 seconds
[2025-07-17T08:32:50.472+0000] {processor.py:186} INFO - Started process (PID=303) to work on /home/airflow/.local/lib/python3.12/site-packages/airflow/example_dags/example_datasets.py
[2025-07-17T08:32:50.473+0000] {processor.py:914} INFO - Processing file /home/airflow/.local/lib/python3.12/site-packages/airflow/example_dags/example_datasets.py for tasks to queue
[2025-07-17T08:32:50.474+0000] {logging_mixin.py:190} INFO - [2025-07-17T08:32:50.474+0000] {dagbag.py:587} INFO - Filling up the DagBag from /home/airflow/.local/lib/python3.12/site-packages/airflow/example_dags/example_datasets.py
[2025-07-17T08:32:50.530+0000] {processor.py:925} INFO - DAG(s) 'conditional_dataset_and_time_based_timetable', 'dataset_consumes_1', 'dataset_consumes_1_and_2', 'dataset_produces_2', 'dataset_consumes_unknown_never_scheduled', 'consume_1_or_both_2_and_3_with_dataset_expressions', 'dataset_consumes_1_never_scheduled', 'dataset_produces_1', 'consume_1_and_2_with_dataset_expressions', 'consume_1_or_2_with_dataset_expressions' retrieved from /home/airflow/.local/lib/python3.12/site-packages/airflow/example_dags/example_datasets.py
[2025-07-17T08:32:50.552+0000] {logging_mixin.py:190} INFO - [2025-07-17T08:32:50.552+0000] {dag.py:3211} INFO - Sync 10 DAGs
[2025-07-17T08:32:50.562+0000] {logging_mixin.py:190} INFO - [2025-07-17T08:32:50.562+0000] {dag.py:4138} INFO - Setting next_dagrun for conditional_dataset_and_time_based_timetable to 2025-07-16 01:00:00+00:00, run_after=2025-07-16 01:00:00+00:00
[2025-07-17T08:32:50.563+0000] {logging_mixin.py:190} INFO - [2025-07-17T08:32:50.563+0000] {dag.py:4138} INFO - Setting next_dagrun for consume_1_and_2_with_dataset_expressions to None, run_after=None
[2025-07-17T08:32:50.564+0000] {logging_mixin.py:190} INFO - [2025-07-17T08:32:50.564+0000] {dag.py:4138} INFO - Setting next_dagrun for consume_1_or_2_with_dataset_expressions to None, run_after=None
[2025-07-17T08:32:50.564+0000] {logging_mixin.py:190} INFO - [2025-07-17T08:32:50.564+0000] {dag.py:4138} INFO - Setting next_dagrun for consume_1_or_both_2_and_3_with_dataset_expressions to None, run_after=None
[2025-07-17T08:32:50.564+0000] {logging_mixin.py:190} INFO - [2025-07-17T08:32:50.564+0000] {dag.py:4138} INFO - Setting next_dagrun for dataset_consumes_1 to None, run_after=None
[2025-07-17T08:32:50.565+0000] {logging_mixin.py:190} INFO - [2025-07-17T08:32:50.565+0000] {dag.py:4138} INFO - Setting next_dagrun for dataset_consumes_1_and_2 to None, run_after=None
[2025-07-17T08:32:50.565+0000] {logging_mixin.py:190} INFO - [2025-07-17T08:32:50.565+0000] {dag.py:4138} INFO - Setting next_dagrun for dataset_consumes_1_never_scheduled to None, run_after=None
[2025-07-17T08:32:50.565+0000] {logging_mixin.py:190} INFO - [2025-07-17T08:32:50.565+0000] {dag.py:4138} INFO - Setting next_dagrun for dataset_consumes_unknown_never_scheduled to None, run_after=None
[2025-07-17T08:32:50.566+0000] {logging_mixin.py:190} INFO - [2025-07-17T08:32:50.566+0000] {dag.py:4138} INFO - Setting next_dagrun for dataset_produces_1 to 2025-07-16 00:00:00+00:00, run_after=2025-07-17 00:00:00+00:00
[2025-07-17T08:32:50.566+0000] {logging_mixin.py:190} INFO - [2025-07-17T08:32:50.566+0000] {dag.py:4138} INFO - Setting next_dagrun for dataset_produces_2 to None, run_after=None
[2025-07-17T08:32:50.579+0000] {processor.py:208} INFO - Processing /home/airflow/.local/lib/python3.12/site-packages/airflow/example_dags/example_datasets.py took 0.109 seconds
[2025-07-17T08:33:21.223+0000] {processor.py:186} INFO - Started process (PID=365) to work on /home/airflow/.local/lib/python3.12/site-packages/airflow/example_dags/example_datasets.py
[2025-07-17T08:33:21.224+0000] {processor.py:914} INFO - Processing file /home/airflow/.local/lib/python3.12/site-packages/airflow/example_dags/example_datasets.py for tasks to queue
[2025-07-17T08:33:21.225+0000] {logging_mixin.py:190} INFO - [2025-07-17T08:33:21.225+0000] {dagbag.py:587} INFO - Filling up the DagBag from /home/airflow/.local/lib/python3.12/site-packages/airflow/example_dags/example_datasets.py
[2025-07-17T08:33:21.283+0000] {processor.py:925} INFO - DAG(s) 'dataset_consumes_1', 'dataset_produces_1', 'conditional_dataset_and_time_based_timetable', 'dataset_consumes_1_never_scheduled', 'consume_1_or_2_with_dataset_expressions', 'consume_1_or_both_2_and_3_with_dataset_expressions', 'dataset_consumes_1_and_2', 'dataset_consumes_unknown_never_scheduled', 'dataset_produces_2', 'consume_1_and_2_with_dataset_expressions' retrieved from /home/airflow/.local/lib/python3.12/site-packages/airflow/example_dags/example_datasets.py
[2025-07-17T08:33:21.304+0000] {logging_mixin.py:190} INFO - [2025-07-17T08:33:21.304+0000] {dag.py:3211} INFO - Sync 10 DAGs
[2025-07-17T08:33:21.315+0000] {logging_mixin.py:190} INFO - [2025-07-17T08:33:21.314+0000] {dag.py:4138} INFO - Setting next_dagrun for conditional_dataset_and_time_based_timetable to 2025-07-23 01:00:00+00:00, run_after=2025-07-23 01:00:00+00:00
[2025-07-17T08:33:21.316+0000] {logging_mixin.py:190} INFO - [2025-07-17T08:33:21.316+0000] {dag.py:4138} INFO - Setting next_dagrun for consume_1_and_2_with_dataset_expressions to None, run_after=None
[2025-07-17T08:33:21.316+0000] {logging_mixin.py:190} INFO - [2025-07-17T08:33:21.316+0000] {dag.py:4138} INFO - Setting next_dagrun for consume_1_or_2_with_dataset_expressions to None, run_after=None
[2025-07-17T08:33:21.317+0000] {logging_mixin.py:190} INFO - [2025-07-17T08:33:21.317+0000] {dag.py:4138} INFO - Setting next_dagrun for consume_1_or_both_2_and_3_with_dataset_expressions to None, run_after=None
[2025-07-17T08:33:21.317+0000] {logging_mixin.py:190} INFO - [2025-07-17T08:33:21.317+0000] {dag.py:4138} INFO - Setting next_dagrun for dataset_consumes_1 to None, run_after=None
[2025-07-17T08:33:21.317+0000] {logging_mixin.py:190} INFO - [2025-07-17T08:33:21.317+0000] {dag.py:4138} INFO - Setting next_dagrun for dataset_consumes_1_and_2 to None, run_after=None
[2025-07-17T08:33:21.318+0000] {logging_mixin.py:190} INFO - [2025-07-17T08:33:21.318+0000] {dag.py:4138} INFO - Setting next_dagrun for dataset_consumes_1_never_scheduled to None, run_after=None
[2025-07-17T08:33:21.318+0000] {logging_mixin.py:190} INFO - [2025-07-17T08:33:21.318+0000] {dag.py:4138} INFO - Setting next_dagrun for dataset_consumes_unknown_never_scheduled to None, run_after=None
[2025-07-17T08:33:21.319+0000] {logging_mixin.py:190} INFO - [2025-07-17T08:33:21.319+0000] {dag.py:4138} INFO - Setting next_dagrun for dataset_produces_1 to 2025-07-16 00:00:00+00:00, run_after=2025-07-17 00:00:00+00:00
[2025-07-17T08:33:21.319+0000] {logging_mixin.py:190} INFO - [2025-07-17T08:33:21.319+0000] {dag.py:4138} INFO - Setting next_dagrun for dataset_produces_2 to None, run_after=None
[2025-07-17T08:33:21.331+0000] {processor.py:208} INFO - Processing /home/airflow/.local/lib/python3.12/site-packages/airflow/example_dags/example_datasets.py took 0.110 seconds
[2025-07-17T08:33:51.953+0000] {processor.py:186} INFO - Started process (PID=427) to work on /home/airflow/.local/lib/python3.12/site-packages/airflow/example_dags/example_datasets.py
[2025-07-17T08:33:51.953+0000] {processor.py:914} INFO - Processing file /home/airflow/.local/lib/python3.12/site-packages/airflow/example_dags/example_datasets.py for tasks to queue
[2025-07-17T08:33:51.955+0000] {logging_mixin.py:190} INFO - [2025-07-17T08:33:51.955+0000] {dagbag.py:587} INFO - Filling up the DagBag from /home/airflow/.local/lib/python3.12/site-packages/airflow/example_dags/example_datasets.py
[2025-07-17T08:33:52.017+0000] {processor.py:925} INFO - DAG(s) 'dataset_consumes_1', 'dataset_consumes_unknown_never_scheduled', 'consume_1_and_2_with_dataset_expressions', 'consume_1_or_2_with_dataset_expressions', 'dataset_produces_2', 'dataset_consumes_1_never_scheduled', 'conditional_dataset_and_time_based_timetable', 'dataset_consumes_1_and_2', 'dataset_produces_1', 'consume_1_or_both_2_and_3_with_dataset_expressions' retrieved from /home/airflow/.local/lib/python3.12/site-packages/airflow/example_dags/example_datasets.py
[2025-07-17T08:33:52.036+0000] {logging_mixin.py:190} INFO - [2025-07-17T08:33:52.036+0000] {dag.py:3211} INFO - Sync 10 DAGs
[2025-07-17T08:33:52.047+0000] {logging_mixin.py:190} INFO - [2025-07-17T08:33:52.047+0000] {dag.py:4138} INFO - Setting next_dagrun for conditional_dataset_and_time_based_timetable to 2025-07-23 01:00:00+00:00, run_after=2025-07-23 01:00:00+00:00
[2025-07-17T08:33:52.050+0000] {logging_mixin.py:190} INFO - [2025-07-17T08:33:52.049+0000] {dag.py:4138} INFO - Setting next_dagrun for consume_1_and_2_with_dataset_expressions to None, run_after=None
[2025-07-17T08:33:52.050+0000] {logging_mixin.py:190} INFO - [2025-07-17T08:33:52.050+0000] {dag.py:4138} INFO - Setting next_dagrun for consume_1_or_2_with_dataset_expressions to None, run_after=None
[2025-07-17T08:33:52.051+0000] {logging_mixin.py:190} INFO - [2025-07-17T08:33:52.051+0000] {dag.py:4138} INFO - Setting next_dagrun for consume_1_or_both_2_and_3_with_dataset_expressions to None, run_after=None
[2025-07-17T08:33:52.052+0000] {logging_mixin.py:190} INFO - [2025-07-17T08:33:52.052+0000] {dag.py:4138} INFO - Setting next_dagrun for dataset_consumes_1 to None, run_after=None
[2025-07-17T08:33:52.052+0000] {logging_mixin.py:190} INFO - [2025-07-17T08:33:52.052+0000] {dag.py:4138} INFO - Setting next_dagrun for dataset_consumes_1_and_2 to None, run_after=None
[2025-07-17T08:33:52.053+0000] {logging_mixin.py:190} INFO - [2025-07-17T08:33:52.053+0000] {dag.py:4138} INFO - Setting next_dagrun for dataset_consumes_1_never_scheduled to None, run_after=None
[2025-07-17T08:33:52.054+0000] {logging_mixin.py:190} INFO - [2025-07-17T08:33:52.054+0000] {dag.py:4138} INFO - Setting next_dagrun for dataset_consumes_unknown_never_scheduled to None, run_after=None
[2025-07-17T08:33:52.054+0000] {logging_mixin.py:190} INFO - [2025-07-17T08:33:52.054+0000] {dag.py:4138} INFO - Setting next_dagrun for dataset_produces_1 to 2025-07-16 00:00:00+00:00, run_after=2025-07-17 00:00:00+00:00
[2025-07-17T08:33:52.056+0000] {logging_mixin.py:190} INFO - [2025-07-17T08:33:52.056+0000] {dag.py:4138} INFO - Setting next_dagrun for dataset_produces_2 to None, run_after=None
[2025-07-17T08:33:52.070+0000] {processor.py:208} INFO - Processing /home/airflow/.local/lib/python3.12/site-packages/airflow/example_dags/example_datasets.py took 0.120 seconds
[2025-07-17T08:34:22.800+0000] {processor.py:186} INFO - Started process (PID=489) to work on /home/airflow/.local/lib/python3.12/site-packages/airflow/example_dags/example_datasets.py
[2025-07-17T08:34:22.801+0000] {processor.py:914} INFO - Processing file /home/airflow/.local/lib/python3.12/site-packages/airflow/example_dags/example_datasets.py for tasks to queue
[2025-07-17T08:34:22.804+0000] {logging_mixin.py:190} INFO - [2025-07-17T08:34:22.803+0000] {dagbag.py:587} INFO - Filling up the DagBag from /home/airflow/.local/lib/python3.12/site-packages/airflow/example_dags/example_datasets.py
[2025-07-17T08:34:22.864+0000] {processor.py:925} INFO - DAG(s) 'dataset_consumes_unknown_never_scheduled', 'consume_1_or_both_2_and_3_with_dataset_expressions', 'dataset_produces_1', 'conditional_dataset_and_time_based_timetable', 'consume_1_and_2_with_dataset_expressions', 'dataset_consumes_1_never_scheduled', 'dataset_consumes_1_and_2', 'dataset_produces_2', 'consume_1_or_2_with_dataset_expressions', 'dataset_consumes_1' retrieved from /home/airflow/.local/lib/python3.12/site-packages/airflow/example_dags/example_datasets.py
[2025-07-17T08:34:22.885+0000] {logging_mixin.py:190} INFO - [2025-07-17T08:34:22.885+0000] {dag.py:3211} INFO - Sync 10 DAGs
[2025-07-17T08:34:22.897+0000] {logging_mixin.py:190} INFO - [2025-07-17T08:34:22.897+0000] {dag.py:4138} INFO - Setting next_dagrun for conditional_dataset_and_time_based_timetable to 2025-07-23 01:00:00+00:00, run_after=2025-07-23 01:00:00+00:00
[2025-07-17T08:34:22.899+0000] {logging_mixin.py:190} INFO - [2025-07-17T08:34:22.899+0000] {dag.py:4138} INFO - Setting next_dagrun for consume_1_and_2_with_dataset_expressions to None, run_after=None
[2025-07-17T08:34:22.900+0000] {logging_mixin.py:190} INFO - [2025-07-17T08:34:22.900+0000] {dag.py:4138} INFO - Setting next_dagrun for consume_1_or_2_with_dataset_expressions to None, run_after=None
[2025-07-17T08:34:22.900+0000] {logging_mixin.py:190} INFO - [2025-07-17T08:34:22.900+0000] {dag.py:4138} INFO - Setting next_dagrun for consume_1_or_both_2_and_3_with_dataset_expressions to None, run_after=None
[2025-07-17T08:34:22.901+0000] {logging_mixin.py:190} INFO - [2025-07-17T08:34:22.901+0000] {dag.py:4138} INFO - Setting next_dagrun for dataset_consumes_1 to None, run_after=None
[2025-07-17T08:34:22.902+0000] {logging_mixin.py:190} INFO - [2025-07-17T08:34:22.902+0000] {dag.py:4138} INFO - Setting next_dagrun for dataset_consumes_1_and_2 to None, run_after=None
[2025-07-17T08:34:22.903+0000] {logging_mixin.py:190} INFO - [2025-07-17T08:34:22.903+0000] {dag.py:4138} INFO - Setting next_dagrun for dataset_consumes_1_never_scheduled to None, run_after=None
[2025-07-17T08:34:22.904+0000] {logging_mixin.py:190} INFO - [2025-07-17T08:34:22.904+0000] {dag.py:4138} INFO - Setting next_dagrun for dataset_consumes_unknown_never_scheduled to None, run_after=None
[2025-07-17T08:34:22.905+0000] {logging_mixin.py:190} INFO - [2025-07-17T08:34:22.905+0000] {dag.py:4138} INFO - Setting next_dagrun for dataset_produces_1 to 2025-07-16 00:00:00+00:00, run_after=2025-07-17 00:00:00+00:00
[2025-07-17T08:34:22.906+0000] {logging_mixin.py:190} INFO - [2025-07-17T08:34:22.906+0000] {dag.py:4138} INFO - Setting next_dagrun for dataset_produces_2 to None, run_after=None
[2025-07-17T08:34:22.922+0000] {processor.py:208} INFO - Processing /home/airflow/.local/lib/python3.12/site-packages/airflow/example_dags/example_datasets.py took 0.125 seconds
[2025-07-17T08:34:53.727+0000] {processor.py:186} INFO - Started process (PID=551) to work on /home/airflow/.local/lib/python3.12/site-packages/airflow/example_dags/example_datasets.py
[2025-07-17T08:34:53.727+0000] {processor.py:914} INFO - Processing file /home/airflow/.local/lib/python3.12/site-packages/airflow/example_dags/example_datasets.py for tasks to queue
[2025-07-17T08:34:53.728+0000] {logging_mixin.py:190} INFO - [2025-07-17T08:34:53.728+0000] {dagbag.py:587} INFO - Filling up the DagBag from /home/airflow/.local/lib/python3.12/site-packages/airflow/example_dags/example_datasets.py
[2025-07-17T08:34:53.786+0000] {processor.py:925} INFO - DAG(s) 'dataset_produces_1', 'dataset_consumes_1', 'dataset_consumes_unknown_never_scheduled', 'dataset_consumes_1_never_scheduled', 'dataset_consumes_1_and_2', 'consume_1_or_both_2_and_3_with_dataset_expressions', 'consume_1_or_2_with_dataset_expressions', 'consume_1_and_2_with_dataset_expressions', 'conditional_dataset_and_time_based_timetable', 'dataset_produces_2' retrieved from /home/airflow/.local/lib/python3.12/site-packages/airflow/example_dags/example_datasets.py
[2025-07-17T08:34:53.802+0000] {logging_mixin.py:190} INFO - [2025-07-17T08:34:53.802+0000] {dag.py:3211} INFO - Sync 10 DAGs
[2025-07-17T08:34:53.813+0000] {logging_mixin.py:190} INFO - [2025-07-17T08:34:53.813+0000] {dag.py:4138} INFO - Setting next_dagrun for conditional_dataset_and_time_based_timetable to 2025-07-23 01:00:00+00:00, run_after=2025-07-23 01:00:00+00:00
[2025-07-17T08:34:53.815+0000] {logging_mixin.py:190} INFO - [2025-07-17T08:34:53.815+0000] {dag.py:4138} INFO - Setting next_dagrun for consume_1_and_2_with_dataset_expressions to None, run_after=None
[2025-07-17T08:34:53.816+0000] {logging_mixin.py:190} INFO - [2025-07-17T08:34:53.815+0000] {dag.py:4138} INFO - Setting next_dagrun for consume_1_or_2_with_dataset_expressions to None, run_after=None
[2025-07-17T08:34:53.816+0000] {logging_mixin.py:190} INFO - [2025-07-17T08:34:53.816+0000] {dag.py:4138} INFO - Setting next_dagrun for consume_1_or_both_2_and_3_with_dataset_expressions to None, run_after=None
[2025-07-17T08:34:53.817+0000] {logging_mixin.py:190} INFO - [2025-07-17T08:34:53.817+0000] {dag.py:4138} INFO - Setting next_dagrun for dataset_consumes_1 to None, run_after=None
[2025-07-17T08:34:53.817+0000] {logging_mixin.py:190} INFO - [2025-07-17T08:34:53.817+0000] {dag.py:4138} INFO - Setting next_dagrun for dataset_consumes_1_and_2 to None, run_after=None
[2025-07-17T08:34:53.818+0000] {logging_mixin.py:190} INFO - [2025-07-17T08:34:53.818+0000] {dag.py:4138} INFO - Setting next_dagrun for dataset_consumes_1_never_scheduled to None, run_after=None
[2025-07-17T08:34:53.819+0000] {logging_mixin.py:190} INFO - [2025-07-17T08:34:53.819+0000] {dag.py:4138} INFO - Setting next_dagrun for dataset_consumes_unknown_never_scheduled to None, run_after=None
[2025-07-17T08:34:53.819+0000] {logging_mixin.py:190} INFO - [2025-07-17T08:34:53.819+0000] {dag.py:4138} INFO - Setting next_dagrun for dataset_produces_1 to 2025-07-16 00:00:00+00:00, run_after=2025-07-17 00:00:00+00:00
[2025-07-17T08:34:53.821+0000] {logging_mixin.py:190} INFO - [2025-07-17T08:34:53.821+0000] {dag.py:4138} INFO - Setting next_dagrun for dataset_produces_2 to None, run_after=None
[2025-07-17T08:34:53.834+0000] {processor.py:208} INFO - Processing /home/airflow/.local/lib/python3.12/site-packages/airflow/example_dags/example_datasets.py took 0.110 seconds
[2025-07-17T08:35:24.565+0000] {processor.py:186} INFO - Started process (PID=613) to work on /home/airflow/.local/lib/python3.12/site-packages/airflow/example_dags/example_datasets.py
[2025-07-17T08:35:24.566+0000] {processor.py:914} INFO - Processing file /home/airflow/.local/lib/python3.12/site-packages/airflow/example_dags/example_datasets.py for tasks to queue
[2025-07-17T08:35:24.567+0000] {logging_mixin.py:190} INFO - [2025-07-17T08:35:24.567+0000] {dagbag.py:587} INFO - Filling up the DagBag from /home/airflow/.local/lib/python3.12/site-packages/airflow/example_dags/example_datasets.py
[2025-07-17T08:35:24.632+0000] {processor.py:925} INFO - DAG(s) 'dataset_consumes_1', 'consume_1_and_2_with_dataset_expressions', 'dataset_consumes_unknown_never_scheduled', 'dataset_produces_2', 'dataset_consumes_1_and_2', 'consume_1_or_2_with_dataset_expressions', 'dataset_produces_1', 'dataset_consumes_1_never_scheduled', 'consume_1_or_both_2_and_3_with_dataset_expressions', 'conditional_dataset_and_time_based_timetable' retrieved from /home/airflow/.local/lib/python3.12/site-packages/airflow/example_dags/example_datasets.py
[2025-07-17T08:35:24.650+0000] {logging_mixin.py:190} INFO - [2025-07-17T08:35:24.650+0000] {dag.py:3211} INFO - Sync 10 DAGs
[2025-07-17T08:35:24.661+0000] {logging_mixin.py:190} INFO - [2025-07-17T08:35:24.661+0000] {dag.py:4138} INFO - Setting next_dagrun for conditional_dataset_and_time_based_timetable to 2025-07-23 01:00:00+00:00, run_after=2025-07-23 01:00:00+00:00
[2025-07-17T08:35:24.662+0000] {logging_mixin.py:190} INFO - [2025-07-17T08:35:24.662+0000] {dag.py:4138} INFO - Setting next_dagrun for consume_1_and_2_with_dataset_expressions to None, run_after=None
[2025-07-17T08:35:24.663+0000] {logging_mixin.py:190} INFO - [2025-07-17T08:35:24.663+0000] {dag.py:4138} INFO - Setting next_dagrun for consume_1_or_2_with_dataset_expressions to None, run_after=None
[2025-07-17T08:35:24.663+0000] {logging_mixin.py:190} INFO - [2025-07-17T08:35:24.663+0000] {dag.py:4138} INFO - Setting next_dagrun for consume_1_or_both_2_and_3_with_dataset_expressions to None, run_after=None
[2025-07-17T08:35:24.664+0000] {logging_mixin.py:190} INFO - [2025-07-17T08:35:24.664+0000] {dag.py:4138} INFO - Setting next_dagrun for dataset_consumes_1 to None, run_after=None
[2025-07-17T08:35:24.666+0000] {logging_mixin.py:190} INFO - [2025-07-17T08:35:24.666+0000] {dag.py:4138} INFO - Setting next_dagrun for dataset_consumes_1_and_2 to None, run_after=None
[2025-07-17T08:35:24.668+0000] {logging_mixin.py:190} INFO - [2025-07-17T08:35:24.667+0000] {dag.py:4138} INFO - Setting next_dagrun for dataset_consumes_1_never_scheduled to None, run_after=None
[2025-07-17T08:35:24.669+0000] {logging_mixin.py:190} INFO - [2025-07-17T08:35:24.669+0000] {dag.py:4138} INFO - Setting next_dagrun for dataset_consumes_unknown_never_scheduled to None, run_after=None
[2025-07-17T08:35:24.670+0000] {logging_mixin.py:190} INFO - [2025-07-17T08:35:24.670+0000] {dag.py:4138} INFO - Setting next_dagrun for dataset_produces_1 to 2025-07-16 00:00:00+00:00, run_after=2025-07-17 00:00:00+00:00
[2025-07-17T08:35:24.670+0000] {logging_mixin.py:190} INFO - [2025-07-17T08:35:24.670+0000] {dag.py:4138} INFO - Setting next_dagrun for dataset_produces_2 to None, run_after=None
[2025-07-17T08:35:24.687+0000] {processor.py:208} INFO - Processing /home/airflow/.local/lib/python3.12/site-packages/airflow/example_dags/example_datasets.py took 0.124 seconds
