[2025-07-17T08:30:47.932+0000] {processor.py:186} INFO - Started process (PID=55) to work on /home/airflow/.local/lib/python3.12/site-packages/airflow/example_dags/example_setup_teardown.py
[2025-07-17T08:30:47.932+0000] {processor.py:914} INFO - Processing file /home/airflow/.local/lib/python3.12/site-packages/airflow/example_dags/example_setup_teardown.py for tasks to queue
[2025-07-17T08:30:47.933+0000] {logging_mixin.py:190} INFO - [2025-07-17T08:30:47.933+0000] {dagbag.py:587} INFO - Filling up the DagBag from /home/airflow/.local/lib/python3.12/site-packages/airflow/example_dags/example_setup_teardown.py
[2025-07-17T08:30:47.940+0000] {processor.py:925} INFO - DAG(s) 'example_setup_teardown' retrieved from /home/airflow/.local/lib/python3.12/site-packages/airflow/example_dags/example_setup_teardown.py
[2025-07-17T08:30:47.982+0000] {logging_mixin.py:190} INFO - [2025-07-17T08:30:47.982+0000] {override.py:1858} INFO - Created Permission View: can delete on DAG:example_setup_teardown
[2025-07-17T08:30:47.985+0000] {logging_mixin.py:190} INFO - [2025-07-17T08:30:47.985+0000] {override.py:1858} INFO - Created Permission View: can edit on DAG:example_setup_teardown
[2025-07-17T08:30:47.987+0000] {logging_mixin.py:190} INFO - [2025-07-17T08:30:47.987+0000] {override.py:1858} INFO - Created Permission View: can read on DAG:example_setup_teardown
[2025-07-17T08:30:47.987+0000] {logging_mixin.py:190} INFO - [2025-07-17T08:30:47.987+0000] {dag.py:3211} INFO - Sync 1 DAGs
[2025-07-17T08:30:47.992+0000] {logging_mixin.py:190} INFO - [2025-07-17T08:30:47.992+0000] {dag.py:3234} INFO - Creating ORM DAG for example_setup_teardown
[2025-07-17T08:30:47.996+0000] {logging_mixin.py:190} INFO - [2025-07-17T08:30:47.996+0000] {dag.py:4138} INFO - Setting next_dagrun for example_setup_teardown to 2025-07-16 00:00:00+00:00, run_after=2025-07-17 00:00:00+00:00
[2025-07-17T08:30:48.001+0000] {processor.py:208} INFO - Processing /home/airflow/.local/lib/python3.12/site-packages/airflow/example_dags/example_setup_teardown.py took 0.072 seconds
[2025-07-17T08:31:18.479+0000] {processor.py:186} INFO - Started process (PID=123) to work on /home/airflow/.local/lib/python3.12/site-packages/airflow/example_dags/example_setup_teardown.py
[2025-07-17T08:31:18.479+0000] {processor.py:914} INFO - Processing file /home/airflow/.local/lib/python3.12/site-packages/airflow/example_dags/example_setup_teardown.py for tasks to queue
[2025-07-17T08:31:18.481+0000] {logging_mixin.py:190} INFO - [2025-07-17T08:31:18.481+0000] {dagbag.py:587} INFO - Filling up the DagBag from /home/airflow/.local/lib/python3.12/site-packages/airflow/example_dags/example_setup_teardown.py
[2025-07-17T08:31:18.485+0000] {processor.py:925} INFO - DAG(s) 'example_setup_teardown' retrieved from /home/airflow/.local/lib/python3.12/site-packages/airflow/example_dags/example_setup_teardown.py
[2025-07-17T08:31:18.495+0000] {logging_mixin.py:190} INFO - [2025-07-17T08:31:18.495+0000] {dag.py:3211} INFO - Sync 1 DAGs
[2025-07-17T08:31:18.504+0000] {logging_mixin.py:190} INFO - [2025-07-17T08:31:18.504+0000] {dag.py:4138} INFO - Setting next_dagrun for example_setup_teardown to 2025-07-16 00:00:00+00:00, run_after=2025-07-17 00:00:00+00:00
[2025-07-17T08:31:18.510+0000] {processor.py:208} INFO - Processing /home/airflow/.local/lib/python3.12/site-packages/airflow/example_dags/example_setup_teardown.py took 0.034 seconds
[2025-07-17T08:31:49.162+0000] {processor.py:186} INFO - Started process (PID=185) to work on /home/airflow/.local/lib/python3.12/site-packages/airflow/example_dags/example_setup_teardown.py
[2025-07-17T08:31:49.165+0000] {processor.py:914} INFO - Processing file /home/airflow/.local/lib/python3.12/site-packages/airflow/example_dags/example_setup_teardown.py for tasks to queue
[2025-07-17T08:31:49.167+0000] {logging_mixin.py:190} INFO - [2025-07-17T08:31:49.167+0000] {dagbag.py:587} INFO - Filling up the DagBag from /home/airflow/.local/lib/python3.12/site-packages/airflow/example_dags/example_setup_teardown.py
[2025-07-17T08:31:49.174+0000] {processor.py:925} INFO - DAG(s) 'example_setup_teardown' retrieved from /home/airflow/.local/lib/python3.12/site-packages/airflow/example_dags/example_setup_teardown.py
[2025-07-17T08:31:49.184+0000] {logging_mixin.py:190} INFO - [2025-07-17T08:31:49.184+0000] {dag.py:3211} INFO - Sync 1 DAGs
[2025-07-17T08:31:49.192+0000] {logging_mixin.py:190} INFO - [2025-07-17T08:31:49.192+0000] {dag.py:4138} INFO - Setting next_dagrun for example_setup_teardown to 2025-07-16 00:00:00+00:00, run_after=2025-07-17 00:00:00+00:00
[2025-07-17T08:31:49.198+0000] {processor.py:208} INFO - Processing /home/airflow/.local/lib/python3.12/site-packages/airflow/example_dags/example_setup_teardown.py took 0.038 seconds
[2025-07-17T08:32:19.931+0000] {processor.py:186} INFO - Started process (PID=247) to work on /home/airflow/.local/lib/python3.12/site-packages/airflow/example_dags/example_setup_teardown.py
[2025-07-17T08:32:19.932+0000] {processor.py:914} INFO - Processing file /home/airflow/.local/lib/python3.12/site-packages/airflow/example_dags/example_setup_teardown.py for tasks to queue
[2025-07-17T08:32:19.933+0000] {logging_mixin.py:190} INFO - [2025-07-17T08:32:19.932+0000] {dagbag.py:587} INFO - Filling up the DagBag from /home/airflow/.local/lib/python3.12/site-packages/airflow/example_dags/example_setup_teardown.py
[2025-07-17T08:32:19.936+0000] {processor.py:925} INFO - DAG(s) 'example_setup_teardown' retrieved from /home/airflow/.local/lib/python3.12/site-packages/airflow/example_dags/example_setup_teardown.py
[2025-07-17T08:32:19.947+0000] {logging_mixin.py:190} INFO - [2025-07-17T08:32:19.946+0000] {dag.py:3211} INFO - Sync 1 DAGs
[2025-07-17T08:32:19.955+0000] {logging_mixin.py:190} INFO - [2025-07-17T08:32:19.955+0000] {dag.py:4138} INFO - Setting next_dagrun for example_setup_teardown to 2025-07-16 00:00:00+00:00, run_after=2025-07-17 00:00:00+00:00
[2025-07-17T08:32:19.962+0000] {processor.py:208} INFO - Processing /home/airflow/.local/lib/python3.12/site-packages/airflow/example_dags/example_setup_teardown.py took 0.034 seconds
[2025-07-17T08:32:50.696+0000] {processor.py:186} INFO - Started process (PID=309) to work on /home/airflow/.local/lib/python3.12/site-packages/airflow/example_dags/example_setup_teardown.py
[2025-07-17T08:32:50.699+0000] {processor.py:914} INFO - Processing file /home/airflow/.local/lib/python3.12/site-packages/airflow/example_dags/example_setup_teardown.py for tasks to queue
[2025-07-17T08:32:50.700+0000] {logging_mixin.py:190} INFO - [2025-07-17T08:32:50.700+0000] {dagbag.py:587} INFO - Filling up the DagBag from /home/airflow/.local/lib/python3.12/site-packages/airflow/example_dags/example_setup_teardown.py
[2025-07-17T08:32:50.705+0000] {processor.py:925} INFO - DAG(s) 'example_setup_teardown' retrieved from /home/airflow/.local/lib/python3.12/site-packages/airflow/example_dags/example_setup_teardown.py
[2025-07-17T08:32:50.716+0000] {logging_mixin.py:190} INFO - [2025-07-17T08:32:50.716+0000] {dag.py:3211} INFO - Sync 1 DAGs
[2025-07-17T08:32:50.725+0000] {logging_mixin.py:190} INFO - [2025-07-17T08:32:50.725+0000] {dag.py:4138} INFO - Setting next_dagrun for example_setup_teardown to 2025-07-16 00:00:00+00:00, run_after=2025-07-17 00:00:00+00:00
[2025-07-17T08:32:50.733+0000] {processor.py:208} INFO - Processing /home/airflow/.local/lib/python3.12/site-packages/airflow/example_dags/example_setup_teardown.py took 0.039 seconds
[2025-07-17T08:33:21.437+0000] {processor.py:186} INFO - Started process (PID=371) to work on /home/airflow/.local/lib/python3.12/site-packages/airflow/example_dags/example_setup_teardown.py
[2025-07-17T08:33:21.438+0000] {processor.py:914} INFO - Processing file /home/airflow/.local/lib/python3.12/site-packages/airflow/example_dags/example_setup_teardown.py for tasks to queue
[2025-07-17T08:33:21.439+0000] {logging_mixin.py:190} INFO - [2025-07-17T08:33:21.439+0000] {dagbag.py:587} INFO - Filling up the DagBag from /home/airflow/.local/lib/python3.12/site-packages/airflow/example_dags/example_setup_teardown.py
[2025-07-17T08:33:21.443+0000] {processor.py:925} INFO - DAG(s) 'example_setup_teardown' retrieved from /home/airflow/.local/lib/python3.12/site-packages/airflow/example_dags/example_setup_teardown.py
[2025-07-17T08:33:21.451+0000] {logging_mixin.py:190} INFO - [2025-07-17T08:33:21.451+0000] {dag.py:3211} INFO - Sync 1 DAGs
[2025-07-17T08:33:21.460+0000] {logging_mixin.py:190} INFO - [2025-07-17T08:33:21.460+0000] {dag.py:4138} INFO - Setting next_dagrun for example_setup_teardown to 2025-07-16 00:00:00+00:00, run_after=2025-07-17 00:00:00+00:00
[2025-07-17T08:33:21.467+0000] {processor.py:208} INFO - Processing /home/airflow/.local/lib/python3.12/site-packages/airflow/example_dags/example_setup_teardown.py took 0.032 seconds
[2025-07-17T08:33:52.171+0000] {processor.py:186} INFO - Started process (PID=433) to work on /home/airflow/.local/lib/python3.12/site-packages/airflow/example_dags/example_setup_teardown.py
[2025-07-17T08:33:52.172+0000] {processor.py:914} INFO - Processing file /home/airflow/.local/lib/python3.12/site-packages/airflow/example_dags/example_setup_teardown.py for tasks to queue
[2025-07-17T08:33:52.173+0000] {logging_mixin.py:190} INFO - [2025-07-17T08:33:52.173+0000] {dagbag.py:587} INFO - Filling up the DagBag from /home/airflow/.local/lib/python3.12/site-packages/airflow/example_dags/example_setup_teardown.py
[2025-07-17T08:33:52.177+0000] {processor.py:925} INFO - DAG(s) 'example_setup_teardown' retrieved from /home/airflow/.local/lib/python3.12/site-packages/airflow/example_dags/example_setup_teardown.py
[2025-07-17T08:33:52.187+0000] {logging_mixin.py:190} INFO - [2025-07-17T08:33:52.187+0000] {dag.py:3211} INFO - Sync 1 DAGs
[2025-07-17T08:33:52.197+0000] {logging_mixin.py:190} INFO - [2025-07-17T08:33:52.197+0000] {dag.py:4138} INFO - Setting next_dagrun for example_setup_teardown to 2025-07-16 00:00:00+00:00, run_after=2025-07-17 00:00:00+00:00
[2025-07-17T08:33:52.207+0000] {processor.py:208} INFO - Processing /home/airflow/.local/lib/python3.12/site-packages/airflow/example_dags/example_setup_teardown.py took 0.040 seconds
[2025-07-17T08:34:23.030+0000] {processor.py:186} INFO - Started process (PID=495) to work on /home/airflow/.local/lib/python3.12/site-packages/airflow/example_dags/example_setup_teardown.py
[2025-07-17T08:34:23.031+0000] {processor.py:914} INFO - Processing file /home/airflow/.local/lib/python3.12/site-packages/airflow/example_dags/example_setup_teardown.py for tasks to queue
[2025-07-17T08:34:23.033+0000] {logging_mixin.py:190} INFO - [2025-07-17T08:34:23.033+0000] {dagbag.py:587} INFO - Filling up the DagBag from /home/airflow/.local/lib/python3.12/site-packages/airflow/example_dags/example_setup_teardown.py
[2025-07-17T08:34:23.037+0000] {processor.py:925} INFO - DAG(s) 'example_setup_teardown' retrieved from /home/airflow/.local/lib/python3.12/site-packages/airflow/example_dags/example_setup_teardown.py
[2025-07-17T08:34:23.047+0000] {logging_mixin.py:190} INFO - [2025-07-17T08:34:23.046+0000] {dag.py:3211} INFO - Sync 1 DAGs
[2025-07-17T08:34:23.057+0000] {logging_mixin.py:190} INFO - [2025-07-17T08:34:23.057+0000] {dag.py:4138} INFO - Setting next_dagrun for example_setup_teardown to 2025-07-16 00:00:00+00:00, run_after=2025-07-17 00:00:00+00:00
[2025-07-17T08:34:23.069+0000] {processor.py:208} INFO - Processing /home/airflow/.local/lib/python3.12/site-packages/airflow/example_dags/example_setup_teardown.py took 0.041 seconds
[2025-07-17T08:34:53.946+0000] {processor.py:186} INFO - Started process (PID=557) to work on /home/airflow/.local/lib/python3.12/site-packages/airflow/example_dags/example_setup_teardown.py
[2025-07-17T08:34:53.946+0000] {processor.py:914} INFO - Processing file /home/airflow/.local/lib/python3.12/site-packages/airflow/example_dags/example_setup_teardown.py for tasks to queue
[2025-07-17T08:34:53.948+0000] {logging_mixin.py:190} INFO - [2025-07-17T08:34:53.947+0000] {dagbag.py:587} INFO - Filling up the DagBag from /home/airflow/.local/lib/python3.12/site-packages/airflow/example_dags/example_setup_teardown.py
[2025-07-17T08:34:53.951+0000] {processor.py:925} INFO - DAG(s) 'example_setup_teardown' retrieved from /home/airflow/.local/lib/python3.12/site-packages/airflow/example_dags/example_setup_teardown.py
[2025-07-17T08:34:53.959+0000] {logging_mixin.py:190} INFO - [2025-07-17T08:34:53.959+0000] {dag.py:3211} INFO - Sync 1 DAGs
[2025-07-17T08:34:53.967+0000] {logging_mixin.py:190} INFO - [2025-07-17T08:34:53.967+0000] {dag.py:4138} INFO - Setting next_dagrun for example_setup_teardown to 2025-07-16 00:00:00+00:00, run_after=2025-07-17 00:00:00+00:00
[2025-07-17T08:34:53.973+0000] {processor.py:208} INFO - Processing /home/airflow/.local/lib/python3.12/site-packages/airflow/example_dags/example_setup_teardown.py took 0.030 seconds
[2025-07-17T08:35:24.798+0000] {processor.py:186} INFO - Started process (PID=619) to work on /home/airflow/.local/lib/python3.12/site-packages/airflow/example_dags/example_setup_teardown.py
[2025-07-17T08:35:24.800+0000] {processor.py:914} INFO - Processing file /home/airflow/.local/lib/python3.12/site-packages/airflow/example_dags/example_setup_teardown.py for tasks to queue
[2025-07-17T08:35:24.801+0000] {logging_mixin.py:190} INFO - [2025-07-17T08:35:24.801+0000] {dagbag.py:587} INFO - Filling up the DagBag from /home/airflow/.local/lib/python3.12/site-packages/airflow/example_dags/example_setup_teardown.py
[2025-07-17T08:35:24.805+0000] {processor.py:925} INFO - DAG(s) 'example_setup_teardown' retrieved from /home/airflow/.local/lib/python3.12/site-packages/airflow/example_dags/example_setup_teardown.py
[2025-07-17T08:35:24.816+0000] {logging_mixin.py:190} INFO - [2025-07-17T08:35:24.816+0000] {dag.py:3211} INFO - Sync 1 DAGs
[2025-07-17T08:35:24.827+0000] {logging_mixin.py:190} INFO - [2025-07-17T08:35:24.827+0000] {dag.py:4138} INFO - Setting next_dagrun for example_setup_teardown to 2025-07-16 00:00:00+00:00, run_after=2025-07-17 00:00:00+00:00
[2025-07-17T08:35:24.837+0000] {processor.py:208} INFO - Processing /home/airflow/.local/lib/python3.12/site-packages/airflow/example_dags/example_setup_teardown.py took 0.042 seconds
