[2025-07-17T08:30:49.526+0000] {processor.py:186} INFO - Started process (PID=96) to work on /home/airflow/.local/lib/python3.12/site-packages/airflow/example_dags/example_outlet_event_extra.py
[2025-07-17T08:30:49.526+0000] {processor.py:914} INFO - Processing file /home/airflow/.local/lib/python3.12/site-packages/airflow/example_dags/example_outlet_event_extra.py for tasks to queue
[2025-07-17T08:30:49.527+0000] {logging_mixin.py:190} INFO - [2025-07-17T08:30:49.527+0000] {dagbag.py:587} INFO - Filling up the DagBag from /home/airflow/.local/lib/python3.12/site-packages/airflow/example_dags/example_outlet_event_extra.py
[2025-07-17T08:30:49.585+0000] {processor.py:925} INFO - DAG(s) 'dataset_with_extra_from_classic_operator', 'dataset_with_extra_by_yield', 'dataset_with_extra_by_context' retrieved from /home/airflow/.local/lib/python3.12/site-packages/airflow/example_dags/example_outlet_event_extra.py
[2025-07-17T08:30:49.618+0000] {logging_mixin.py:190} INFO - [2025-07-17T08:30:49.618+0000] {override.py:1858} INFO - Created Permission View: can delete on DAG:dataset_with_extra_from_classic_operator
[2025-07-17T08:30:49.622+0000] {logging_mixin.py:190} INFO - [2025-07-17T08:30:49.622+0000] {override.py:1858} INFO - Created Permission View: can edit on DAG:dataset_with_extra_from_classic_operator
[2025-07-17T08:30:49.624+0000] {logging_mixin.py:190} INFO - [2025-07-17T08:30:49.624+0000] {override.py:1858} INFO - Created Permission View: can read on DAG:dataset_with_extra_from_classic_operator
[2025-07-17T08:30:49.628+0000] {logging_mixin.py:190} INFO - [2025-07-17T08:30:49.628+0000] {override.py:1858} INFO - Created Permission View: can delete on DAG:dataset_with_extra_by_yield
[2025-07-17T08:30:49.630+0000] {logging_mixin.py:190} INFO - [2025-07-17T08:30:49.630+0000] {override.py:1858} INFO - Created Permission View: can edit on DAG:dataset_with_extra_by_yield
[2025-07-17T08:30:49.631+0000] {logging_mixin.py:190} INFO - [2025-07-17T08:30:49.631+0000] {override.py:1858} INFO - Created Permission View: can read on DAG:dataset_with_extra_by_yield
[2025-07-17T08:30:49.635+0000] {logging_mixin.py:190} INFO - [2025-07-17T08:30:49.635+0000] {override.py:1858} INFO - Created Permission View: can delete on DAG:dataset_with_extra_by_context
[2025-07-17T08:30:49.637+0000] {logging_mixin.py:190} INFO - [2025-07-17T08:30:49.637+0000] {override.py:1858} INFO - Created Permission View: can edit on DAG:dataset_with_extra_by_context
[2025-07-17T08:30:49.638+0000] {logging_mixin.py:190} INFO - [2025-07-17T08:30:49.638+0000] {override.py:1858} INFO - Created Permission View: can read on DAG:dataset_with_extra_by_context
[2025-07-17T08:30:49.638+0000] {logging_mixin.py:190} INFO - [2025-07-17T08:30:49.638+0000] {dag.py:3211} INFO - Sync 3 DAGs
[2025-07-17T08:30:49.643+0000] {logging_mixin.py:190} INFO - [2025-07-17T08:30:49.643+0000] {dag.py:3234} INFO - Creating ORM DAG for dataset_with_extra_from_classic_operator
[2025-07-17T08:30:49.643+0000] {logging_mixin.py:190} INFO - [2025-07-17T08:30:49.643+0000] {dag.py:3234} INFO - Creating ORM DAG for dataset_with_extra_by_context
[2025-07-17T08:30:49.643+0000] {logging_mixin.py:190} INFO - [2025-07-17T08:30:49.643+0000] {dag.py:3234} INFO - Creating ORM DAG for dataset_with_extra_by_yield
[2025-07-17T08:30:49.648+0000] {logging_mixin.py:190} INFO - [2025-07-17T08:30:49.648+0000] {dag.py:4138} INFO - Setting next_dagrun for dataset_with_extra_by_context to 2025-07-16 00:00:00+00:00, run_after=2025-07-17 00:00:00+00:00
[2025-07-17T08:30:49.648+0000] {logging_mixin.py:190} INFO - [2025-07-17T08:30:49.648+0000] {dag.py:4138} INFO - Setting next_dagrun for dataset_with_extra_by_yield to 2025-07-16 00:00:00+00:00, run_after=2025-07-17 00:00:00+00:00
[2025-07-17T08:30:49.649+0000] {logging_mixin.py:190} INFO - [2025-07-17T08:30:49.649+0000] {dag.py:4138} INFO - Setting next_dagrun for dataset_with_extra_from_classic_operator to 2025-07-16 00:00:00+00:00, run_after=2025-07-17 00:00:00+00:00
[2025-07-17T08:30:49.657+0000] {processor.py:208} INFO - Processing /home/airflow/.local/lib/python3.12/site-packages/airflow/example_dags/example_outlet_event_extra.py took 0.133 seconds
[2025-07-17T08:31:20.382+0000] {processor.py:186} INFO - Started process (PID=158) to work on /home/airflow/.local/lib/python3.12/site-packages/airflow/example_dags/example_outlet_event_extra.py
[2025-07-17T08:31:20.383+0000] {processor.py:914} INFO - Processing file /home/airflow/.local/lib/python3.12/site-packages/airflow/example_dags/example_outlet_event_extra.py for tasks to queue
[2025-07-17T08:31:20.384+0000] {logging_mixin.py:190} INFO - [2025-07-17T08:31:20.384+0000] {dagbag.py:587} INFO - Filling up the DagBag from /home/airflow/.local/lib/python3.12/site-packages/airflow/example_dags/example_outlet_event_extra.py
[2025-07-17T08:31:20.440+0000] {processor.py:925} INFO - DAG(s) 'dataset_with_extra_from_classic_operator', 'dataset_with_extra_by_yield', 'dataset_with_extra_by_context' retrieved from /home/airflow/.local/lib/python3.12/site-packages/airflow/example_dags/example_outlet_event_extra.py
[2025-07-17T08:31:20.449+0000] {logging_mixin.py:190} INFO - [2025-07-17T08:31:20.449+0000] {dag.py:3211} INFO - Sync 3 DAGs
[2025-07-17T08:31:20.458+0000] {logging_mixin.py:190} INFO - [2025-07-17T08:31:20.458+0000] {dag.py:4138} INFO - Setting next_dagrun for dataset_with_extra_by_context to 2025-07-16 00:00:00+00:00, run_after=2025-07-17 00:00:00+00:00
[2025-07-17T08:31:20.460+0000] {logging_mixin.py:190} INFO - [2025-07-17T08:31:20.460+0000] {dag.py:4138} INFO - Setting next_dagrun for dataset_with_extra_by_yield to 2025-07-16 00:00:00+00:00, run_after=2025-07-17 00:00:00+00:00
[2025-07-17T08:31:20.461+0000] {logging_mixin.py:190} INFO - [2025-07-17T08:31:20.461+0000] {dag.py:4138} INFO - Setting next_dagrun for dataset_with_extra_from_classic_operator to 2025-07-16 00:00:00+00:00, run_after=2025-07-17 00:00:00+00:00
[2025-07-17T08:31:20.468+0000] {processor.py:208} INFO - Processing /home/airflow/.local/lib/python3.12/site-packages/airflow/example_dags/example_outlet_event_extra.py took 0.089 seconds
[2025-07-17T08:31:51.093+0000] {processor.py:186} INFO - Started process (PID=220) to work on /home/airflow/.local/lib/python3.12/site-packages/airflow/example_dags/example_outlet_event_extra.py
[2025-07-17T08:31:51.094+0000] {processor.py:914} INFO - Processing file /home/airflow/.local/lib/python3.12/site-packages/airflow/example_dags/example_outlet_event_extra.py for tasks to queue
[2025-07-17T08:31:51.097+0000] {logging_mixin.py:190} INFO - [2025-07-17T08:31:51.097+0000] {dagbag.py:587} INFO - Filling up the DagBag from /home/airflow/.local/lib/python3.12/site-packages/airflow/example_dags/example_outlet_event_extra.py
[2025-07-17T08:31:51.152+0000] {processor.py:925} INFO - DAG(s) 'dataset_with_extra_by_yield', 'dataset_with_extra_by_context', 'dataset_with_extra_from_classic_operator' retrieved from /home/airflow/.local/lib/python3.12/site-packages/airflow/example_dags/example_outlet_event_extra.py
[2025-07-17T08:31:51.164+0000] {logging_mixin.py:190} INFO - [2025-07-17T08:31:51.163+0000] {dag.py:3211} INFO - Sync 3 DAGs
[2025-07-17T08:31:51.172+0000] {logging_mixin.py:190} INFO - [2025-07-17T08:31:51.172+0000] {dag.py:4138} INFO - Setting next_dagrun for dataset_with_extra_by_context to 2025-07-16 00:00:00+00:00, run_after=2025-07-17 00:00:00+00:00
[2025-07-17T08:31:51.174+0000] {logging_mixin.py:190} INFO - [2025-07-17T08:31:51.174+0000] {dag.py:4138} INFO - Setting next_dagrun for dataset_with_extra_by_yield to 2025-07-16 00:00:00+00:00, run_after=2025-07-17 00:00:00+00:00
[2025-07-17T08:31:51.174+0000] {logging_mixin.py:190} INFO - [2025-07-17T08:31:51.174+0000] {dag.py:4138} INFO - Setting next_dagrun for dataset_with_extra_from_classic_operator to 2025-07-16 00:00:00+00:00, run_after=2025-07-17 00:00:00+00:00
[2025-07-17T08:31:51.181+0000] {processor.py:208} INFO - Processing /home/airflow/.local/lib/python3.12/site-packages/airflow/example_dags/example_outlet_event_extra.py took 0.090 seconds
[2025-07-17T08:32:21.870+0000] {processor.py:186} INFO - Started process (PID=282) to work on /home/airflow/.local/lib/python3.12/site-packages/airflow/example_dags/example_outlet_event_extra.py
[2025-07-17T08:32:21.873+0000] {processor.py:914} INFO - Processing file /home/airflow/.local/lib/python3.12/site-packages/airflow/example_dags/example_outlet_event_extra.py for tasks to queue
[2025-07-17T08:32:21.875+0000] {logging_mixin.py:190} INFO - [2025-07-17T08:32:21.875+0000] {dagbag.py:587} INFO - Filling up the DagBag from /home/airflow/.local/lib/python3.12/site-packages/airflow/example_dags/example_outlet_event_extra.py
[2025-07-17T08:32:21.930+0000] {processor.py:925} INFO - DAG(s) 'dataset_with_extra_by_yield', 'dataset_with_extra_by_context', 'dataset_with_extra_from_classic_operator' retrieved from /home/airflow/.local/lib/python3.12/site-packages/airflow/example_dags/example_outlet_event_extra.py
[2025-07-17T08:32:21.941+0000] {logging_mixin.py:190} INFO - [2025-07-17T08:32:21.941+0000] {dag.py:3211} INFO - Sync 3 DAGs
[2025-07-17T08:32:21.950+0000] {logging_mixin.py:190} INFO - [2025-07-17T08:32:21.950+0000] {dag.py:4138} INFO - Setting next_dagrun for dataset_with_extra_by_context to 2025-07-16 00:00:00+00:00, run_after=2025-07-17 00:00:00+00:00
[2025-07-17T08:32:21.952+0000] {logging_mixin.py:190} INFO - [2025-07-17T08:32:21.952+0000] {dag.py:4138} INFO - Setting next_dagrun for dataset_with_extra_by_yield to 2025-07-16 00:00:00+00:00, run_after=2025-07-17 00:00:00+00:00
[2025-07-17T08:32:21.953+0000] {logging_mixin.py:190} INFO - [2025-07-17T08:32:21.953+0000] {dag.py:4138} INFO - Setting next_dagrun for dataset_with_extra_from_classic_operator to 2025-07-16 00:00:00+00:00, run_after=2025-07-17 00:00:00+00:00
[2025-07-17T08:32:21.960+0000] {processor.py:208} INFO - Processing /home/airflow/.local/lib/python3.12/site-packages/airflow/example_dags/example_outlet_event_extra.py took 0.093 seconds
[2025-07-17T08:32:52.631+0000] {processor.py:186} INFO - Started process (PID=344) to work on /home/airflow/.local/lib/python3.12/site-packages/airflow/example_dags/example_outlet_event_extra.py
[2025-07-17T08:32:52.632+0000] {processor.py:914} INFO - Processing file /home/airflow/.local/lib/python3.12/site-packages/airflow/example_dags/example_outlet_event_extra.py for tasks to queue
[2025-07-17T08:32:52.633+0000] {logging_mixin.py:190} INFO - [2025-07-17T08:32:52.633+0000] {dagbag.py:587} INFO - Filling up the DagBag from /home/airflow/.local/lib/python3.12/site-packages/airflow/example_dags/example_outlet_event_extra.py
[2025-07-17T08:32:52.689+0000] {processor.py:925} INFO - DAG(s) 'dataset_with_extra_from_classic_operator', 'dataset_with_extra_by_yield', 'dataset_with_extra_by_context' retrieved from /home/airflow/.local/lib/python3.12/site-packages/airflow/example_dags/example_outlet_event_extra.py
[2025-07-17T08:32:52.701+0000] {logging_mixin.py:190} INFO - [2025-07-17T08:32:52.701+0000] {dag.py:3211} INFO - Sync 3 DAGs
[2025-07-17T08:32:52.712+0000] {logging_mixin.py:190} INFO - [2025-07-17T08:32:52.711+0000] {dag.py:4138} INFO - Setting next_dagrun for dataset_with_extra_by_context to 2025-07-16 00:00:00+00:00, run_after=2025-07-17 00:00:00+00:00
[2025-07-17T08:32:52.713+0000] {logging_mixin.py:190} INFO - [2025-07-17T08:32:52.713+0000] {dag.py:4138} INFO - Setting next_dagrun for dataset_with_extra_by_yield to 2025-07-16 00:00:00+00:00, run_after=2025-07-17 00:00:00+00:00
[2025-07-17T08:32:52.714+0000] {logging_mixin.py:190} INFO - [2025-07-17T08:32:52.714+0000] {dag.py:4138} INFO - Setting next_dagrun for dataset_with_extra_from_classic_operator to 2025-07-16 00:00:00+00:00, run_after=2025-07-17 00:00:00+00:00
[2025-07-17T08:32:52.723+0000] {processor.py:208} INFO - Processing /home/airflow/.local/lib/python3.12/site-packages/airflow/example_dags/example_outlet_event_extra.py took 0.094 seconds
[2025-07-17T08:33:23.345+0000] {processor.py:186} INFO - Started process (PID=406) to work on /home/airflow/.local/lib/python3.12/site-packages/airflow/example_dags/example_outlet_event_extra.py
[2025-07-17T08:33:23.347+0000] {processor.py:914} INFO - Processing file /home/airflow/.local/lib/python3.12/site-packages/airflow/example_dags/example_outlet_event_extra.py for tasks to queue
[2025-07-17T08:33:23.348+0000] {logging_mixin.py:190} INFO - [2025-07-17T08:33:23.348+0000] {dagbag.py:587} INFO - Filling up the DagBag from /home/airflow/.local/lib/python3.12/site-packages/airflow/example_dags/example_outlet_event_extra.py
[2025-07-17T08:33:23.407+0000] {processor.py:925} INFO - DAG(s) 'dataset_with_extra_by_yield', 'dataset_with_extra_from_classic_operator', 'dataset_with_extra_by_context' retrieved from /home/airflow/.local/lib/python3.12/site-packages/airflow/example_dags/example_outlet_event_extra.py
[2025-07-17T08:33:23.419+0000] {logging_mixin.py:190} INFO - [2025-07-17T08:33:23.419+0000] {dag.py:3211} INFO - Sync 3 DAGs
[2025-07-17T08:33:23.430+0000] {logging_mixin.py:190} INFO - [2025-07-17T08:33:23.430+0000] {dag.py:4138} INFO - Setting next_dagrun for dataset_with_extra_by_context to 2025-07-16 00:00:00+00:00, run_after=2025-07-17 00:00:00+00:00
[2025-07-17T08:33:23.432+0000] {logging_mixin.py:190} INFO - [2025-07-17T08:33:23.432+0000] {dag.py:4138} INFO - Setting next_dagrun for dataset_with_extra_by_yield to 2025-07-16 00:00:00+00:00, run_after=2025-07-17 00:00:00+00:00
[2025-07-17T08:33:23.433+0000] {logging_mixin.py:190} INFO - [2025-07-17T08:33:23.432+0000] {dag.py:4138} INFO - Setting next_dagrun for dataset_with_extra_from_classic_operator to 2025-07-16 00:00:00+00:00, run_after=2025-07-17 00:00:00+00:00
[2025-07-17T08:33:23.440+0000] {processor.py:208} INFO - Processing /home/airflow/.local/lib/python3.12/site-packages/airflow/example_dags/example_outlet_event_extra.py took 0.098 seconds
[2025-07-17T08:33:54.155+0000] {processor.py:186} INFO - Started process (PID=468) to work on /home/airflow/.local/lib/python3.12/site-packages/airflow/example_dags/example_outlet_event_extra.py
[2025-07-17T08:33:54.156+0000] {processor.py:914} INFO - Processing file /home/airflow/.local/lib/python3.12/site-packages/airflow/example_dags/example_outlet_event_extra.py for tasks to queue
[2025-07-17T08:33:54.157+0000] {logging_mixin.py:190} INFO - [2025-07-17T08:33:54.157+0000] {dagbag.py:587} INFO - Filling up the DagBag from /home/airflow/.local/lib/python3.12/site-packages/airflow/example_dags/example_outlet_event_extra.py
[2025-07-17T08:33:54.216+0000] {processor.py:925} INFO - DAG(s) 'dataset_with_extra_from_classic_operator', 'dataset_with_extra_by_yield', 'dataset_with_extra_by_context' retrieved from /home/airflow/.local/lib/python3.12/site-packages/airflow/example_dags/example_outlet_event_extra.py
[2025-07-17T08:33:54.226+0000] {logging_mixin.py:190} INFO - [2025-07-17T08:33:54.226+0000] {dag.py:3211} INFO - Sync 3 DAGs
[2025-07-17T08:33:54.235+0000] {logging_mixin.py:190} INFO - [2025-07-17T08:33:54.235+0000] {dag.py:4138} INFO - Setting next_dagrun for dataset_with_extra_by_context to 2025-07-16 00:00:00+00:00, run_after=2025-07-17 00:00:00+00:00
[2025-07-17T08:33:54.237+0000] {logging_mixin.py:190} INFO - [2025-07-17T08:33:54.237+0000] {dag.py:4138} INFO - Setting next_dagrun for dataset_with_extra_by_yield to 2025-07-16 00:00:00+00:00, run_after=2025-07-17 00:00:00+00:00
[2025-07-17T08:33:54.238+0000] {logging_mixin.py:190} INFO - [2025-07-17T08:33:54.238+0000] {dag.py:4138} INFO - Setting next_dagrun for dataset_with_extra_from_classic_operator to 2025-07-16 00:00:00+00:00, run_after=2025-07-17 00:00:00+00:00
[2025-07-17T08:33:54.252+0000] {processor.py:208} INFO - Processing /home/airflow/.local/lib/python3.12/site-packages/airflow/example_dags/example_outlet_event_extra.py took 0.099 seconds
[2025-07-17T08:34:25.131+0000] {processor.py:186} INFO - Started process (PID=530) to work on /home/airflow/.local/lib/python3.12/site-packages/airflow/example_dags/example_outlet_event_extra.py
[2025-07-17T08:34:25.131+0000] {processor.py:914} INFO - Processing file /home/airflow/.local/lib/python3.12/site-packages/airflow/example_dags/example_outlet_event_extra.py for tasks to queue
[2025-07-17T08:34:25.132+0000] {logging_mixin.py:190} INFO - [2025-07-17T08:34:25.132+0000] {dagbag.py:587} INFO - Filling up the DagBag from /home/airflow/.local/lib/python3.12/site-packages/airflow/example_dags/example_outlet_event_extra.py
[2025-07-17T08:34:25.191+0000] {processor.py:925} INFO - DAG(s) 'dataset_with_extra_from_classic_operator', 'dataset_with_extra_by_yield', 'dataset_with_extra_by_context' retrieved from /home/airflow/.local/lib/python3.12/site-packages/airflow/example_dags/example_outlet_event_extra.py
[2025-07-17T08:34:25.202+0000] {logging_mixin.py:190} INFO - [2025-07-17T08:34:25.202+0000] {dag.py:3211} INFO - Sync 3 DAGs
[2025-07-17T08:34:25.212+0000] {logging_mixin.py:190} INFO - [2025-07-17T08:34:25.211+0000] {dag.py:4138} INFO - Setting next_dagrun for dataset_with_extra_by_context to 2025-07-16 00:00:00+00:00, run_after=2025-07-17 00:00:00+00:00
[2025-07-17T08:34:25.213+0000] {logging_mixin.py:190} INFO - [2025-07-17T08:34:25.213+0000] {dag.py:4138} INFO - Setting next_dagrun for dataset_with_extra_by_yield to 2025-07-16 00:00:00+00:00, run_after=2025-07-17 00:00:00+00:00
[2025-07-17T08:34:25.214+0000] {logging_mixin.py:190} INFO - [2025-07-17T08:34:25.214+0000] {dag.py:4138} INFO - Setting next_dagrun for dataset_with_extra_from_classic_operator to 2025-07-16 00:00:00+00:00, run_after=2025-07-17 00:00:00+00:00
[2025-07-17T08:34:25.227+0000] {processor.py:208} INFO - Processing /home/airflow/.local/lib/python3.12/site-packages/airflow/example_dags/example_outlet_event_extra.py took 0.099 seconds
[2025-07-17T08:34:55.898+0000] {processor.py:186} INFO - Started process (PID=592) to work on /home/airflow/.local/lib/python3.12/site-packages/airflow/example_dags/example_outlet_event_extra.py
[2025-07-17T08:34:55.898+0000] {processor.py:914} INFO - Processing file /home/airflow/.local/lib/python3.12/site-packages/airflow/example_dags/example_outlet_event_extra.py for tasks to queue
[2025-07-17T08:34:55.899+0000] {logging_mixin.py:190} INFO - [2025-07-17T08:34:55.899+0000] {dagbag.py:587} INFO - Filling up the DagBag from /home/airflow/.local/lib/python3.12/site-packages/airflow/example_dags/example_outlet_event_extra.py
[2025-07-17T08:34:55.956+0000] {processor.py:925} INFO - DAG(s) 'dataset_with_extra_from_classic_operator', 'dataset_with_extra_by_yield', 'dataset_with_extra_by_context' retrieved from /home/airflow/.local/lib/python3.12/site-packages/airflow/example_dags/example_outlet_event_extra.py
[2025-07-17T08:34:55.968+0000] {logging_mixin.py:190} INFO - [2025-07-17T08:34:55.968+0000] {dag.py:3211} INFO - Sync 3 DAGs
[2025-07-17T08:34:55.977+0000] {logging_mixin.py:190} INFO - [2025-07-17T08:34:55.977+0000] {dag.py:4138} INFO - Setting next_dagrun for dataset_with_extra_by_context to 2025-07-16 00:00:00+00:00, run_after=2025-07-17 00:00:00+00:00
[2025-07-17T08:34:55.979+0000] {logging_mixin.py:190} INFO - [2025-07-17T08:34:55.979+0000] {dag.py:4138} INFO - Setting next_dagrun for dataset_with_extra_by_yield to 2025-07-16 00:00:00+00:00, run_after=2025-07-17 00:00:00+00:00
[2025-07-17T08:34:55.980+0000] {logging_mixin.py:190} INFO - [2025-07-17T08:34:55.980+0000] {dag.py:4138} INFO - Setting next_dagrun for dataset_with_extra_from_classic_operator to 2025-07-16 00:00:00+00:00, run_after=2025-07-17 00:00:00+00:00
[2025-07-17T08:34:55.990+0000] {processor.py:208} INFO - Processing /home/airflow/.local/lib/python3.12/site-packages/airflow/example_dags/example_outlet_event_extra.py took 0.095 seconds
[2025-07-17T08:35:26.886+0000] {processor.py:186} INFO - Started process (PID=654) to work on /home/airflow/.local/lib/python3.12/site-packages/airflow/example_dags/example_outlet_event_extra.py
[2025-07-17T08:35:26.890+0000] {processor.py:914} INFO - Processing file /home/airflow/.local/lib/python3.12/site-packages/airflow/example_dags/example_outlet_event_extra.py for tasks to queue
[2025-07-17T08:35:26.892+0000] {logging_mixin.py:190} INFO - [2025-07-17T08:35:26.891+0000] {dagbag.py:587} INFO - Filling up the DagBag from /home/airflow/.local/lib/python3.12/site-packages/airflow/example_dags/example_outlet_event_extra.py
[2025-07-17T08:35:26.947+0000] {processor.py:925} INFO - DAG(s) 'dataset_with_extra_by_context', 'dataset_with_extra_from_classic_operator', 'dataset_with_extra_by_yield' retrieved from /home/airflow/.local/lib/python3.12/site-packages/airflow/example_dags/example_outlet_event_extra.py
[2025-07-17T08:35:26.959+0000] {logging_mixin.py:190} INFO - [2025-07-17T08:35:26.959+0000] {dag.py:3211} INFO - Sync 3 DAGs
[2025-07-17T08:35:26.973+0000] {logging_mixin.py:190} INFO - [2025-07-17T08:35:26.973+0000] {dag.py:4138} INFO - Setting next_dagrun for dataset_with_extra_by_context to 2025-07-16 00:00:00+00:00, run_after=2025-07-17 00:00:00+00:00
[2025-07-17T08:35:26.975+0000] {logging_mixin.py:190} INFO - [2025-07-17T08:35:26.975+0000] {dag.py:4138} INFO - Setting next_dagrun for dataset_with_extra_by_yield to 2025-07-16 00:00:00+00:00, run_after=2025-07-17 00:00:00+00:00
[2025-07-17T08:35:26.976+0000] {logging_mixin.py:190} INFO - [2025-07-17T08:35:26.975+0000] {dag.py:4138} INFO - Setting next_dagrun for dataset_with_extra_from_classic_operator to 2025-07-16 00:00:00+00:00, run_after=2025-07-17 00:00:00+00:00
[2025-07-17T08:35:26.985+0000] {processor.py:208} INFO - Processing /home/airflow/.local/lib/python3.12/site-packages/airflow/example_dags/example_outlet_event_extra.py took 0.101 seconds
