[2025-07-17T08:30:48.784+0000] {processor.py:186} INFO - Started process (PID=81) to work on /home/airflow/.local/lib/python3.12/site-packages/airflow/example_dags/example_inlet_event_extra.py
[2025-07-17T08:30:48.785+0000] {processor.py:914} INFO - Processing file /home/airflow/.local/lib/python3.12/site-packages/airflow/example_dags/example_inlet_event_extra.py for tasks to queue
[2025-07-17T08:30:48.786+0000] {logging_mixin.py:190} INFO - [2025-07-17T08:30:48.785+0000] {dagbag.py:587} INFO - Filling up the DagBag from /home/airflow/.local/lib/python3.12/site-packages/airflow/example_dags/example_inlet_event_extra.py
[2025-07-17T08:30:48.846+0000] {processor.py:925} INFO - DAG(s) 'read_dataset_event_from_classic', 'read_dataset_event' retrieved from /home/airflow/.local/lib/python3.12/site-packages/airflow/example_dags/example_inlet_event_extra.py
[2025-07-17T08:30:48.882+0000] {logging_mixin.py:190} INFO - [2025-07-17T08:30:48.882+0000] {override.py:1858} INFO - Created Permission View: can delete on DAG:read_dataset_event_from_classic
[2025-07-17T08:30:48.888+0000] {logging_mixin.py:190} INFO - [2025-07-17T08:30:48.887+0000] {override.py:1858} INFO - Created Permission View: can edit on DAG:read_dataset_event_from_classic
[2025-07-17T08:30:48.890+0000] {logging_mixin.py:190} INFO - [2025-07-17T08:30:48.890+0000] {override.py:1858} INFO - Created Permission View: can read on DAG:read_dataset_event_from_classic
[2025-07-17T08:30:48.895+0000] {logging_mixin.py:190} INFO - [2025-07-17T08:30:48.895+0000] {override.py:1858} INFO - Created Permission View: can delete on DAG:read_dataset_event
[2025-07-17T08:30:48.897+0000] {logging_mixin.py:190} INFO - [2025-07-17T08:30:48.897+0000] {override.py:1858} INFO - Created Permission View: can edit on DAG:read_dataset_event
[2025-07-17T08:30:48.900+0000] {logging_mixin.py:190} INFO - [2025-07-17T08:30:48.900+0000] {override.py:1858} INFO - Created Permission View: can read on DAG:read_dataset_event
[2025-07-17T08:30:48.900+0000] {logging_mixin.py:190} INFO - [2025-07-17T08:30:48.900+0000] {dag.py:3211} INFO - Sync 2 DAGs
[2025-07-17T08:30:48.905+0000] {logging_mixin.py:190} INFO - [2025-07-17T08:30:48.905+0000] {dag.py:3234} INFO - Creating ORM DAG for read_dataset_event_from_classic
[2025-07-17T08:30:48.905+0000] {logging_mixin.py:190} INFO - [2025-07-17T08:30:48.905+0000] {dag.py:3234} INFO - Creating ORM DAG for read_dataset_event
[2025-07-17T08:30:48.910+0000] {logging_mixin.py:190} INFO - [2025-07-17T08:30:48.910+0000] {dag.py:4138} INFO - Setting next_dagrun for read_dataset_event to 2025-07-16 00:00:00+00:00, run_after=2025-07-17 00:00:00+00:00
[2025-07-17T08:30:48.911+0000] {logging_mixin.py:190} INFO - [2025-07-17T08:30:48.911+0000] {dag.py:4138} INFO - Setting next_dagrun for read_dataset_event_from_classic to 2025-07-16 00:00:00+00:00, run_after=2025-07-17 00:00:00+00:00
[2025-07-17T08:30:48.920+0000] {processor.py:208} INFO - Processing /home/airflow/.local/lib/python3.12/site-packages/airflow/example_dags/example_inlet_event_extra.py took 0.138 seconds
[2025-07-17T08:31:18.991+0000] {processor.py:186} INFO - Started process (PID=143) to work on /home/airflow/.local/lib/python3.12/site-packages/airflow/example_dags/example_inlet_event_extra.py
[2025-07-17T08:31:18.992+0000] {processor.py:914} INFO - Processing file /home/airflow/.local/lib/python3.12/site-packages/airflow/example_dags/example_inlet_event_extra.py for tasks to queue
[2025-07-17T08:31:18.993+0000] {logging_mixin.py:190} INFO - [2025-07-17T08:31:18.993+0000] {dagbag.py:587} INFO - Filling up the DagBag from /home/airflow/.local/lib/python3.12/site-packages/airflow/example_dags/example_inlet_event_extra.py
[2025-07-17T08:31:19.050+0000] {processor.py:925} INFO - DAG(s) 'read_dataset_event_from_classic', 'read_dataset_event' retrieved from /home/airflow/.local/lib/python3.12/site-packages/airflow/example_dags/example_inlet_event_extra.py
[2025-07-17T08:31:19.059+0000] {logging_mixin.py:190} INFO - [2025-07-17T08:31:19.059+0000] {dag.py:3211} INFO - Sync 2 DAGs
[2025-07-17T08:31:19.068+0000] {logging_mixin.py:190} INFO - [2025-07-17T08:31:19.067+0000] {dag.py:4138} INFO - Setting next_dagrun for read_dataset_event to 2025-07-16 00:00:00+00:00, run_after=2025-07-17 00:00:00+00:00
[2025-07-17T08:31:19.069+0000] {logging_mixin.py:190} INFO - [2025-07-17T08:31:19.069+0000] {dag.py:4138} INFO - Setting next_dagrun for read_dataset_event_from_classic to 2025-07-16 00:00:00+00:00, run_after=2025-07-17 00:00:00+00:00
[2025-07-17T08:31:19.074+0000] {processor.py:208} INFO - Processing /home/airflow/.local/lib/python3.12/site-packages/airflow/example_dags/example_inlet_event_extra.py took 0.085 seconds
[2025-07-17T08:31:49.681+0000] {processor.py:186} INFO - Started process (PID=205) to work on /home/airflow/.local/lib/python3.12/site-packages/airflow/example_dags/example_inlet_event_extra.py
[2025-07-17T08:31:49.681+0000] {processor.py:914} INFO - Processing file /home/airflow/.local/lib/python3.12/site-packages/airflow/example_dags/example_inlet_event_extra.py for tasks to queue
[2025-07-17T08:31:49.682+0000] {logging_mixin.py:190} INFO - [2025-07-17T08:31:49.682+0000] {dagbag.py:587} INFO - Filling up the DagBag from /home/airflow/.local/lib/python3.12/site-packages/airflow/example_dags/example_inlet_event_extra.py
[2025-07-17T08:31:49.742+0000] {processor.py:925} INFO - DAG(s) 'read_dataset_event_from_classic', 'read_dataset_event' retrieved from /home/airflow/.local/lib/python3.12/site-packages/airflow/example_dags/example_inlet_event_extra.py
[2025-07-17T08:31:49.752+0000] {logging_mixin.py:190} INFO - [2025-07-17T08:31:49.752+0000] {dag.py:3211} INFO - Sync 2 DAGs
[2025-07-17T08:31:49.761+0000] {logging_mixin.py:190} INFO - [2025-07-17T08:31:49.761+0000] {dag.py:4138} INFO - Setting next_dagrun for read_dataset_event to 2025-07-16 00:00:00+00:00, run_after=2025-07-17 00:00:00+00:00
[2025-07-17T08:31:49.766+0000] {logging_mixin.py:190} INFO - [2025-07-17T08:31:49.766+0000] {dag.py:4138} INFO - Setting next_dagrun for read_dataset_event_from_classic to 2025-07-16 00:00:00+00:00, run_after=2025-07-17 00:00:00+00:00
[2025-07-17T08:31:49.774+0000] {processor.py:208} INFO - Processing /home/airflow/.local/lib/python3.12/site-packages/airflow/example_dags/example_inlet_event_extra.py took 0.096 seconds
[2025-07-17T08:32:20.458+0000] {processor.py:186} INFO - Started process (PID=267) to work on /home/airflow/.local/lib/python3.12/site-packages/airflow/example_dags/example_inlet_event_extra.py
[2025-07-17T08:32:20.459+0000] {processor.py:914} INFO - Processing file /home/airflow/.local/lib/python3.12/site-packages/airflow/example_dags/example_inlet_event_extra.py for tasks to queue
[2025-07-17T08:32:20.460+0000] {logging_mixin.py:190} INFO - [2025-07-17T08:32:20.460+0000] {dagbag.py:587} INFO - Filling up the DagBag from /home/airflow/.local/lib/python3.12/site-packages/airflow/example_dags/example_inlet_event_extra.py
[2025-07-17T08:32:20.515+0000] {processor.py:925} INFO - DAG(s) 'read_dataset_event_from_classic', 'read_dataset_event' retrieved from /home/airflow/.local/lib/python3.12/site-packages/airflow/example_dags/example_inlet_event_extra.py
[2025-07-17T08:32:20.525+0000] {logging_mixin.py:190} INFO - [2025-07-17T08:32:20.525+0000] {dag.py:3211} INFO - Sync 2 DAGs
[2025-07-17T08:32:20.535+0000] {logging_mixin.py:190} INFO - [2025-07-17T08:32:20.535+0000] {dag.py:4138} INFO - Setting next_dagrun for read_dataset_event to 2025-07-16 00:00:00+00:00, run_after=2025-07-17 00:00:00+00:00
[2025-07-17T08:32:20.536+0000] {logging_mixin.py:190} INFO - [2025-07-17T08:32:20.536+0000] {dag.py:4138} INFO - Setting next_dagrun for read_dataset_event_from_classic to 2025-07-16 00:00:00+00:00, run_after=2025-07-17 00:00:00+00:00
[2025-07-17T08:32:20.542+0000] {processor.py:208} INFO - Processing /home/airflow/.local/lib/python3.12/site-packages/airflow/example_dags/example_inlet_event_extra.py took 0.087 seconds
[2025-07-17T08:32:51.209+0000] {processor.py:186} INFO - Started process (PID=329) to work on /home/airflow/.local/lib/python3.12/site-packages/airflow/example_dags/example_inlet_event_extra.py
[2025-07-17T08:32:51.210+0000] {processor.py:914} INFO - Processing file /home/airflow/.local/lib/python3.12/site-packages/airflow/example_dags/example_inlet_event_extra.py for tasks to queue
[2025-07-17T08:32:51.211+0000] {logging_mixin.py:190} INFO - [2025-07-17T08:32:51.211+0000] {dagbag.py:587} INFO - Filling up the DagBag from /home/airflow/.local/lib/python3.12/site-packages/airflow/example_dags/example_inlet_event_extra.py
[2025-07-17T08:32:51.267+0000] {processor.py:925} INFO - DAG(s) 'read_dataset_event_from_classic', 'read_dataset_event' retrieved from /home/airflow/.local/lib/python3.12/site-packages/airflow/example_dags/example_inlet_event_extra.py
[2025-07-17T08:32:51.278+0000] {logging_mixin.py:190} INFO - [2025-07-17T08:32:51.278+0000] {dag.py:3211} INFO - Sync 2 DAGs
[2025-07-17T08:32:51.287+0000] {logging_mixin.py:190} INFO - [2025-07-17T08:32:51.287+0000] {dag.py:4138} INFO - Setting next_dagrun for read_dataset_event to 2025-07-16 00:00:00+00:00, run_after=2025-07-17 00:00:00+00:00
[2025-07-17T08:32:51.290+0000] {logging_mixin.py:190} INFO - [2025-07-17T08:32:51.290+0000] {dag.py:4138} INFO - Setting next_dagrun for read_dataset_event_from_classic to 2025-07-16 00:00:00+00:00, run_after=2025-07-17 00:00:00+00:00
[2025-07-17T08:32:51.296+0000] {processor.py:208} INFO - Processing /home/airflow/.local/lib/python3.12/site-packages/airflow/example_dags/example_inlet_event_extra.py took 0.090 seconds
[2025-07-17T08:33:21.921+0000] {processor.py:186} INFO - Started process (PID=391) to work on /home/airflow/.local/lib/python3.12/site-packages/airflow/example_dags/example_inlet_event_extra.py
[2025-07-17T08:33:21.923+0000] {processor.py:914} INFO - Processing file /home/airflow/.local/lib/python3.12/site-packages/airflow/example_dags/example_inlet_event_extra.py for tasks to queue
[2025-07-17T08:33:21.924+0000] {logging_mixin.py:190} INFO - [2025-07-17T08:33:21.924+0000] {dagbag.py:587} INFO - Filling up the DagBag from /home/airflow/.local/lib/python3.12/site-packages/airflow/example_dags/example_inlet_event_extra.py
[2025-07-17T08:33:21.981+0000] {processor.py:925} INFO - DAG(s) 'read_dataset_event', 'read_dataset_event_from_classic' retrieved from /home/airflow/.local/lib/python3.12/site-packages/airflow/example_dags/example_inlet_event_extra.py
[2025-07-17T08:33:21.990+0000] {logging_mixin.py:190} INFO - [2025-07-17T08:33:21.990+0000] {dag.py:3211} INFO - Sync 2 DAGs
[2025-07-17T08:33:22.002+0000] {logging_mixin.py:190} INFO - [2025-07-17T08:33:22.002+0000] {dag.py:4138} INFO - Setting next_dagrun for read_dataset_event to 2025-07-16 00:00:00+00:00, run_after=2025-07-17 00:00:00+00:00
[2025-07-17T08:33:22.004+0000] {logging_mixin.py:190} INFO - [2025-07-17T08:33:22.004+0000] {dag.py:4138} INFO - Setting next_dagrun for read_dataset_event_from_classic to 2025-07-16 00:00:00+00:00, run_after=2025-07-17 00:00:00+00:00
[2025-07-17T08:33:22.013+0000] {processor.py:208} INFO - Processing /home/airflow/.local/lib/python3.12/site-packages/airflow/example_dags/example_inlet_event_extra.py took 0.095 seconds
[2025-07-17T08:33:52.714+0000] {processor.py:186} INFO - Started process (PID=453) to work on /home/airflow/.local/lib/python3.12/site-packages/airflow/example_dags/example_inlet_event_extra.py
[2025-07-17T08:33:52.714+0000] {processor.py:914} INFO - Processing file /home/airflow/.local/lib/python3.12/site-packages/airflow/example_dags/example_inlet_event_extra.py for tasks to queue
[2025-07-17T08:33:52.715+0000] {logging_mixin.py:190} INFO - [2025-07-17T08:33:52.715+0000] {dagbag.py:587} INFO - Filling up the DagBag from /home/airflow/.local/lib/python3.12/site-packages/airflow/example_dags/example_inlet_event_extra.py
[2025-07-17T08:33:52.767+0000] {processor.py:925} INFO - DAG(s) 'read_dataset_event_from_classic', 'read_dataset_event' retrieved from /home/airflow/.local/lib/python3.12/site-packages/airflow/example_dags/example_inlet_event_extra.py
[2025-07-17T08:33:52.775+0000] {logging_mixin.py:190} INFO - [2025-07-17T08:33:52.775+0000] {dag.py:3211} INFO - Sync 2 DAGs
[2025-07-17T08:33:52.784+0000] {logging_mixin.py:190} INFO - [2025-07-17T08:33:52.784+0000] {dag.py:4138} INFO - Setting next_dagrun for read_dataset_event to 2025-07-16 00:00:00+00:00, run_after=2025-07-17 00:00:00+00:00
[2025-07-17T08:33:52.786+0000] {logging_mixin.py:190} INFO - [2025-07-17T08:33:52.785+0000] {dag.py:4138} INFO - Setting next_dagrun for read_dataset_event_from_classic to 2025-07-16 00:00:00+00:00, run_after=2025-07-17 00:00:00+00:00
[2025-07-17T08:33:52.792+0000] {processor.py:208} INFO - Processing /home/airflow/.local/lib/python3.12/site-packages/airflow/example_dags/example_inlet_event_extra.py took 0.081 seconds
[2025-07-17T08:34:23.610+0000] {processor.py:186} INFO - Started process (PID=515) to work on /home/airflow/.local/lib/python3.12/site-packages/airflow/example_dags/example_inlet_event_extra.py
[2025-07-17T08:34:23.611+0000] {processor.py:914} INFO - Processing file /home/airflow/.local/lib/python3.12/site-packages/airflow/example_dags/example_inlet_event_extra.py for tasks to queue
[2025-07-17T08:34:23.613+0000] {logging_mixin.py:190} INFO - [2025-07-17T08:34:23.612+0000] {dagbag.py:587} INFO - Filling up the DagBag from /home/airflow/.local/lib/python3.12/site-packages/airflow/example_dags/example_inlet_event_extra.py
[2025-07-17T08:34:23.667+0000] {processor.py:925} INFO - DAG(s) 'read_dataset_event', 'read_dataset_event_from_classic' retrieved from /home/airflow/.local/lib/python3.12/site-packages/airflow/example_dags/example_inlet_event_extra.py
[2025-07-17T08:34:23.679+0000] {logging_mixin.py:190} INFO - [2025-07-17T08:34:23.679+0000] {dag.py:3211} INFO - Sync 2 DAGs
[2025-07-17T08:34:23.690+0000] {logging_mixin.py:190} INFO - [2025-07-17T08:34:23.689+0000] {dag.py:4138} INFO - Setting next_dagrun for read_dataset_event to 2025-07-16 00:00:00+00:00, run_after=2025-07-17 00:00:00+00:00
[2025-07-17T08:34:23.692+0000] {logging_mixin.py:190} INFO - [2025-07-17T08:34:23.692+0000] {dag.py:4138} INFO - Setting next_dagrun for read_dataset_event_from_classic to 2025-07-16 00:00:00+00:00, run_after=2025-07-17 00:00:00+00:00
[2025-07-17T08:34:23.699+0000] {processor.py:208} INFO - Processing /home/airflow/.local/lib/python3.12/site-packages/airflow/example_dags/example_inlet_event_extra.py took 0.092 seconds
[2025-07-17T08:34:54.485+0000] {processor.py:186} INFO - Started process (PID=577) to work on /home/airflow/.local/lib/python3.12/site-packages/airflow/example_dags/example_inlet_event_extra.py
[2025-07-17T08:34:54.485+0000] {processor.py:914} INFO - Processing file /home/airflow/.local/lib/python3.12/site-packages/airflow/example_dags/example_inlet_event_extra.py for tasks to queue
[2025-07-17T08:34:54.486+0000] {logging_mixin.py:190} INFO - [2025-07-17T08:34:54.486+0000] {dagbag.py:587} INFO - Filling up the DagBag from /home/airflow/.local/lib/python3.12/site-packages/airflow/example_dags/example_inlet_event_extra.py
[2025-07-17T08:34:54.540+0000] {processor.py:925} INFO - DAG(s) 'read_dataset_event_from_classic', 'read_dataset_event' retrieved from /home/airflow/.local/lib/python3.12/site-packages/airflow/example_dags/example_inlet_event_extra.py
[2025-07-17T08:34:54.551+0000] {logging_mixin.py:190} INFO - [2025-07-17T08:34:54.551+0000] {dag.py:3211} INFO - Sync 2 DAGs
[2025-07-17T08:34:54.563+0000] {logging_mixin.py:190} INFO - [2025-07-17T08:34:54.563+0000] {dag.py:4138} INFO - Setting next_dagrun for read_dataset_event to 2025-07-16 00:00:00+00:00, run_after=2025-07-17 00:00:00+00:00
[2025-07-17T08:34:54.565+0000] {logging_mixin.py:190} INFO - [2025-07-17T08:34:54.565+0000] {dag.py:4138} INFO - Setting next_dagrun for read_dataset_event_from_classic to 2025-07-16 00:00:00+00:00, run_after=2025-07-17 00:00:00+00:00
[2025-07-17T08:34:54.570+0000] {processor.py:208} INFO - Processing /home/airflow/.local/lib/python3.12/site-packages/airflow/example_dags/example_inlet_event_extra.py took 0.087 seconds
[2025-07-17T08:35:25.435+0000] {processor.py:186} INFO - Started process (PID=639) to work on /home/airflow/.local/lib/python3.12/site-packages/airflow/example_dags/example_inlet_event_extra.py
[2025-07-17T08:35:25.437+0000] {processor.py:914} INFO - Processing file /home/airflow/.local/lib/python3.12/site-packages/airflow/example_dags/example_inlet_event_extra.py for tasks to queue
[2025-07-17T08:35:25.438+0000] {logging_mixin.py:190} INFO - [2025-07-17T08:35:25.438+0000] {dagbag.py:587} INFO - Filling up the DagBag from /home/airflow/.local/lib/python3.12/site-packages/airflow/example_dags/example_inlet_event_extra.py
[2025-07-17T08:35:25.499+0000] {processor.py:925} INFO - DAG(s) 'read_dataset_event_from_classic', 'read_dataset_event' retrieved from /home/airflow/.local/lib/python3.12/site-packages/airflow/example_dags/example_inlet_event_extra.py
[2025-07-17T08:35:25.509+0000] {logging_mixin.py:190} INFO - [2025-07-17T08:35:25.509+0000] {dag.py:3211} INFO - Sync 2 DAGs
[2025-07-17T08:35:25.519+0000] {logging_mixin.py:190} INFO - [2025-07-17T08:35:25.519+0000] {dag.py:4138} INFO - Setting next_dagrun for read_dataset_event to 2025-07-16 00:00:00+00:00, run_after=2025-07-17 00:00:00+00:00
[2025-07-17T08:35:25.521+0000] {logging_mixin.py:190} INFO - [2025-07-17T08:35:25.521+0000] {dag.py:4138} INFO - Setting next_dagrun for read_dataset_event_from_classic to 2025-07-16 00:00:00+00:00, run_after=2025-07-17 00:00:00+00:00
[2025-07-17T08:35:25.529+0000] {processor.py:208} INFO - Processing /home/airflow/.local/lib/python3.12/site-packages/airflow/example_dags/example_inlet_event_extra.py took 0.097 seconds
