[2025-07-17T08:30:48.379+0000] {processor.py:186} INFO - Started process (PID=71) to work on /home/airflow/.local/lib/python3.12/site-packages/airflow/example_dags/example_params_ui_tutorial.py
[2025-07-17T08:30:48.379+0000] {processor.py:914} INFO - Processing file /home/airflow/.local/lib/python3.12/site-packages/airflow/example_dags/example_params_ui_tutorial.py for tasks to queue
[2025-07-17T08:30:48.381+0000] {logging_mixin.py:190} INFO - [2025-07-17T08:30:48.381+0000] {dagbag.py:587} INFO - Filling up the DagBag from /home/airflow/.local/lib/python3.12/site-packages/airflow/example_dags/example_params_ui_tutorial.py
[2025-07-17T08:30:48.389+0000] {processor.py:925} INFO - DAG(s) 'example_params_ui_tutorial' retrieved from /home/airflow/.local/lib/python3.12/site-packages/airflow/example_dags/example_params_ui_tutorial.py
[2025-07-17T08:30:48.433+0000] {logging_mixin.py:190} INFO - [2025-07-17T08:30:48.433+0000] {override.py:1858} INFO - Created Permission View: can delete on DAG:example_params_ui_tutorial
[2025-07-17T08:30:48.436+0000] {logging_mixin.py:190} INFO - [2025-07-17T08:30:48.436+0000] {override.py:1858} INFO - Created Permission View: can edit on DAG:example_params_ui_tutorial
[2025-07-17T08:30:48.437+0000] {logging_mixin.py:190} INFO - [2025-07-17T08:30:48.437+0000] {override.py:1858} INFO - Created Permission View: can read on DAG:example_params_ui_tutorial
[2025-07-17T08:30:48.438+0000] {logging_mixin.py:190} INFO - [2025-07-17T08:30:48.438+0000] {dag.py:3211} INFO - Sync 1 DAGs
[2025-07-17T08:30:48.442+0000] {logging_mixin.py:190} INFO - [2025-07-17T08:30:48.442+0000] {dag.py:3234} INFO - Creating ORM DAG for example_params_ui_tutorial
[2025-07-17T08:30:48.443+0000] {logging_mixin.py:190} INFO - [2025-07-17T08:30:48.442+0000] {dag.py:4138} INFO - Setting next_dagrun for example_params_ui_tutorial to None, run_after=None
[2025-07-17T08:30:48.449+0000] {processor.py:208} INFO - Processing /home/airflow/.local/lib/python3.12/site-packages/airflow/example_dags/example_params_ui_tutorial.py took 0.073 seconds
[2025-07-17T08:31:18.700+0000] {processor.py:186} INFO - Started process (PID=133) to work on /home/airflow/.local/lib/python3.12/site-packages/airflow/example_dags/example_params_ui_tutorial.py
[2025-07-17T08:31:18.700+0000] {processor.py:914} INFO - Processing file /home/airflow/.local/lib/python3.12/site-packages/airflow/example_dags/example_params_ui_tutorial.py for tasks to queue
[2025-07-17T08:31:18.701+0000] {logging_mixin.py:190} INFO - [2025-07-17T08:31:18.701+0000] {dagbag.py:587} INFO - Filling up the DagBag from /home/airflow/.local/lib/python3.12/site-packages/airflow/example_dags/example_params_ui_tutorial.py
[2025-07-17T08:31:18.705+0000] {processor.py:925} INFO - DAG(s) 'example_params_ui_tutorial' retrieved from /home/airflow/.local/lib/python3.12/site-packages/airflow/example_dags/example_params_ui_tutorial.py
[2025-07-17T08:31:18.720+0000] {logging_mixin.py:190} INFO - [2025-07-17T08:31:18.720+0000] {dag.py:3211} INFO - Sync 1 DAGs
[2025-07-17T08:31:18.726+0000] {logging_mixin.py:190} INFO - [2025-07-17T08:31:18.726+0000] {dag.py:4138} INFO - Setting next_dagrun for example_params_ui_tutorial to None, run_after=None
[2025-07-17T08:31:18.735+0000] {processor.py:208} INFO - Processing /home/airflow/.local/lib/python3.12/site-packages/airflow/example_dags/example_params_ui_tutorial.py took 0.037 seconds
[2025-07-17T08:31:49.418+0000] {processor.py:186} INFO - Started process (PID=195) to work on /home/airflow/.local/lib/python3.12/site-packages/airflow/example_dags/example_params_ui_tutorial.py
[2025-07-17T08:31:49.419+0000] {processor.py:914} INFO - Processing file /home/airflow/.local/lib/python3.12/site-packages/airflow/example_dags/example_params_ui_tutorial.py for tasks to queue
[2025-07-17T08:31:49.420+0000] {logging_mixin.py:190} INFO - [2025-07-17T08:31:49.420+0000] {dagbag.py:587} INFO - Filling up the DagBag from /home/airflow/.local/lib/python3.12/site-packages/airflow/example_dags/example_params_ui_tutorial.py
[2025-07-17T08:31:49.424+0000] {processor.py:925} INFO - DAG(s) 'example_params_ui_tutorial' retrieved from /home/airflow/.local/lib/python3.12/site-packages/airflow/example_dags/example_params_ui_tutorial.py
[2025-07-17T08:31:49.440+0000] {logging_mixin.py:190} INFO - [2025-07-17T08:31:49.440+0000] {dag.py:3211} INFO - Sync 1 DAGs
[2025-07-17T08:31:49.445+0000] {logging_mixin.py:190} INFO - [2025-07-17T08:31:49.445+0000] {dag.py:4138} INFO - Setting next_dagrun for example_params_ui_tutorial to None, run_after=None
[2025-07-17T08:31:49.451+0000] {processor.py:208} INFO - Processing /home/airflow/.local/lib/python3.12/site-packages/airflow/example_dags/example_params_ui_tutorial.py took 0.035 seconds
[2025-07-17T08:32:20.191+0000] {processor.py:186} INFO - Started process (PID=257) to work on /home/airflow/.local/lib/python3.12/site-packages/airflow/example_dags/example_params_ui_tutorial.py
[2025-07-17T08:32:20.191+0000] {processor.py:914} INFO - Processing file /home/airflow/.local/lib/python3.12/site-packages/airflow/example_dags/example_params_ui_tutorial.py for tasks to queue
[2025-07-17T08:32:20.193+0000] {logging_mixin.py:190} INFO - [2025-07-17T08:32:20.193+0000] {dagbag.py:587} INFO - Filling up the DagBag from /home/airflow/.local/lib/python3.12/site-packages/airflow/example_dags/example_params_ui_tutorial.py
[2025-07-17T08:32:20.197+0000] {processor.py:925} INFO - DAG(s) 'example_params_ui_tutorial' retrieved from /home/airflow/.local/lib/python3.12/site-packages/airflow/example_dags/example_params_ui_tutorial.py
[2025-07-17T08:32:20.213+0000] {logging_mixin.py:190} INFO - [2025-07-17T08:32:20.212+0000] {dag.py:3211} INFO - Sync 1 DAGs
[2025-07-17T08:32:20.218+0000] {logging_mixin.py:190} INFO - [2025-07-17T08:32:20.218+0000] {dag.py:4138} INFO - Setting next_dagrun for example_params_ui_tutorial to None, run_after=None
[2025-07-17T08:32:20.226+0000] {processor.py:208} INFO - Processing /home/airflow/.local/lib/python3.12/site-packages/airflow/example_dags/example_params_ui_tutorial.py took 0.038 seconds
[2025-07-17T08:32:50.927+0000] {processor.py:186} INFO - Started process (PID=319) to work on /home/airflow/.local/lib/python3.12/site-packages/airflow/example_dags/example_params_ui_tutorial.py
[2025-07-17T08:32:50.928+0000] {processor.py:914} INFO - Processing file /home/airflow/.local/lib/python3.12/site-packages/airflow/example_dags/example_params_ui_tutorial.py for tasks to queue
[2025-07-17T08:32:50.929+0000] {logging_mixin.py:190} INFO - [2025-07-17T08:32:50.929+0000] {dagbag.py:587} INFO - Filling up the DagBag from /home/airflow/.local/lib/python3.12/site-packages/airflow/example_dags/example_params_ui_tutorial.py
[2025-07-17T08:32:50.934+0000] {processor.py:925} INFO - DAG(s) 'example_params_ui_tutorial' retrieved from /home/airflow/.local/lib/python3.12/site-packages/airflow/example_dags/example_params_ui_tutorial.py
[2025-07-17T08:32:50.950+0000] {logging_mixin.py:190} INFO - [2025-07-17T08:32:50.949+0000] {dag.py:3211} INFO - Sync 1 DAGs
[2025-07-17T08:32:50.955+0000] {logging_mixin.py:190} INFO - [2025-07-17T08:32:50.955+0000] {dag.py:4138} INFO - Setting next_dagrun for example_params_ui_tutorial to None, run_after=None
[2025-07-17T08:32:50.962+0000] {processor.py:208} INFO - Processing /home/airflow/.local/lib/python3.12/site-packages/airflow/example_dags/example_params_ui_tutorial.py took 0.037 seconds
[2025-07-17T08:33:21.678+0000] {processor.py:186} INFO - Started process (PID=381) to work on /home/airflow/.local/lib/python3.12/site-packages/airflow/example_dags/example_params_ui_tutorial.py
[2025-07-17T08:33:21.678+0000] {processor.py:914} INFO - Processing file /home/airflow/.local/lib/python3.12/site-packages/airflow/example_dags/example_params_ui_tutorial.py for tasks to queue
[2025-07-17T08:33:21.681+0000] {logging_mixin.py:190} INFO - [2025-07-17T08:33:21.681+0000] {dagbag.py:587} INFO - Filling up the DagBag from /home/airflow/.local/lib/python3.12/site-packages/airflow/example_dags/example_params_ui_tutorial.py
[2025-07-17T08:33:21.685+0000] {processor.py:925} INFO - DAG(s) 'example_params_ui_tutorial' retrieved from /home/airflow/.local/lib/python3.12/site-packages/airflow/example_dags/example_params_ui_tutorial.py
[2025-07-17T08:33:21.702+0000] {logging_mixin.py:190} INFO - [2025-07-17T08:33:21.702+0000] {dag.py:3211} INFO - Sync 1 DAGs
[2025-07-17T08:33:21.707+0000] {logging_mixin.py:190} INFO - [2025-07-17T08:33:21.707+0000] {dag.py:4138} INFO - Setting next_dagrun for example_params_ui_tutorial to None, run_after=None
[2025-07-17T08:33:21.714+0000] {processor.py:208} INFO - Processing /home/airflow/.local/lib/python3.12/site-packages/airflow/example_dags/example_params_ui_tutorial.py took 0.039 seconds
[2025-07-17T08:33:52.430+0000] {processor.py:186} INFO - Started process (PID=443) to work on /home/airflow/.local/lib/python3.12/site-packages/airflow/example_dags/example_params_ui_tutorial.py
[2025-07-17T08:33:52.431+0000] {processor.py:914} INFO - Processing file /home/airflow/.local/lib/python3.12/site-packages/airflow/example_dags/example_params_ui_tutorial.py for tasks to queue
[2025-07-17T08:33:52.433+0000] {logging_mixin.py:190} INFO - [2025-07-17T08:33:52.433+0000] {dagbag.py:587} INFO - Filling up the DagBag from /home/airflow/.local/lib/python3.12/site-packages/airflow/example_dags/example_params_ui_tutorial.py
[2025-07-17T08:33:52.438+0000] {processor.py:925} INFO - DAG(s) 'example_params_ui_tutorial' retrieved from /home/airflow/.local/lib/python3.12/site-packages/airflow/example_dags/example_params_ui_tutorial.py
[2025-07-17T08:33:52.453+0000] {logging_mixin.py:190} INFO - [2025-07-17T08:33:52.453+0000] {dag.py:3211} INFO - Sync 1 DAGs
[2025-07-17T08:33:52.460+0000] {logging_mixin.py:190} INFO - [2025-07-17T08:33:52.460+0000] {dag.py:4138} INFO - Setting next_dagrun for example_params_ui_tutorial to None, run_after=None
[2025-07-17T08:33:52.467+0000] {processor.py:208} INFO - Processing /home/airflow/.local/lib/python3.12/site-packages/airflow/example_dags/example_params_ui_tutorial.py took 0.039 seconds
[2025-07-17T08:34:23.293+0000] {processor.py:186} INFO - Started process (PID=505) to work on /home/airflow/.local/lib/python3.12/site-packages/airflow/example_dags/example_params_ui_tutorial.py
[2025-07-17T08:34:23.295+0000] {processor.py:914} INFO - Processing file /home/airflow/.local/lib/python3.12/site-packages/airflow/example_dags/example_params_ui_tutorial.py for tasks to queue
[2025-07-17T08:34:23.296+0000] {logging_mixin.py:190} INFO - [2025-07-17T08:34:23.296+0000] {dagbag.py:587} INFO - Filling up the DagBag from /home/airflow/.local/lib/python3.12/site-packages/airflow/example_dags/example_params_ui_tutorial.py
[2025-07-17T08:34:23.300+0000] {processor.py:925} INFO - DAG(s) 'example_params_ui_tutorial' retrieved from /home/airflow/.local/lib/python3.12/site-packages/airflow/example_dags/example_params_ui_tutorial.py
[2025-07-17T08:34:23.318+0000] {logging_mixin.py:190} INFO - [2025-07-17T08:34:23.318+0000] {dag.py:3211} INFO - Sync 1 DAGs
[2025-07-17T08:34:23.325+0000] {logging_mixin.py:190} INFO - [2025-07-17T08:34:23.325+0000] {dag.py:4138} INFO - Setting next_dagrun for example_params_ui_tutorial to None, run_after=None
[2025-07-17T08:34:23.333+0000] {processor.py:208} INFO - Processing /home/airflow/.local/lib/python3.12/site-packages/airflow/example_dags/example_params_ui_tutorial.py took 0.043 seconds
[2025-07-17T08:34:54.214+0000] {processor.py:186} INFO - Started process (PID=567) to work on /home/airflow/.local/lib/python3.12/site-packages/airflow/example_dags/example_params_ui_tutorial.py
[2025-07-17T08:34:54.214+0000] {processor.py:914} INFO - Processing file /home/airflow/.local/lib/python3.12/site-packages/airflow/example_dags/example_params_ui_tutorial.py for tasks to queue
[2025-07-17T08:34:54.215+0000] {logging_mixin.py:190} INFO - [2025-07-17T08:34:54.215+0000] {dagbag.py:587} INFO - Filling up the DagBag from /home/airflow/.local/lib/python3.12/site-packages/airflow/example_dags/example_params_ui_tutorial.py
[2025-07-17T08:34:54.219+0000] {processor.py:925} INFO - DAG(s) 'example_params_ui_tutorial' retrieved from /home/airflow/.local/lib/python3.12/site-packages/airflow/example_dags/example_params_ui_tutorial.py
[2025-07-17T08:34:54.232+0000] {logging_mixin.py:190} INFO - [2025-07-17T08:34:54.232+0000] {dag.py:3211} INFO - Sync 1 DAGs
[2025-07-17T08:34:54.238+0000] {logging_mixin.py:190} INFO - [2025-07-17T08:34:54.237+0000] {dag.py:4138} INFO - Setting next_dagrun for example_params_ui_tutorial to None, run_after=None
[2025-07-17T08:34:54.244+0000] {processor.py:208} INFO - Processing /home/airflow/.local/lib/python3.12/site-packages/airflow/example_dags/example_params_ui_tutorial.py took 0.033 seconds
[2025-07-17T08:35:25.110+0000] {processor.py:186} INFO - Started process (PID=629) to work on /home/airflow/.local/lib/python3.12/site-packages/airflow/example_dags/example_params_ui_tutorial.py
[2025-07-17T08:35:25.110+0000] {processor.py:914} INFO - Processing file /home/airflow/.local/lib/python3.12/site-packages/airflow/example_dags/example_params_ui_tutorial.py for tasks to queue
[2025-07-17T08:35:25.112+0000] {logging_mixin.py:190} INFO - [2025-07-17T08:35:25.111+0000] {dagbag.py:587} INFO - Filling up the DagBag from /home/airflow/.local/lib/python3.12/site-packages/airflow/example_dags/example_params_ui_tutorial.py
[2025-07-17T08:35:25.116+0000] {processor.py:925} INFO - DAG(s) 'example_params_ui_tutorial' retrieved from /home/airflow/.local/lib/python3.12/site-packages/airflow/example_dags/example_params_ui_tutorial.py
[2025-07-17T08:35:25.132+0000] {logging_mixin.py:190} INFO - [2025-07-17T08:35:25.132+0000] {dag.py:3211} INFO - Sync 1 DAGs
[2025-07-17T08:35:25.138+0000] {logging_mixin.py:190} INFO - [2025-07-17T08:35:25.138+0000] {dag.py:4138} INFO - Setting next_dagrun for example_params_ui_tutorial to None, run_after=None
[2025-07-17T08:35:25.145+0000] {processor.py:208} INFO - Processing /home/airflow/.local/lib/python3.12/site-packages/airflow/example_dags/example_params_ui_tutorial.py took 0.037 seconds
