[2025-07-17T08:30:48.763+0000] {processor.py:186} INFO - Started process (PID=80) to work on /home/airflow/.local/lib/python3.12/site-packages/airflow/example_dags/example_short_circuit_decorator.py
[2025-07-17T08:30:48.764+0000] {processor.py:914} INFO - Processing file /home/airflow/.local/lib/python3.12/site-packages/airflow/example_dags/example_short_circuit_decorator.py for tasks to queue
[2025-07-17T08:30:48.765+0000] {logging_mixin.py:190} INFO - [2025-07-17T08:30:48.765+0000] {dagbag.py:587} INFO - Filling up the DagBag from /home/airflow/.local/lib/python3.12/site-packages/airflow/example_dags/example_short_circuit_decorator.py
[2025-07-17T08:30:48.770+0000] {processor.py:925} INFO - DAG(s) 'example_short_circuit_decorator' retrieved from /home/airflow/.local/lib/python3.12/site-packages/airflow/example_dags/example_short_circuit_decorator.py
[2025-07-17T08:30:48.809+0000] {logging_mixin.py:190} INFO - [2025-07-17T08:30:48.809+0000] {override.py:1858} INFO - Created Permission View: can delete on DAG:example_short_circuit_decorator
[2025-07-17T08:30:48.812+0000] {logging_mixin.py:190} INFO - [2025-07-17T08:30:48.812+0000] {override.py:1858} INFO - Created Permission View: can edit on DAG:example_short_circuit_decorator
[2025-07-17T08:30:48.813+0000] {logging_mixin.py:190} INFO - [2025-07-17T08:30:48.813+0000] {override.py:1858} INFO - Created Permission View: can read on DAG:example_short_circuit_decorator
[2025-07-17T08:30:48.814+0000] {logging_mixin.py:190} INFO - [2025-07-17T08:30:48.814+0000] {dag.py:3211} INFO - Sync 1 DAGs
[2025-07-17T08:30:48.819+0000] {logging_mixin.py:190} INFO - [2025-07-17T08:30:48.819+0000] {dag.py:3234} INFO - Creating ORM DAG for example_short_circuit_decorator
[2025-07-17T08:30:48.823+0000] {logging_mixin.py:190} INFO - [2025-07-17T08:30:48.823+0000] {dag.py:4138} INFO - Setting next_dagrun for example_short_circuit_decorator to 2025-07-16 00:00:00+00:00, run_after=2025-07-17 00:00:00+00:00
[2025-07-17T08:30:48.829+0000] {processor.py:208} INFO - Processing /home/airflow/.local/lib/python3.12/site-packages/airflow/example_dags/example_short_circuit_decorator.py took 0.068 seconds
[2025-07-17T08:31:18.950+0000] {processor.py:186} INFO - Started process (PID=142) to work on /home/airflow/.local/lib/python3.12/site-packages/airflow/example_dags/example_short_circuit_decorator.py
[2025-07-17T08:31:18.951+0000] {processor.py:914} INFO - Processing file /home/airflow/.local/lib/python3.12/site-packages/airflow/example_dags/example_short_circuit_decorator.py for tasks to queue
[2025-07-17T08:31:18.952+0000] {logging_mixin.py:190} INFO - [2025-07-17T08:31:18.952+0000] {dagbag.py:587} INFO - Filling up the DagBag from /home/airflow/.local/lib/python3.12/site-packages/airflow/example_dags/example_short_circuit_decorator.py
[2025-07-17T08:31:18.956+0000] {processor.py:925} INFO - DAG(s) 'example_short_circuit_decorator' retrieved from /home/airflow/.local/lib/python3.12/site-packages/airflow/example_dags/example_short_circuit_decorator.py
[2025-07-17T08:31:18.965+0000] {logging_mixin.py:190} INFO - [2025-07-17T08:31:18.965+0000] {dag.py:3211} INFO - Sync 1 DAGs
[2025-07-17T08:31:18.973+0000] {logging_mixin.py:190} INFO - [2025-07-17T08:31:18.973+0000] {dag.py:4138} INFO - Setting next_dagrun for example_short_circuit_decorator to 2025-07-16 00:00:00+00:00, run_after=2025-07-17 00:00:00+00:00
[2025-07-17T08:31:18.979+0000] {processor.py:208} INFO - Processing /home/airflow/.local/lib/python3.12/site-packages/airflow/example_dags/example_short_circuit_decorator.py took 0.031 seconds
[2025-07-17T08:31:49.669+0000] {processor.py:186} INFO - Started process (PID=204) to work on /home/airflow/.local/lib/python3.12/site-packages/airflow/example_dags/example_short_circuit_decorator.py
[2025-07-17T08:31:49.672+0000] {processor.py:914} INFO - Processing file /home/airflow/.local/lib/python3.12/site-packages/airflow/example_dags/example_short_circuit_decorator.py for tasks to queue
[2025-07-17T08:31:49.673+0000] {logging_mixin.py:190} INFO - [2025-07-17T08:31:49.673+0000] {dagbag.py:587} INFO - Filling up the DagBag from /home/airflow/.local/lib/python3.12/site-packages/airflow/example_dags/example_short_circuit_decorator.py
[2025-07-17T08:31:49.677+0000] {processor.py:925} INFO - DAG(s) 'example_short_circuit_decorator' retrieved from /home/airflow/.local/lib/python3.12/site-packages/airflow/example_dags/example_short_circuit_decorator.py
[2025-07-17T08:31:49.686+0000] {logging_mixin.py:190} INFO - [2025-07-17T08:31:49.686+0000] {dag.py:3211} INFO - Sync 1 DAGs
[2025-07-17T08:31:49.694+0000] {logging_mixin.py:190} INFO - [2025-07-17T08:31:49.694+0000] {dag.py:4138} INFO - Setting next_dagrun for example_short_circuit_decorator to 2025-07-16 00:00:00+00:00, run_after=2025-07-17 00:00:00+00:00
[2025-07-17T08:31:49.701+0000] {processor.py:208} INFO - Processing /home/airflow/.local/lib/python3.12/site-packages/airflow/example_dags/example_short_circuit_decorator.py took 0.034 seconds
[2025-07-17T08:32:20.442+0000] {processor.py:186} INFO - Started process (PID=266) to work on /home/airflow/.local/lib/python3.12/site-packages/airflow/example_dags/example_short_circuit_decorator.py
[2025-07-17T08:32:20.444+0000] {processor.py:914} INFO - Processing file /home/airflow/.local/lib/python3.12/site-packages/airflow/example_dags/example_short_circuit_decorator.py for tasks to queue
[2025-07-17T08:32:20.445+0000] {logging_mixin.py:190} INFO - [2025-07-17T08:32:20.445+0000] {dagbag.py:587} INFO - Filling up the DagBag from /home/airflow/.local/lib/python3.12/site-packages/airflow/example_dags/example_short_circuit_decorator.py
[2025-07-17T08:32:20.451+0000] {processor.py:925} INFO - DAG(s) 'example_short_circuit_decorator' retrieved from /home/airflow/.local/lib/python3.12/site-packages/airflow/example_dags/example_short_circuit_decorator.py
[2025-07-17T08:32:20.462+0000] {logging_mixin.py:190} INFO - [2025-07-17T08:32:20.462+0000] {dag.py:3211} INFO - Sync 1 DAGs
[2025-07-17T08:32:20.472+0000] {logging_mixin.py:190} INFO - [2025-07-17T08:32:20.472+0000] {dag.py:4138} INFO - Setting next_dagrun for example_short_circuit_decorator to 2025-07-16 00:00:00+00:00, run_after=2025-07-17 00:00:00+00:00
[2025-07-17T08:32:20.480+0000] {processor.py:208} INFO - Processing /home/airflow/.local/lib/python3.12/site-packages/airflow/example_dags/example_short_circuit_decorator.py took 0.041 seconds
[2025-07-17T08:32:51.175+0000] {processor.py:186} INFO - Started process (PID=328) to work on /home/airflow/.local/lib/python3.12/site-packages/airflow/example_dags/example_short_circuit_decorator.py
[2025-07-17T08:32:51.176+0000] {processor.py:914} INFO - Processing file /home/airflow/.local/lib/python3.12/site-packages/airflow/example_dags/example_short_circuit_decorator.py for tasks to queue
[2025-07-17T08:32:51.177+0000] {logging_mixin.py:190} INFO - [2025-07-17T08:32:51.177+0000] {dagbag.py:587} INFO - Filling up the DagBag from /home/airflow/.local/lib/python3.12/site-packages/airflow/example_dags/example_short_circuit_decorator.py
[2025-07-17T08:32:51.182+0000] {processor.py:925} INFO - DAG(s) 'example_short_circuit_decorator' retrieved from /home/airflow/.local/lib/python3.12/site-packages/airflow/example_dags/example_short_circuit_decorator.py
[2025-07-17T08:32:51.193+0000] {logging_mixin.py:190} INFO - [2025-07-17T08:32:51.192+0000] {dag.py:3211} INFO - Sync 1 DAGs
[2025-07-17T08:32:51.201+0000] {logging_mixin.py:190} INFO - [2025-07-17T08:32:51.200+0000] {dag.py:4138} INFO - Setting next_dagrun for example_short_circuit_decorator to 2025-07-16 00:00:00+00:00, run_after=2025-07-17 00:00:00+00:00
[2025-07-17T08:32:51.207+0000] {processor.py:208} INFO - Processing /home/airflow/.local/lib/python3.12/site-packages/airflow/example_dags/example_short_circuit_decorator.py took 0.034 seconds
[2025-07-17T08:33:21.916+0000] {processor.py:186} INFO - Started process (PID=390) to work on /home/airflow/.local/lib/python3.12/site-packages/airflow/example_dags/example_short_circuit_decorator.py
[2025-07-17T08:33:21.918+0000] {processor.py:914} INFO - Processing file /home/airflow/.local/lib/python3.12/site-packages/airflow/example_dags/example_short_circuit_decorator.py for tasks to queue
[2025-07-17T08:33:21.919+0000] {logging_mixin.py:190} INFO - [2025-07-17T08:33:21.919+0000] {dagbag.py:587} INFO - Filling up the DagBag from /home/airflow/.local/lib/python3.12/site-packages/airflow/example_dags/example_short_circuit_decorator.py
[2025-07-17T08:33:21.923+0000] {processor.py:925} INFO - DAG(s) 'example_short_circuit_decorator' retrieved from /home/airflow/.local/lib/python3.12/site-packages/airflow/example_dags/example_short_circuit_decorator.py
[2025-07-17T08:33:21.933+0000] {logging_mixin.py:190} INFO - [2025-07-17T08:33:21.933+0000] {dag.py:3211} INFO - Sync 1 DAGs
[2025-07-17T08:33:21.942+0000] {logging_mixin.py:190} INFO - [2025-07-17T08:33:21.941+0000] {dag.py:4138} INFO - Setting next_dagrun for example_short_circuit_decorator to 2025-07-16 00:00:00+00:00, run_after=2025-07-17 00:00:00+00:00
[2025-07-17T08:33:21.947+0000] {processor.py:208} INFO - Processing /home/airflow/.local/lib/python3.12/site-packages/airflow/example_dags/example_short_circuit_decorator.py took 0.033 seconds
[2025-07-17T08:33:52.667+0000] {processor.py:186} INFO - Started process (PID=452) to work on /home/airflow/.local/lib/python3.12/site-packages/airflow/example_dags/example_short_circuit_decorator.py
[2025-07-17T08:33:52.668+0000] {processor.py:914} INFO - Processing file /home/airflow/.local/lib/python3.12/site-packages/airflow/example_dags/example_short_circuit_decorator.py for tasks to queue
[2025-07-17T08:33:52.669+0000] {logging_mixin.py:190} INFO - [2025-07-17T08:33:52.669+0000] {dagbag.py:587} INFO - Filling up the DagBag from /home/airflow/.local/lib/python3.12/site-packages/airflow/example_dags/example_short_circuit_decorator.py
[2025-07-17T08:33:52.673+0000] {processor.py:925} INFO - DAG(s) 'example_short_circuit_decorator' retrieved from /home/airflow/.local/lib/python3.12/site-packages/airflow/example_dags/example_short_circuit_decorator.py
[2025-07-17T08:33:52.684+0000] {logging_mixin.py:190} INFO - [2025-07-17T08:33:52.684+0000] {dag.py:3211} INFO - Sync 1 DAGs
[2025-07-17T08:33:52.693+0000] {logging_mixin.py:190} INFO - [2025-07-17T08:33:52.693+0000] {dag.py:4138} INFO - Setting next_dagrun for example_short_circuit_decorator to 2025-07-16 00:00:00+00:00, run_after=2025-07-17 00:00:00+00:00
[2025-07-17T08:33:52.703+0000] {processor.py:208} INFO - Processing /home/airflow/.local/lib/python3.12/site-packages/airflow/example_dags/example_short_circuit_decorator.py took 0.039 seconds
[2025-07-17T08:34:23.564+0000] {processor.py:186} INFO - Started process (PID=514) to work on /home/airflow/.local/lib/python3.12/site-packages/airflow/example_dags/example_short_circuit_decorator.py
[2025-07-17T08:34:23.565+0000] {processor.py:914} INFO - Processing file /home/airflow/.local/lib/python3.12/site-packages/airflow/example_dags/example_short_circuit_decorator.py for tasks to queue
[2025-07-17T08:34:23.566+0000] {logging_mixin.py:190} INFO - [2025-07-17T08:34:23.566+0000] {dagbag.py:587} INFO - Filling up the DagBag from /home/airflow/.local/lib/python3.12/site-packages/airflow/example_dags/example_short_circuit_decorator.py
[2025-07-17T08:34:23.571+0000] {processor.py:925} INFO - DAG(s) 'example_short_circuit_decorator' retrieved from /home/airflow/.local/lib/python3.12/site-packages/airflow/example_dags/example_short_circuit_decorator.py
[2025-07-17T08:34:23.581+0000] {logging_mixin.py:190} INFO - [2025-07-17T08:34:23.581+0000] {dag.py:3211} INFO - Sync 1 DAGs
[2025-07-17T08:34:23.591+0000] {logging_mixin.py:190} INFO - [2025-07-17T08:34:23.591+0000] {dag.py:4138} INFO - Setting next_dagrun for example_short_circuit_decorator to 2025-07-16 00:00:00+00:00, run_after=2025-07-17 00:00:00+00:00
[2025-07-17T08:34:23.598+0000] {processor.py:208} INFO - Processing /home/airflow/.local/lib/python3.12/site-packages/airflow/example_dags/example_short_circuit_decorator.py took 0.037 seconds
[2025-07-17T08:34:54.443+0000] {processor.py:186} INFO - Started process (PID=576) to work on /home/airflow/.local/lib/python3.12/site-packages/airflow/example_dags/example_short_circuit_decorator.py
[2025-07-17T08:34:54.444+0000] {processor.py:914} INFO - Processing file /home/airflow/.local/lib/python3.12/site-packages/airflow/example_dags/example_short_circuit_decorator.py for tasks to queue
[2025-07-17T08:34:54.449+0000] {logging_mixin.py:190} INFO - [2025-07-17T08:34:54.449+0000] {dagbag.py:587} INFO - Filling up the DagBag from /home/airflow/.local/lib/python3.12/site-packages/airflow/example_dags/example_short_circuit_decorator.py
[2025-07-17T08:34:54.453+0000] {processor.py:925} INFO - DAG(s) 'example_short_circuit_decorator' retrieved from /home/airflow/.local/lib/python3.12/site-packages/airflow/example_dags/example_short_circuit_decorator.py
[2025-07-17T08:34:54.463+0000] {logging_mixin.py:190} INFO - [2025-07-17T08:34:54.463+0000] {dag.py:3211} INFO - Sync 1 DAGs
[2025-07-17T08:34:54.470+0000] {logging_mixin.py:190} INFO - [2025-07-17T08:34:54.470+0000] {dag.py:4138} INFO - Setting next_dagrun for example_short_circuit_decorator to 2025-07-16 00:00:00+00:00, run_after=2025-07-17 00:00:00+00:00
[2025-07-17T08:34:54.479+0000] {processor.py:208} INFO - Processing /home/airflow/.local/lib/python3.12/site-packages/airflow/example_dags/example_short_circuit_decorator.py took 0.038 seconds
[2025-07-17T08:35:25.398+0000] {processor.py:186} INFO - Started process (PID=638) to work on /home/airflow/.local/lib/python3.12/site-packages/airflow/example_dags/example_short_circuit_decorator.py
[2025-07-17T08:35:25.399+0000] {processor.py:914} INFO - Processing file /home/airflow/.local/lib/python3.12/site-packages/airflow/example_dags/example_short_circuit_decorator.py for tasks to queue
[2025-07-17T08:35:25.400+0000] {logging_mixin.py:190} INFO - [2025-07-17T08:35:25.400+0000] {dagbag.py:587} INFO - Filling up the DagBag from /home/airflow/.local/lib/python3.12/site-packages/airflow/example_dags/example_short_circuit_decorator.py
[2025-07-17T08:35:25.405+0000] {processor.py:925} INFO - DAG(s) 'example_short_circuit_decorator' retrieved from /home/airflow/.local/lib/python3.12/site-packages/airflow/example_dags/example_short_circuit_decorator.py
[2025-07-17T08:35:25.417+0000] {logging_mixin.py:190} INFO - [2025-07-17T08:35:25.417+0000] {dag.py:3211} INFO - Sync 1 DAGs
[2025-07-17T08:35:25.427+0000] {logging_mixin.py:190} INFO - [2025-07-17T08:35:25.427+0000] {dag.py:4138} INFO - Setting next_dagrun for example_short_circuit_decorator to 2025-07-16 00:00:00+00:00, run_after=2025-07-17 00:00:00+00:00
[2025-07-17T08:35:25.434+0000] {processor.py:208} INFO - Processing /home/airflow/.local/lib/python3.12/site-packages/airflow/example_dags/example_short_circuit_decorator.py took 0.039 seconds
