[2025-07-17T08:30:47.706+0000] {processor.py:186} INFO - Started process (PID=50) to work on /home/airflow/.local/lib/python3.12/site-packages/airflow/example_dags/example_bash_decorator.py
[2025-07-17T08:30:47.706+0000] {processor.py:914} INFO - Processing file /home/airflow/.local/lib/python3.12/site-packages/airflow/example_dags/example_bash_decorator.py for tasks to queue
[2025-07-17T08:30:47.708+0000] {logging_mixin.py:190} INFO - [2025-07-17T08:30:47.708+0000] {dagbag.py:587} INFO - Filling up the DagBag from /home/airflow/.local/lib/python3.12/site-packages/airflow/example_dags/example_bash_decorator.py
[2025-07-17T08:30:47.725+0000] {processor.py:925} INFO - DAG(s) 'example_bash_decorator' retrieved from /home/airflow/.local/lib/python3.12/site-packages/airflow/example_dags/example_bash_decorator.py
[2025-07-17T08:30:47.767+0000] {logging_mixin.py:190} INFO - [2025-07-17T08:30:47.766+0000] {override.py:1858} INFO - Created Permission View: can delete on DAG:example_bash_decorator
[2025-07-17T08:30:47.771+0000] {logging_mixin.py:190} INFO - [2025-07-17T08:30:47.770+0000] {override.py:1858} INFO - Created Permission View: can edit on DAG:example_bash_decorator
[2025-07-17T08:30:47.777+0000] {logging_mixin.py:190} INFO - [2025-07-17T08:30:47.777+0000] {override.py:1858} INFO - Created Permission View: can read on DAG:example_bash_decorator
[2025-07-17T08:30:47.778+0000] {logging_mixin.py:190} INFO - [2025-07-17T08:30:47.778+0000] {dag.py:3211} INFO - Sync 1 DAGs
[2025-07-17T08:30:47.784+0000] {logging_mixin.py:190} INFO - [2025-07-17T08:30:47.784+0000] {dag.py:3234} INFO - Creating ORM DAG for example_bash_decorator
[2025-07-17T08:30:47.784+0000] {logging_mixin.py:190} INFO - [2025-07-17T08:30:47.784+0000] {dag.py:4138} INFO - Setting next_dagrun for example_bash_decorator to None, run_after=None
[2025-07-17T08:30:47.791+0000] {processor.py:208} INFO - Processing /home/airflow/.local/lib/python3.12/site-packages/airflow/example_dags/example_bash_decorator.py took 0.088 seconds
[2025-07-17T08:31:18.339+0000] {processor.py:186} INFO - Started process (PID=112) to work on /home/airflow/.local/lib/python3.12/site-packages/airflow/example_dags/example_bash_decorator.py
[2025-07-17T08:31:18.340+0000] {processor.py:914} INFO - Processing file /home/airflow/.local/lib/python3.12/site-packages/airflow/example_dags/example_bash_decorator.py for tasks to queue
[2025-07-17T08:31:18.342+0000] {logging_mixin.py:190} INFO - [2025-07-17T08:31:18.341+0000] {dagbag.py:587} INFO - Filling up the DagBag from /home/airflow/.local/lib/python3.12/site-packages/airflow/example_dags/example_bash_decorator.py
[2025-07-17T08:31:18.349+0000] {processor.py:925} INFO - DAG(s) 'example_bash_decorator' retrieved from /home/airflow/.local/lib/python3.12/site-packages/airflow/example_dags/example_bash_decorator.py
[2025-07-17T08:31:18.362+0000] {logging_mixin.py:190} INFO - [2025-07-17T08:31:18.362+0000] {dag.py:3211} INFO - Sync 1 DAGs
[2025-07-17T08:31:18.367+0000] {logging_mixin.py:190} INFO - [2025-07-17T08:31:18.367+0000] {dag.py:4138} INFO - Setting next_dagrun for example_bash_decorator to None, run_after=None
[2025-07-17T08:31:18.374+0000] {processor.py:208} INFO - Processing /home/airflow/.local/lib/python3.12/site-packages/airflow/example_dags/example_bash_decorator.py took 0.038 seconds
[2025-07-17T08:31:49.039+0000] {processor.py:186} INFO - Started process (PID=180) to work on /home/airflow/.local/lib/python3.12/site-packages/airflow/example_dags/example_bash_decorator.py
[2025-07-17T08:31:49.040+0000] {processor.py:914} INFO - Processing file /home/airflow/.local/lib/python3.12/site-packages/airflow/example_dags/example_bash_decorator.py for tasks to queue
[2025-07-17T08:31:49.041+0000] {logging_mixin.py:190} INFO - [2025-07-17T08:31:49.040+0000] {dagbag.py:587} INFO - Filling up the DagBag from /home/airflow/.local/lib/python3.12/site-packages/airflow/example_dags/example_bash_decorator.py
[2025-07-17T08:31:49.047+0000] {processor.py:925} INFO - DAG(s) 'example_bash_decorator' retrieved from /home/airflow/.local/lib/python3.12/site-packages/airflow/example_dags/example_bash_decorator.py
[2025-07-17T08:31:49.056+0000] {logging_mixin.py:190} INFO - [2025-07-17T08:31:49.056+0000] {dag.py:3211} INFO - Sync 1 DAGs
[2025-07-17T08:31:49.062+0000] {logging_mixin.py:190} INFO - [2025-07-17T08:31:49.062+0000] {dag.py:4138} INFO - Setting next_dagrun for example_bash_decorator to None, run_after=None
[2025-07-17T08:31:49.068+0000] {processor.py:208} INFO - Processing /home/airflow/.local/lib/python3.12/site-packages/airflow/example_dags/example_bash_decorator.py took 0.031 seconds
[2025-07-17T08:32:19.797+0000] {processor.py:186} INFO - Started process (PID=242) to work on /home/airflow/.local/lib/python3.12/site-packages/airflow/example_dags/example_bash_decorator.py
[2025-07-17T08:32:19.797+0000] {processor.py:914} INFO - Processing file /home/airflow/.local/lib/python3.12/site-packages/airflow/example_dags/example_bash_decorator.py for tasks to queue
[2025-07-17T08:32:19.798+0000] {logging_mixin.py:190} INFO - [2025-07-17T08:32:19.798+0000] {dagbag.py:587} INFO - Filling up the DagBag from /home/airflow/.local/lib/python3.12/site-packages/airflow/example_dags/example_bash_decorator.py
[2025-07-17T08:32:19.804+0000] {processor.py:925} INFO - DAG(s) 'example_bash_decorator' retrieved from /home/airflow/.local/lib/python3.12/site-packages/airflow/example_dags/example_bash_decorator.py
[2025-07-17T08:32:19.815+0000] {logging_mixin.py:190} INFO - [2025-07-17T08:32:19.815+0000] {dag.py:3211} INFO - Sync 1 DAGs
[2025-07-17T08:32:19.821+0000] {logging_mixin.py:190} INFO - [2025-07-17T08:32:19.821+0000] {dag.py:4138} INFO - Setting next_dagrun for example_bash_decorator to None, run_after=None
[2025-07-17T08:32:19.831+0000] {processor.py:208} INFO - Processing /home/airflow/.local/lib/python3.12/site-packages/airflow/example_dags/example_bash_decorator.py took 0.037 seconds
[2025-07-17T08:32:50.569+0000] {processor.py:186} INFO - Started process (PID=304) to work on /home/airflow/.local/lib/python3.12/site-packages/airflow/example_dags/example_bash_decorator.py
[2025-07-17T08:32:50.570+0000] {processor.py:914} INFO - Processing file /home/airflow/.local/lib/python3.12/site-packages/airflow/example_dags/example_bash_decorator.py for tasks to queue
[2025-07-17T08:32:50.571+0000] {logging_mixin.py:190} INFO - [2025-07-17T08:32:50.570+0000] {dagbag.py:587} INFO - Filling up the DagBag from /home/airflow/.local/lib/python3.12/site-packages/airflow/example_dags/example_bash_decorator.py
[2025-07-17T08:32:50.577+0000] {processor.py:925} INFO - DAG(s) 'example_bash_decorator' retrieved from /home/airflow/.local/lib/python3.12/site-packages/airflow/example_dags/example_bash_decorator.py
[2025-07-17T08:32:50.588+0000] {logging_mixin.py:190} INFO - [2025-07-17T08:32:50.588+0000] {dag.py:3211} INFO - Sync 1 DAGs
[2025-07-17T08:32:50.595+0000] {logging_mixin.py:190} INFO - [2025-07-17T08:32:50.595+0000] {dag.py:4138} INFO - Setting next_dagrun for example_bash_decorator to None, run_after=None
[2025-07-17T08:32:50.602+0000] {processor.py:208} INFO - Processing /home/airflow/.local/lib/python3.12/site-packages/airflow/example_dags/example_bash_decorator.py took 0.036 seconds
[2025-07-17T08:33:21.322+0000] {processor.py:186} INFO - Started process (PID=366) to work on /home/airflow/.local/lib/python3.12/site-packages/airflow/example_dags/example_bash_decorator.py
[2025-07-17T08:33:21.322+0000] {processor.py:914} INFO - Processing file /home/airflow/.local/lib/python3.12/site-packages/airflow/example_dags/example_bash_decorator.py for tasks to queue
[2025-07-17T08:33:21.323+0000] {logging_mixin.py:190} INFO - [2025-07-17T08:33:21.323+0000] {dagbag.py:587} INFO - Filling up the DagBag from /home/airflow/.local/lib/python3.12/site-packages/airflow/example_dags/example_bash_decorator.py
[2025-07-17T08:33:21.330+0000] {processor.py:925} INFO - DAG(s) 'example_bash_decorator' retrieved from /home/airflow/.local/lib/python3.12/site-packages/airflow/example_dags/example_bash_decorator.py
[2025-07-17T08:33:21.340+0000] {logging_mixin.py:190} INFO - [2025-07-17T08:33:21.340+0000] {dag.py:3211} INFO - Sync 1 DAGs
[2025-07-17T08:33:21.346+0000] {logging_mixin.py:190} INFO - [2025-07-17T08:33:21.345+0000] {dag.py:4138} INFO - Setting next_dagrun for example_bash_decorator to None, run_after=None
[2025-07-17T08:33:21.355+0000] {processor.py:208} INFO - Processing /home/airflow/.local/lib/python3.12/site-packages/airflow/example_dags/example_bash_decorator.py took 0.035 seconds
[2025-07-17T08:33:52.023+0000] {processor.py:186} INFO - Started process (PID=428) to work on /home/airflow/.local/lib/python3.12/site-packages/airflow/example_dags/example_bash_decorator.py
[2025-07-17T08:33:52.025+0000] {processor.py:914} INFO - Processing file /home/airflow/.local/lib/python3.12/site-packages/airflow/example_dags/example_bash_decorator.py for tasks to queue
[2025-07-17T08:33:52.026+0000] {logging_mixin.py:190} INFO - [2025-07-17T08:33:52.026+0000] {dagbag.py:587} INFO - Filling up the DagBag from /home/airflow/.local/lib/python3.12/site-packages/airflow/example_dags/example_bash_decorator.py
[2025-07-17T08:33:52.033+0000] {processor.py:925} INFO - DAG(s) 'example_bash_decorator' retrieved from /home/airflow/.local/lib/python3.12/site-packages/airflow/example_dags/example_bash_decorator.py
[2025-07-17T08:33:52.044+0000] {logging_mixin.py:190} INFO - [2025-07-17T08:33:52.044+0000] {dag.py:3211} INFO - Sync 1 DAGs
[2025-07-17T08:33:52.051+0000] {logging_mixin.py:190} INFO - [2025-07-17T08:33:52.051+0000] {dag.py:4138} INFO - Setting next_dagrun for example_bash_decorator to None, run_after=None
[2025-07-17T08:33:52.063+0000] {processor.py:208} INFO - Processing /home/airflow/.local/lib/python3.12/site-packages/airflow/example_dags/example_bash_decorator.py took 0.043 seconds
[2025-07-17T08:34:22.869+0000] {processor.py:186} INFO - Started process (PID=490) to work on /home/airflow/.local/lib/python3.12/site-packages/airflow/example_dags/example_bash_decorator.py
[2025-07-17T08:34:22.873+0000] {processor.py:914} INFO - Processing file /home/airflow/.local/lib/python3.12/site-packages/airflow/example_dags/example_bash_decorator.py for tasks to queue
[2025-07-17T08:34:22.874+0000] {logging_mixin.py:190} INFO - [2025-07-17T08:34:22.874+0000] {dagbag.py:587} INFO - Filling up the DagBag from /home/airflow/.local/lib/python3.12/site-packages/airflow/example_dags/example_bash_decorator.py
[2025-07-17T08:34:22.880+0000] {processor.py:925} INFO - DAG(s) 'example_bash_decorator' retrieved from /home/airflow/.local/lib/python3.12/site-packages/airflow/example_dags/example_bash_decorator.py
[2025-07-17T08:34:22.893+0000] {logging_mixin.py:190} INFO - [2025-07-17T08:34:22.893+0000] {dag.py:3211} INFO - Sync 1 DAGs
[2025-07-17T08:34:22.899+0000] {logging_mixin.py:190} INFO - [2025-07-17T08:34:22.899+0000] {dag.py:4138} INFO - Setting next_dagrun for example_bash_decorator to None, run_after=None
[2025-07-17T08:34:22.910+0000] {processor.py:208} INFO - Processing /home/airflow/.local/lib/python3.12/site-packages/airflow/example_dags/example_bash_decorator.py took 0.044 seconds
[2025-07-17T08:34:53.832+0000] {processor.py:186} INFO - Started process (PID=552) to work on /home/airflow/.local/lib/python3.12/site-packages/airflow/example_dags/example_bash_decorator.py
[2025-07-17T08:34:53.832+0000] {processor.py:914} INFO - Processing file /home/airflow/.local/lib/python3.12/site-packages/airflow/example_dags/example_bash_decorator.py for tasks to queue
[2025-07-17T08:34:53.834+0000] {logging_mixin.py:190} INFO - [2025-07-17T08:34:53.833+0000] {dagbag.py:587} INFO - Filling up the DagBag from /home/airflow/.local/lib/python3.12/site-packages/airflow/example_dags/example_bash_decorator.py
[2025-07-17T08:34:53.841+0000] {processor.py:925} INFO - DAG(s) 'example_bash_decorator' retrieved from /home/airflow/.local/lib/python3.12/site-packages/airflow/example_dags/example_bash_decorator.py
[2025-07-17T08:34:53.850+0000] {logging_mixin.py:190} INFO - [2025-07-17T08:34:53.850+0000] {dag.py:3211} INFO - Sync 1 DAGs
[2025-07-17T08:34:53.856+0000] {logging_mixin.py:190} INFO - [2025-07-17T08:34:53.856+0000] {dag.py:4138} INFO - Setting next_dagrun for example_bash_decorator to None, run_after=None
[2025-07-17T08:34:53.869+0000] {processor.py:208} INFO - Processing /home/airflow/.local/lib/python3.12/site-packages/airflow/example_dags/example_bash_decorator.py took 0.040 seconds
[2025-07-17T08:35:24.643+0000] {processor.py:186} INFO - Started process (PID=614) to work on /home/airflow/.local/lib/python3.12/site-packages/airflow/example_dags/example_bash_decorator.py
[2025-07-17T08:35:24.644+0000] {processor.py:914} INFO - Processing file /home/airflow/.local/lib/python3.12/site-packages/airflow/example_dags/example_bash_decorator.py for tasks to queue
[2025-07-17T08:35:24.646+0000] {logging_mixin.py:190} INFO - [2025-07-17T08:35:24.646+0000] {dagbag.py:587} INFO - Filling up the DagBag from /home/airflow/.local/lib/python3.12/site-packages/airflow/example_dags/example_bash_decorator.py
[2025-07-17T08:35:24.653+0000] {processor.py:925} INFO - DAG(s) 'example_bash_decorator' retrieved from /home/airflow/.local/lib/python3.12/site-packages/airflow/example_dags/example_bash_decorator.py
[2025-07-17T08:35:24.664+0000] {logging_mixin.py:190} INFO - [2025-07-17T08:35:24.664+0000] {dag.py:3211} INFO - Sync 1 DAGs
[2025-07-17T08:35:24.672+0000] {logging_mixin.py:190} INFO - [2025-07-17T08:35:24.672+0000] {dag.py:4138} INFO - Setting next_dagrun for example_bash_decorator to None, run_after=None
[2025-07-17T08:35:24.683+0000] {processor.py:208} INFO - Processing /home/airflow/.local/lib/python3.12/site-packages/airflow/example_dags/example_bash_decorator.py took 0.043 seconds
