[2025-07-17T08:30:47.357+0000] {processor.py:186} INFO - Started process (PID=47) to work on /home/airflow/.local/lib/python3.12/site-packages/airflow/example_dags/example_branch_day_of_week_operator.py
[2025-07-17T08:30:47.357+0000] {processor.py:914} INFO - Processing file /home/airflow/.local/lib/python3.12/site-packages/airflow/example_dags/example_branch_day_of_week_operator.py for tasks to queue
[2025-07-17T08:30:47.358+0000] {logging_mixin.py:190} INFO - [2025-07-17T08:30:47.358+0000] {dagbag.py:587} INFO - Filling up the DagBag from /home/airflow/.local/lib/python3.12/site-packages/airflow/example_dags/example_branch_day_of_week_operator.py
[2025-07-17T08:30:47.364+0000] {processor.py:925} INFO - DAG(s) 'example_weekday_branch_operator' retrieved from /home/airflow/.local/lib/python3.12/site-packages/airflow/example_dags/example_branch_day_of_week_operator.py
[2025-07-17T08:30:47.410+0000] {logging_mixin.py:190} INFO - [2025-07-17T08:30:47.409+0000] {override.py:1858} INFO - Created Permission View: can delete on DAG:example_weekday_branch_operator
[2025-07-17T08:30:47.414+0000] {logging_mixin.py:190} INFO - [2025-07-17T08:30:47.414+0000] {override.py:1858} INFO - Created Permission View: can edit on DAG:example_weekday_branch_operator
[2025-07-17T08:30:47.416+0000] {logging_mixin.py:190} INFO - [2025-07-17T08:30:47.416+0000] {override.py:1858} INFO - Created Permission View: can read on DAG:example_weekday_branch_operator
[2025-07-17T08:30:47.416+0000] {logging_mixin.py:190} INFO - [2025-07-17T08:30:47.416+0000] {dag.py:3211} INFO - Sync 1 DAGs
[2025-07-17T08:30:47.421+0000] {logging_mixin.py:190} INFO - [2025-07-17T08:30:47.421+0000] {dag.py:3234} INFO - Creating ORM DAG for example_weekday_branch_operator
[2025-07-17T08:30:47.425+0000] {logging_mixin.py:190} INFO - [2025-07-17T08:30:47.425+0000] {dag.py:4138} INFO - Setting next_dagrun for example_weekday_branch_operator to 2025-07-16 00:00:00+00:00, run_after=2025-07-17 00:00:00+00:00
[2025-07-17T08:30:47.432+0000] {processor.py:208} INFO - Processing /home/airflow/.local/lib/python3.12/site-packages/airflow/example_dags/example_branch_day_of_week_operator.py took 0.078 seconds
[2025-07-17T08:31:18.229+0000] {processor.py:186} INFO - Started process (PID=109) to work on /home/airflow/.local/lib/python3.12/site-packages/airflow/example_dags/example_branch_day_of_week_operator.py
[2025-07-17T08:31:18.229+0000] {processor.py:914} INFO - Processing file /home/airflow/.local/lib/python3.12/site-packages/airflow/example_dags/example_branch_day_of_week_operator.py for tasks to queue
[2025-07-17T08:31:18.230+0000] {logging_mixin.py:190} INFO - [2025-07-17T08:31:18.230+0000] {dagbag.py:587} INFO - Filling up the DagBag from /home/airflow/.local/lib/python3.12/site-packages/airflow/example_dags/example_branch_day_of_week_operator.py
[2025-07-17T08:31:18.234+0000] {processor.py:925} INFO - DAG(s) 'example_weekday_branch_operator' retrieved from /home/airflow/.local/lib/python3.12/site-packages/airflow/example_dags/example_branch_day_of_week_operator.py
[2025-07-17T08:31:18.243+0000] {logging_mixin.py:190} INFO - [2025-07-17T08:31:18.243+0000] {dag.py:3211} INFO - Sync 1 DAGs
[2025-07-17T08:31:18.254+0000] {logging_mixin.py:190} INFO - [2025-07-17T08:31:18.254+0000] {dag.py:4138} INFO - Setting next_dagrun for example_weekday_branch_operator to 2025-07-16 00:00:00+00:00, run_after=2025-07-17 00:00:00+00:00
[2025-07-17T08:31:18.261+0000] {processor.py:208} INFO - Processing /home/airflow/.local/lib/python3.12/site-packages/airflow/example_dags/example_branch_day_of_week_operator.py took 0.035 seconds
[2025-07-17T08:31:48.935+0000] {processor.py:186} INFO - Started process (PID=177) to work on /home/airflow/.local/lib/python3.12/site-packages/airflow/example_dags/example_branch_day_of_week_operator.py
[2025-07-17T08:31:48.935+0000] {processor.py:914} INFO - Processing file /home/airflow/.local/lib/python3.12/site-packages/airflow/example_dags/example_branch_day_of_week_operator.py for tasks to queue
[2025-07-17T08:31:48.936+0000] {logging_mixin.py:190} INFO - [2025-07-17T08:31:48.936+0000] {dagbag.py:587} INFO - Filling up the DagBag from /home/airflow/.local/lib/python3.12/site-packages/airflow/example_dags/example_branch_day_of_week_operator.py
[2025-07-17T08:31:48.941+0000] {processor.py:925} INFO - DAG(s) 'example_weekday_branch_operator' retrieved from /home/airflow/.local/lib/python3.12/site-packages/airflow/example_dags/example_branch_day_of_week_operator.py
[2025-07-17T08:31:48.950+0000] {logging_mixin.py:190} INFO - [2025-07-17T08:31:48.950+0000] {dag.py:3211} INFO - Sync 1 DAGs
[2025-07-17T08:31:48.958+0000] {logging_mixin.py:190} INFO - [2025-07-17T08:31:48.958+0000] {dag.py:4138} INFO - Setting next_dagrun for example_weekday_branch_operator to 2025-07-16 00:00:00+00:00, run_after=2025-07-17 00:00:00+00:00
[2025-07-17T08:31:48.965+0000] {processor.py:208} INFO - Processing /home/airflow/.local/lib/python3.12/site-packages/airflow/example_dags/example_branch_day_of_week_operator.py took 0.033 seconds
[2025-07-17T08:32:19.679+0000] {processor.py:186} INFO - Started process (PID=239) to work on /home/airflow/.local/lib/python3.12/site-packages/airflow/example_dags/example_branch_day_of_week_operator.py
[2025-07-17T08:32:19.679+0000] {processor.py:914} INFO - Processing file /home/airflow/.local/lib/python3.12/site-packages/airflow/example_dags/example_branch_day_of_week_operator.py for tasks to queue
[2025-07-17T08:32:19.680+0000] {logging_mixin.py:190} INFO - [2025-07-17T08:32:19.680+0000] {dagbag.py:587} INFO - Filling up the DagBag from /home/airflow/.local/lib/python3.12/site-packages/airflow/example_dags/example_branch_day_of_week_operator.py
[2025-07-17T08:32:19.684+0000] {processor.py:925} INFO - DAG(s) 'example_weekday_branch_operator' retrieved from /home/airflow/.local/lib/python3.12/site-packages/airflow/example_dags/example_branch_day_of_week_operator.py
[2025-07-17T08:32:19.695+0000] {logging_mixin.py:190} INFO - [2025-07-17T08:32:19.695+0000] {dag.py:3211} INFO - Sync 1 DAGs
[2025-07-17T08:32:19.705+0000] {logging_mixin.py:190} INFO - [2025-07-17T08:32:19.705+0000] {dag.py:4138} INFO - Setting next_dagrun for example_weekday_branch_operator to 2025-07-16 00:00:00+00:00, run_after=2025-07-17 00:00:00+00:00
[2025-07-17T08:32:19.712+0000] {processor.py:208} INFO - Processing /home/airflow/.local/lib/python3.12/site-packages/airflow/example_dags/example_branch_day_of_week_operator.py took 0.036 seconds
[2025-07-17T08:32:50.416+0000] {processor.py:186} INFO - Started process (PID=301) to work on /home/airflow/.local/lib/python3.12/site-packages/airflow/example_dags/example_branch_day_of_week_operator.py
[2025-07-17T08:32:50.417+0000] {processor.py:914} INFO - Processing file /home/airflow/.local/lib/python3.12/site-packages/airflow/example_dags/example_branch_day_of_week_operator.py for tasks to queue
[2025-07-17T08:32:50.419+0000] {logging_mixin.py:190} INFO - [2025-07-17T08:32:50.419+0000] {dagbag.py:587} INFO - Filling up the DagBag from /home/airflow/.local/lib/python3.12/site-packages/airflow/example_dags/example_branch_day_of_week_operator.py
[2025-07-17T08:32:50.425+0000] {processor.py:925} INFO - DAG(s) 'example_weekday_branch_operator' retrieved from /home/airflow/.local/lib/python3.12/site-packages/airflow/example_dags/example_branch_day_of_week_operator.py
[2025-07-17T08:32:50.437+0000] {logging_mixin.py:190} INFO - [2025-07-17T08:32:50.437+0000] {dag.py:3211} INFO - Sync 1 DAGs
[2025-07-17T08:32:50.447+0000] {logging_mixin.py:190} INFO - [2025-07-17T08:32:50.447+0000] {dag.py:4138} INFO - Setting next_dagrun for example_weekday_branch_operator to 2025-07-16 00:00:00+00:00, run_after=2025-07-17 00:00:00+00:00
[2025-07-17T08:32:50.456+0000] {processor.py:208} INFO - Processing /home/airflow/.local/lib/python3.12/site-packages/airflow/example_dags/example_branch_day_of_week_operator.py took 0.043 seconds
[2025-07-17T08:33:21.167+0000] {processor.py:186} INFO - Started process (PID=363) to work on /home/airflow/.local/lib/python3.12/site-packages/airflow/example_dags/example_branch_day_of_week_operator.py
[2025-07-17T08:33:21.167+0000] {processor.py:914} INFO - Processing file /home/airflow/.local/lib/python3.12/site-packages/airflow/example_dags/example_branch_day_of_week_operator.py for tasks to queue
[2025-07-17T08:33:21.169+0000] {logging_mixin.py:190} INFO - [2025-07-17T08:33:21.169+0000] {dagbag.py:587} INFO - Filling up the DagBag from /home/airflow/.local/lib/python3.12/site-packages/airflow/example_dags/example_branch_day_of_week_operator.py
[2025-07-17T08:33:21.174+0000] {processor.py:925} INFO - DAG(s) 'example_weekday_branch_operator' retrieved from /home/airflow/.local/lib/python3.12/site-packages/airflow/example_dags/example_branch_day_of_week_operator.py
[2025-07-17T08:33:21.186+0000] {logging_mixin.py:190} INFO - [2025-07-17T08:33:21.185+0000] {dag.py:3211} INFO - Sync 1 DAGs
[2025-07-17T08:33:21.196+0000] {logging_mixin.py:190} INFO - [2025-07-17T08:33:21.196+0000] {dag.py:4138} INFO - Setting next_dagrun for example_weekday_branch_operator to 2025-07-16 00:00:00+00:00, run_after=2025-07-17 00:00:00+00:00
[2025-07-17T08:33:21.205+0000] {processor.py:208} INFO - Processing /home/airflow/.local/lib/python3.12/site-packages/airflow/example_dags/example_branch_day_of_week_operator.py took 0.041 seconds
[2025-07-17T08:33:51.906+0000] {processor.py:186} INFO - Started process (PID=425) to work on /home/airflow/.local/lib/python3.12/site-packages/airflow/example_dags/example_branch_day_of_week_operator.py
[2025-07-17T08:33:51.906+0000] {processor.py:914} INFO - Processing file /home/airflow/.local/lib/python3.12/site-packages/airflow/example_dags/example_branch_day_of_week_operator.py for tasks to queue
[2025-07-17T08:33:51.907+0000] {logging_mixin.py:190} INFO - [2025-07-17T08:33:51.907+0000] {dagbag.py:587} INFO - Filling up the DagBag from /home/airflow/.local/lib/python3.12/site-packages/airflow/example_dags/example_branch_day_of_week_operator.py
[2025-07-17T08:33:51.912+0000] {processor.py:925} INFO - DAG(s) 'example_weekday_branch_operator' retrieved from /home/airflow/.local/lib/python3.12/site-packages/airflow/example_dags/example_branch_day_of_week_operator.py
[2025-07-17T08:33:51.922+0000] {logging_mixin.py:190} INFO - [2025-07-17T08:33:51.921+0000] {dag.py:3211} INFO - Sync 1 DAGs
[2025-07-17T08:33:51.931+0000] {logging_mixin.py:190} INFO - [2025-07-17T08:33:51.931+0000] {dag.py:4138} INFO - Setting next_dagrun for example_weekday_branch_operator to 2025-07-16 00:00:00+00:00, run_after=2025-07-17 00:00:00+00:00
[2025-07-17T08:33:51.939+0000] {processor.py:208} INFO - Processing /home/airflow/.local/lib/python3.12/site-packages/airflow/example_dags/example_branch_day_of_week_operator.py took 0.036 seconds
[2025-07-17T08:34:22.746+0000] {processor.py:186} INFO - Started process (PID=487) to work on /home/airflow/.local/lib/python3.12/site-packages/airflow/example_dags/example_branch_day_of_week_operator.py
[2025-07-17T08:34:22.746+0000] {processor.py:914} INFO - Processing file /home/airflow/.local/lib/python3.12/site-packages/airflow/example_dags/example_branch_day_of_week_operator.py for tasks to queue
[2025-07-17T08:34:22.748+0000] {logging_mixin.py:190} INFO - [2025-07-17T08:34:22.747+0000] {dagbag.py:587} INFO - Filling up the DagBag from /home/airflow/.local/lib/python3.12/site-packages/airflow/example_dags/example_branch_day_of_week_operator.py
[2025-07-17T08:34:22.752+0000] {processor.py:925} INFO - DAG(s) 'example_weekday_branch_operator' retrieved from /home/airflow/.local/lib/python3.12/site-packages/airflow/example_dags/example_branch_day_of_week_operator.py
[2025-07-17T08:34:22.764+0000] {logging_mixin.py:190} INFO - [2025-07-17T08:34:22.764+0000] {dag.py:3211} INFO - Sync 1 DAGs
[2025-07-17T08:34:22.775+0000] {logging_mixin.py:190} INFO - [2025-07-17T08:34:22.775+0000] {dag.py:4138} INFO - Setting next_dagrun for example_weekday_branch_operator to 2025-07-16 00:00:00+00:00, run_after=2025-07-17 00:00:00+00:00
[2025-07-17T08:34:22.785+0000] {processor.py:208} INFO - Processing /home/airflow/.local/lib/python3.12/site-packages/airflow/example_dags/example_branch_day_of_week_operator.py took 0.042 seconds
[2025-07-17T08:34:53.680+0000] {processor.py:186} INFO - Started process (PID=549) to work on /home/airflow/.local/lib/python3.12/site-packages/airflow/example_dags/example_branch_day_of_week_operator.py
[2025-07-17T08:34:53.681+0000] {processor.py:914} INFO - Processing file /home/airflow/.local/lib/python3.12/site-packages/airflow/example_dags/example_branch_day_of_week_operator.py for tasks to queue
[2025-07-17T08:34:53.682+0000] {logging_mixin.py:190} INFO - [2025-07-17T08:34:53.682+0000] {dagbag.py:587} INFO - Filling up the DagBag from /home/airflow/.local/lib/python3.12/site-packages/airflow/example_dags/example_branch_day_of_week_operator.py
[2025-07-17T08:34:53.687+0000] {processor.py:925} INFO - DAG(s) 'example_weekday_branch_operator' retrieved from /home/airflow/.local/lib/python3.12/site-packages/airflow/example_dags/example_branch_day_of_week_operator.py
[2025-07-17T08:34:53.697+0000] {logging_mixin.py:190} INFO - [2025-07-17T08:34:53.696+0000] {dag.py:3211} INFO - Sync 1 DAGs
[2025-07-17T08:34:53.705+0000] {logging_mixin.py:190} INFO - [2025-07-17T08:34:53.705+0000] {dag.py:4138} INFO - Setting next_dagrun for example_weekday_branch_operator to 2025-07-16 00:00:00+00:00, run_after=2025-07-17 00:00:00+00:00
[2025-07-17T08:34:53.713+0000] {processor.py:208} INFO - Processing /home/airflow/.local/lib/python3.12/site-packages/airflow/example_dags/example_branch_day_of_week_operator.py took 0.036 seconds
[2025-07-17T08:35:24.513+0000] {processor.py:186} INFO - Started process (PID=611) to work on /home/airflow/.local/lib/python3.12/site-packages/airflow/example_dags/example_branch_day_of_week_operator.py
[2025-07-17T08:35:24.514+0000] {processor.py:914} INFO - Processing file /home/airflow/.local/lib/python3.12/site-packages/airflow/example_dags/example_branch_day_of_week_operator.py for tasks to queue
[2025-07-17T08:35:24.515+0000] {logging_mixin.py:190} INFO - [2025-07-17T08:35:24.515+0000] {dagbag.py:587} INFO - Filling up the DagBag from /home/airflow/.local/lib/python3.12/site-packages/airflow/example_dags/example_branch_day_of_week_operator.py
[2025-07-17T08:35:24.519+0000] {processor.py:925} INFO - DAG(s) 'example_weekday_branch_operator' retrieved from /home/airflow/.local/lib/python3.12/site-packages/airflow/example_dags/example_branch_day_of_week_operator.py
[2025-07-17T08:35:24.529+0000] {logging_mixin.py:190} INFO - [2025-07-17T08:35:24.529+0000] {dag.py:3211} INFO - Sync 1 DAGs
[2025-07-17T08:35:24.545+0000] {logging_mixin.py:190} INFO - [2025-07-17T08:35:24.545+0000] {dag.py:4138} INFO - Setting next_dagrun for example_weekday_branch_operator to 2025-07-16 00:00:00+00:00, run_after=2025-07-17 00:00:00+00:00
[2025-07-17T08:35:24.553+0000] {processor.py:208} INFO - Processing /home/airflow/.local/lib/python3.12/site-packages/airflow/example_dags/example_branch_day_of_week_operator.py took 0.043 seconds
