[2025-07-17T08:30:48.360+0000] {processor.py:186} INFO - Started process (PID=70) to work on /home/airflow/.local/lib/python3.12/site-packages/airflow/example_dags/example_complex.py
[2025-07-17T08:30:48.360+0000] {processor.py:914} INFO - Processing file /home/airflow/.local/lib/python3.12/site-packages/airflow/example_dags/example_complex.py for tasks to queue
[2025-07-17T08:30:48.362+0000] {logging_mixin.py:190} INFO - [2025-07-17T08:30:48.362+0000] {dagbag.py:587} INFO - Filling up the DagBag from /home/airflow/.local/lib/python3.12/site-packages/airflow/example_dags/example_complex.py
[2025-07-17T08:30:48.367+0000] {processor.py:925} INFO - DAG(s) 'example_complex' retrieved from /home/airflow/.local/lib/python3.12/site-packages/airflow/example_dags/example_complex.py
[2025-07-17T08:30:48.408+0000] {logging_mixin.py:190} INFO - [2025-07-17T08:30:48.408+0000] {override.py:1858} INFO - Created Permission View: can delete on DAG:example_complex
[2025-07-17T08:30:48.411+0000] {logging_mixin.py:190} INFO - [2025-07-17T08:30:48.411+0000] {override.py:1858} INFO - Created Permission View: can edit on DAG:example_complex
[2025-07-17T08:30:48.413+0000] {logging_mixin.py:190} INFO - [2025-07-17T08:30:48.413+0000] {override.py:1858} INFO - Created Permission View: can read on DAG:example_complex
[2025-07-17T08:30:48.413+0000] {logging_mixin.py:190} INFO - [2025-07-17T08:30:48.413+0000] {dag.py:3211} INFO - Sync 1 DAGs
[2025-07-17T08:30:48.418+0000] {logging_mixin.py:190} INFO - [2025-07-17T08:30:48.418+0000] {dag.py:3234} INFO - Creating ORM DAG for example_complex
[2025-07-17T08:30:48.418+0000] {logging_mixin.py:190} INFO - [2025-07-17T08:30:48.418+0000] {dag.py:4138} INFO - Setting next_dagrun for example_complex to None, run_after=None
[2025-07-17T08:30:48.424+0000] {processor.py:208} INFO - Processing /home/airflow/.local/lib/python3.12/site-packages/airflow/example_dags/example_complex.py took 0.067 seconds
[2025-07-17T08:31:18.674+0000] {processor.py:186} INFO - Started process (PID=132) to work on /home/airflow/.local/lib/python3.12/site-packages/airflow/example_dags/example_complex.py
[2025-07-17T08:31:18.674+0000] {processor.py:914} INFO - Processing file /home/airflow/.local/lib/python3.12/site-packages/airflow/example_dags/example_complex.py for tasks to queue
[2025-07-17T08:31:18.675+0000] {logging_mixin.py:190} INFO - [2025-07-17T08:31:18.675+0000] {dagbag.py:587} INFO - Filling up the DagBag from /home/airflow/.local/lib/python3.12/site-packages/airflow/example_dags/example_complex.py
[2025-07-17T08:31:18.680+0000] {processor.py:925} INFO - DAG(s) 'example_complex' retrieved from /home/airflow/.local/lib/python3.12/site-packages/airflow/example_dags/example_complex.py
[2025-07-17T08:31:18.691+0000] {logging_mixin.py:190} INFO - [2025-07-17T08:31:18.691+0000] {dag.py:3211} INFO - Sync 1 DAGs
[2025-07-17T08:31:18.697+0000] {logging_mixin.py:190} INFO - [2025-07-17T08:31:18.697+0000] {dag.py:4138} INFO - Setting next_dagrun for example_complex to None, run_after=None
[2025-07-17T08:31:18.703+0000] {processor.py:208} INFO - Processing /home/airflow/.local/lib/python3.12/site-packages/airflow/example_dags/example_complex.py took 0.032 seconds
[2025-07-17T08:31:49.377+0000] {processor.py:186} INFO - Started process (PID=194) to work on /home/airflow/.local/lib/python3.12/site-packages/airflow/example_dags/example_complex.py
[2025-07-17T08:31:49.380+0000] {processor.py:914} INFO - Processing file /home/airflow/.local/lib/python3.12/site-packages/airflow/example_dags/example_complex.py for tasks to queue
[2025-07-17T08:31:49.382+0000] {logging_mixin.py:190} INFO - [2025-07-17T08:31:49.382+0000] {dagbag.py:587} INFO - Filling up the DagBag from /home/airflow/.local/lib/python3.12/site-packages/airflow/example_dags/example_complex.py
[2025-07-17T08:31:49.387+0000] {processor.py:925} INFO - DAG(s) 'example_complex' retrieved from /home/airflow/.local/lib/python3.12/site-packages/airflow/example_dags/example_complex.py
[2025-07-17T08:31:49.399+0000] {logging_mixin.py:190} INFO - [2025-07-17T08:31:49.399+0000] {dag.py:3211} INFO - Sync 1 DAGs
[2025-07-17T08:31:49.405+0000] {logging_mixin.py:190} INFO - [2025-07-17T08:31:49.405+0000] {dag.py:4138} INFO - Setting next_dagrun for example_complex to None, run_after=None
[2025-07-17T08:31:49.412+0000] {processor.py:208} INFO - Processing /home/airflow/.local/lib/python3.12/site-packages/airflow/example_dags/example_complex.py took 0.037 seconds
[2025-07-17T08:32:20.158+0000] {processor.py:186} INFO - Started process (PID=256) to work on /home/airflow/.local/lib/python3.12/site-packages/airflow/example_dags/example_complex.py
[2025-07-17T08:32:20.161+0000] {processor.py:914} INFO - Processing file /home/airflow/.local/lib/python3.12/site-packages/airflow/example_dags/example_complex.py for tasks to queue
[2025-07-17T08:32:20.162+0000] {logging_mixin.py:190} INFO - [2025-07-17T08:32:20.162+0000] {dagbag.py:587} INFO - Filling up the DagBag from /home/airflow/.local/lib/python3.12/site-packages/airflow/example_dags/example_complex.py
[2025-07-17T08:32:20.167+0000] {processor.py:925} INFO - DAG(s) 'example_complex' retrieved from /home/airflow/.local/lib/python3.12/site-packages/airflow/example_dags/example_complex.py
[2025-07-17T08:32:20.181+0000] {logging_mixin.py:190} INFO - [2025-07-17T08:32:20.181+0000] {dag.py:3211} INFO - Sync 1 DAGs
[2025-07-17T08:32:20.187+0000] {logging_mixin.py:190} INFO - [2025-07-17T08:32:20.187+0000] {dag.py:4138} INFO - Setting next_dagrun for example_complex to None, run_after=None
[2025-07-17T08:32:20.195+0000] {processor.py:208} INFO - Processing /home/airflow/.local/lib/python3.12/site-packages/airflow/example_dags/example_complex.py took 0.041 seconds
[2025-07-17T08:32:50.909+0000] {processor.py:186} INFO - Started process (PID=318) to work on /home/airflow/.local/lib/python3.12/site-packages/airflow/example_dags/example_complex.py
[2025-07-17T08:32:50.911+0000] {processor.py:914} INFO - Processing file /home/airflow/.local/lib/python3.12/site-packages/airflow/example_dags/example_complex.py for tasks to queue
[2025-07-17T08:32:50.912+0000] {logging_mixin.py:190} INFO - [2025-07-17T08:32:50.912+0000] {dagbag.py:587} INFO - Filling up the DagBag from /home/airflow/.local/lib/python3.12/site-packages/airflow/example_dags/example_complex.py
[2025-07-17T08:32:50.917+0000] {processor.py:925} INFO - DAG(s) 'example_complex' retrieved from /home/airflow/.local/lib/python3.12/site-packages/airflow/example_dags/example_complex.py
[2025-07-17T08:32:50.930+0000] {logging_mixin.py:190} INFO - [2025-07-17T08:32:50.930+0000] {dag.py:3211} INFO - Sync 1 DAGs
[2025-07-17T08:32:50.936+0000] {logging_mixin.py:190} INFO - [2025-07-17T08:32:50.936+0000] {dag.py:4138} INFO - Setting next_dagrun for example_complex to None, run_after=None
[2025-07-17T08:32:50.944+0000] {processor.py:208} INFO - Processing /home/airflow/.local/lib/python3.12/site-packages/airflow/example_dags/example_complex.py took 0.037 seconds
[2025-07-17T08:33:21.659+0000] {processor.py:186} INFO - Started process (PID=380) to work on /home/airflow/.local/lib/python3.12/site-packages/airflow/example_dags/example_complex.py
[2025-07-17T08:33:21.659+0000] {processor.py:914} INFO - Processing file /home/airflow/.local/lib/python3.12/site-packages/airflow/example_dags/example_complex.py for tasks to queue
[2025-07-17T08:33:21.660+0000] {logging_mixin.py:190} INFO - [2025-07-17T08:33:21.660+0000] {dagbag.py:587} INFO - Filling up the DagBag from /home/airflow/.local/lib/python3.12/site-packages/airflow/example_dags/example_complex.py
[2025-07-17T08:33:21.666+0000] {processor.py:925} INFO - DAG(s) 'example_complex' retrieved from /home/airflow/.local/lib/python3.12/site-packages/airflow/example_dags/example_complex.py
[2025-07-17T08:33:21.678+0000] {logging_mixin.py:190} INFO - [2025-07-17T08:33:21.678+0000] {dag.py:3211} INFO - Sync 1 DAGs
[2025-07-17T08:33:21.684+0000] {logging_mixin.py:190} INFO - [2025-07-17T08:33:21.684+0000] {dag.py:4138} INFO - Setting next_dagrun for example_complex to None, run_after=None
[2025-07-17T08:33:21.694+0000] {processor.py:208} INFO - Processing /home/airflow/.local/lib/python3.12/site-packages/airflow/example_dags/example_complex.py took 0.038 seconds
[2025-07-17T08:33:52.411+0000] {processor.py:186} INFO - Started process (PID=442) to work on /home/airflow/.local/lib/python3.12/site-packages/airflow/example_dags/example_complex.py
[2025-07-17T08:33:52.411+0000] {processor.py:914} INFO - Processing file /home/airflow/.local/lib/python3.12/site-packages/airflow/example_dags/example_complex.py for tasks to queue
[2025-07-17T08:33:52.412+0000] {logging_mixin.py:190} INFO - [2025-07-17T08:33:52.412+0000] {dagbag.py:587} INFO - Filling up the DagBag from /home/airflow/.local/lib/python3.12/site-packages/airflow/example_dags/example_complex.py
[2025-07-17T08:33:52.418+0000] {processor.py:925} INFO - DAG(s) 'example_complex' retrieved from /home/airflow/.local/lib/python3.12/site-packages/airflow/example_dags/example_complex.py
[2025-07-17T08:33:52.431+0000] {logging_mixin.py:190} INFO - [2025-07-17T08:33:52.431+0000] {dag.py:3211} INFO - Sync 1 DAGs
[2025-07-17T08:33:52.437+0000] {logging_mixin.py:190} INFO - [2025-07-17T08:33:52.437+0000] {dag.py:4138} INFO - Setting next_dagrun for example_complex to None, run_after=None
[2025-07-17T08:33:52.447+0000] {processor.py:208} INFO - Processing /home/airflow/.local/lib/python3.12/site-packages/airflow/example_dags/example_complex.py took 0.039 seconds
[2025-07-17T08:34:23.268+0000] {processor.py:186} INFO - Started process (PID=504) to work on /home/airflow/.local/lib/python3.12/site-packages/airflow/example_dags/example_complex.py
[2025-07-17T08:34:23.271+0000] {processor.py:914} INFO - Processing file /home/airflow/.local/lib/python3.12/site-packages/airflow/example_dags/example_complex.py for tasks to queue
[2025-07-17T08:34:23.273+0000] {logging_mixin.py:190} INFO - [2025-07-17T08:34:23.273+0000] {dagbag.py:587} INFO - Filling up the DagBag from /home/airflow/.local/lib/python3.12/site-packages/airflow/example_dags/example_complex.py
[2025-07-17T08:34:23.279+0000] {processor.py:925} INFO - DAG(s) 'example_complex' retrieved from /home/airflow/.local/lib/python3.12/site-packages/airflow/example_dags/example_complex.py
[2025-07-17T08:34:23.292+0000] {logging_mixin.py:190} INFO - [2025-07-17T08:34:23.292+0000] {dag.py:3211} INFO - Sync 1 DAGs
[2025-07-17T08:34:23.297+0000] {logging_mixin.py:190} INFO - [2025-07-17T08:34:23.297+0000] {dag.py:4138} INFO - Setting next_dagrun for example_complex to None, run_after=None
[2025-07-17T08:34:23.310+0000] {processor.py:208} INFO - Processing /home/airflow/.local/lib/python3.12/site-packages/airflow/example_dags/example_complex.py took 0.045 seconds
[2025-07-17T08:34:54.170+0000] {processor.py:186} INFO - Started process (PID=566) to work on /home/airflow/.local/lib/python3.12/site-packages/airflow/example_dags/example_complex.py
[2025-07-17T08:34:54.172+0000] {processor.py:914} INFO - Processing file /home/airflow/.local/lib/python3.12/site-packages/airflow/example_dags/example_complex.py for tasks to queue
[2025-07-17T08:34:54.173+0000] {logging_mixin.py:190} INFO - [2025-07-17T08:34:54.173+0000] {dagbag.py:587} INFO - Filling up the DagBag from /home/airflow/.local/lib/python3.12/site-packages/airflow/example_dags/example_complex.py
[2025-07-17T08:34:54.178+0000] {processor.py:925} INFO - DAG(s) 'example_complex' retrieved from /home/airflow/.local/lib/python3.12/site-packages/airflow/example_dags/example_complex.py
[2025-07-17T08:34:54.189+0000] {logging_mixin.py:190} INFO - [2025-07-17T08:34:54.189+0000] {dag.py:3211} INFO - Sync 1 DAGs
[2025-07-17T08:34:54.194+0000] {logging_mixin.py:190} INFO - [2025-07-17T08:34:54.193+0000] {dag.py:4138} INFO - Setting next_dagrun for example_complex to None, run_after=None
[2025-07-17T08:34:54.203+0000] {processor.py:208} INFO - Processing /home/airflow/.local/lib/python3.12/site-packages/airflow/example_dags/example_complex.py took 0.036 seconds
[2025-07-17T08:35:25.060+0000] {processor.py:186} INFO - Started process (PID=628) to work on /home/airflow/.local/lib/python3.12/site-packages/airflow/example_dags/example_complex.py
[2025-07-17T08:35:25.061+0000] {processor.py:914} INFO - Processing file /home/airflow/.local/lib/python3.12/site-packages/airflow/example_dags/example_complex.py for tasks to queue
[2025-07-17T08:35:25.062+0000] {logging_mixin.py:190} INFO - [2025-07-17T08:35:25.062+0000] {dagbag.py:587} INFO - Filling up the DagBag from /home/airflow/.local/lib/python3.12/site-packages/airflow/example_dags/example_complex.py
[2025-07-17T08:35:25.068+0000] {processor.py:925} INFO - DAG(s) 'example_complex' retrieved from /home/airflow/.local/lib/python3.12/site-packages/airflow/example_dags/example_complex.py
[2025-07-17T08:35:25.082+0000] {logging_mixin.py:190} INFO - [2025-07-17T08:35:25.082+0000] {dag.py:3211} INFO - Sync 1 DAGs
[2025-07-17T08:35:25.088+0000] {logging_mixin.py:190} INFO - [2025-07-17T08:35:25.088+0000] {dag.py:4138} INFO - Setting next_dagrun for example_complex to None, run_after=None
[2025-07-17T08:35:25.100+0000] {processor.py:208} INFO - Processing /home/airflow/.local/lib/python3.12/site-packages/airflow/example_dags/example_complex.py took 0.043 seconds
