[2025-07-17T08:30:48.461+0000] {processor.py:186} INFO - Started process (PID=73) to work on /home/airflow/.local/lib/python3.12/site-packages/airflow/example_dags/example_branch_python_dop_operator_3.py
[2025-07-17T08:30:48.461+0000] {processor.py:914} INFO - Processing file /home/airflow/.local/lib/python3.12/site-packages/airflow/example_dags/example_branch_python_dop_operator_3.py for tasks to queue
[2025-07-17T08:30:48.462+0000] {logging_mixin.py:190} INFO - [2025-07-17T08:30:48.462+0000] {dagbag.py:587} INFO - Filling up the DagBag from /home/airflow/.local/lib/python3.12/site-packages/airflow/example_dags/example_branch_python_dop_operator_3.py
[2025-07-17T08:30:48.468+0000] {processor.py:925} INFO - DAG(s) 'example_branch_dop_operator_v3' retrieved from /home/airflow/.local/lib/python3.12/site-packages/airflow/example_dags/example_branch_python_dop_operator_3.py
[2025-07-17T08:30:48.507+0000] {logging_mixin.py:190} INFO - [2025-07-17T08:30:48.507+0000] {override.py:1858} INFO - Created Permission View: can delete on DAG:example_branch_dop_operator_v3
[2025-07-17T08:30:48.511+0000] {logging_mixin.py:190} INFO - [2025-07-17T08:30:48.511+0000] {override.py:1858} INFO - Created Permission View: can edit on DAG:example_branch_dop_operator_v3
[2025-07-17T08:30:48.514+0000] {logging_mixin.py:190} INFO - [2025-07-17T08:30:48.513+0000] {override.py:1858} INFO - Created Permission View: can read on DAG:example_branch_dop_operator_v3
[2025-07-17T08:30:48.514+0000] {logging_mixin.py:190} INFO - [2025-07-17T08:30:48.514+0000] {dag.py:3211} INFO - Sync 1 DAGs
[2025-07-17T08:30:48.518+0000] {logging_mixin.py:190} INFO - [2025-07-17T08:30:48.518+0000] {dag.py:3234} INFO - Creating ORM DAG for example_branch_dop_operator_v3
[2025-07-17T08:30:48.523+0000] {logging_mixin.py:190} INFO - [2025-07-17T08:30:48.523+0000] {dag.py:4138} INFO - Setting next_dagrun for example_branch_dop_operator_v3 to 2025-07-17 08:29:00+00:00, run_after=2025-07-17 08:30:00+00:00
[2025-07-17T08:30:48.530+0000] {processor.py:208} INFO - Processing /home/airflow/.local/lib/python3.12/site-packages/airflow/example_dags/example_branch_python_dop_operator_3.py took 0.071 seconds
[2025-07-17T08:31:18.746+0000] {processor.py:186} INFO - Started process (PID=135) to work on /home/airflow/.local/lib/python3.12/site-packages/airflow/example_dags/example_branch_python_dop_operator_3.py
[2025-07-17T08:31:18.747+0000] {processor.py:914} INFO - Processing file /home/airflow/.local/lib/python3.12/site-packages/airflow/example_dags/example_branch_python_dop_operator_3.py for tasks to queue
[2025-07-17T08:31:18.749+0000] {logging_mixin.py:190} INFO - [2025-07-17T08:31:18.748+0000] {dagbag.py:587} INFO - Filling up the DagBag from /home/airflow/.local/lib/python3.12/site-packages/airflow/example_dags/example_branch_python_dop_operator_3.py
[2025-07-17T08:31:18.753+0000] {processor.py:925} INFO - DAG(s) 'example_branch_dop_operator_v3' retrieved from /home/airflow/.local/lib/python3.12/site-packages/airflow/example_dags/example_branch_python_dop_operator_3.py
[2025-07-17T08:31:18.761+0000] {logging_mixin.py:190} INFO - [2025-07-17T08:31:18.761+0000] {dag.py:3211} INFO - Sync 1 DAGs
[2025-07-17T08:31:18.770+0000] {logging_mixin.py:190} INFO - [2025-07-17T08:31:18.770+0000] {dag.py:4138} INFO - Setting next_dagrun for example_branch_dop_operator_v3 to 2025-07-17 08:30:00+00:00, run_after=2025-07-17 08:31:00+00:00
[2025-07-17T08:31:18.777+0000] {processor.py:208} INFO - Processing /home/airflow/.local/lib/python3.12/site-packages/airflow/example_dags/example_branch_python_dop_operator_3.py took 0.034 seconds
[2025-07-17T08:31:49.464+0000] {processor.py:186} INFO - Started process (PID=197) to work on /home/airflow/.local/lib/python3.12/site-packages/airflow/example_dags/example_branch_python_dop_operator_3.py
[2025-07-17T08:31:49.466+0000] {processor.py:914} INFO - Processing file /home/airflow/.local/lib/python3.12/site-packages/airflow/example_dags/example_branch_python_dop_operator_3.py for tasks to queue
[2025-07-17T08:31:49.467+0000] {logging_mixin.py:190} INFO - [2025-07-17T08:31:49.467+0000] {dagbag.py:587} INFO - Filling up the DagBag from /home/airflow/.local/lib/python3.12/site-packages/airflow/example_dags/example_branch_python_dop_operator_3.py
[2025-07-17T08:31:49.472+0000] {processor.py:925} INFO - DAG(s) 'example_branch_dop_operator_v3' retrieved from /home/airflow/.local/lib/python3.12/site-packages/airflow/example_dags/example_branch_python_dop_operator_3.py
[2025-07-17T08:31:49.480+0000] {logging_mixin.py:190} INFO - [2025-07-17T08:31:49.480+0000] {dag.py:3211} INFO - Sync 1 DAGs
[2025-07-17T08:31:49.489+0000] {logging_mixin.py:190} INFO - [2025-07-17T08:31:49.489+0000] {dag.py:4138} INFO - Setting next_dagrun for example_branch_dop_operator_v3 to 2025-07-17 08:30:00+00:00, run_after=2025-07-17 08:31:00+00:00
[2025-07-17T08:31:49.495+0000] {processor.py:208} INFO - Processing /home/airflow/.local/lib/python3.12/site-packages/airflow/example_dags/example_branch_python_dop_operator_3.py took 0.033 seconds
[2025-07-17T08:32:20.241+0000] {processor.py:186} INFO - Started process (PID=259) to work on /home/airflow/.local/lib/python3.12/site-packages/airflow/example_dags/example_branch_python_dop_operator_3.py
[2025-07-17T08:32:20.244+0000] {processor.py:914} INFO - Processing file /home/airflow/.local/lib/python3.12/site-packages/airflow/example_dags/example_branch_python_dop_operator_3.py for tasks to queue
[2025-07-17T08:32:20.245+0000] {logging_mixin.py:190} INFO - [2025-07-17T08:32:20.245+0000] {dagbag.py:587} INFO - Filling up the DagBag from /home/airflow/.local/lib/python3.12/site-packages/airflow/example_dags/example_branch_python_dop_operator_3.py
[2025-07-17T08:32:20.250+0000] {processor.py:925} INFO - DAG(s) 'example_branch_dop_operator_v3' retrieved from /home/airflow/.local/lib/python3.12/site-packages/airflow/example_dags/example_branch_python_dop_operator_3.py
[2025-07-17T08:32:20.259+0000] {logging_mixin.py:190} INFO - [2025-07-17T08:32:20.259+0000] {dag.py:3211} INFO - Sync 1 DAGs
[2025-07-17T08:32:20.269+0000] {logging_mixin.py:190} INFO - [2025-07-17T08:32:20.269+0000] {dag.py:4138} INFO - Setting next_dagrun for example_branch_dop_operator_v3 to 2025-07-17 08:31:00+00:00, run_after=2025-07-17 08:32:00+00:00
[2025-07-17T08:32:20.278+0000] {processor.py:208} INFO - Processing /home/airflow/.local/lib/python3.12/site-packages/airflow/example_dags/example_branch_python_dop_operator_3.py took 0.039 seconds
[2025-07-17T08:32:50.974+0000] {processor.py:186} INFO - Started process (PID=321) to work on /home/airflow/.local/lib/python3.12/site-packages/airflow/example_dags/example_branch_python_dop_operator_3.py
[2025-07-17T08:32:50.974+0000] {processor.py:914} INFO - Processing file /home/airflow/.local/lib/python3.12/site-packages/airflow/example_dags/example_branch_python_dop_operator_3.py for tasks to queue
[2025-07-17T08:32:50.975+0000] {logging_mixin.py:190} INFO - [2025-07-17T08:32:50.975+0000] {dagbag.py:587} INFO - Filling up the DagBag from /home/airflow/.local/lib/python3.12/site-packages/airflow/example_dags/example_branch_python_dop_operator_3.py
[2025-07-17T08:32:50.980+0000] {processor.py:925} INFO - DAG(s) 'example_branch_dop_operator_v3' retrieved from /home/airflow/.local/lib/python3.12/site-packages/airflow/example_dags/example_branch_python_dop_operator_3.py
[2025-07-17T08:32:50.991+0000] {logging_mixin.py:190} INFO - [2025-07-17T08:32:50.991+0000] {dag.py:3211} INFO - Sync 1 DAGs
[2025-07-17T08:32:51.000+0000] {logging_mixin.py:190} INFO - [2025-07-17T08:32:51.000+0000] {dag.py:4138} INFO - Setting next_dagrun for example_branch_dop_operator_v3 to 2025-07-17 08:31:00+00:00, run_after=2025-07-17 08:32:00+00:00
[2025-07-17T08:32:51.008+0000] {processor.py:208} INFO - Processing /home/airflow/.local/lib/python3.12/site-packages/airflow/example_dags/example_branch_python_dop_operator_3.py took 0.037 seconds
[2025-07-17T08:33:21.726+0000] {processor.py:186} INFO - Started process (PID=383) to work on /home/airflow/.local/lib/python3.12/site-packages/airflow/example_dags/example_branch_python_dop_operator_3.py
[2025-07-17T08:33:21.727+0000] {processor.py:914} INFO - Processing file /home/airflow/.local/lib/python3.12/site-packages/airflow/example_dags/example_branch_python_dop_operator_3.py for tasks to queue
[2025-07-17T08:33:21.728+0000] {logging_mixin.py:190} INFO - [2025-07-17T08:33:21.728+0000] {dagbag.py:587} INFO - Filling up the DagBag from /home/airflow/.local/lib/python3.12/site-packages/airflow/example_dags/example_branch_python_dop_operator_3.py
[2025-07-17T08:33:21.733+0000] {processor.py:925} INFO - DAG(s) 'example_branch_dop_operator_v3' retrieved from /home/airflow/.local/lib/python3.12/site-packages/airflow/example_dags/example_branch_python_dop_operator_3.py
[2025-07-17T08:33:21.741+0000] {logging_mixin.py:190} INFO - [2025-07-17T08:33:21.741+0000] {dag.py:3211} INFO - Sync 1 DAGs
[2025-07-17T08:33:21.750+0000] {logging_mixin.py:190} INFO - [2025-07-17T08:33:21.750+0000] {dag.py:4138} INFO - Setting next_dagrun for example_branch_dop_operator_v3 to 2025-07-17 08:32:00+00:00, run_after=2025-07-17 08:33:00+00:00
[2025-07-17T08:33:21.757+0000] {processor.py:208} INFO - Processing /home/airflow/.local/lib/python3.12/site-packages/airflow/example_dags/example_branch_python_dop_operator_3.py took 0.033 seconds
[2025-07-17T08:33:52.479+0000] {processor.py:186} INFO - Started process (PID=445) to work on /home/airflow/.local/lib/python3.12/site-packages/airflow/example_dags/example_branch_python_dop_operator_3.py
[2025-07-17T08:33:52.479+0000] {processor.py:914} INFO - Processing file /home/airflow/.local/lib/python3.12/site-packages/airflow/example_dags/example_branch_python_dop_operator_3.py for tasks to queue
[2025-07-17T08:33:52.480+0000] {logging_mixin.py:190} INFO - [2025-07-17T08:33:52.480+0000] {dagbag.py:587} INFO - Filling up the DagBag from /home/airflow/.local/lib/python3.12/site-packages/airflow/example_dags/example_branch_python_dop_operator_3.py
[2025-07-17T08:33:52.485+0000] {processor.py:925} INFO - DAG(s) 'example_branch_dop_operator_v3' retrieved from /home/airflow/.local/lib/python3.12/site-packages/airflow/example_dags/example_branch_python_dop_operator_3.py
[2025-07-17T08:33:52.496+0000] {logging_mixin.py:190} INFO - [2025-07-17T08:33:52.495+0000] {dag.py:3211} INFO - Sync 1 DAGs
[2025-07-17T08:33:52.506+0000] {logging_mixin.py:190} INFO - [2025-07-17T08:33:52.506+0000] {dag.py:4138} INFO - Setting next_dagrun for example_branch_dop_operator_v3 to 2025-07-17 08:32:00+00:00, run_after=2025-07-17 08:33:00+00:00
[2025-07-17T08:33:52.513+0000] {processor.py:208} INFO - Processing /home/airflow/.local/lib/python3.12/site-packages/airflow/example_dags/example_branch_python_dop_operator_3.py took 0.036 seconds
[2025-07-17T08:34:23.352+0000] {processor.py:186} INFO - Started process (PID=507) to work on /home/airflow/.local/lib/python3.12/site-packages/airflow/example_dags/example_branch_python_dop_operator_3.py
[2025-07-17T08:34:23.352+0000] {processor.py:914} INFO - Processing file /home/airflow/.local/lib/python3.12/site-packages/airflow/example_dags/example_branch_python_dop_operator_3.py for tasks to queue
[2025-07-17T08:34:23.354+0000] {logging_mixin.py:190} INFO - [2025-07-17T08:34:23.354+0000] {dagbag.py:587} INFO - Filling up the DagBag from /home/airflow/.local/lib/python3.12/site-packages/airflow/example_dags/example_branch_python_dop_operator_3.py
[2025-07-17T08:34:23.360+0000] {processor.py:925} INFO - DAG(s) 'example_branch_dop_operator_v3' retrieved from /home/airflow/.local/lib/python3.12/site-packages/airflow/example_dags/example_branch_python_dop_operator_3.py
[2025-07-17T08:34:23.370+0000] {logging_mixin.py:190} INFO - [2025-07-17T08:34:23.369+0000] {dag.py:3211} INFO - Sync 1 DAGs
[2025-07-17T08:34:23.382+0000] {logging_mixin.py:190} INFO - [2025-07-17T08:34:23.382+0000] {dag.py:4138} INFO - Setting next_dagrun for example_branch_dop_operator_v3 to 2025-07-17 08:33:00+00:00, run_after=2025-07-17 08:34:00+00:00
[2025-07-17T08:34:23.390+0000] {processor.py:208} INFO - Processing /home/airflow/.local/lib/python3.12/site-packages/airflow/example_dags/example_branch_python_dop_operator_3.py took 0.042 seconds
[2025-07-17T08:34:54.256+0000] {processor.py:186} INFO - Started process (PID=569) to work on /home/airflow/.local/lib/python3.12/site-packages/airflow/example_dags/example_branch_python_dop_operator_3.py
[2025-07-17T08:34:54.257+0000] {processor.py:914} INFO - Processing file /home/airflow/.local/lib/python3.12/site-packages/airflow/example_dags/example_branch_python_dop_operator_3.py for tasks to queue
[2025-07-17T08:34:54.258+0000] {logging_mixin.py:190} INFO - [2025-07-17T08:34:54.258+0000] {dagbag.py:587} INFO - Filling up the DagBag from /home/airflow/.local/lib/python3.12/site-packages/airflow/example_dags/example_branch_python_dop_operator_3.py
[2025-07-17T08:34:54.263+0000] {processor.py:925} INFO - DAG(s) 'example_branch_dop_operator_v3' retrieved from /home/airflow/.local/lib/python3.12/site-packages/airflow/example_dags/example_branch_python_dop_operator_3.py
[2025-07-17T08:34:54.272+0000] {logging_mixin.py:190} INFO - [2025-07-17T08:34:54.272+0000] {dag.py:3211} INFO - Sync 1 DAGs
[2025-07-17T08:34:54.283+0000] {logging_mixin.py:190} INFO - [2025-07-17T08:34:54.283+0000] {dag.py:4138} INFO - Setting next_dagrun for example_branch_dop_operator_v3 to 2025-07-17 08:33:00+00:00, run_after=2025-07-17 08:34:00+00:00
[2025-07-17T08:34:54.291+0000] {processor.py:208} INFO - Processing /home/airflow/.local/lib/python3.12/site-packages/airflow/example_dags/example_branch_python_dop_operator_3.py took 0.037 seconds
[2025-07-17T08:35:25.161+0000] {processor.py:186} INFO - Started process (PID=631) to work on /home/airflow/.local/lib/python3.12/site-packages/airflow/example_dags/example_branch_python_dop_operator_3.py
[2025-07-17T08:35:25.162+0000] {processor.py:914} INFO - Processing file /home/airflow/.local/lib/python3.12/site-packages/airflow/example_dags/example_branch_python_dop_operator_3.py for tasks to queue
[2025-07-17T08:35:25.165+0000] {logging_mixin.py:190} INFO - [2025-07-17T08:35:25.164+0000] {dagbag.py:587} INFO - Filling up the DagBag from /home/airflow/.local/lib/python3.12/site-packages/airflow/example_dags/example_branch_python_dop_operator_3.py
[2025-07-17T08:35:25.171+0000] {processor.py:925} INFO - DAG(s) 'example_branch_dop_operator_v3' retrieved from /home/airflow/.local/lib/python3.12/site-packages/airflow/example_dags/example_branch_python_dop_operator_3.py
[2025-07-17T08:35:25.182+0000] {logging_mixin.py:190} INFO - [2025-07-17T08:35:25.182+0000] {dag.py:3211} INFO - Sync 1 DAGs
[2025-07-17T08:35:25.192+0000] {logging_mixin.py:190} INFO - [2025-07-17T08:35:25.192+0000] {dag.py:4138} INFO - Setting next_dagrun for example_branch_dop_operator_v3 to 2025-07-17 08:34:00+00:00, run_after=2025-07-17 08:35:00+00:00
[2025-07-17T08:35:25.201+0000] {processor.py:208} INFO - Processing /home/airflow/.local/lib/python3.12/site-packages/airflow/example_dags/example_branch_python_dop_operator_3.py took 0.043 seconds
