[2025-07-17T08:30:49.019+0000] {processor.py:186} INFO - Started process (PID=84) to work on /home/airflow/.local/lib/python3.12/site-packages/airflow/example_dags/example_dataset_alias_with_no_taskflow.py
[2025-07-17T08:30:49.019+0000] {processor.py:914} INFO - Processing file /home/airflow/.local/lib/python3.12/site-packages/airflow/example_dags/example_dataset_alias_with_no_taskflow.py for tasks to queue
[2025-07-17T08:30:49.021+0000] {logging_mixin.py:190} INFO - [2025-07-17T08:30:49.021+0000] {dagbag.py:587} INFO - Filling up the DagBag from /home/airflow/.local/lib/python3.12/site-packages/airflow/example_dags/example_dataset_alias_with_no_taskflow.py
[2025-07-17T08:30:49.087+0000] {processor.py:925} INFO - DAG(s) 'dataset_s3_bucket_producer_with_no_taskflow', 'dataset_s3_bucket_consumer_with_no_taskflow', 'dataset_alias_example_alias_producer_with_no_taskflow', 'dataset_alias_example_alias_consumer_with_no_taskflow' retrieved from /home/airflow/.local/lib/python3.12/site-packages/airflow/example_dags/example_dataset_alias_with_no_taskflow.py
[2025-07-17T08:30:49.124+0000] {logging_mixin.py:190} INFO - [2025-07-17T08:30:49.123+0000] {override.py:1858} INFO - Created Permission View: can delete on DAG:dataset_s3_bucket_producer_with_no_taskflow
[2025-07-17T08:30:49.127+0000] {logging_mixin.py:190} INFO - [2025-07-17T08:30:49.127+0000] {override.py:1858} INFO - Created Permission View: can edit on DAG:dataset_s3_bucket_producer_with_no_taskflow
[2025-07-17T08:30:49.130+0000] {logging_mixin.py:190} INFO - [2025-07-17T08:30:49.130+0000] {override.py:1858} INFO - Created Permission View: can read on DAG:dataset_s3_bucket_producer_with_no_taskflow
[2025-07-17T08:30:49.133+0000] {logging_mixin.py:190} INFO - [2025-07-17T08:30:49.133+0000] {override.py:1858} INFO - Created Permission View: can delete on DAG:dataset_s3_bucket_consumer_with_no_taskflow
[2025-07-17T08:30:49.135+0000] {logging_mixin.py:190} INFO - [2025-07-17T08:30:49.135+0000] {override.py:1858} INFO - Created Permission View: can edit on DAG:dataset_s3_bucket_consumer_with_no_taskflow
[2025-07-17T08:30:49.137+0000] {logging_mixin.py:190} INFO - [2025-07-17T08:30:49.137+0000] {override.py:1858} INFO - Created Permission View: can read on DAG:dataset_s3_bucket_consumer_with_no_taskflow
[2025-07-17T08:30:49.141+0000] {logging_mixin.py:190} INFO - [2025-07-17T08:30:49.141+0000] {override.py:1858} INFO - Created Permission View: can delete on DAG:dataset_alias_example_alias_producer_with_no_taskflow
[2025-07-17T08:30:49.143+0000] {logging_mixin.py:190} INFO - [2025-07-17T08:30:49.143+0000] {override.py:1858} INFO - Created Permission View: can edit on DAG:dataset_alias_example_alias_producer_with_no_taskflow
[2025-07-17T08:30:49.145+0000] {logging_mixin.py:190} INFO - [2025-07-17T08:30:49.145+0000] {override.py:1858} INFO - Created Permission View: can read on DAG:dataset_alias_example_alias_producer_with_no_taskflow
[2025-07-17T08:30:49.149+0000] {logging_mixin.py:190} INFO - [2025-07-17T08:30:49.148+0000] {override.py:1858} INFO - Created Permission View: can delete on DAG:dataset_alias_example_alias_consumer_with_no_taskflow
[2025-07-17T08:30:49.150+0000] {logging_mixin.py:190} INFO - [2025-07-17T08:30:49.150+0000] {override.py:1858} INFO - Created Permission View: can edit on DAG:dataset_alias_example_alias_consumer_with_no_taskflow
[2025-07-17T08:30:49.152+0000] {logging_mixin.py:190} INFO - [2025-07-17T08:30:49.152+0000] {override.py:1858} INFO - Created Permission View: can read on DAG:dataset_alias_example_alias_consumer_with_no_taskflow
[2025-07-17T08:30:49.152+0000] {logging_mixin.py:190} INFO - [2025-07-17T08:30:49.152+0000] {dag.py:3211} INFO - Sync 4 DAGs
[2025-07-17T08:30:49.157+0000] {logging_mixin.py:190} INFO - [2025-07-17T08:30:49.157+0000] {dag.py:3234} INFO - Creating ORM DAG for dataset_alias_example_alias_consumer_with_no_taskflow
[2025-07-17T08:30:49.157+0000] {logging_mixin.py:190} INFO - [2025-07-17T08:30:49.157+0000] {dag.py:3234} INFO - Creating ORM DAG for dataset_alias_example_alias_producer_with_no_taskflow
[2025-07-17T08:30:49.157+0000] {logging_mixin.py:190} INFO - [2025-07-17T08:30:49.157+0000] {dag.py:3234} INFO - Creating ORM DAG for dataset_s3_bucket_producer_with_no_taskflow
[2025-07-17T08:30:49.157+0000] {logging_mixin.py:190} INFO - [2025-07-17T08:30:49.157+0000] {dag.py:3234} INFO - Creating ORM DAG for dataset_s3_bucket_consumer_with_no_taskflow
[2025-07-17T08:30:49.161+0000] {logging_mixin.py:190} INFO - [2025-07-17T08:30:49.161+0000] {dag.py:4138} INFO - Setting next_dagrun for dataset_alias_example_alias_consumer_with_no_taskflow to None, run_after=None
[2025-07-17T08:30:49.161+0000] {logging_mixin.py:190} INFO - [2025-07-17T08:30:49.161+0000] {dag.py:4138} INFO - Setting next_dagrun for dataset_alias_example_alias_producer_with_no_taskflow to None, run_after=None
[2025-07-17T08:30:49.162+0000] {logging_mixin.py:190} INFO - [2025-07-17T08:30:49.162+0000] {dag.py:4138} INFO - Setting next_dagrun for dataset_s3_bucket_consumer_with_no_taskflow to None, run_after=None
[2025-07-17T08:30:49.162+0000] {logging_mixin.py:190} INFO - [2025-07-17T08:30:49.162+0000] {dag.py:4138} INFO - Setting next_dagrun for dataset_s3_bucket_producer_with_no_taskflow to None, run_after=None
[2025-07-17T08:30:49.172+0000] {processor.py:208} INFO - Processing /home/airflow/.local/lib/python3.12/site-packages/airflow/example_dags/example_dataset_alias_with_no_taskflow.py took 0.156 seconds
[2025-07-17T08:31:20.082+0000] {processor.py:186} INFO - Started process (PID=146) to work on /home/airflow/.local/lib/python3.12/site-packages/airflow/example_dags/example_dataset_alias_with_no_taskflow.py
[2025-07-17T08:31:20.082+0000] {processor.py:914} INFO - Processing file /home/airflow/.local/lib/python3.12/site-packages/airflow/example_dags/example_dataset_alias_with_no_taskflow.py for tasks to queue
[2025-07-17T08:31:20.084+0000] {logging_mixin.py:190} INFO - [2025-07-17T08:31:20.084+0000] {dagbag.py:587} INFO - Filling up the DagBag from /home/airflow/.local/lib/python3.12/site-packages/airflow/example_dags/example_dataset_alias_with_no_taskflow.py
[2025-07-17T08:31:20.158+0000] {processor.py:925} INFO - DAG(s) 'dataset_s3_bucket_consumer_with_no_taskflow', 'dataset_alias_example_alias_consumer_with_no_taskflow', 'dataset_s3_bucket_producer_with_no_taskflow', 'dataset_alias_example_alias_producer_with_no_taskflow' retrieved from /home/airflow/.local/lib/python3.12/site-packages/airflow/example_dags/example_dataset_alias_with_no_taskflow.py
[2025-07-17T08:31:20.167+0000] {logging_mixin.py:190} INFO - [2025-07-17T08:31:20.167+0000] {dag.py:3211} INFO - Sync 4 DAGs
[2025-07-17T08:31:20.176+0000] {logging_mixin.py:190} INFO - [2025-07-17T08:31:20.176+0000] {dag.py:4138} INFO - Setting next_dagrun for dataset_alias_example_alias_consumer_with_no_taskflow to None, run_after=None
[2025-07-17T08:31:20.177+0000] {logging_mixin.py:190} INFO - [2025-07-17T08:31:20.177+0000] {dag.py:4138} INFO - Setting next_dagrun for dataset_alias_example_alias_producer_with_no_taskflow to None, run_after=None
[2025-07-17T08:31:20.177+0000] {logging_mixin.py:190} INFO - [2025-07-17T08:31:20.177+0000] {dag.py:4138} INFO - Setting next_dagrun for dataset_s3_bucket_consumer_with_no_taskflow to None, run_after=None
[2025-07-17T08:31:20.178+0000] {logging_mixin.py:190} INFO - [2025-07-17T08:31:20.178+0000] {dag.py:4138} INFO - Setting next_dagrun for dataset_s3_bucket_producer_with_no_taskflow to None, run_after=None
[2025-07-17T08:31:20.185+0000] {processor.py:208} INFO - Processing /home/airflow/.local/lib/python3.12/site-packages/airflow/example_dags/example_dataset_alias_with_no_taskflow.py took 0.107 seconds
[2025-07-17T08:31:50.801+0000] {processor.py:186} INFO - Started process (PID=208) to work on /home/airflow/.local/lib/python3.12/site-packages/airflow/example_dags/example_dataset_alias_with_no_taskflow.py
[2025-07-17T08:31:50.802+0000] {processor.py:914} INFO - Processing file /home/airflow/.local/lib/python3.12/site-packages/airflow/example_dags/example_dataset_alias_with_no_taskflow.py for tasks to queue
[2025-07-17T08:31:50.803+0000] {logging_mixin.py:190} INFO - [2025-07-17T08:31:50.803+0000] {dagbag.py:587} INFO - Filling up the DagBag from /home/airflow/.local/lib/python3.12/site-packages/airflow/example_dags/example_dataset_alias_with_no_taskflow.py
[2025-07-17T08:31:50.874+0000] {processor.py:925} INFO - DAG(s) 'dataset_s3_bucket_consumer_with_no_taskflow', 'dataset_s3_bucket_producer_with_no_taskflow', 'dataset_alias_example_alias_producer_with_no_taskflow', 'dataset_alias_example_alias_consumer_with_no_taskflow' retrieved from /home/airflow/.local/lib/python3.12/site-packages/airflow/example_dags/example_dataset_alias_with_no_taskflow.py
[2025-07-17T08:31:50.882+0000] {logging_mixin.py:190} INFO - [2025-07-17T08:31:50.882+0000] {dag.py:3211} INFO - Sync 4 DAGs
[2025-07-17T08:31:50.891+0000] {logging_mixin.py:190} INFO - [2025-07-17T08:31:50.891+0000] {dag.py:4138} INFO - Setting next_dagrun for dataset_alias_example_alias_consumer_with_no_taskflow to None, run_after=None
[2025-07-17T08:31:50.892+0000] {logging_mixin.py:190} INFO - [2025-07-17T08:31:50.892+0000] {dag.py:4138} INFO - Setting next_dagrun for dataset_alias_example_alias_producer_with_no_taskflow to None, run_after=None
[2025-07-17T08:31:50.892+0000] {logging_mixin.py:190} INFO - [2025-07-17T08:31:50.892+0000] {dag.py:4138} INFO - Setting next_dagrun for dataset_s3_bucket_consumer_with_no_taskflow to None, run_after=None
[2025-07-17T08:31:50.892+0000] {logging_mixin.py:190} INFO - [2025-07-17T08:31:50.892+0000] {dag.py:4138} INFO - Setting next_dagrun for dataset_s3_bucket_producer_with_no_taskflow to None, run_after=None
[2025-07-17T08:31:50.900+0000] {processor.py:208} INFO - Processing /home/airflow/.local/lib/python3.12/site-packages/airflow/example_dags/example_dataset_alias_with_no_taskflow.py took 0.102 seconds
[2025-07-17T08:32:21.563+0000] {processor.py:186} INFO - Started process (PID=270) to work on /home/airflow/.local/lib/python3.12/site-packages/airflow/example_dags/example_dataset_alias_with_no_taskflow.py
[2025-07-17T08:32:21.564+0000] {processor.py:914} INFO - Processing file /home/airflow/.local/lib/python3.12/site-packages/airflow/example_dags/example_dataset_alias_with_no_taskflow.py for tasks to queue
[2025-07-17T08:32:21.566+0000] {logging_mixin.py:190} INFO - [2025-07-17T08:32:21.566+0000] {dagbag.py:587} INFO - Filling up the DagBag from /home/airflow/.local/lib/python3.12/site-packages/airflow/example_dags/example_dataset_alias_with_no_taskflow.py
[2025-07-17T08:32:21.639+0000] {processor.py:925} INFO - DAG(s) 'dataset_alias_example_alias_producer_with_no_taskflow', 'dataset_s3_bucket_consumer_with_no_taskflow', 'dataset_s3_bucket_producer_with_no_taskflow', 'dataset_alias_example_alias_consumer_with_no_taskflow' retrieved from /home/airflow/.local/lib/python3.12/site-packages/airflow/example_dags/example_dataset_alias_with_no_taskflow.py
[2025-07-17T08:32:21.651+0000] {logging_mixin.py:190} INFO - [2025-07-17T08:32:21.651+0000] {dag.py:3211} INFO - Sync 4 DAGs
[2025-07-17T08:32:21.659+0000] {logging_mixin.py:190} INFO - [2025-07-17T08:32:21.659+0000] {dag.py:4138} INFO - Setting next_dagrun for dataset_alias_example_alias_consumer_with_no_taskflow to None, run_after=None
[2025-07-17T08:32:21.660+0000] {logging_mixin.py:190} INFO - [2025-07-17T08:32:21.660+0000] {dag.py:4138} INFO - Setting next_dagrun for dataset_alias_example_alias_producer_with_no_taskflow to None, run_after=None
[2025-07-17T08:32:21.661+0000] {logging_mixin.py:190} INFO - [2025-07-17T08:32:21.661+0000] {dag.py:4138} INFO - Setting next_dagrun for dataset_s3_bucket_consumer_with_no_taskflow to None, run_after=None
[2025-07-17T08:32:21.661+0000] {logging_mixin.py:190} INFO - [2025-07-17T08:32:21.661+0000] {dag.py:4138} INFO - Setting next_dagrun for dataset_s3_bucket_producer_with_no_taskflow to None, run_after=None
[2025-07-17T08:32:21.669+0000] {processor.py:208} INFO - Processing /home/airflow/.local/lib/python3.12/site-packages/airflow/example_dags/example_dataset_alias_with_no_taskflow.py took 0.110 seconds
[2025-07-17T08:32:52.317+0000] {processor.py:186} INFO - Started process (PID=332) to work on /home/airflow/.local/lib/python3.12/site-packages/airflow/example_dags/example_dataset_alias_with_no_taskflow.py
[2025-07-17T08:32:52.318+0000] {processor.py:914} INFO - Processing file /home/airflow/.local/lib/python3.12/site-packages/airflow/example_dags/example_dataset_alias_with_no_taskflow.py for tasks to queue
[2025-07-17T08:32:52.320+0000] {logging_mixin.py:190} INFO - [2025-07-17T08:32:52.320+0000] {dagbag.py:587} INFO - Filling up the DagBag from /home/airflow/.local/lib/python3.12/site-packages/airflow/example_dags/example_dataset_alias_with_no_taskflow.py
[2025-07-17T08:32:52.397+0000] {processor.py:925} INFO - DAG(s) 'dataset_alias_example_alias_consumer_with_no_taskflow', 'dataset_s3_bucket_producer_with_no_taskflow', 'dataset_s3_bucket_consumer_with_no_taskflow', 'dataset_alias_example_alias_producer_with_no_taskflow' retrieved from /home/airflow/.local/lib/python3.12/site-packages/airflow/example_dags/example_dataset_alias_with_no_taskflow.py
[2025-07-17T08:32:52.408+0000] {logging_mixin.py:190} INFO - [2025-07-17T08:32:52.407+0000] {dag.py:3211} INFO - Sync 4 DAGs
[2025-07-17T08:32:52.418+0000] {logging_mixin.py:190} INFO - [2025-07-17T08:32:52.418+0000] {dag.py:4138} INFO - Setting next_dagrun for dataset_alias_example_alias_consumer_with_no_taskflow to None, run_after=None
[2025-07-17T08:32:52.419+0000] {logging_mixin.py:190} INFO - [2025-07-17T08:32:52.419+0000] {dag.py:4138} INFO - Setting next_dagrun for dataset_alias_example_alias_producer_with_no_taskflow to None, run_after=None
[2025-07-17T08:32:52.419+0000] {logging_mixin.py:190} INFO - [2025-07-17T08:32:52.419+0000] {dag.py:4138} INFO - Setting next_dagrun for dataset_s3_bucket_consumer_with_no_taskflow to None, run_after=None
[2025-07-17T08:32:52.419+0000] {logging_mixin.py:190} INFO - [2025-07-17T08:32:52.419+0000] {dag.py:4138} INFO - Setting next_dagrun for dataset_s3_bucket_producer_with_no_taskflow to None, run_after=None
[2025-07-17T08:32:52.428+0000] {processor.py:208} INFO - Processing /home/airflow/.local/lib/python3.12/site-packages/airflow/example_dags/example_dataset_alias_with_no_taskflow.py took 0.114 seconds
[2025-07-17T08:33:23.037+0000] {processor.py:186} INFO - Started process (PID=394) to work on /home/airflow/.local/lib/python3.12/site-packages/airflow/example_dags/example_dataset_alias_with_no_taskflow.py
[2025-07-17T08:33:23.038+0000] {processor.py:914} INFO - Processing file /home/airflow/.local/lib/python3.12/site-packages/airflow/example_dags/example_dataset_alias_with_no_taskflow.py for tasks to queue
[2025-07-17T08:33:23.040+0000] {logging_mixin.py:190} INFO - [2025-07-17T08:33:23.040+0000] {dagbag.py:587} INFO - Filling up the DagBag from /home/airflow/.local/lib/python3.12/site-packages/airflow/example_dags/example_dataset_alias_with_no_taskflow.py
[2025-07-17T08:33:23.115+0000] {processor.py:925} INFO - DAG(s) 'dataset_alias_example_alias_producer_with_no_taskflow', 'dataset_s3_bucket_consumer_with_no_taskflow', 'dataset_s3_bucket_producer_with_no_taskflow', 'dataset_alias_example_alias_consumer_with_no_taskflow' retrieved from /home/airflow/.local/lib/python3.12/site-packages/airflow/example_dags/example_dataset_alias_with_no_taskflow.py
[2025-07-17T08:33:23.123+0000] {logging_mixin.py:190} INFO - [2025-07-17T08:33:23.123+0000] {dag.py:3211} INFO - Sync 4 DAGs
[2025-07-17T08:33:23.132+0000] {logging_mixin.py:190} INFO - [2025-07-17T08:33:23.132+0000] {dag.py:4138} INFO - Setting next_dagrun for dataset_alias_example_alias_consumer_with_no_taskflow to None, run_after=None
[2025-07-17T08:33:23.133+0000] {logging_mixin.py:190} INFO - [2025-07-17T08:33:23.133+0000] {dag.py:4138} INFO - Setting next_dagrun for dataset_alias_example_alias_producer_with_no_taskflow to None, run_after=None
[2025-07-17T08:33:23.133+0000] {logging_mixin.py:190} INFO - [2025-07-17T08:33:23.133+0000] {dag.py:4138} INFO - Setting next_dagrun for dataset_s3_bucket_consumer_with_no_taskflow to None, run_after=None
[2025-07-17T08:33:23.134+0000] {logging_mixin.py:190} INFO - [2025-07-17T08:33:23.134+0000] {dag.py:4138} INFO - Setting next_dagrun for dataset_s3_bucket_producer_with_no_taskflow to None, run_after=None
[2025-07-17T08:33:23.141+0000] {processor.py:208} INFO - Processing /home/airflow/.local/lib/python3.12/site-packages/airflow/example_dags/example_dataset_alias_with_no_taskflow.py took 0.108 seconds
[2025-07-17T08:33:53.859+0000] {processor.py:186} INFO - Started process (PID=456) to work on /home/airflow/.local/lib/python3.12/site-packages/airflow/example_dags/example_dataset_alias_with_no_taskflow.py
[2025-07-17T08:33:53.860+0000] {processor.py:914} INFO - Processing file /home/airflow/.local/lib/python3.12/site-packages/airflow/example_dags/example_dataset_alias_with_no_taskflow.py for tasks to queue
[2025-07-17T08:33:53.861+0000] {logging_mixin.py:190} INFO - [2025-07-17T08:33:53.861+0000] {dagbag.py:587} INFO - Filling up the DagBag from /home/airflow/.local/lib/python3.12/site-packages/airflow/example_dags/example_dataset_alias_with_no_taskflow.py
[2025-07-17T08:33:53.936+0000] {processor.py:925} INFO - DAG(s) 'dataset_s3_bucket_consumer_with_no_taskflow', 'dataset_s3_bucket_producer_with_no_taskflow', 'dataset_alias_example_alias_consumer_with_no_taskflow', 'dataset_alias_example_alias_producer_with_no_taskflow' retrieved from /home/airflow/.local/lib/python3.12/site-packages/airflow/example_dags/example_dataset_alias_with_no_taskflow.py
[2025-07-17T08:33:53.945+0000] {logging_mixin.py:190} INFO - [2025-07-17T08:33:53.945+0000] {dag.py:3211} INFO - Sync 4 DAGs
[2025-07-17T08:33:53.954+0000] {logging_mixin.py:190} INFO - [2025-07-17T08:33:53.953+0000] {dag.py:4138} INFO - Setting next_dagrun for dataset_alias_example_alias_consumer_with_no_taskflow to None, run_after=None
[2025-07-17T08:33:53.954+0000] {logging_mixin.py:190} INFO - [2025-07-17T08:33:53.954+0000] {dag.py:4138} INFO - Setting next_dagrun for dataset_alias_example_alias_producer_with_no_taskflow to None, run_after=None
[2025-07-17T08:33:53.955+0000] {logging_mixin.py:190} INFO - [2025-07-17T08:33:53.955+0000] {dag.py:4138} INFO - Setting next_dagrun for dataset_s3_bucket_consumer_with_no_taskflow to None, run_after=None
[2025-07-17T08:33:53.955+0000] {logging_mixin.py:190} INFO - [2025-07-17T08:33:53.955+0000] {dag.py:4138} INFO - Setting next_dagrun for dataset_s3_bucket_producer_with_no_taskflow to None, run_after=None
[2025-07-17T08:33:53.964+0000] {processor.py:208} INFO - Processing /home/airflow/.local/lib/python3.12/site-packages/airflow/example_dags/example_dataset_alias_with_no_taskflow.py took 0.108 seconds
[2025-07-17T08:34:24.720+0000] {processor.py:186} INFO - Started process (PID=518) to work on /home/airflow/.local/lib/python3.12/site-packages/airflow/example_dags/example_dataset_alias_with_no_taskflow.py
[2025-07-17T08:34:24.721+0000] {processor.py:914} INFO - Processing file /home/airflow/.local/lib/python3.12/site-packages/airflow/example_dags/example_dataset_alias_with_no_taskflow.py for tasks to queue
[2025-07-17T08:34:24.723+0000] {logging_mixin.py:190} INFO - [2025-07-17T08:34:24.723+0000] {dagbag.py:587} INFO - Filling up the DagBag from /home/airflow/.local/lib/python3.12/site-packages/airflow/example_dags/example_dataset_alias_with_no_taskflow.py
[2025-07-17T08:34:24.856+0000] {processor.py:925} INFO - DAG(s) 'dataset_s3_bucket_producer_with_no_taskflow', 'dataset_alias_example_alias_producer_with_no_taskflow', 'dataset_s3_bucket_consumer_with_no_taskflow', 'dataset_alias_example_alias_consumer_with_no_taskflow' retrieved from /home/airflow/.local/lib/python3.12/site-packages/airflow/example_dags/example_dataset_alias_with_no_taskflow.py
[2025-07-17T08:34:24.878+0000] {logging_mixin.py:190} INFO - [2025-07-17T08:34:24.877+0000] {dag.py:3211} INFO - Sync 4 DAGs
[2025-07-17T08:34:24.888+0000] {logging_mixin.py:190} INFO - [2025-07-17T08:34:24.888+0000] {dag.py:4138} INFO - Setting next_dagrun for dataset_alias_example_alias_consumer_with_no_taskflow to None, run_after=None
[2025-07-17T08:34:24.889+0000] {logging_mixin.py:190} INFO - [2025-07-17T08:34:24.889+0000] {dag.py:4138} INFO - Setting next_dagrun for dataset_alias_example_alias_producer_with_no_taskflow to None, run_after=None
[2025-07-17T08:34:24.890+0000] {logging_mixin.py:190} INFO - [2025-07-17T08:34:24.890+0000] {dag.py:4138} INFO - Setting next_dagrun for dataset_s3_bucket_consumer_with_no_taskflow to None, run_after=None
[2025-07-17T08:34:24.891+0000] {logging_mixin.py:190} INFO - [2025-07-17T08:34:24.891+0000] {dag.py:4138} INFO - Setting next_dagrun for dataset_s3_bucket_producer_with_no_taskflow to None, run_after=None
[2025-07-17T08:34:24.906+0000] {processor.py:208} INFO - Processing /home/airflow/.local/lib/python3.12/site-packages/airflow/example_dags/example_dataset_alias_with_no_taskflow.py took 0.190 seconds
[2025-07-17T08:34:55.578+0000] {processor.py:186} INFO - Started process (PID=580) to work on /home/airflow/.local/lib/python3.12/site-packages/airflow/example_dags/example_dataset_alias_with_no_taskflow.py
[2025-07-17T08:34:55.579+0000] {processor.py:914} INFO - Processing file /home/airflow/.local/lib/python3.12/site-packages/airflow/example_dags/example_dataset_alias_with_no_taskflow.py for tasks to queue
[2025-07-17T08:34:55.580+0000] {logging_mixin.py:190} INFO - [2025-07-17T08:34:55.580+0000] {dagbag.py:587} INFO - Filling up the DagBag from /home/airflow/.local/lib/python3.12/site-packages/airflow/example_dags/example_dataset_alias_with_no_taskflow.py
[2025-07-17T08:34:55.646+0000] {processor.py:925} INFO - DAG(s) 'dataset_s3_bucket_consumer_with_no_taskflow', 'dataset_alias_example_alias_producer_with_no_taskflow', 'dataset_alias_example_alias_consumer_with_no_taskflow', 'dataset_s3_bucket_producer_with_no_taskflow' retrieved from /home/airflow/.local/lib/python3.12/site-packages/airflow/example_dags/example_dataset_alias_with_no_taskflow.py
[2025-07-17T08:34:55.659+0000] {logging_mixin.py:190} INFO - [2025-07-17T08:34:55.659+0000] {dag.py:3211} INFO - Sync 4 DAGs
[2025-07-17T08:34:55.667+0000] {logging_mixin.py:190} INFO - [2025-07-17T08:34:55.667+0000] {dag.py:4138} INFO - Setting next_dagrun for dataset_alias_example_alias_consumer_with_no_taskflow to None, run_after=None
[2025-07-17T08:34:55.670+0000] {logging_mixin.py:190} INFO - [2025-07-17T08:34:55.670+0000] {dag.py:4138} INFO - Setting next_dagrun for dataset_alias_example_alias_producer_with_no_taskflow to None, run_after=None
[2025-07-17T08:34:55.670+0000] {logging_mixin.py:190} INFO - [2025-07-17T08:34:55.670+0000] {dag.py:4138} INFO - Setting next_dagrun for dataset_s3_bucket_consumer_with_no_taskflow to None, run_after=None
[2025-07-17T08:34:55.671+0000] {logging_mixin.py:190} INFO - [2025-07-17T08:34:55.671+0000] {dag.py:4138} INFO - Setting next_dagrun for dataset_s3_bucket_producer_with_no_taskflow to None, run_after=None
[2025-07-17T08:34:55.679+0000] {processor.py:208} INFO - Processing /home/airflow/.local/lib/python3.12/site-packages/airflow/example_dags/example_dataset_alias_with_no_taskflow.py took 0.104 seconds
[2025-07-17T08:35:26.554+0000] {processor.py:186} INFO - Started process (PID=642) to work on /home/airflow/.local/lib/python3.12/site-packages/airflow/example_dags/example_dataset_alias_with_no_taskflow.py
[2025-07-17T08:35:26.555+0000] {processor.py:914} INFO - Processing file /home/airflow/.local/lib/python3.12/site-packages/airflow/example_dags/example_dataset_alias_with_no_taskflow.py for tasks to queue
[2025-07-17T08:35:26.557+0000] {logging_mixin.py:190} INFO - [2025-07-17T08:35:26.556+0000] {dagbag.py:587} INFO - Filling up the DagBag from /home/airflow/.local/lib/python3.12/site-packages/airflow/example_dags/example_dataset_alias_with_no_taskflow.py
[2025-07-17T08:35:26.637+0000] {processor.py:925} INFO - DAG(s) 'dataset_alias_example_alias_producer_with_no_taskflow', 'dataset_alias_example_alias_consumer_with_no_taskflow', 'dataset_s3_bucket_producer_with_no_taskflow', 'dataset_s3_bucket_consumer_with_no_taskflow' retrieved from /home/airflow/.local/lib/python3.12/site-packages/airflow/example_dags/example_dataset_alias_with_no_taskflow.py
[2025-07-17T08:35:26.648+0000] {logging_mixin.py:190} INFO - [2025-07-17T08:35:26.648+0000] {dag.py:3211} INFO - Sync 4 DAGs
[2025-07-17T08:35:26.658+0000] {logging_mixin.py:190} INFO - [2025-07-17T08:35:26.658+0000] {dag.py:4138} INFO - Setting next_dagrun for dataset_alias_example_alias_consumer_with_no_taskflow to None, run_after=None
[2025-07-17T08:35:26.660+0000] {logging_mixin.py:190} INFO - [2025-07-17T08:35:26.659+0000] {dag.py:4138} INFO - Setting next_dagrun for dataset_alias_example_alias_producer_with_no_taskflow to None, run_after=None
[2025-07-17T08:35:26.660+0000] {logging_mixin.py:190} INFO - [2025-07-17T08:35:26.660+0000] {dag.py:4138} INFO - Setting next_dagrun for dataset_s3_bucket_consumer_with_no_taskflow to None, run_after=None
[2025-07-17T08:35:26.660+0000] {logging_mixin.py:190} INFO - [2025-07-17T08:35:26.660+0000] {dag.py:4138} INFO - Setting next_dagrun for dataset_s3_bucket_producer_with_no_taskflow to None, run_after=None
[2025-07-17T08:35:26.671+0000] {processor.py:208} INFO - Processing /home/airflow/.local/lib/python3.12/site-packages/airflow/example_dags/example_dataset_alias_with_no_taskflow.py took 0.122 seconds
