[2025-07-17T08:30:48.287+0000] {processor.py:186} INFO - Started process (PID=63) to work on /home/airflow/.local/lib/python3.12/site-packages/airflow/example_dags/example_params_trigger_ui.py
[2025-07-17T08:30:48.288+0000] {processor.py:914} INFO - Processing file /home/airflow/.local/lib/python3.12/site-packages/airflow/example_dags/example_params_trigger_ui.py for tasks to queue
[2025-07-17T08:30:48.289+0000] {logging_mixin.py:190} INFO - [2025-07-17T08:30:48.289+0000] {dagbag.py:587} INFO - Filling up the DagBag from /home/airflow/.local/lib/python3.12/site-packages/airflow/example_dags/example_params_trigger_ui.py
[2025-07-17T08:30:48.295+0000] {processor.py:925} INFO - DAG(s) 'example_params_trigger_ui' retrieved from /home/airflow/.local/lib/python3.12/site-packages/airflow/example_dags/example_params_trigger_ui.py
[2025-07-17T08:30:48.344+0000] {logging_mixin.py:190} INFO - [2025-07-17T08:30:48.344+0000] {override.py:1858} INFO - Created Permission View: can delete on DAG:example_params_trigger_ui
[2025-07-17T08:30:48.348+0000] {logging_mixin.py:190} INFO - [2025-07-17T08:30:48.348+0000] {override.py:1858} INFO - Created Permission View: can edit on DAG:example_params_trigger_ui
[2025-07-17T08:30:48.352+0000] {logging_mixin.py:190} INFO - [2025-07-17T08:30:48.352+0000] {override.py:1858} INFO - Created Permission View: can read on DAG:example_params_trigger_ui
[2025-07-17T08:30:48.352+0000] {logging_mixin.py:190} INFO - [2025-07-17T08:30:48.352+0000] {dag.py:3211} INFO - Sync 1 DAGs
[2025-07-17T08:30:48.357+0000] {logging_mixin.py:190} INFO - [2025-07-17T08:30:48.357+0000] {dag.py:3234} INFO - Creating ORM DAG for example_params_trigger_ui
[2025-07-17T08:30:48.357+0000] {logging_mixin.py:190} INFO - [2025-07-17T08:30:48.357+0000] {dag.py:4138} INFO - Setting next_dagrun for example_params_trigger_ui to None, run_after=None
[2025-07-17T08:30:48.364+0000] {processor.py:208} INFO - Processing /home/airflow/.local/lib/python3.12/site-packages/airflow/example_dags/example_params_trigger_ui.py took 0.079 seconds
[2025-07-17T08:31:18.647+0000] {processor.py:186} INFO - Started process (PID=131) to work on /home/airflow/.local/lib/python3.12/site-packages/airflow/example_dags/example_params_trigger_ui.py
[2025-07-17T08:31:18.650+0000] {processor.py:914} INFO - Processing file /home/airflow/.local/lib/python3.12/site-packages/airflow/example_dags/example_params_trigger_ui.py for tasks to queue
[2025-07-17T08:31:18.655+0000] {logging_mixin.py:190} INFO - [2025-07-17T08:31:18.654+0000] {dagbag.py:587} INFO - Filling up the DagBag from /home/airflow/.local/lib/python3.12/site-packages/airflow/example_dags/example_params_trigger_ui.py
[2025-07-17T08:31:18.659+0000] {processor.py:925} INFO - DAG(s) 'example_params_trigger_ui' retrieved from /home/airflow/.local/lib/python3.12/site-packages/airflow/example_dags/example_params_trigger_ui.py
[2025-07-17T08:31:18.674+0000] {logging_mixin.py:190} INFO - [2025-07-17T08:31:18.674+0000] {dag.py:3211} INFO - Sync 1 DAGs
[2025-07-17T08:31:18.680+0000] {logging_mixin.py:190} INFO - [2025-07-17T08:31:18.680+0000] {dag.py:4138} INFO - Setting next_dagrun for example_params_trigger_ui to None, run_after=None
[2025-07-17T08:31:18.688+0000] {processor.py:208} INFO - Processing /home/airflow/.local/lib/python3.12/site-packages/airflow/example_dags/example_params_trigger_ui.py took 0.043 seconds
[2025-07-17T08:31:49.375+0000] {processor.py:186} INFO - Started process (PID=193) to work on /home/airflow/.local/lib/python3.12/site-packages/airflow/example_dags/example_params_trigger_ui.py
[2025-07-17T08:31:49.375+0000] {processor.py:914} INFO - Processing file /home/airflow/.local/lib/python3.12/site-packages/airflow/example_dags/example_params_trigger_ui.py for tasks to queue
[2025-07-17T08:31:49.376+0000] {logging_mixin.py:190} INFO - [2025-07-17T08:31:49.376+0000] {dagbag.py:587} INFO - Filling up the DagBag from /home/airflow/.local/lib/python3.12/site-packages/airflow/example_dags/example_params_trigger_ui.py
[2025-07-17T08:31:49.381+0000] {processor.py:925} INFO - DAG(s) 'example_params_trigger_ui' retrieved from /home/airflow/.local/lib/python3.12/site-packages/airflow/example_dags/example_params_trigger_ui.py
[2025-07-17T08:31:49.396+0000] {logging_mixin.py:190} INFO - [2025-07-17T08:31:49.396+0000] {dag.py:3211} INFO - Sync 1 DAGs
[2025-07-17T08:31:49.401+0000] {logging_mixin.py:190} INFO - [2025-07-17T08:31:49.401+0000] {dag.py:4138} INFO - Setting next_dagrun for example_params_trigger_ui to None, run_after=None
[2025-07-17T08:31:49.408+0000] {processor.py:208} INFO - Processing /home/airflow/.local/lib/python3.12/site-packages/airflow/example_dags/example_params_trigger_ui.py took 0.036 seconds
[2025-07-17T08:32:20.126+0000] {processor.py:186} INFO - Started process (PID=255) to work on /home/airflow/.local/lib/python3.12/site-packages/airflow/example_dags/example_params_trigger_ui.py
[2025-07-17T08:32:20.129+0000] {processor.py:914} INFO - Processing file /home/airflow/.local/lib/python3.12/site-packages/airflow/example_dags/example_params_trigger_ui.py for tasks to queue
[2025-07-17T08:32:20.132+0000] {logging_mixin.py:190} INFO - [2025-07-17T08:32:20.132+0000] {dagbag.py:587} INFO - Filling up the DagBag from /home/airflow/.local/lib/python3.12/site-packages/airflow/example_dags/example_params_trigger_ui.py
[2025-07-17T08:32:20.137+0000] {processor.py:925} INFO - DAG(s) 'example_params_trigger_ui' retrieved from /home/airflow/.local/lib/python3.12/site-packages/airflow/example_dags/example_params_trigger_ui.py
[2025-07-17T08:32:20.157+0000] {logging_mixin.py:190} INFO - [2025-07-17T08:32:20.157+0000] {dag.py:3211} INFO - Sync 1 DAGs
[2025-07-17T08:32:20.163+0000] {logging_mixin.py:190} INFO - [2025-07-17T08:32:20.163+0000] {dag.py:4138} INFO - Setting next_dagrun for example_params_trigger_ui to None, run_after=None
[2025-07-17T08:32:20.176+0000] {processor.py:208} INFO - Processing /home/airflow/.local/lib/python3.12/site-packages/airflow/example_dags/example_params_trigger_ui.py took 0.052 seconds
[2025-07-17T08:32:50.876+0000] {processor.py:186} INFO - Started process (PID=317) to work on /home/airflow/.local/lib/python3.12/site-packages/airflow/example_dags/example_params_trigger_ui.py
[2025-07-17T08:32:50.877+0000] {processor.py:914} INFO - Processing file /home/airflow/.local/lib/python3.12/site-packages/airflow/example_dags/example_params_trigger_ui.py for tasks to queue
[2025-07-17T08:32:50.878+0000] {logging_mixin.py:190} INFO - [2025-07-17T08:32:50.878+0000] {dagbag.py:587} INFO - Filling up the DagBag from /home/airflow/.local/lib/python3.12/site-packages/airflow/example_dags/example_params_trigger_ui.py
[2025-07-17T08:32:50.883+0000] {processor.py:925} INFO - DAG(s) 'example_params_trigger_ui' retrieved from /home/airflow/.local/lib/python3.12/site-packages/airflow/example_dags/example_params_trigger_ui.py
[2025-07-17T08:32:50.902+0000] {logging_mixin.py:190} INFO - [2025-07-17T08:32:50.902+0000] {dag.py:3211} INFO - Sync 1 DAGs
[2025-07-17T08:32:50.908+0000] {logging_mixin.py:190} INFO - [2025-07-17T08:32:50.908+0000] {dag.py:4138} INFO - Setting next_dagrun for example_params_trigger_ui to None, run_after=None
[2025-07-17T08:32:50.914+0000] {processor.py:208} INFO - Processing /home/airflow/.local/lib/python3.12/site-packages/airflow/example_dags/example_params_trigger_ui.py took 0.041 seconds
[2025-07-17T08:33:21.626+0000] {processor.py:186} INFO - Started process (PID=379) to work on /home/airflow/.local/lib/python3.12/site-packages/airflow/example_dags/example_params_trigger_ui.py
[2025-07-17T08:33:21.627+0000] {processor.py:914} INFO - Processing file /home/airflow/.local/lib/python3.12/site-packages/airflow/example_dags/example_params_trigger_ui.py for tasks to queue
[2025-07-17T08:33:21.628+0000] {logging_mixin.py:190} INFO - [2025-07-17T08:33:21.628+0000] {dagbag.py:587} INFO - Filling up the DagBag from /home/airflow/.local/lib/python3.12/site-packages/airflow/example_dags/example_params_trigger_ui.py
[2025-07-17T08:33:21.633+0000] {processor.py:925} INFO - DAG(s) 'example_params_trigger_ui' retrieved from /home/airflow/.local/lib/python3.12/site-packages/airflow/example_dags/example_params_trigger_ui.py
[2025-07-17T08:33:21.650+0000] {logging_mixin.py:190} INFO - [2025-07-17T08:33:21.650+0000] {dag.py:3211} INFO - Sync 1 DAGs
[2025-07-17T08:33:21.655+0000] {logging_mixin.py:190} INFO - [2025-07-17T08:33:21.655+0000] {dag.py:4138} INFO - Setting next_dagrun for example_params_trigger_ui to None, run_after=None
[2025-07-17T08:33:21.662+0000] {processor.py:208} INFO - Processing /home/airflow/.local/lib/python3.12/site-packages/airflow/example_dags/example_params_trigger_ui.py took 0.039 seconds
[2025-07-17T08:33:52.379+0000] {processor.py:186} INFO - Started process (PID=441) to work on /home/airflow/.local/lib/python3.12/site-packages/airflow/example_dags/example_params_trigger_ui.py
[2025-07-17T08:33:52.380+0000] {processor.py:914} INFO - Processing file /home/airflow/.local/lib/python3.12/site-packages/airflow/example_dags/example_params_trigger_ui.py for tasks to queue
[2025-07-17T08:33:52.381+0000] {logging_mixin.py:190} INFO - [2025-07-17T08:33:52.380+0000] {dagbag.py:587} INFO - Filling up the DagBag from /home/airflow/.local/lib/python3.12/site-packages/airflow/example_dags/example_params_trigger_ui.py
[2025-07-17T08:33:52.386+0000] {processor.py:925} INFO - DAG(s) 'example_params_trigger_ui' retrieved from /home/airflow/.local/lib/python3.12/site-packages/airflow/example_dags/example_params_trigger_ui.py
[2025-07-17T08:33:52.403+0000] {logging_mixin.py:190} INFO - [2025-07-17T08:33:52.403+0000] {dag.py:3211} INFO - Sync 1 DAGs
[2025-07-17T08:33:52.409+0000] {logging_mixin.py:190} INFO - [2025-07-17T08:33:52.409+0000] {dag.py:4138} INFO - Setting next_dagrun for example_params_trigger_ui to None, run_after=None
[2025-07-17T08:33:52.416+0000] {processor.py:208} INFO - Processing /home/airflow/.local/lib/python3.12/site-packages/airflow/example_dags/example_params_trigger_ui.py took 0.040 seconds
[2025-07-17T08:34:23.242+0000] {processor.py:186} INFO - Started process (PID=503) to work on /home/airflow/.local/lib/python3.12/site-packages/airflow/example_dags/example_params_trigger_ui.py
[2025-07-17T08:34:23.242+0000] {processor.py:914} INFO - Processing file /home/airflow/.local/lib/python3.12/site-packages/airflow/example_dags/example_params_trigger_ui.py for tasks to queue
[2025-07-17T08:34:23.244+0000] {logging_mixin.py:190} INFO - [2025-07-17T08:34:23.244+0000] {dagbag.py:587} INFO - Filling up the DagBag from /home/airflow/.local/lib/python3.12/site-packages/airflow/example_dags/example_params_trigger_ui.py
[2025-07-17T08:34:23.249+0000] {processor.py:925} INFO - DAG(s) 'example_params_trigger_ui' retrieved from /home/airflow/.local/lib/python3.12/site-packages/airflow/example_dags/example_params_trigger_ui.py
[2025-07-17T08:34:23.267+0000] {logging_mixin.py:190} INFO - [2025-07-17T08:34:23.267+0000] {dag.py:3211} INFO - Sync 1 DAGs
[2025-07-17T08:34:23.273+0000] {logging_mixin.py:190} INFO - [2025-07-17T08:34:23.273+0000] {dag.py:4138} INFO - Setting next_dagrun for example_params_trigger_ui to None, run_after=None
[2025-07-17T08:34:23.280+0000] {processor.py:208} INFO - Processing /home/airflow/.local/lib/python3.12/site-packages/airflow/example_dags/example_params_trigger_ui.py took 0.041 seconds
[2025-07-17T08:34:54.167+0000] {processor.py:186} INFO - Started process (PID=565) to work on /home/airflow/.local/lib/python3.12/site-packages/airflow/example_dags/example_params_trigger_ui.py
[2025-07-17T08:34:54.168+0000] {processor.py:914} INFO - Processing file /home/airflow/.local/lib/python3.12/site-packages/airflow/example_dags/example_params_trigger_ui.py for tasks to queue
[2025-07-17T08:34:54.169+0000] {logging_mixin.py:190} INFO - [2025-07-17T08:34:54.168+0000] {dagbag.py:587} INFO - Filling up the DagBag from /home/airflow/.local/lib/python3.12/site-packages/airflow/example_dags/example_params_trigger_ui.py
[2025-07-17T08:34:54.174+0000] {processor.py:925} INFO - DAG(s) 'example_params_trigger_ui' retrieved from /home/airflow/.local/lib/python3.12/site-packages/airflow/example_dags/example_params_trigger_ui.py
[2025-07-17T08:34:54.189+0000] {logging_mixin.py:190} INFO - [2025-07-17T08:34:54.189+0000] {dag.py:3211} INFO - Sync 1 DAGs
[2025-07-17T08:34:54.197+0000] {logging_mixin.py:190} INFO - [2025-07-17T08:34:54.196+0000] {dag.py:4138} INFO - Setting next_dagrun for example_params_trigger_ui to None, run_after=None
[2025-07-17T08:34:54.205+0000] {processor.py:208} INFO - Processing /home/airflow/.local/lib/python3.12/site-packages/airflow/example_dags/example_params_trigger_ui.py took 0.040 seconds
[2025-07-17T08:35:25.051+0000] {processor.py:186} INFO - Started process (PID=627) to work on /home/airflow/.local/lib/python3.12/site-packages/airflow/example_dags/example_params_trigger_ui.py
[2025-07-17T08:35:25.052+0000] {processor.py:914} INFO - Processing file /home/airflow/.local/lib/python3.12/site-packages/airflow/example_dags/example_params_trigger_ui.py for tasks to queue
[2025-07-17T08:35:25.053+0000] {logging_mixin.py:190} INFO - [2025-07-17T08:35:25.053+0000] {dagbag.py:587} INFO - Filling up the DagBag from /home/airflow/.local/lib/python3.12/site-packages/airflow/example_dags/example_params_trigger_ui.py
[2025-07-17T08:35:25.058+0000] {processor.py:925} INFO - DAG(s) 'example_params_trigger_ui' retrieved from /home/airflow/.local/lib/python3.12/site-packages/airflow/example_dags/example_params_trigger_ui.py
[2025-07-17T08:35:25.076+0000] {logging_mixin.py:190} INFO - [2025-07-17T08:35:25.076+0000] {dag.py:3211} INFO - Sync 1 DAGs
[2025-07-17T08:35:25.084+0000] {logging_mixin.py:190} INFO - [2025-07-17T08:35:25.084+0000] {dag.py:4138} INFO - Setting next_dagrun for example_params_trigger_ui to None, run_after=None
[2025-07-17T08:35:25.098+0000] {processor.py:208} INFO - Processing /home/airflow/.local/lib/python3.12/site-packages/airflow/example_dags/example_params_trigger_ui.py took 0.050 seconds
