[2025-07-17T08:30:48.017+0000] {processor.py:186} INFO - Started process (PID=57) to work on /home/airflow/.local/lib/python3.12/site-packages/airflow/example_dags/example_external_task_marker_dag.py
[2025-07-17T08:30:48.018+0000] {processor.py:914} INFO - Processing file /home/airflow/.local/lib/python3.12/site-packages/airflow/example_dags/example_external_task_marker_dag.py for tasks to queue
[2025-07-17T08:30:48.019+0000] {logging_mixin.py:190} INFO - [2025-07-17T08:30:48.019+0000] {dagbag.py:587} INFO - Filling up the DagBag from /home/airflow/.local/lib/python3.12/site-packages/airflow/example_dags/example_external_task_marker_dag.py
[2025-07-17T08:30:48.023+0000] {processor.py:925} INFO - DAG(s) 'example_external_task_marker_parent', 'example_external_task_marker_child' retrieved from /home/airflow/.local/lib/python3.12/site-packages/airflow/example_dags/example_external_task_marker_dag.py
[2025-07-17T08:30:48.059+0000] {logging_mixin.py:190} INFO - [2025-07-17T08:30:48.058+0000] {override.py:1858} INFO - Created Permission View: can delete on DAG:example_external_task_marker_parent
[2025-07-17T08:30:48.062+0000] {logging_mixin.py:190} INFO - [2025-07-17T08:30:48.062+0000] {override.py:1858} INFO - Created Permission View: can edit on DAG:example_external_task_marker_parent
[2025-07-17T08:30:48.064+0000] {logging_mixin.py:190} INFO - [2025-07-17T08:30:48.064+0000] {override.py:1858} INFO - Created Permission View: can read on DAG:example_external_task_marker_parent
[2025-07-17T08:30:48.068+0000] {logging_mixin.py:190} INFO - [2025-07-17T08:30:48.068+0000] {override.py:1858} INFO - Created Permission View: can delete on DAG:example_external_task_marker_child
[2025-07-17T08:30:48.070+0000] {logging_mixin.py:190} INFO - [2025-07-17T08:30:48.070+0000] {override.py:1858} INFO - Created Permission View: can edit on DAG:example_external_task_marker_child
[2025-07-17T08:30:48.072+0000] {logging_mixin.py:190} INFO - [2025-07-17T08:30:48.072+0000] {override.py:1858} INFO - Created Permission View: can read on DAG:example_external_task_marker_child
[2025-07-17T08:30:48.072+0000] {logging_mixin.py:190} INFO - [2025-07-17T08:30:48.072+0000] {dag.py:3211} INFO - Sync 2 DAGs
[2025-07-17T08:30:48.077+0000] {logging_mixin.py:190} INFO - [2025-07-17T08:30:48.077+0000] {dag.py:3234} INFO - Creating ORM DAG for example_external_task_marker_parent
[2025-07-17T08:30:48.077+0000] {logging_mixin.py:190} INFO - [2025-07-17T08:30:48.077+0000] {dag.py:3234} INFO - Creating ORM DAG for example_external_task_marker_child
[2025-07-17T08:30:48.078+0000] {logging_mixin.py:190} INFO - [2025-07-17T08:30:48.077+0000] {dag.py:4138} INFO - Setting next_dagrun for example_external_task_marker_child to None, run_after=None
[2025-07-17T08:30:48.078+0000] {logging_mixin.py:190} INFO - [2025-07-17T08:30:48.078+0000] {dag.py:4138} INFO - Setting next_dagrun for example_external_task_marker_parent to None, run_after=None
[2025-07-17T08:30:48.085+0000] {processor.py:208} INFO - Processing /home/airflow/.local/lib/python3.12/site-packages/airflow/example_dags/example_external_task_marker_dag.py took 0.070 seconds
[2025-07-17T08:31:18.524+0000] {processor.py:186} INFO - Started process (PID=125) to work on /home/airflow/.local/lib/python3.12/site-packages/airflow/example_dags/example_external_task_marker_dag.py
[2025-07-17T08:31:18.526+0000] {processor.py:914} INFO - Processing file /home/airflow/.local/lib/python3.12/site-packages/airflow/example_dags/example_external_task_marker_dag.py for tasks to queue
[2025-07-17T08:31:18.527+0000] {logging_mixin.py:190} INFO - [2025-07-17T08:31:18.527+0000] {dagbag.py:587} INFO - Filling up the DagBag from /home/airflow/.local/lib/python3.12/site-packages/airflow/example_dags/example_external_task_marker_dag.py
[2025-07-17T08:31:18.531+0000] {processor.py:925} INFO - DAG(s) 'example_external_task_marker_parent', 'example_external_task_marker_child' retrieved from /home/airflow/.local/lib/python3.12/site-packages/airflow/example_dags/example_external_task_marker_dag.py
[2025-07-17T08:31:18.540+0000] {logging_mixin.py:190} INFO - [2025-07-17T08:31:18.540+0000] {dag.py:3211} INFO - Sync 2 DAGs
[2025-07-17T08:31:18.546+0000] {logging_mixin.py:190} INFO - [2025-07-17T08:31:18.546+0000] {dag.py:4138} INFO - Setting next_dagrun for example_external_task_marker_child to None, run_after=None
[2025-07-17T08:31:18.547+0000] {logging_mixin.py:190} INFO - [2025-07-17T08:31:18.547+0000] {dag.py:4138} INFO - Setting next_dagrun for example_external_task_marker_parent to None, run_after=None
[2025-07-17T08:31:18.553+0000] {processor.py:208} INFO - Processing /home/airflow/.local/lib/python3.12/site-packages/airflow/example_dags/example_external_task_marker_dag.py took 0.032 seconds
[2025-07-17T08:31:49.212+0000] {processor.py:186} INFO - Started process (PID=187) to work on /home/airflow/.local/lib/python3.12/site-packages/airflow/example_dags/example_external_task_marker_dag.py
[2025-07-17T08:31:49.214+0000] {processor.py:914} INFO - Processing file /home/airflow/.local/lib/python3.12/site-packages/airflow/example_dags/example_external_task_marker_dag.py for tasks to queue
[2025-07-17T08:31:49.215+0000] {logging_mixin.py:190} INFO - [2025-07-17T08:31:49.215+0000] {dagbag.py:587} INFO - Filling up the DagBag from /home/airflow/.local/lib/python3.12/site-packages/airflow/example_dags/example_external_task_marker_dag.py
[2025-07-17T08:31:49.219+0000] {processor.py:925} INFO - DAG(s) 'example_external_task_marker_parent', 'example_external_task_marker_child' retrieved from /home/airflow/.local/lib/python3.12/site-packages/airflow/example_dags/example_external_task_marker_dag.py
[2025-07-17T08:31:49.228+0000] {logging_mixin.py:190} INFO - [2025-07-17T08:31:49.228+0000] {dag.py:3211} INFO - Sync 2 DAGs
[2025-07-17T08:31:49.233+0000] {logging_mixin.py:190} INFO - [2025-07-17T08:31:49.233+0000] {dag.py:4138} INFO - Setting next_dagrun for example_external_task_marker_child to None, run_after=None
[2025-07-17T08:31:49.235+0000] {logging_mixin.py:190} INFO - [2025-07-17T08:31:49.235+0000] {dag.py:4138} INFO - Setting next_dagrun for example_external_task_marker_parent to None, run_after=None
[2025-07-17T08:31:49.241+0000] {processor.py:208} INFO - Processing /home/airflow/.local/lib/python3.12/site-packages/airflow/example_dags/example_external_task_marker_dag.py took 0.031 seconds
[2025-07-17T08:32:19.974+0000] {processor.py:186} INFO - Started process (PID=249) to work on /home/airflow/.local/lib/python3.12/site-packages/airflow/example_dags/example_external_task_marker_dag.py
[2025-07-17T08:32:19.978+0000] {processor.py:914} INFO - Processing file /home/airflow/.local/lib/python3.12/site-packages/airflow/example_dags/example_external_task_marker_dag.py for tasks to queue
[2025-07-17T08:32:19.979+0000] {logging_mixin.py:190} INFO - [2025-07-17T08:32:19.979+0000] {dagbag.py:587} INFO - Filling up the DagBag from /home/airflow/.local/lib/python3.12/site-packages/airflow/example_dags/example_external_task_marker_dag.py
[2025-07-17T08:32:19.984+0000] {processor.py:925} INFO - DAG(s) 'example_external_task_marker_parent', 'example_external_task_marker_child' retrieved from /home/airflow/.local/lib/python3.12/site-packages/airflow/example_dags/example_external_task_marker_dag.py
[2025-07-17T08:32:19.998+0000] {logging_mixin.py:190} INFO - [2025-07-17T08:32:19.998+0000] {dag.py:3211} INFO - Sync 2 DAGs
[2025-07-17T08:32:20.006+0000] {logging_mixin.py:190} INFO - [2025-07-17T08:32:20.006+0000] {dag.py:4138} INFO - Setting next_dagrun for example_external_task_marker_child to None, run_after=None
[2025-07-17T08:32:20.008+0000] {logging_mixin.py:190} INFO - [2025-07-17T08:32:20.007+0000] {dag.py:4138} INFO - Setting next_dagrun for example_external_task_marker_parent to None, run_after=None
[2025-07-17T08:32:20.014+0000] {processor.py:208} INFO - Processing /home/airflow/.local/lib/python3.12/site-packages/airflow/example_dags/example_external_task_marker_dag.py took 0.042 seconds
[2025-07-17T08:32:50.746+0000] {processor.py:186} INFO - Started process (PID=311) to work on /home/airflow/.local/lib/python3.12/site-packages/airflow/example_dags/example_external_task_marker_dag.py
[2025-07-17T08:32:50.747+0000] {processor.py:914} INFO - Processing file /home/airflow/.local/lib/python3.12/site-packages/airflow/example_dags/example_external_task_marker_dag.py for tasks to queue
[2025-07-17T08:32:50.748+0000] {logging_mixin.py:190} INFO - [2025-07-17T08:32:50.748+0000] {dagbag.py:587} INFO - Filling up the DagBag from /home/airflow/.local/lib/python3.12/site-packages/airflow/example_dags/example_external_task_marker_dag.py
[2025-07-17T08:32:50.753+0000] {processor.py:925} INFO - DAG(s) 'example_external_task_marker_parent', 'example_external_task_marker_child' retrieved from /home/airflow/.local/lib/python3.12/site-packages/airflow/example_dags/example_external_task_marker_dag.py
[2025-07-17T08:32:50.764+0000] {logging_mixin.py:190} INFO - [2025-07-17T08:32:50.763+0000] {dag.py:3211} INFO - Sync 2 DAGs
[2025-07-17T08:32:50.769+0000] {logging_mixin.py:190} INFO - [2025-07-17T08:32:50.769+0000] {dag.py:4138} INFO - Setting next_dagrun for example_external_task_marker_child to None, run_after=None
[2025-07-17T08:32:50.771+0000] {logging_mixin.py:190} INFO - [2025-07-17T08:32:50.771+0000] {dag.py:4138} INFO - Setting next_dagrun for example_external_task_marker_parent to None, run_after=None
[2025-07-17T08:32:50.777+0000] {processor.py:208} INFO - Processing /home/airflow/.local/lib/python3.12/site-packages/airflow/example_dags/example_external_task_marker_dag.py took 0.033 seconds
[2025-07-17T08:33:21.480+0000] {processor.py:186} INFO - Started process (PID=373) to work on /home/airflow/.local/lib/python3.12/site-packages/airflow/example_dags/example_external_task_marker_dag.py
[2025-07-17T08:33:21.483+0000] {processor.py:914} INFO - Processing file /home/airflow/.local/lib/python3.12/site-packages/airflow/example_dags/example_external_task_marker_dag.py for tasks to queue
[2025-07-17T08:33:21.486+0000] {logging_mixin.py:190} INFO - [2025-07-17T08:33:21.486+0000] {dagbag.py:587} INFO - Filling up the DagBag from /home/airflow/.local/lib/python3.12/site-packages/airflow/example_dags/example_external_task_marker_dag.py
[2025-07-17T08:33:21.490+0000] {processor.py:925} INFO - DAG(s) 'example_external_task_marker_parent', 'example_external_task_marker_child' retrieved from /home/airflow/.local/lib/python3.12/site-packages/airflow/example_dags/example_external_task_marker_dag.py
[2025-07-17T08:33:21.503+0000] {logging_mixin.py:190} INFO - [2025-07-17T08:33:21.503+0000] {dag.py:3211} INFO - Sync 2 DAGs
[2025-07-17T08:33:21.509+0000] {logging_mixin.py:190} INFO - [2025-07-17T08:33:21.509+0000] {dag.py:4138} INFO - Setting next_dagrun for example_external_task_marker_child to None, run_after=None
[2025-07-17T08:33:21.511+0000] {logging_mixin.py:190} INFO - [2025-07-17T08:33:21.511+0000] {dag.py:4138} INFO - Setting next_dagrun for example_external_task_marker_parent to None, run_after=None
[2025-07-17T08:33:21.517+0000] {processor.py:208} INFO - Processing /home/airflow/.local/lib/python3.12/site-packages/airflow/example_dags/example_external_task_marker_dag.py took 0.039 seconds
[2025-07-17T08:33:52.224+0000] {processor.py:186} INFO - Started process (PID=435) to work on /home/airflow/.local/lib/python3.12/site-packages/airflow/example_dags/example_external_task_marker_dag.py
[2025-07-17T08:33:52.224+0000] {processor.py:914} INFO - Processing file /home/airflow/.local/lib/python3.12/site-packages/airflow/example_dags/example_external_task_marker_dag.py for tasks to queue
[2025-07-17T08:33:52.227+0000] {logging_mixin.py:190} INFO - [2025-07-17T08:33:52.227+0000] {dagbag.py:587} INFO - Filling up the DagBag from /home/airflow/.local/lib/python3.12/site-packages/airflow/example_dags/example_external_task_marker_dag.py
[2025-07-17T08:33:52.231+0000] {processor.py:925} INFO - DAG(s) 'example_external_task_marker_child', 'example_external_task_marker_parent' retrieved from /home/airflow/.local/lib/python3.12/site-packages/airflow/example_dags/example_external_task_marker_dag.py
[2025-07-17T08:33:52.242+0000] {logging_mixin.py:190} INFO - [2025-07-17T08:33:52.241+0000] {dag.py:3211} INFO - Sync 2 DAGs
[2025-07-17T08:33:52.248+0000] {logging_mixin.py:190} INFO - [2025-07-17T08:33:52.248+0000] {dag.py:4138} INFO - Setting next_dagrun for example_external_task_marker_child to None, run_after=None
[2025-07-17T08:33:52.250+0000] {logging_mixin.py:190} INFO - [2025-07-17T08:33:52.250+0000] {dag.py:4138} INFO - Setting next_dagrun for example_external_task_marker_parent to None, run_after=None
[2025-07-17T08:33:52.259+0000] {processor.py:208} INFO - Processing /home/airflow/.local/lib/python3.12/site-packages/airflow/example_dags/example_external_task_marker_dag.py took 0.038 seconds
[2025-07-17T08:34:23.081+0000] {processor.py:186} INFO - Started process (PID=497) to work on /home/airflow/.local/lib/python3.12/site-packages/airflow/example_dags/example_external_task_marker_dag.py
[2025-07-17T08:34:23.082+0000] {processor.py:914} INFO - Processing file /home/airflow/.local/lib/python3.12/site-packages/airflow/example_dags/example_external_task_marker_dag.py for tasks to queue
[2025-07-17T08:34:23.084+0000] {logging_mixin.py:190} INFO - [2025-07-17T08:34:23.083+0000] {dagbag.py:587} INFO - Filling up the DagBag from /home/airflow/.local/lib/python3.12/site-packages/airflow/example_dags/example_external_task_marker_dag.py
[2025-07-17T08:34:23.087+0000] {processor.py:925} INFO - DAG(s) 'example_external_task_marker_parent', 'example_external_task_marker_child' retrieved from /home/airflow/.local/lib/python3.12/site-packages/airflow/example_dags/example_external_task_marker_dag.py
[2025-07-17T08:34:23.097+0000] {logging_mixin.py:190} INFO - [2025-07-17T08:34:23.097+0000] {dag.py:3211} INFO - Sync 2 DAGs
[2025-07-17T08:34:23.103+0000] {logging_mixin.py:190} INFO - [2025-07-17T08:34:23.103+0000] {dag.py:4138} INFO - Setting next_dagrun for example_external_task_marker_child to None, run_after=None
[2025-07-17T08:34:23.108+0000] {logging_mixin.py:190} INFO - [2025-07-17T08:34:23.108+0000] {dag.py:4138} INFO - Setting next_dagrun for example_external_task_marker_parent to None, run_after=None
[2025-07-17T08:34:23.122+0000] {processor.py:208} INFO - Processing /home/airflow/.local/lib/python3.12/site-packages/airflow/example_dags/example_external_task_marker_dag.py took 0.043 seconds
[2025-07-17T08:34:53.986+0000] {processor.py:186} INFO - Started process (PID=559) to work on /home/airflow/.local/lib/python3.12/site-packages/airflow/example_dags/example_external_task_marker_dag.py
[2025-07-17T08:34:53.986+0000] {processor.py:914} INFO - Processing file /home/airflow/.local/lib/python3.12/site-packages/airflow/example_dags/example_external_task_marker_dag.py for tasks to queue
[2025-07-17T08:34:53.987+0000] {logging_mixin.py:190} INFO - [2025-07-17T08:34:53.987+0000] {dagbag.py:587} INFO - Filling up the DagBag from /home/airflow/.local/lib/python3.12/site-packages/airflow/example_dags/example_external_task_marker_dag.py
[2025-07-17T08:34:53.991+0000] {processor.py:925} INFO - DAG(s) 'example_external_task_marker_child', 'example_external_task_marker_parent' retrieved from /home/airflow/.local/lib/python3.12/site-packages/airflow/example_dags/example_external_task_marker_dag.py
[2025-07-17T08:34:54.001+0000] {logging_mixin.py:190} INFO - [2025-07-17T08:34:54.001+0000] {dag.py:3211} INFO - Sync 2 DAGs
[2025-07-17T08:34:54.009+0000] {logging_mixin.py:190} INFO - [2025-07-17T08:34:54.008+0000] {dag.py:4138} INFO - Setting next_dagrun for example_external_task_marker_child to None, run_after=None
[2025-07-17T08:34:54.011+0000] {logging_mixin.py:190} INFO - [2025-07-17T08:34:54.011+0000] {dag.py:4138} INFO - Setting next_dagrun for example_external_task_marker_parent to None, run_after=None
[2025-07-17T08:34:54.017+0000] {processor.py:208} INFO - Processing /home/airflow/.local/lib/python3.12/site-packages/airflow/example_dags/example_external_task_marker_dag.py took 0.034 seconds
[2025-07-17T08:35:24.853+0000] {processor.py:186} INFO - Started process (PID=621) to work on /home/airflow/.local/lib/python3.12/site-packages/airflow/example_dags/example_external_task_marker_dag.py
[2025-07-17T08:35:24.854+0000] {processor.py:914} INFO - Processing file /home/airflow/.local/lib/python3.12/site-packages/airflow/example_dags/example_external_task_marker_dag.py for tasks to queue
[2025-07-17T08:35:24.856+0000] {logging_mixin.py:190} INFO - [2025-07-17T08:35:24.856+0000] {dagbag.py:587} INFO - Filling up the DagBag from /home/airflow/.local/lib/python3.12/site-packages/airflow/example_dags/example_external_task_marker_dag.py
[2025-07-17T08:35:24.860+0000] {processor.py:925} INFO - DAG(s) 'example_external_task_marker_parent', 'example_external_task_marker_child' retrieved from /home/airflow/.local/lib/python3.12/site-packages/airflow/example_dags/example_external_task_marker_dag.py
[2025-07-17T08:35:24.874+0000] {logging_mixin.py:190} INFO - [2025-07-17T08:35:24.874+0000] {dag.py:3211} INFO - Sync 2 DAGs
[2025-07-17T08:35:24.880+0000] {logging_mixin.py:190} INFO - [2025-07-17T08:35:24.880+0000] {dag.py:4138} INFO - Setting next_dagrun for example_external_task_marker_child to None, run_after=None
[2025-07-17T08:35:24.882+0000] {logging_mixin.py:190} INFO - [2025-07-17T08:35:24.882+0000] {dag.py:4138} INFO - Setting next_dagrun for example_external_task_marker_parent to None, run_after=None
[2025-07-17T08:35:24.892+0000] {processor.py:208} INFO - Processing /home/airflow/.local/lib/python3.12/site-packages/airflow/example_dags/example_external_task_marker_dag.py took 0.041 seconds
