[2025-07-17T08:30:48.173+0000] {processor.py:186} INFO - Started process (PID=60) to work on /home/airflow/.local/lib/python3.12/site-packages/airflow/example_dags/example_branch_operator_decorator.py
[2025-07-17T08:30:48.175+0000] {processor.py:914} INFO - Processing file /home/airflow/.local/lib/python3.12/site-packages/airflow/example_dags/example_branch_operator_decorator.py for tasks to queue
[2025-07-17T08:30:48.177+0000] {logging_mixin.py:190} INFO - [2025-07-17T08:30:48.177+0000] {dagbag.py:587} INFO - Filling up the DagBag from /home/airflow/.local/lib/python3.12/site-packages/airflow/example_dags/example_branch_operator_decorator.py
[2025-07-17T08:30:48.190+0000] {processor.py:925} INFO - DAG(s) 'example_branch_python_operator_decorator' retrieved from /home/airflow/.local/lib/python3.12/site-packages/airflow/example_dags/example_branch_operator_decorator.py
[2025-07-17T08:30:48.241+0000] {logging_mixin.py:190} INFO - [2025-07-17T08:30:48.240+0000] {override.py:1858} INFO - Created Permission View: can delete on DAG:example_branch_python_operator_decorator
[2025-07-17T08:30:48.245+0000] {logging_mixin.py:190} INFO - [2025-07-17T08:30:48.244+0000] {override.py:1858} INFO - Created Permission View: can edit on DAG:example_branch_python_operator_decorator
[2025-07-17T08:30:48.246+0000] {logging_mixin.py:190} INFO - [2025-07-17T08:30:48.246+0000] {override.py:1858} INFO - Created Permission View: can read on DAG:example_branch_python_operator_decorator
[2025-07-17T08:30:48.247+0000] {logging_mixin.py:190} INFO - [2025-07-17T08:30:48.247+0000] {dag.py:3211} INFO - Sync 1 DAGs
[2025-07-17T08:30:48.251+0000] {logging_mixin.py:190} INFO - [2025-07-17T08:30:48.251+0000] {dag.py:3234} INFO - Creating ORM DAG for example_branch_python_operator_decorator
[2025-07-17T08:30:48.255+0000] {logging_mixin.py:190} INFO - [2025-07-17T08:30:48.255+0000] {dag.py:4138} INFO - Setting next_dagrun for example_branch_python_operator_decorator to 2025-07-16 00:00:00+00:00, run_after=2025-07-17 00:00:00+00:00
[2025-07-17T08:30:48.262+0000] {processor.py:208} INFO - Processing /home/airflow/.local/lib/python3.12/site-packages/airflow/example_dags/example_branch_operator_decorator.py took 0.094 seconds
[2025-07-17T08:31:18.588+0000] {processor.py:186} INFO - Started process (PID=128) to work on /home/airflow/.local/lib/python3.12/site-packages/airflow/example_dags/example_branch_operator_decorator.py
[2025-07-17T08:31:18.589+0000] {processor.py:914} INFO - Processing file /home/airflow/.local/lib/python3.12/site-packages/airflow/example_dags/example_branch_operator_decorator.py for tasks to queue
[2025-07-17T08:31:18.590+0000] {logging_mixin.py:190} INFO - [2025-07-17T08:31:18.590+0000] {dagbag.py:587} INFO - Filling up the DagBag from /home/airflow/.local/lib/python3.12/site-packages/airflow/example_dags/example_branch_operator_decorator.py
[2025-07-17T08:31:18.598+0000] {processor.py:925} INFO - DAG(s) 'example_branch_python_operator_decorator' retrieved from /home/airflow/.local/lib/python3.12/site-packages/airflow/example_dags/example_branch_operator_decorator.py
[2025-07-17T08:31:18.609+0000] {logging_mixin.py:190} INFO - [2025-07-17T08:31:18.609+0000] {dag.py:3211} INFO - Sync 1 DAGs
[2025-07-17T08:31:18.618+0000] {logging_mixin.py:190} INFO - [2025-07-17T08:31:18.618+0000] {dag.py:4138} INFO - Setting next_dagrun for example_branch_python_operator_decorator to 2025-07-16 00:00:00+00:00, run_after=2025-07-17 00:00:00+00:00
[2025-07-17T08:31:18.625+0000] {processor.py:208} INFO - Processing /home/airflow/.local/lib/python3.12/site-packages/airflow/example_dags/example_branch_operator_decorator.py took 0.039 seconds
[2025-07-17T08:31:49.288+0000] {processor.py:186} INFO - Started process (PID=190) to work on /home/airflow/.local/lib/python3.12/site-packages/airflow/example_dags/example_branch_operator_decorator.py
[2025-07-17T08:31:49.288+0000] {processor.py:914} INFO - Processing file /home/airflow/.local/lib/python3.12/site-packages/airflow/example_dags/example_branch_operator_decorator.py for tasks to queue
[2025-07-17T08:31:49.289+0000] {logging_mixin.py:190} INFO - [2025-07-17T08:31:49.289+0000] {dagbag.py:587} INFO - Filling up the DagBag from /home/airflow/.local/lib/python3.12/site-packages/airflow/example_dags/example_branch_operator_decorator.py
[2025-07-17T08:31:49.297+0000] {processor.py:925} INFO - DAG(s) 'example_branch_python_operator_decorator' retrieved from /home/airflow/.local/lib/python3.12/site-packages/airflow/example_dags/example_branch_operator_decorator.py
[2025-07-17T08:31:49.308+0000] {logging_mixin.py:190} INFO - [2025-07-17T08:31:49.308+0000] {dag.py:3211} INFO - Sync 1 DAGs
[2025-07-17T08:31:49.316+0000] {logging_mixin.py:190} INFO - [2025-07-17T08:31:49.316+0000] {dag.py:4138} INFO - Setting next_dagrun for example_branch_python_operator_decorator to 2025-07-16 00:00:00+00:00, run_after=2025-07-17 00:00:00+00:00
[2025-07-17T08:31:49.322+0000] {processor.py:208} INFO - Processing /home/airflow/.local/lib/python3.12/site-packages/airflow/example_dags/example_branch_operator_decorator.py took 0.037 seconds
[2025-07-17T08:32:20.064+0000] {processor.py:186} INFO - Started process (PID=252) to work on /home/airflow/.local/lib/python3.12/site-packages/airflow/example_dags/example_branch_operator_decorator.py
[2025-07-17T08:32:20.064+0000] {processor.py:914} INFO - Processing file /home/airflow/.local/lib/python3.12/site-packages/airflow/example_dags/example_branch_operator_decorator.py for tasks to queue
[2025-07-17T08:32:20.065+0000] {logging_mixin.py:190} INFO - [2025-07-17T08:32:20.065+0000] {dagbag.py:587} INFO - Filling up the DagBag from /home/airflow/.local/lib/python3.12/site-packages/airflow/example_dags/example_branch_operator_decorator.py
[2025-07-17T08:32:20.074+0000] {processor.py:925} INFO - DAG(s) 'example_branch_python_operator_decorator' retrieved from /home/airflow/.local/lib/python3.12/site-packages/airflow/example_dags/example_branch_operator_decorator.py
[2025-07-17T08:32:20.086+0000] {logging_mixin.py:190} INFO - [2025-07-17T08:32:20.086+0000] {dag.py:3211} INFO - Sync 1 DAGs
[2025-07-17T08:32:20.096+0000] {logging_mixin.py:190} INFO - [2025-07-17T08:32:20.096+0000] {dag.py:4138} INFO - Setting next_dagrun for example_branch_python_operator_decorator to 2025-07-16 00:00:00+00:00, run_after=2025-07-17 00:00:00+00:00
[2025-07-17T08:32:20.103+0000] {processor.py:208} INFO - Processing /home/airflow/.local/lib/python3.12/site-packages/airflow/example_dags/example_branch_operator_decorator.py took 0.042 seconds
[2025-07-17T08:32:50.820+0000] {processor.py:186} INFO - Started process (PID=314) to work on /home/airflow/.local/lib/python3.12/site-packages/airflow/example_dags/example_branch_operator_decorator.py
[2025-07-17T08:32:50.820+0000] {processor.py:914} INFO - Processing file /home/airflow/.local/lib/python3.12/site-packages/airflow/example_dags/example_branch_operator_decorator.py for tasks to queue
[2025-07-17T08:32:50.821+0000] {logging_mixin.py:190} INFO - [2025-07-17T08:32:50.821+0000] {dagbag.py:587} INFO - Filling up the DagBag from /home/airflow/.local/lib/python3.12/site-packages/airflow/example_dags/example_branch_operator_decorator.py
[2025-07-17T08:32:50.829+0000] {processor.py:925} INFO - DAG(s) 'example_branch_python_operator_decorator' retrieved from /home/airflow/.local/lib/python3.12/site-packages/airflow/example_dags/example_branch_operator_decorator.py
[2025-07-17T08:32:50.840+0000] {logging_mixin.py:190} INFO - [2025-07-17T08:32:50.840+0000] {dag.py:3211} INFO - Sync 1 DAGs
[2025-07-17T08:32:50.849+0000] {logging_mixin.py:190} INFO - [2025-07-17T08:32:50.849+0000] {dag.py:4138} INFO - Setting next_dagrun for example_branch_python_operator_decorator to 2025-07-16 00:00:00+00:00, run_after=2025-07-17 00:00:00+00:00
[2025-07-17T08:32:50.855+0000] {processor.py:208} INFO - Processing /home/airflow/.local/lib/python3.12/site-packages/airflow/example_dags/example_branch_operator_decorator.py took 0.038 seconds
[2025-07-17T08:33:21.566+0000] {processor.py:186} INFO - Started process (PID=376) to work on /home/airflow/.local/lib/python3.12/site-packages/airflow/example_dags/example_branch_operator_decorator.py
[2025-07-17T08:33:21.566+0000] {processor.py:914} INFO - Processing file /home/airflow/.local/lib/python3.12/site-packages/airflow/example_dags/example_branch_operator_decorator.py for tasks to queue
[2025-07-17T08:33:21.567+0000] {logging_mixin.py:190} INFO - [2025-07-17T08:33:21.567+0000] {dagbag.py:587} INFO - Filling up the DagBag from /home/airflow/.local/lib/python3.12/site-packages/airflow/example_dags/example_branch_operator_decorator.py
[2025-07-17T08:33:21.576+0000] {processor.py:925} INFO - DAG(s) 'example_branch_python_operator_decorator' retrieved from /home/airflow/.local/lib/python3.12/site-packages/airflow/example_dags/example_branch_operator_decorator.py
[2025-07-17T08:33:21.588+0000] {logging_mixin.py:190} INFO - [2025-07-17T08:33:21.588+0000] {dag.py:3211} INFO - Sync 1 DAGs
[2025-07-17T08:33:21.597+0000] {logging_mixin.py:190} INFO - [2025-07-17T08:33:21.597+0000] {dag.py:4138} INFO - Setting next_dagrun for example_branch_python_operator_decorator to 2025-07-16 00:00:00+00:00, run_after=2025-07-17 00:00:00+00:00
[2025-07-17T08:33:21.605+0000] {processor.py:208} INFO - Processing /home/airflow/.local/lib/python3.12/site-packages/airflow/example_dags/example_branch_operator_decorator.py took 0.042 seconds
[2025-07-17T08:33:52.300+0000] {processor.py:186} INFO - Started process (PID=438) to work on /home/airflow/.local/lib/python3.12/site-packages/airflow/example_dags/example_branch_operator_decorator.py
[2025-07-17T08:33:52.301+0000] {processor.py:914} INFO - Processing file /home/airflow/.local/lib/python3.12/site-packages/airflow/example_dags/example_branch_operator_decorator.py for tasks to queue
[2025-07-17T08:33:52.302+0000] {logging_mixin.py:190} INFO - [2025-07-17T08:33:52.302+0000] {dagbag.py:587} INFO - Filling up the DagBag from /home/airflow/.local/lib/python3.12/site-packages/airflow/example_dags/example_branch_operator_decorator.py
[2025-07-17T08:33:52.311+0000] {processor.py:925} INFO - DAG(s) 'example_branch_python_operator_decorator' retrieved from /home/airflow/.local/lib/python3.12/site-packages/airflow/example_dags/example_branch_operator_decorator.py
[2025-07-17T08:33:52.325+0000] {logging_mixin.py:190} INFO - [2025-07-17T08:33:52.324+0000] {dag.py:3211} INFO - Sync 1 DAGs
[2025-07-17T08:33:52.335+0000] {logging_mixin.py:190} INFO - [2025-07-17T08:33:52.335+0000] {dag.py:4138} INFO - Setting next_dagrun for example_branch_python_operator_decorator to 2025-07-16 00:00:00+00:00, run_after=2025-07-17 00:00:00+00:00
[2025-07-17T08:33:52.344+0000] {processor.py:208} INFO - Processing /home/airflow/.local/lib/python3.12/site-packages/airflow/example_dags/example_branch_operator_decorator.py took 0.047 seconds
[2025-07-17T08:34:23.162+0000] {processor.py:186} INFO - Started process (PID=500) to work on /home/airflow/.local/lib/python3.12/site-packages/airflow/example_dags/example_branch_operator_decorator.py
[2025-07-17T08:34:23.162+0000] {processor.py:914} INFO - Processing file /home/airflow/.local/lib/python3.12/site-packages/airflow/example_dags/example_branch_operator_decorator.py for tasks to queue
[2025-07-17T08:34:23.163+0000] {logging_mixin.py:190} INFO - [2025-07-17T08:34:23.163+0000] {dagbag.py:587} INFO - Filling up the DagBag from /home/airflow/.local/lib/python3.12/site-packages/airflow/example_dags/example_branch_operator_decorator.py
[2025-07-17T08:34:23.172+0000] {processor.py:925} INFO - DAG(s) 'example_branch_python_operator_decorator' retrieved from /home/airflow/.local/lib/python3.12/site-packages/airflow/example_dags/example_branch_operator_decorator.py
[2025-07-17T08:34:23.184+0000] {logging_mixin.py:190} INFO - [2025-07-17T08:34:23.184+0000] {dag.py:3211} INFO - Sync 1 DAGs
[2025-07-17T08:34:23.194+0000] {logging_mixin.py:190} INFO - [2025-07-17T08:34:23.194+0000] {dag.py:4138} INFO - Setting next_dagrun for example_branch_python_operator_decorator to 2025-07-16 00:00:00+00:00, run_after=2025-07-17 00:00:00+00:00
[2025-07-17T08:34:23.206+0000] {processor.py:208} INFO - Processing /home/airflow/.local/lib/python3.12/site-packages/airflow/example_dags/example_branch_operator_decorator.py took 0.047 seconds
[2025-07-17T08:34:54.077+0000] {processor.py:186} INFO - Started process (PID=562) to work on /home/airflow/.local/lib/python3.12/site-packages/airflow/example_dags/example_branch_operator_decorator.py
[2025-07-17T08:34:54.077+0000] {processor.py:914} INFO - Processing file /home/airflow/.local/lib/python3.12/site-packages/airflow/example_dags/example_branch_operator_decorator.py for tasks to queue
[2025-07-17T08:34:54.078+0000] {logging_mixin.py:190} INFO - [2025-07-17T08:34:54.078+0000] {dagbag.py:587} INFO - Filling up the DagBag from /home/airflow/.local/lib/python3.12/site-packages/airflow/example_dags/example_branch_operator_decorator.py
[2025-07-17T08:34:54.087+0000] {processor.py:925} INFO - DAG(s) 'example_branch_python_operator_decorator' retrieved from /home/airflow/.local/lib/python3.12/site-packages/airflow/example_dags/example_branch_operator_decorator.py
[2025-07-17T08:34:54.097+0000] {logging_mixin.py:190} INFO - [2025-07-17T08:34:54.097+0000] {dag.py:3211} INFO - Sync 1 DAGs
[2025-07-17T08:34:54.106+0000] {logging_mixin.py:190} INFO - [2025-07-17T08:34:54.106+0000] {dag.py:4138} INFO - Setting next_dagrun for example_branch_python_operator_decorator to 2025-07-16 00:00:00+00:00, run_after=2025-07-17 00:00:00+00:00
[2025-07-17T08:34:54.111+0000] {processor.py:208} INFO - Processing /home/airflow/.local/lib/python3.12/site-packages/airflow/example_dags/example_branch_operator_decorator.py took 0.037 seconds
[2025-07-17T08:35:24.952+0000] {processor.py:186} INFO - Started process (PID=624) to work on /home/airflow/.local/lib/python3.12/site-packages/airflow/example_dags/example_branch_operator_decorator.py
[2025-07-17T08:35:24.952+0000] {processor.py:914} INFO - Processing file /home/airflow/.local/lib/python3.12/site-packages/airflow/example_dags/example_branch_operator_decorator.py for tasks to queue
[2025-07-17T08:35:24.954+0000] {logging_mixin.py:190} INFO - [2025-07-17T08:35:24.954+0000] {dagbag.py:587} INFO - Filling up the DagBag from /home/airflow/.local/lib/python3.12/site-packages/airflow/example_dags/example_branch_operator_decorator.py
[2025-07-17T08:35:24.962+0000] {processor.py:925} INFO - DAG(s) 'example_branch_python_operator_decorator' retrieved from /home/airflow/.local/lib/python3.12/site-packages/airflow/example_dags/example_branch_operator_decorator.py
[2025-07-17T08:35:24.976+0000] {logging_mixin.py:190} INFO - [2025-07-17T08:35:24.976+0000] {dag.py:3211} INFO - Sync 1 DAGs
[2025-07-17T08:35:24.987+0000] {logging_mixin.py:190} INFO - [2025-07-17T08:35:24.986+0000] {dag.py:4138} INFO - Setting next_dagrun for example_branch_python_operator_decorator to 2025-07-16 00:00:00+00:00, run_after=2025-07-17 00:00:00+00:00
[2025-07-17T08:35:24.994+0000] {processor.py:208} INFO - Processing /home/airflow/.local/lib/python3.12/site-packages/airflow/example_dags/example_branch_operator_decorator.py took 0.045 seconds
