[2025-07-17T08:30:49.427+0000] {processor.py:186} INFO - Started process (PID=93) to work on /home/airflow/.local/lib/python3.12/site-packages/airflow/example_dags/example_sensors.py
[2025-07-17T08:30:49.427+0000] {processor.py:914} INFO - Processing file /home/airflow/.local/lib/python3.12/site-packages/airflow/example_dags/example_sensors.py for tasks to queue
[2025-07-17T08:30:49.428+0000] {logging_mixin.py:190} INFO - [2025-07-17T08:30:49.428+0000] {dagbag.py:587} INFO - Filling up the DagBag from /home/airflow/.local/lib/python3.12/site-packages/airflow/example_dags/example_sensors.py
[2025-07-17T08:30:49.434+0000] {processor.py:925} INFO - DAG(s) 'example_sensors' retrieved from /home/airflow/.local/lib/python3.12/site-packages/airflow/example_dags/example_sensors.py
[2025-07-17T08:30:49.475+0000] {logging_mixin.py:190} INFO - [2025-07-17T08:30:49.475+0000] {override.py:1858} INFO - Created Permission View: can delete on DAG:example_sensors
[2025-07-17T08:30:49.478+0000] {logging_mixin.py:190} INFO - [2025-07-17T08:30:49.478+0000] {override.py:1858} INFO - Created Permission View: can edit on DAG:example_sensors
[2025-07-17T08:30:49.482+0000] {logging_mixin.py:190} INFO - [2025-07-17T08:30:49.481+0000] {override.py:1858} INFO - Created Permission View: can read on DAG:example_sensors
[2025-07-17T08:30:49.482+0000] {logging_mixin.py:190} INFO - [2025-07-17T08:30:49.482+0000] {dag.py:3211} INFO - Sync 1 DAGs
[2025-07-17T08:30:49.486+0000] {logging_mixin.py:190} INFO - [2025-07-17T08:30:49.486+0000] {dag.py:3234} INFO - Creating ORM DAG for example_sensors
[2025-07-17T08:30:49.487+0000] {logging_mixin.py:190} INFO - [2025-07-17T08:30:49.487+0000] {dag.py:4138} INFO - Setting next_dagrun for example_sensors to None, run_after=None
[2025-07-17T08:30:49.492+0000] {processor.py:208} INFO - Processing /home/airflow/.local/lib/python3.12/site-packages/airflow/example_dags/example_sensors.py took 0.068 seconds
[2025-07-17T08:31:20.308+0000] {processor.py:186} INFO - Started process (PID=155) to work on /home/airflow/.local/lib/python3.12/site-packages/airflow/example_dags/example_sensors.py
[2025-07-17T08:31:20.309+0000] {processor.py:914} INFO - Processing file /home/airflow/.local/lib/python3.12/site-packages/airflow/example_dags/example_sensors.py for tasks to queue
[2025-07-17T08:31:20.311+0000] {logging_mixin.py:190} INFO - [2025-07-17T08:31:20.311+0000] {dagbag.py:587} INFO - Filling up the DagBag from /home/airflow/.local/lib/python3.12/site-packages/airflow/example_dags/example_sensors.py
[2025-07-17T08:31:20.316+0000] {processor.py:925} INFO - DAG(s) 'example_sensors' retrieved from /home/airflow/.local/lib/python3.12/site-packages/airflow/example_dags/example_sensors.py
[2025-07-17T08:31:20.327+0000] {logging_mixin.py:190} INFO - [2025-07-17T08:31:20.326+0000] {dag.py:3211} INFO - Sync 1 DAGs
[2025-07-17T08:31:20.332+0000] {logging_mixin.py:190} INFO - [2025-07-17T08:31:20.332+0000] {dag.py:4138} INFO - Setting next_dagrun for example_sensors to None, run_after=None
[2025-07-17T08:31:20.339+0000] {processor.py:208} INFO - Processing /home/airflow/.local/lib/python3.12/site-packages/airflow/example_dags/example_sensors.py took 0.033 seconds
[2025-07-17T08:31:51.019+0000] {processor.py:186} INFO - Started process (PID=217) to work on /home/airflow/.local/lib/python3.12/site-packages/airflow/example_dags/example_sensors.py
[2025-07-17T08:31:51.020+0000] {processor.py:914} INFO - Processing file /home/airflow/.local/lib/python3.12/site-packages/airflow/example_dags/example_sensors.py for tasks to queue
[2025-07-17T08:31:51.023+0000] {logging_mixin.py:190} INFO - [2025-07-17T08:31:51.023+0000] {dagbag.py:587} INFO - Filling up the DagBag from /home/airflow/.local/lib/python3.12/site-packages/airflow/example_dags/example_sensors.py
[2025-07-17T08:31:51.031+0000] {processor.py:925} INFO - DAG(s) 'example_sensors' retrieved from /home/airflow/.local/lib/python3.12/site-packages/airflow/example_dags/example_sensors.py
[2025-07-17T08:31:51.041+0000] {logging_mixin.py:190} INFO - [2025-07-17T08:31:51.041+0000] {dag.py:3211} INFO - Sync 1 DAGs
[2025-07-17T08:31:51.047+0000] {logging_mixin.py:190} INFO - [2025-07-17T08:31:51.046+0000] {dag.py:4138} INFO - Setting next_dagrun for example_sensors to None, run_after=None
[2025-07-17T08:31:51.054+0000] {processor.py:208} INFO - Processing /home/airflow/.local/lib/python3.12/site-packages/airflow/example_dags/example_sensors.py took 0.038 seconds
[2025-07-17T08:32:21.809+0000] {processor.py:186} INFO - Started process (PID=279) to work on /home/airflow/.local/lib/python3.12/site-packages/airflow/example_dags/example_sensors.py
[2025-07-17T08:32:21.811+0000] {processor.py:914} INFO - Processing file /home/airflow/.local/lib/python3.12/site-packages/airflow/example_dags/example_sensors.py for tasks to queue
[2025-07-17T08:32:21.813+0000] {logging_mixin.py:190} INFO - [2025-07-17T08:32:21.812+0000] {dagbag.py:587} INFO - Filling up the DagBag from /home/airflow/.local/lib/python3.12/site-packages/airflow/example_dags/example_sensors.py
[2025-07-17T08:32:21.817+0000] {processor.py:925} INFO - DAG(s) 'example_sensors' retrieved from /home/airflow/.local/lib/python3.12/site-packages/airflow/example_dags/example_sensors.py
[2025-07-17T08:32:21.827+0000] {logging_mixin.py:190} INFO - [2025-07-17T08:32:21.827+0000] {dag.py:3211} INFO - Sync 1 DAGs
[2025-07-17T08:32:21.836+0000] {logging_mixin.py:190} INFO - [2025-07-17T08:32:21.836+0000] {dag.py:4138} INFO - Setting next_dagrun for example_sensors to None, run_after=None
[2025-07-17T08:32:21.845+0000] {processor.py:208} INFO - Processing /home/airflow/.local/lib/python3.12/site-packages/airflow/example_dags/example_sensors.py took 0.039 seconds
[2025-07-17T08:32:52.558+0000] {processor.py:186} INFO - Started process (PID=341) to work on /home/airflow/.local/lib/python3.12/site-packages/airflow/example_dags/example_sensors.py
[2025-07-17T08:32:52.559+0000] {processor.py:914} INFO - Processing file /home/airflow/.local/lib/python3.12/site-packages/airflow/example_dags/example_sensors.py for tasks to queue
[2025-07-17T08:32:52.560+0000] {logging_mixin.py:190} INFO - [2025-07-17T08:32:52.560+0000] {dagbag.py:587} INFO - Filling up the DagBag from /home/airflow/.local/lib/python3.12/site-packages/airflow/example_dags/example_sensors.py
[2025-07-17T08:32:52.565+0000] {processor.py:925} INFO - DAG(s) 'example_sensors' retrieved from /home/airflow/.local/lib/python3.12/site-packages/airflow/example_dags/example_sensors.py
[2025-07-17T08:32:52.577+0000] {logging_mixin.py:190} INFO - [2025-07-17T08:32:52.577+0000] {dag.py:3211} INFO - Sync 1 DAGs
[2025-07-17T08:32:52.583+0000] {logging_mixin.py:190} INFO - [2025-07-17T08:32:52.582+0000] {dag.py:4138} INFO - Setting next_dagrun for example_sensors to None, run_after=None
[2025-07-17T08:32:52.589+0000] {processor.py:208} INFO - Processing /home/airflow/.local/lib/python3.12/site-packages/airflow/example_dags/example_sensors.py took 0.033 seconds
[2025-07-17T08:33:23.274+0000] {processor.py:186} INFO - Started process (PID=403) to work on /home/airflow/.local/lib/python3.12/site-packages/airflow/example_dags/example_sensors.py
[2025-07-17T08:33:23.276+0000] {processor.py:914} INFO - Processing file /home/airflow/.local/lib/python3.12/site-packages/airflow/example_dags/example_sensors.py for tasks to queue
[2025-07-17T08:33:23.278+0000] {logging_mixin.py:190} INFO - [2025-07-17T08:33:23.278+0000] {dagbag.py:587} INFO - Filling up the DagBag from /home/airflow/.local/lib/python3.12/site-packages/airflow/example_dags/example_sensors.py
[2025-07-17T08:33:23.283+0000] {processor.py:925} INFO - DAG(s) 'example_sensors' retrieved from /home/airflow/.local/lib/python3.12/site-packages/airflow/example_dags/example_sensors.py
[2025-07-17T08:33:23.297+0000] {logging_mixin.py:190} INFO - [2025-07-17T08:33:23.296+0000] {dag.py:3211} INFO - Sync 1 DAGs
[2025-07-17T08:33:23.302+0000] {logging_mixin.py:190} INFO - [2025-07-17T08:33:23.302+0000] {dag.py:4138} INFO - Setting next_dagrun for example_sensors to None, run_after=None
[2025-07-17T08:33:23.313+0000] {processor.py:208} INFO - Processing /home/airflow/.local/lib/python3.12/site-packages/airflow/example_dags/example_sensors.py took 0.041 seconds
[2025-07-17T08:33:54.100+0000] {processor.py:186} INFO - Started process (PID=465) to work on /home/airflow/.local/lib/python3.12/site-packages/airflow/example_dags/example_sensors.py
[2025-07-17T08:33:54.101+0000] {processor.py:914} INFO - Processing file /home/airflow/.local/lib/python3.12/site-packages/airflow/example_dags/example_sensors.py for tasks to queue
[2025-07-17T08:33:54.102+0000] {logging_mixin.py:190} INFO - [2025-07-17T08:33:54.102+0000] {dagbag.py:587} INFO - Filling up the DagBag from /home/airflow/.local/lib/python3.12/site-packages/airflow/example_dags/example_sensors.py
[2025-07-17T08:33:54.107+0000] {processor.py:925} INFO - DAG(s) 'example_sensors' retrieved from /home/airflow/.local/lib/python3.12/site-packages/airflow/example_dags/example_sensors.py
[2025-07-17T08:33:54.119+0000] {logging_mixin.py:190} INFO - [2025-07-17T08:33:54.119+0000] {dag.py:3211} INFO - Sync 1 DAGs
[2025-07-17T08:33:54.124+0000] {logging_mixin.py:190} INFO - [2025-07-17T08:33:54.124+0000] {dag.py:4138} INFO - Setting next_dagrun for example_sensors to None, run_after=None
[2025-07-17T08:33:54.133+0000] {processor.py:208} INFO - Processing /home/airflow/.local/lib/python3.12/site-packages/airflow/example_dags/example_sensors.py took 0.035 seconds
[2025-07-17T08:34:25.039+0000] {processor.py:186} INFO - Started process (PID=527) to work on /home/airflow/.local/lib/python3.12/site-packages/airflow/example_dags/example_sensors.py
[2025-07-17T08:34:25.043+0000] {processor.py:914} INFO - Processing file /home/airflow/.local/lib/python3.12/site-packages/airflow/example_dags/example_sensors.py for tasks to queue
[2025-07-17T08:34:25.045+0000] {logging_mixin.py:190} INFO - [2025-07-17T08:34:25.044+0000] {dagbag.py:587} INFO - Filling up the DagBag from /home/airflow/.local/lib/python3.12/site-packages/airflow/example_dags/example_sensors.py
[2025-07-17T08:34:25.050+0000] {processor.py:925} INFO - DAG(s) 'example_sensors' retrieved from /home/airflow/.local/lib/python3.12/site-packages/airflow/example_dags/example_sensors.py
[2025-07-17T08:34:25.062+0000] {logging_mixin.py:190} INFO - [2025-07-17T08:34:25.062+0000] {dag.py:3211} INFO - Sync 1 DAGs
[2025-07-17T08:34:25.069+0000] {logging_mixin.py:190} INFO - [2025-07-17T08:34:25.068+0000] {dag.py:4138} INFO - Setting next_dagrun for example_sensors to None, run_after=None
[2025-07-17T08:34:25.079+0000] {processor.py:208} INFO - Processing /home/airflow/.local/lib/python3.12/site-packages/airflow/example_dags/example_sensors.py took 0.043 seconds
[2025-07-17T08:34:55.818+0000] {processor.py:186} INFO - Started process (PID=589) to work on /home/airflow/.local/lib/python3.12/site-packages/airflow/example_dags/example_sensors.py
[2025-07-17T08:34:55.818+0000] {processor.py:914} INFO - Processing file /home/airflow/.local/lib/python3.12/site-packages/airflow/example_dags/example_sensors.py for tasks to queue
[2025-07-17T08:34:55.819+0000] {logging_mixin.py:190} INFO - [2025-07-17T08:34:55.819+0000] {dagbag.py:587} INFO - Filling up the DagBag from /home/airflow/.local/lib/python3.12/site-packages/airflow/example_dags/example_sensors.py
[2025-07-17T08:34:55.824+0000] {processor.py:925} INFO - DAG(s) 'example_sensors' retrieved from /home/airflow/.local/lib/python3.12/site-packages/airflow/example_dags/example_sensors.py
[2025-07-17T08:34:55.836+0000] {logging_mixin.py:190} INFO - [2025-07-17T08:34:55.836+0000] {dag.py:3211} INFO - Sync 1 DAGs
[2025-07-17T08:34:55.841+0000] {logging_mixin.py:190} INFO - [2025-07-17T08:34:55.841+0000] {dag.py:4138} INFO - Setting next_dagrun for example_sensors to None, run_after=None
[2025-07-17T08:34:55.848+0000] {processor.py:208} INFO - Processing /home/airflow/.local/lib/python3.12/site-packages/airflow/example_dags/example_sensors.py took 0.033 seconds
[2025-07-17T08:35:26.814+0000] {processor.py:186} INFO - Started process (PID=651) to work on /home/airflow/.local/lib/python3.12/site-packages/airflow/example_dags/example_sensors.py
[2025-07-17T08:35:26.814+0000] {processor.py:914} INFO - Processing file /home/airflow/.local/lib/python3.12/site-packages/airflow/example_dags/example_sensors.py for tasks to queue
[2025-07-17T08:35:26.816+0000] {logging_mixin.py:190} INFO - [2025-07-17T08:35:26.816+0000] {dagbag.py:587} INFO - Filling up the DagBag from /home/airflow/.local/lib/python3.12/site-packages/airflow/example_dags/example_sensors.py
[2025-07-17T08:35:26.822+0000] {processor.py:925} INFO - DAG(s) 'example_sensors' retrieved from /home/airflow/.local/lib/python3.12/site-packages/airflow/example_dags/example_sensors.py
[2025-07-17T08:35:26.836+0000] {logging_mixin.py:190} INFO - [2025-07-17T08:35:26.835+0000] {dag.py:3211} INFO - Sync 1 DAGs
[2025-07-17T08:35:26.842+0000] {logging_mixin.py:190} INFO - [2025-07-17T08:35:26.842+0000] {dag.py:4138} INFO - Setting next_dagrun for example_sensors to None, run_after=None
[2025-07-17T08:35:26.859+0000] {processor.py:208} INFO - Processing /home/airflow/.local/lib/python3.12/site-packages/airflow/example_dags/example_sensors.py took 0.048 seconds
