[2025-07-17T08:30:48.542+0000] {processor.py:186} INFO - Started process (PID=75) to work on /home/airflow/.local/lib/python3.12/site-packages/airflow/example_dags/example_workday_timetable.py
[2025-07-17T08:30:48.543+0000] {processor.py:914} INFO - Processing file /home/airflow/.local/lib/python3.12/site-packages/airflow/example_dags/example_workday_timetable.py for tasks to queue
[2025-07-17T08:30:48.544+0000] {logging_mixin.py:190} INFO - [2025-07-17T08:30:48.544+0000] {dagbag.py:587} INFO - Filling up the DagBag from /home/airflow/.local/lib/python3.12/site-packages/airflow/example_dags/example_workday_timetable.py
[2025-07-17T08:30:48.547+0000] {processor.py:925} INFO - DAG(s) 'example_workday_timetable' retrieved from /home/airflow/.local/lib/python3.12/site-packages/airflow/example_dags/example_workday_timetable.py
[2025-07-17T08:30:48.586+0000] {logging_mixin.py:190} INFO - [2025-07-17T08:30:48.585+0000] {override.py:1858} INFO - Created Permission View: can delete on DAG:example_workday_timetable
[2025-07-17T08:30:48.590+0000] {logging_mixin.py:190} INFO - [2025-07-17T08:30:48.590+0000] {override.py:1858} INFO - Created Permission View: can edit on DAG:example_workday_timetable
[2025-07-17T08:30:48.591+0000] {logging_mixin.py:190} INFO - [2025-07-17T08:30:48.591+0000] {override.py:1858} INFO - Created Permission View: can read on DAG:example_workday_timetable
[2025-07-17T08:30:48.592+0000] {logging_mixin.py:190} INFO - [2025-07-17T08:30:48.592+0000] {dag.py:3211} INFO - Sync 1 DAGs
[2025-07-17T08:30:48.596+0000] {logging_mixin.py:190} INFO - [2025-07-17T08:30:48.596+0000] {dag.py:3234} INFO - Creating ORM DAG for example_workday_timetable
[2025-07-17T08:30:48.615+0000] {logging_mixin.py:190} INFO - [2025-07-17T08:30:48.615+0000] {dag.py:4138} INFO - Setting next_dagrun for example_workday_timetable to 2021-01-04 00:00:00+00:00, run_after=2021-01-05 00:00:00+00:00
[2025-07-17T08:30:48.622+0000] {processor.py:208} INFO - Processing /home/airflow/.local/lib/python3.12/site-packages/airflow/example_dags/example_workday_timetable.py took 0.083 seconds
[2025-07-17T08:31:18.787+0000] {processor.py:186} INFO - Started process (PID=137) to work on /home/airflow/.local/lib/python3.12/site-packages/airflow/example_dags/example_workday_timetable.py
[2025-07-17T08:31:18.787+0000] {processor.py:914} INFO - Processing file /home/airflow/.local/lib/python3.12/site-packages/airflow/example_dags/example_workday_timetable.py for tasks to queue
[2025-07-17T08:31:18.788+0000] {logging_mixin.py:190} INFO - [2025-07-17T08:31:18.788+0000] {dagbag.py:587} INFO - Filling up the DagBag from /home/airflow/.local/lib/python3.12/site-packages/airflow/example_dags/example_workday_timetable.py
[2025-07-17T08:31:18.791+0000] {processor.py:925} INFO - DAG(s) 'example_workday_timetable' retrieved from /home/airflow/.local/lib/python3.12/site-packages/airflow/example_dags/example_workday_timetable.py
[2025-07-17T08:31:18.799+0000] {logging_mixin.py:190} INFO - [2025-07-17T08:31:18.799+0000] {dag.py:3211} INFO - Sync 1 DAGs
[2025-07-17T08:31:18.821+0000] {logging_mixin.py:190} INFO - [2025-07-17T08:31:18.821+0000] {dag.py:4138} INFO - Setting next_dagrun for example_workday_timetable to 2021-01-04 00:00:00+00:00, run_after=2021-01-05 00:00:00+00:00
[2025-07-17T08:31:18.828+0000] {processor.py:208} INFO - Processing /home/airflow/.local/lib/python3.12/site-packages/airflow/example_dags/example_workday_timetable.py took 0.043 seconds
[2025-07-17T08:31:49.564+0000] {processor.py:186} INFO - Started process (PID=199) to work on /home/airflow/.local/lib/python3.12/site-packages/airflow/example_dags/example_workday_timetable.py
[2025-07-17T08:31:49.567+0000] {processor.py:914} INFO - Processing file /home/airflow/.local/lib/python3.12/site-packages/airflow/example_dags/example_workday_timetable.py for tasks to queue
[2025-07-17T08:31:49.568+0000] {logging_mixin.py:190} INFO - [2025-07-17T08:31:49.568+0000] {dagbag.py:587} INFO - Filling up the DagBag from /home/airflow/.local/lib/python3.12/site-packages/airflow/example_dags/example_workday_timetable.py
[2025-07-17T08:31:49.570+0000] {processor.py:925} INFO - DAG(s) 'example_workday_timetable' retrieved from /home/airflow/.local/lib/python3.12/site-packages/airflow/example_dags/example_workday_timetable.py
[2025-07-17T08:31:49.580+0000] {logging_mixin.py:190} INFO - [2025-07-17T08:31:49.580+0000] {dag.py:3211} INFO - Sync 1 DAGs
[2025-07-17T08:31:49.603+0000] {logging_mixin.py:190} INFO - [2025-07-17T08:31:49.603+0000] {dag.py:4138} INFO - Setting next_dagrun for example_workday_timetable to 2021-01-04 00:00:00+00:00, run_after=2021-01-05 00:00:00+00:00
[2025-07-17T08:31:49.610+0000] {processor.py:208} INFO - Processing /home/airflow/.local/lib/python3.12/site-packages/airflow/example_dags/example_workday_timetable.py took 0.049 seconds
[2025-07-17T08:32:20.290+0000] {processor.py:186} INFO - Started process (PID=261) to work on /home/airflow/.local/lib/python3.12/site-packages/airflow/example_dags/example_workday_timetable.py
[2025-07-17T08:32:20.290+0000] {processor.py:914} INFO - Processing file /home/airflow/.local/lib/python3.12/site-packages/airflow/example_dags/example_workday_timetable.py for tasks to queue
[2025-07-17T08:32:20.291+0000] {logging_mixin.py:190} INFO - [2025-07-17T08:32:20.291+0000] {dagbag.py:587} INFO - Filling up the DagBag from /home/airflow/.local/lib/python3.12/site-packages/airflow/example_dags/example_workday_timetable.py
[2025-07-17T08:32:20.294+0000] {processor.py:925} INFO - DAG(s) 'example_workday_timetable' retrieved from /home/airflow/.local/lib/python3.12/site-packages/airflow/example_dags/example_workday_timetable.py
[2025-07-17T08:32:20.306+0000] {logging_mixin.py:190} INFO - [2025-07-17T08:32:20.306+0000] {dag.py:3211} INFO - Sync 1 DAGs
[2025-07-17T08:32:20.328+0000] {logging_mixin.py:190} INFO - [2025-07-17T08:32:20.328+0000] {dag.py:4138} INFO - Setting next_dagrun for example_workday_timetable to 2021-01-04 00:00:00+00:00, run_after=2021-01-05 00:00:00+00:00
[2025-07-17T08:32:20.336+0000] {processor.py:208} INFO - Processing /home/airflow/.local/lib/python3.12/site-packages/airflow/example_dags/example_workday_timetable.py took 0.049 seconds
[2025-07-17T08:32:51.020+0000] {processor.py:186} INFO - Started process (PID=323) to work on /home/airflow/.local/lib/python3.12/site-packages/airflow/example_dags/example_workday_timetable.py
[2025-07-17T08:32:51.021+0000] {processor.py:914} INFO - Processing file /home/airflow/.local/lib/python3.12/site-packages/airflow/example_dags/example_workday_timetable.py for tasks to queue
[2025-07-17T08:32:51.022+0000] {logging_mixin.py:190} INFO - [2025-07-17T08:32:51.021+0000] {dagbag.py:587} INFO - Filling up the DagBag from /home/airflow/.local/lib/python3.12/site-packages/airflow/example_dags/example_workday_timetable.py
[2025-07-17T08:32:51.024+0000] {processor.py:925} INFO - DAG(s) 'example_workday_timetable' retrieved from /home/airflow/.local/lib/python3.12/site-packages/airflow/example_dags/example_workday_timetable.py
[2025-07-17T08:32:51.034+0000] {logging_mixin.py:190} INFO - [2025-07-17T08:32:51.034+0000] {dag.py:3211} INFO - Sync 1 DAGs
[2025-07-17T08:32:51.056+0000] {logging_mixin.py:190} INFO - [2025-07-17T08:32:51.056+0000] {dag.py:4138} INFO - Setting next_dagrun for example_workday_timetable to 2021-01-04 00:00:00+00:00, run_after=2021-01-05 00:00:00+00:00
[2025-07-17T08:32:51.066+0000] {processor.py:208} INFO - Processing /home/airflow/.local/lib/python3.12/site-packages/airflow/example_dags/example_workday_timetable.py took 0.049 seconds
[2025-07-17T08:33:21.769+0000] {processor.py:186} INFO - Started process (PID=385) to work on /home/airflow/.local/lib/python3.12/site-packages/airflow/example_dags/example_workday_timetable.py
[2025-07-17T08:33:21.770+0000] {processor.py:914} INFO - Processing file /home/airflow/.local/lib/python3.12/site-packages/airflow/example_dags/example_workday_timetable.py for tasks to queue
[2025-07-17T08:33:21.771+0000] {logging_mixin.py:190} INFO - [2025-07-17T08:33:21.771+0000] {dagbag.py:587} INFO - Filling up the DagBag from /home/airflow/.local/lib/python3.12/site-packages/airflow/example_dags/example_workday_timetable.py
[2025-07-17T08:33:21.774+0000] {processor.py:925} INFO - DAG(s) 'example_workday_timetable' retrieved from /home/airflow/.local/lib/python3.12/site-packages/airflow/example_dags/example_workday_timetable.py
[2025-07-17T08:33:21.782+0000] {logging_mixin.py:190} INFO - [2025-07-17T08:33:21.782+0000] {dag.py:3211} INFO - Sync 1 DAGs
[2025-07-17T08:33:21.802+0000] {logging_mixin.py:190} INFO - [2025-07-17T08:33:21.802+0000] {dag.py:4138} INFO - Setting next_dagrun for example_workday_timetable to 2021-01-04 00:00:00+00:00, run_after=2021-01-05 00:00:00+00:00
[2025-07-17T08:33:21.811+0000] {processor.py:208} INFO - Processing /home/airflow/.local/lib/python3.12/site-packages/airflow/example_dags/example_workday_timetable.py took 0.046 seconds
[2025-07-17T08:33:52.531+0000] {processor.py:186} INFO - Started process (PID=447) to work on /home/airflow/.local/lib/python3.12/site-packages/airflow/example_dags/example_workday_timetable.py
[2025-07-17T08:33:52.532+0000] {processor.py:914} INFO - Processing file /home/airflow/.local/lib/python3.12/site-packages/airflow/example_dags/example_workday_timetable.py for tasks to queue
[2025-07-17T08:33:52.533+0000] {logging_mixin.py:190} INFO - [2025-07-17T08:33:52.533+0000] {dagbag.py:587} INFO - Filling up the DagBag from /home/airflow/.local/lib/python3.12/site-packages/airflow/example_dags/example_workday_timetable.py
[2025-07-17T08:33:52.537+0000] {processor.py:925} INFO - DAG(s) 'example_workday_timetable' retrieved from /home/airflow/.local/lib/python3.12/site-packages/airflow/example_dags/example_workday_timetable.py
[2025-07-17T08:33:52.547+0000] {logging_mixin.py:190} INFO - [2025-07-17T08:33:52.547+0000] {dag.py:3211} INFO - Sync 1 DAGs
[2025-07-17T08:33:52.571+0000] {logging_mixin.py:190} INFO - [2025-07-17T08:33:52.571+0000] {dag.py:4138} INFO - Setting next_dagrun for example_workday_timetable to 2021-01-04 00:00:00+00:00, run_after=2021-01-05 00:00:00+00:00
[2025-07-17T08:33:52.577+0000] {processor.py:208} INFO - Processing /home/airflow/.local/lib/python3.12/site-packages/airflow/example_dags/example_workday_timetable.py took 0.049 seconds
[2025-07-17T08:34:23.406+0000] {processor.py:186} INFO - Started process (PID=509) to work on /home/airflow/.local/lib/python3.12/site-packages/airflow/example_dags/example_workday_timetable.py
[2025-07-17T08:34:23.408+0000] {processor.py:914} INFO - Processing file /home/airflow/.local/lib/python3.12/site-packages/airflow/example_dags/example_workday_timetable.py for tasks to queue
[2025-07-17T08:34:23.410+0000] {logging_mixin.py:190} INFO - [2025-07-17T08:34:23.409+0000] {dagbag.py:587} INFO - Filling up the DagBag from /home/airflow/.local/lib/python3.12/site-packages/airflow/example_dags/example_workday_timetable.py
[2025-07-17T08:34:23.413+0000] {processor.py:925} INFO - DAG(s) 'example_workday_timetable' retrieved from /home/airflow/.local/lib/python3.12/site-packages/airflow/example_dags/example_workday_timetable.py
[2025-07-17T08:34:23.425+0000] {logging_mixin.py:190} INFO - [2025-07-17T08:34:23.424+0000] {dag.py:3211} INFO - Sync 1 DAGs
[2025-07-17T08:34:23.448+0000] {logging_mixin.py:190} INFO - [2025-07-17T08:34:23.447+0000] {dag.py:4138} INFO - Setting next_dagrun for example_workday_timetable to 2021-01-04 00:00:00+00:00, run_after=2021-01-05 00:00:00+00:00
[2025-07-17T08:34:23.457+0000] {processor.py:208} INFO - Processing /home/airflow/.local/lib/python3.12/site-packages/airflow/example_dags/example_workday_timetable.py took 0.054 seconds
[2025-07-17T08:34:54.302+0000] {processor.py:186} INFO - Started process (PID=571) to work on /home/airflow/.local/lib/python3.12/site-packages/airflow/example_dags/example_workday_timetable.py
[2025-07-17T08:34:54.303+0000] {processor.py:914} INFO - Processing file /home/airflow/.local/lib/python3.12/site-packages/airflow/example_dags/example_workday_timetable.py for tasks to queue
[2025-07-17T08:34:54.304+0000] {logging_mixin.py:190} INFO - [2025-07-17T08:34:54.304+0000] {dagbag.py:587} INFO - Filling up the DagBag from /home/airflow/.local/lib/python3.12/site-packages/airflow/example_dags/example_workday_timetable.py
[2025-07-17T08:34:54.308+0000] {processor.py:925} INFO - DAG(s) 'example_workday_timetable' retrieved from /home/airflow/.local/lib/python3.12/site-packages/airflow/example_dags/example_workday_timetable.py
[2025-07-17T08:34:54.318+0000] {logging_mixin.py:190} INFO - [2025-07-17T08:34:54.318+0000] {dag.py:3211} INFO - Sync 1 DAGs
[2025-07-17T08:34:54.339+0000] {logging_mixin.py:190} INFO - [2025-07-17T08:34:54.339+0000] {dag.py:4138} INFO - Setting next_dagrun for example_workday_timetable to 2021-01-04 00:00:00+00:00, run_after=2021-01-05 00:00:00+00:00
[2025-07-17T08:34:54.349+0000] {processor.py:208} INFO - Processing /home/airflow/.local/lib/python3.12/site-packages/airflow/example_dags/example_workday_timetable.py took 0.049 seconds
[2025-07-17T08:35:25.282+0000] {processor.py:186} INFO - Started process (PID=633) to work on /home/airflow/.local/lib/python3.12/site-packages/airflow/example_dags/example_workday_timetable.py
[2025-07-17T08:35:25.282+0000] {processor.py:914} INFO - Processing file /home/airflow/.local/lib/python3.12/site-packages/airflow/example_dags/example_workday_timetable.py for tasks to queue
[2025-07-17T08:35:25.284+0000] {logging_mixin.py:190} INFO - [2025-07-17T08:35:25.283+0000] {dagbag.py:587} INFO - Filling up the DagBag from /home/airflow/.local/lib/python3.12/site-packages/airflow/example_dags/example_workday_timetable.py
[2025-07-17T08:35:25.287+0000] {processor.py:925} INFO - DAG(s) 'example_workday_timetable' retrieved from /home/airflow/.local/lib/python3.12/site-packages/airflow/example_dags/example_workday_timetable.py
[2025-07-17T08:35:25.297+0000] {logging_mixin.py:190} INFO - [2025-07-17T08:35:25.296+0000] {dag.py:3211} INFO - Sync 1 DAGs
[2025-07-17T08:35:25.319+0000] {logging_mixin.py:190} INFO - [2025-07-17T08:35:25.319+0000] {dag.py:4138} INFO - Setting next_dagrun for example_workday_timetable to 2021-01-04 00:00:00+00:00, run_after=2021-01-05 00:00:00+00:00
[2025-07-17T08:35:25.328+0000] {processor.py:208} INFO - Processing /home/airflow/.local/lib/python3.12/site-packages/airflow/example_dags/example_workday_timetable.py took 0.049 seconds
