[2025-07-17T08:30:49.443+0000] {processor.py:186} INFO - Started process (PID=94) to work on /home/airflow/.local/lib/python3.12/site-packages/airflow/example_dags/example_short_circuit_operator.py
[2025-07-17T08:30:49.444+0000] {processor.py:914} INFO - Processing file /home/airflow/.local/lib/python3.12/site-packages/airflow/example_dags/example_short_circuit_operator.py for tasks to queue
[2025-07-17T08:30:49.445+0000] {logging_mixin.py:190} INFO - [2025-07-17T08:30:49.445+0000] {dagbag.py:587} INFO - Filling up the DagBag from /home/airflow/.local/lib/python3.12/site-packages/airflow/example_dags/example_short_circuit_operator.py
[2025-07-17T08:30:49.449+0000] {processor.py:925} INFO - DAG(s) 'example_short_circuit_operator' retrieved from /home/airflow/.local/lib/python3.12/site-packages/airflow/example_dags/example_short_circuit_operator.py
[2025-07-17T08:30:49.488+0000] {logging_mixin.py:190} INFO - [2025-07-17T08:30:49.487+0000] {override.py:1858} INFO - Created Permission View: can delete on DAG:example_short_circuit_operator
[2025-07-17T08:30:49.492+0000] {logging_mixin.py:190} INFO - [2025-07-17T08:30:49.492+0000] {override.py:1858} INFO - Created Permission View: can edit on DAG:example_short_circuit_operator
[2025-07-17T08:30:49.494+0000] {logging_mixin.py:190} INFO - [2025-07-17T08:30:49.494+0000] {override.py:1858} INFO - Created Permission View: can read on DAG:example_short_circuit_operator
[2025-07-17T08:30:49.495+0000] {logging_mixin.py:190} INFO - [2025-07-17T08:30:49.495+0000] {dag.py:3211} INFO - Sync 1 DAGs
[2025-07-17T08:30:49.501+0000] {logging_mixin.py:190} INFO - [2025-07-17T08:30:49.501+0000] {dag.py:3234} INFO - Creating ORM DAG for example_short_circuit_operator
[2025-07-17T08:30:49.505+0000] {logging_mixin.py:190} INFO - [2025-07-17T08:30:49.505+0000] {dag.py:4138} INFO - Setting next_dagrun for example_short_circuit_operator to 2025-07-16 00:00:00+00:00, run_after=2025-07-17 00:00:00+00:00
[2025-07-17T08:30:49.512+0000] {processor.py:208} INFO - Processing /home/airflow/.local/lib/python3.12/site-packages/airflow/example_dags/example_short_circuit_operator.py took 0.072 seconds
[2025-07-17T08:31:20.339+0000] {processor.py:186} INFO - Started process (PID=156) to work on /home/airflow/.local/lib/python3.12/site-packages/airflow/example_dags/example_short_circuit_operator.py
[2025-07-17T08:31:20.342+0000] {processor.py:914} INFO - Processing file /home/airflow/.local/lib/python3.12/site-packages/airflow/example_dags/example_short_circuit_operator.py for tasks to queue
[2025-07-17T08:31:20.343+0000] {logging_mixin.py:190} INFO - [2025-07-17T08:31:20.343+0000] {dagbag.py:587} INFO - Filling up the DagBag from /home/airflow/.local/lib/python3.12/site-packages/airflow/example_dags/example_short_circuit_operator.py
[2025-07-17T08:31:20.347+0000] {processor.py:925} INFO - DAG(s) 'example_short_circuit_operator' retrieved from /home/airflow/.local/lib/python3.12/site-packages/airflow/example_dags/example_short_circuit_operator.py
[2025-07-17T08:31:20.355+0000] {logging_mixin.py:190} INFO - [2025-07-17T08:31:20.355+0000] {dag.py:3211} INFO - Sync 1 DAGs
[2025-07-17T08:31:20.364+0000] {logging_mixin.py:190} INFO - [2025-07-17T08:31:20.364+0000] {dag.py:4138} INFO - Setting next_dagrun for example_short_circuit_operator to 2025-07-16 00:00:00+00:00, run_after=2025-07-17 00:00:00+00:00
[2025-07-17T08:31:20.371+0000] {processor.py:208} INFO - Processing /home/airflow/.local/lib/python3.12/site-packages/airflow/example_dags/example_short_circuit_operator.py took 0.035 seconds
[2025-07-17T08:31:51.049+0000] {processor.py:186} INFO - Started process (PID=218) to work on /home/airflow/.local/lib/python3.12/site-packages/airflow/example_dags/example_short_circuit_operator.py
[2025-07-17T08:31:51.050+0000] {processor.py:914} INFO - Processing file /home/airflow/.local/lib/python3.12/site-packages/airflow/example_dags/example_short_circuit_operator.py for tasks to queue
[2025-07-17T08:31:51.051+0000] {logging_mixin.py:190} INFO - [2025-07-17T08:31:51.051+0000] {dagbag.py:587} INFO - Filling up the DagBag from /home/airflow/.local/lib/python3.12/site-packages/airflow/example_dags/example_short_circuit_operator.py
[2025-07-17T08:31:51.056+0000] {processor.py:925} INFO - DAG(s) 'example_short_circuit_operator' retrieved from /home/airflow/.local/lib/python3.12/site-packages/airflow/example_dags/example_short_circuit_operator.py
[2025-07-17T08:31:51.065+0000] {logging_mixin.py:190} INFO - [2025-07-17T08:31:51.065+0000] {dag.py:3211} INFO - Sync 1 DAGs
[2025-07-17T08:31:51.074+0000] {logging_mixin.py:190} INFO - [2025-07-17T08:31:51.074+0000] {dag.py:4138} INFO - Setting next_dagrun for example_short_circuit_operator to 2025-07-16 00:00:00+00:00, run_after=2025-07-17 00:00:00+00:00
[2025-07-17T08:31:51.082+0000] {processor.py:208} INFO - Processing /home/airflow/.local/lib/python3.12/site-packages/airflow/example_dags/example_short_circuit_operator.py took 0.036 seconds
[2025-07-17T08:32:21.822+0000] {processor.py:186} INFO - Started process (PID=280) to work on /home/airflow/.local/lib/python3.12/site-packages/airflow/example_dags/example_short_circuit_operator.py
[2025-07-17T08:32:21.826+0000] {processor.py:914} INFO - Processing file /home/airflow/.local/lib/python3.12/site-packages/airflow/example_dags/example_short_circuit_operator.py for tasks to queue
[2025-07-17T08:32:21.827+0000] {logging_mixin.py:190} INFO - [2025-07-17T08:32:21.827+0000] {dagbag.py:587} INFO - Filling up the DagBag from /home/airflow/.local/lib/python3.12/site-packages/airflow/example_dags/example_short_circuit_operator.py
[2025-07-17T08:32:21.831+0000] {processor.py:925} INFO - DAG(s) 'example_short_circuit_operator' retrieved from /home/airflow/.local/lib/python3.12/site-packages/airflow/example_dags/example_short_circuit_operator.py
[2025-07-17T08:32:21.843+0000] {logging_mixin.py:190} INFO - [2025-07-17T08:32:21.843+0000] {dag.py:3211} INFO - Sync 1 DAGs
[2025-07-17T08:32:21.852+0000] {logging_mixin.py:190} INFO - [2025-07-17T08:32:21.852+0000] {dag.py:4138} INFO - Setting next_dagrun for example_short_circuit_operator to 2025-07-16 00:00:00+00:00, run_after=2025-07-17 00:00:00+00:00
[2025-07-17T08:32:21.858+0000] {processor.py:208} INFO - Processing /home/airflow/.local/lib/python3.12/site-packages/airflow/example_dags/example_short_circuit_operator.py took 0.039 seconds
[2025-07-17T08:32:52.586+0000] {processor.py:186} INFO - Started process (PID=342) to work on /home/airflow/.local/lib/python3.12/site-packages/airflow/example_dags/example_short_circuit_operator.py
[2025-07-17T08:32:52.587+0000] {processor.py:914} INFO - Processing file /home/airflow/.local/lib/python3.12/site-packages/airflow/example_dags/example_short_circuit_operator.py for tasks to queue
[2025-07-17T08:32:52.588+0000] {logging_mixin.py:190} INFO - [2025-07-17T08:32:52.588+0000] {dagbag.py:587} INFO - Filling up the DagBag from /home/airflow/.local/lib/python3.12/site-packages/airflow/example_dags/example_short_circuit_operator.py
[2025-07-17T08:32:52.592+0000] {processor.py:925} INFO - DAG(s) 'example_short_circuit_operator' retrieved from /home/airflow/.local/lib/python3.12/site-packages/airflow/example_dags/example_short_circuit_operator.py
[2025-07-17T08:32:52.601+0000] {logging_mixin.py:190} INFO - [2025-07-17T08:32:52.601+0000] {dag.py:3211} INFO - Sync 1 DAGs
[2025-07-17T08:32:52.610+0000] {logging_mixin.py:190} INFO - [2025-07-17T08:32:52.610+0000] {dag.py:4138} INFO - Setting next_dagrun for example_short_circuit_operator to 2025-07-16 00:00:00+00:00, run_after=2025-07-17 00:00:00+00:00
[2025-07-17T08:32:52.619+0000] {processor.py:208} INFO - Processing /home/airflow/.local/lib/python3.12/site-packages/airflow/example_dags/example_short_circuit_operator.py took 0.035 seconds
[2025-07-17T08:33:23.298+0000] {processor.py:186} INFO - Started process (PID=404) to work on /home/airflow/.local/lib/python3.12/site-packages/airflow/example_dags/example_short_circuit_operator.py
[2025-07-17T08:33:23.300+0000] {processor.py:914} INFO - Processing file /home/airflow/.local/lib/python3.12/site-packages/airflow/example_dags/example_short_circuit_operator.py for tasks to queue
[2025-07-17T08:33:23.301+0000] {logging_mixin.py:190} INFO - [2025-07-17T08:33:23.301+0000] {dagbag.py:587} INFO - Filling up the DagBag from /home/airflow/.local/lib/python3.12/site-packages/airflow/example_dags/example_short_circuit_operator.py
[2025-07-17T08:33:23.305+0000] {processor.py:925} INFO - DAG(s) 'example_short_circuit_operator' retrieved from /home/airflow/.local/lib/python3.12/site-packages/airflow/example_dags/example_short_circuit_operator.py
[2025-07-17T08:33:23.317+0000] {logging_mixin.py:190} INFO - [2025-07-17T08:33:23.317+0000] {dag.py:3211} INFO - Sync 1 DAGs
[2025-07-17T08:33:23.325+0000] {logging_mixin.py:190} INFO - [2025-07-17T08:33:23.325+0000] {dag.py:4138} INFO - Setting next_dagrun for example_short_circuit_operator to 2025-07-16 00:00:00+00:00, run_after=2025-07-17 00:00:00+00:00
[2025-07-17T08:33:23.333+0000] {processor.py:208} INFO - Processing /home/airflow/.local/lib/python3.12/site-packages/airflow/example_dags/example_short_circuit_operator.py took 0.037 seconds
[2025-07-17T08:33:54.112+0000] {processor.py:186} INFO - Started process (PID=466) to work on /home/airflow/.local/lib/python3.12/site-packages/airflow/example_dags/example_short_circuit_operator.py
[2025-07-17T08:33:54.112+0000] {processor.py:914} INFO - Processing file /home/airflow/.local/lib/python3.12/site-packages/airflow/example_dags/example_short_circuit_operator.py for tasks to queue
[2025-07-17T08:33:54.113+0000] {logging_mixin.py:190} INFO - [2025-07-17T08:33:54.113+0000] {dagbag.py:587} INFO - Filling up the DagBag from /home/airflow/.local/lib/python3.12/site-packages/airflow/example_dags/example_short_circuit_operator.py
[2025-07-17T08:33:54.117+0000] {processor.py:925} INFO - DAG(s) 'example_short_circuit_operator' retrieved from /home/airflow/.local/lib/python3.12/site-packages/airflow/example_dags/example_short_circuit_operator.py
[2025-07-17T08:33:54.126+0000] {logging_mixin.py:190} INFO - [2025-07-17T08:33:54.126+0000] {dag.py:3211} INFO - Sync 1 DAGs
[2025-07-17T08:33:54.136+0000] {logging_mixin.py:190} INFO - [2025-07-17T08:33:54.135+0000] {dag.py:4138} INFO - Setting next_dagrun for example_short_circuit_operator to 2025-07-16 00:00:00+00:00, run_after=2025-07-17 00:00:00+00:00
[2025-07-17T08:33:54.142+0000] {processor.py:208} INFO - Processing /home/airflow/.local/lib/python3.12/site-packages/airflow/example_dags/example_short_circuit_operator.py took 0.033 seconds
[2025-07-17T08:34:25.078+0000] {processor.py:186} INFO - Started process (PID=528) to work on /home/airflow/.local/lib/python3.12/site-packages/airflow/example_dags/example_short_circuit_operator.py
[2025-07-17T08:34:25.078+0000] {processor.py:914} INFO - Processing file /home/airflow/.local/lib/python3.12/site-packages/airflow/example_dags/example_short_circuit_operator.py for tasks to queue
[2025-07-17T08:34:25.080+0000] {logging_mixin.py:190} INFO - [2025-07-17T08:34:25.080+0000] {dagbag.py:587} INFO - Filling up the DagBag from /home/airflow/.local/lib/python3.12/site-packages/airflow/example_dags/example_short_circuit_operator.py
[2025-07-17T08:34:25.085+0000] {processor.py:925} INFO - DAG(s) 'example_short_circuit_operator' retrieved from /home/airflow/.local/lib/python3.12/site-packages/airflow/example_dags/example_short_circuit_operator.py
[2025-07-17T08:34:25.099+0000] {logging_mixin.py:190} INFO - [2025-07-17T08:34:25.099+0000] {dag.py:3211} INFO - Sync 1 DAGs
[2025-07-17T08:34:25.110+0000] {logging_mixin.py:190} INFO - [2025-07-17T08:34:25.110+0000] {dag.py:4138} INFO - Setting next_dagrun for example_short_circuit_operator to 2025-07-16 00:00:00+00:00, run_after=2025-07-17 00:00:00+00:00
[2025-07-17T08:34:25.117+0000] {processor.py:208} INFO - Processing /home/airflow/.local/lib/python3.12/site-packages/airflow/example_dags/example_short_circuit_operator.py took 0.042 seconds
[2025-07-17T08:34:55.849+0000] {processor.py:186} INFO - Started process (PID=590) to work on /home/airflow/.local/lib/python3.12/site-packages/airflow/example_dags/example_short_circuit_operator.py
[2025-07-17T08:34:55.851+0000] {processor.py:914} INFO - Processing file /home/airflow/.local/lib/python3.12/site-packages/airflow/example_dags/example_short_circuit_operator.py for tasks to queue
[2025-07-17T08:34:55.853+0000] {logging_mixin.py:190} INFO - [2025-07-17T08:34:55.852+0000] {dagbag.py:587} INFO - Filling up the DagBag from /home/airflow/.local/lib/python3.12/site-packages/airflow/example_dags/example_short_circuit_operator.py
[2025-07-17T08:34:55.856+0000] {processor.py:925} INFO - DAG(s) 'example_short_circuit_operator' retrieved from /home/airflow/.local/lib/python3.12/site-packages/airflow/example_dags/example_short_circuit_operator.py
[2025-07-17T08:34:55.866+0000] {logging_mixin.py:190} INFO - [2025-07-17T08:34:55.866+0000] {dag.py:3211} INFO - Sync 1 DAGs
[2025-07-17T08:34:55.876+0000] {logging_mixin.py:190} INFO - [2025-07-17T08:34:55.875+0000] {dag.py:4138} INFO - Setting next_dagrun for example_short_circuit_operator to 2025-07-16 00:00:00+00:00, run_after=2025-07-17 00:00:00+00:00
[2025-07-17T08:34:55.883+0000] {processor.py:208} INFO - Processing /home/airflow/.local/lib/python3.12/site-packages/airflow/example_dags/example_short_circuit_operator.py took 0.037 seconds
[2025-07-17T08:35:26.837+0000] {processor.py:186} INFO - Started process (PID=652) to work on /home/airflow/.local/lib/python3.12/site-packages/airflow/example_dags/example_short_circuit_operator.py
[2025-07-17T08:35:26.839+0000] {processor.py:914} INFO - Processing file /home/airflow/.local/lib/python3.12/site-packages/airflow/example_dags/example_short_circuit_operator.py for tasks to queue
[2025-07-17T08:35:26.840+0000] {logging_mixin.py:190} INFO - [2025-07-17T08:35:26.840+0000] {dagbag.py:587} INFO - Filling up the DagBag from /home/airflow/.local/lib/python3.12/site-packages/airflow/example_dags/example_short_circuit_operator.py
[2025-07-17T08:35:26.844+0000] {processor.py:925} INFO - DAG(s) 'example_short_circuit_operator' retrieved from /home/airflow/.local/lib/python3.12/site-packages/airflow/example_dags/example_short_circuit_operator.py
[2025-07-17T08:35:26.857+0000] {logging_mixin.py:190} INFO - [2025-07-17T08:35:26.857+0000] {dag.py:3211} INFO - Sync 1 DAGs
[2025-07-17T08:35:26.865+0000] {logging_mixin.py:190} INFO - [2025-07-17T08:35:26.865+0000] {dag.py:4138} INFO - Setting next_dagrun for example_short_circuit_operator to 2025-07-16 00:00:00+00:00, run_after=2025-07-17 00:00:00+00:00
[2025-07-17T08:35:26.873+0000] {processor.py:208} INFO - Processing /home/airflow/.local/lib/python3.12/site-packages/airflow/example_dags/example_short_circuit_operator.py took 0.038 seconds
