[2025-07-17T08:30:49.282+0000] {processor.py:186} INFO - Started process (PID=90) to work on /home/airflow/.local/lib/python3.12/site-packages/airflow/example_dags/example_bash_operator.py
[2025-07-17T08:30:49.283+0000] {processor.py:914} INFO - Processing file /home/airflow/.local/lib/python3.12/site-packages/airflow/example_dags/example_bash_operator.py for tasks to queue
[2025-07-17T08:30:49.286+0000] {logging_mixin.py:190} INFO - [2025-07-17T08:30:49.286+0000] {dagbag.py:587} INFO - Filling up the DagBag from /home/airflow/.local/lib/python3.12/site-packages/airflow/example_dags/example_bash_operator.py
[2025-07-17T08:30:49.292+0000] {processor.py:925} INFO - DAG(s) 'example_bash_operator' retrieved from /home/airflow/.local/lib/python3.12/site-packages/airflow/example_dags/example_bash_operator.py
[2025-07-17T08:30:49.332+0000] {logging_mixin.py:190} INFO - [2025-07-17T08:30:49.332+0000] {override.py:1858} INFO - Created Permission View: can delete on DAG:example_bash_operator
[2025-07-17T08:30:49.336+0000] {logging_mixin.py:190} INFO - [2025-07-17T08:30:49.336+0000] {override.py:1858} INFO - Created Permission View: can edit on DAG:example_bash_operator
[2025-07-17T08:30:49.338+0000] {logging_mixin.py:190} INFO - [2025-07-17T08:30:49.338+0000] {override.py:1858} INFO - Created Permission View: can read on DAG:example_bash_operator
[2025-07-17T08:30:49.339+0000] {logging_mixin.py:190} INFO - [2025-07-17T08:30:49.339+0000] {dag.py:3211} INFO - Sync 1 DAGs
[2025-07-17T08:30:49.344+0000] {logging_mixin.py:190} INFO - [2025-07-17T08:30:49.344+0000] {dag.py:3234} INFO - Creating ORM DAG for example_bash_operator
[2025-07-17T08:30:49.348+0000] {logging_mixin.py:190} INFO - [2025-07-17T08:30:49.348+0000] {dag.py:4138} INFO - Setting next_dagrun for example_bash_operator to 2025-07-16 00:00:00+00:00, run_after=2025-07-17 00:00:00+00:00
[2025-07-17T08:30:49.355+0000] {processor.py:208} INFO - Processing /home/airflow/.local/lib/python3.12/site-packages/airflow/example_dags/example_bash_operator.py took 0.076 seconds
[2025-07-17T08:31:20.244+0000] {processor.py:186} INFO - Started process (PID=152) to work on /home/airflow/.local/lib/python3.12/site-packages/airflow/example_dags/example_bash_operator.py
[2025-07-17T08:31:20.244+0000] {processor.py:914} INFO - Processing file /home/airflow/.local/lib/python3.12/site-packages/airflow/example_dags/example_bash_operator.py for tasks to queue
[2025-07-17T08:31:20.245+0000] {logging_mixin.py:190} INFO - [2025-07-17T08:31:20.245+0000] {dagbag.py:587} INFO - Filling up the DagBag from /home/airflow/.local/lib/python3.12/site-packages/airflow/example_dags/example_bash_operator.py
[2025-07-17T08:31:20.251+0000] {processor.py:925} INFO - DAG(s) 'example_bash_operator' retrieved from /home/airflow/.local/lib/python3.12/site-packages/airflow/example_dags/example_bash_operator.py
[2025-07-17T08:31:20.261+0000] {logging_mixin.py:190} INFO - [2025-07-17T08:31:20.261+0000] {dag.py:3211} INFO - Sync 1 DAGs
[2025-07-17T08:31:20.271+0000] {logging_mixin.py:190} INFO - [2025-07-17T08:31:20.270+0000] {dag.py:4138} INFO - Setting next_dagrun for example_bash_operator to 2025-07-16 00:00:00+00:00, run_after=2025-07-17 00:00:00+00:00
[2025-07-17T08:31:20.279+0000] {processor.py:208} INFO - Processing /home/airflow/.local/lib/python3.12/site-packages/airflow/example_dags/example_bash_operator.py took 0.038 seconds
[2025-07-17T08:31:50.957+0000] {processor.py:186} INFO - Started process (PID=214) to work on /home/airflow/.local/lib/python3.12/site-packages/airflow/example_dags/example_bash_operator.py
[2025-07-17T08:31:50.959+0000] {processor.py:914} INFO - Processing file /home/airflow/.local/lib/python3.12/site-packages/airflow/example_dags/example_bash_operator.py for tasks to queue
[2025-07-17T08:31:50.961+0000] {logging_mixin.py:190} INFO - [2025-07-17T08:31:50.961+0000] {dagbag.py:587} INFO - Filling up the DagBag from /home/airflow/.local/lib/python3.12/site-packages/airflow/example_dags/example_bash_operator.py
[2025-07-17T08:31:50.966+0000] {processor.py:925} INFO - DAG(s) 'example_bash_operator' retrieved from /home/airflow/.local/lib/python3.12/site-packages/airflow/example_dags/example_bash_operator.py
[2025-07-17T08:31:50.977+0000] {logging_mixin.py:190} INFO - [2025-07-17T08:31:50.977+0000] {dag.py:3211} INFO - Sync 1 DAGs
[2025-07-17T08:31:50.987+0000] {logging_mixin.py:190} INFO - [2025-07-17T08:31:50.987+0000] {dag.py:4138} INFO - Setting next_dagrun for example_bash_operator to 2025-07-16 00:00:00+00:00, run_after=2025-07-17 00:00:00+00:00
[2025-07-17T08:31:50.995+0000] {processor.py:208} INFO - Processing /home/airflow/.local/lib/python3.12/site-packages/airflow/example_dags/example_bash_operator.py took 0.041 seconds
[2025-07-17T08:32:21.727+0000] {processor.py:186} INFO - Started process (PID=276) to work on /home/airflow/.local/lib/python3.12/site-packages/airflow/example_dags/example_bash_operator.py
[2025-07-17T08:32:21.728+0000] {processor.py:914} INFO - Processing file /home/airflow/.local/lib/python3.12/site-packages/airflow/example_dags/example_bash_operator.py for tasks to queue
[2025-07-17T08:32:21.730+0000] {logging_mixin.py:190} INFO - [2025-07-17T08:32:21.729+0000] {dagbag.py:587} INFO - Filling up the DagBag from /home/airflow/.local/lib/python3.12/site-packages/airflow/example_dags/example_bash_operator.py
[2025-07-17T08:32:21.735+0000] {processor.py:925} INFO - DAG(s) 'example_bash_operator' retrieved from /home/airflow/.local/lib/python3.12/site-packages/airflow/example_dags/example_bash_operator.py
[2025-07-17T08:32:21.748+0000] {logging_mixin.py:190} INFO - [2025-07-17T08:32:21.748+0000] {dag.py:3211} INFO - Sync 1 DAGs
[2025-07-17T08:32:21.757+0000] {logging_mixin.py:190} INFO - [2025-07-17T08:32:21.757+0000] {dag.py:4138} INFO - Setting next_dagrun for example_bash_operator to 2025-07-16 00:00:00+00:00, run_after=2025-07-17 00:00:00+00:00
[2025-07-17T08:32:21.763+0000] {processor.py:208} INFO - Processing /home/airflow/.local/lib/python3.12/site-packages/airflow/example_dags/example_bash_operator.py took 0.039 seconds
[2025-07-17T08:32:52.487+0000] {processor.py:186} INFO - Started process (PID=338) to work on /home/airflow/.local/lib/python3.12/site-packages/airflow/example_dags/example_bash_operator.py
[2025-07-17T08:32:52.488+0000] {processor.py:914} INFO - Processing file /home/airflow/.local/lib/python3.12/site-packages/airflow/example_dags/example_bash_operator.py for tasks to queue
[2025-07-17T08:32:52.489+0000] {logging_mixin.py:190} INFO - [2025-07-17T08:32:52.489+0000] {dagbag.py:587} INFO - Filling up the DagBag from /home/airflow/.local/lib/python3.12/site-packages/airflow/example_dags/example_bash_operator.py
[2025-07-17T08:32:52.495+0000] {processor.py:925} INFO - DAG(s) 'example_bash_operator' retrieved from /home/airflow/.local/lib/python3.12/site-packages/airflow/example_dags/example_bash_operator.py
[2025-07-17T08:32:52.508+0000] {logging_mixin.py:190} INFO - [2025-07-17T08:32:52.508+0000] {dag.py:3211} INFO - Sync 1 DAGs
[2025-07-17T08:32:52.516+0000] {logging_mixin.py:190} INFO - [2025-07-17T08:32:52.516+0000] {dag.py:4138} INFO - Setting next_dagrun for example_bash_operator to 2025-07-16 00:00:00+00:00, run_after=2025-07-17 00:00:00+00:00
[2025-07-17T08:32:52.527+0000] {processor.py:208} INFO - Processing /home/airflow/.local/lib/python3.12/site-packages/airflow/example_dags/example_bash_operator.py took 0.042 seconds
[2025-07-17T08:33:23.203+0000] {processor.py:186} INFO - Started process (PID=400) to work on /home/airflow/.local/lib/python3.12/site-packages/airflow/example_dags/example_bash_operator.py
[2025-07-17T08:33:23.205+0000] {processor.py:914} INFO - Processing file /home/airflow/.local/lib/python3.12/site-packages/airflow/example_dags/example_bash_operator.py for tasks to queue
[2025-07-17T08:33:23.206+0000] {logging_mixin.py:190} INFO - [2025-07-17T08:33:23.206+0000] {dagbag.py:587} INFO - Filling up the DagBag from /home/airflow/.local/lib/python3.12/site-packages/airflow/example_dags/example_bash_operator.py
[2025-07-17T08:33:23.211+0000] {processor.py:925} INFO - DAG(s) 'example_bash_operator' retrieved from /home/airflow/.local/lib/python3.12/site-packages/airflow/example_dags/example_bash_operator.py
[2025-07-17T08:33:23.223+0000] {logging_mixin.py:190} INFO - [2025-07-17T08:33:23.223+0000] {dag.py:3211} INFO - Sync 1 DAGs
[2025-07-17T08:33:23.233+0000] {logging_mixin.py:190} INFO - [2025-07-17T08:33:23.232+0000] {dag.py:4138} INFO - Setting next_dagrun for example_bash_operator to 2025-07-16 00:00:00+00:00, run_after=2025-07-17 00:00:00+00:00
[2025-07-17T08:33:23.239+0000] {processor.py:208} INFO - Processing /home/airflow/.local/lib/python3.12/site-packages/airflow/example_dags/example_bash_operator.py took 0.039 seconds
[2025-07-17T08:33:54.021+0000] {processor.py:186} INFO - Started process (PID=462) to work on /home/airflow/.local/lib/python3.12/site-packages/airflow/example_dags/example_bash_operator.py
[2025-07-17T08:33:54.021+0000] {processor.py:914} INFO - Processing file /home/airflow/.local/lib/python3.12/site-packages/airflow/example_dags/example_bash_operator.py for tasks to queue
[2025-07-17T08:33:54.022+0000] {logging_mixin.py:190} INFO - [2025-07-17T08:33:54.022+0000] {dagbag.py:587} INFO - Filling up the DagBag from /home/airflow/.local/lib/python3.12/site-packages/airflow/example_dags/example_bash_operator.py
[2025-07-17T08:33:54.027+0000] {processor.py:925} INFO - DAG(s) 'example_bash_operator' retrieved from /home/airflow/.local/lib/python3.12/site-packages/airflow/example_dags/example_bash_operator.py
[2025-07-17T08:33:54.038+0000] {logging_mixin.py:190} INFO - [2025-07-17T08:33:54.038+0000] {dag.py:3211} INFO - Sync 1 DAGs
[2025-07-17T08:33:54.047+0000] {logging_mixin.py:190} INFO - [2025-07-17T08:33:54.047+0000] {dag.py:4138} INFO - Setting next_dagrun for example_bash_operator to 2025-07-16 00:00:00+00:00, run_after=2025-07-17 00:00:00+00:00
[2025-07-17T08:33:54.053+0000] {processor.py:208} INFO - Processing /home/airflow/.local/lib/python3.12/site-packages/airflow/example_dags/example_bash_operator.py took 0.035 seconds
[2025-07-17T08:34:24.971+0000] {processor.py:186} INFO - Started process (PID=524) to work on /home/airflow/.local/lib/python3.12/site-packages/airflow/example_dags/example_bash_operator.py
[2025-07-17T08:34:24.972+0000] {processor.py:914} INFO - Processing file /home/airflow/.local/lib/python3.12/site-packages/airflow/example_dags/example_bash_operator.py for tasks to queue
[2025-07-17T08:34:24.974+0000] {logging_mixin.py:190} INFO - [2025-07-17T08:34:24.973+0000] {dagbag.py:587} INFO - Filling up the DagBag from /home/airflow/.local/lib/python3.12/site-packages/airflow/example_dags/example_bash_operator.py
[2025-07-17T08:34:24.979+0000] {processor.py:925} INFO - DAG(s) 'example_bash_operator' retrieved from /home/airflow/.local/lib/python3.12/site-packages/airflow/example_dags/example_bash_operator.py
[2025-07-17T08:34:24.993+0000] {logging_mixin.py:190} INFO - [2025-07-17T08:34:24.992+0000] {dag.py:3211} INFO - Sync 1 DAGs
[2025-07-17T08:34:25.002+0000] {logging_mixin.py:190} INFO - [2025-07-17T08:34:25.002+0000] {dag.py:4138} INFO - Setting next_dagrun for example_bash_operator to 2025-07-16 00:00:00+00:00, run_after=2025-07-17 00:00:00+00:00
[2025-07-17T08:34:25.011+0000] {processor.py:208} INFO - Processing /home/airflow/.local/lib/python3.12/site-packages/airflow/example_dags/example_bash_operator.py took 0.044 seconds
[2025-07-17T08:34:55.747+0000] {processor.py:186} INFO - Started process (PID=586) to work on /home/airflow/.local/lib/python3.12/site-packages/airflow/example_dags/example_bash_operator.py
[2025-07-17T08:34:55.748+0000] {processor.py:914} INFO - Processing file /home/airflow/.local/lib/python3.12/site-packages/airflow/example_dags/example_bash_operator.py for tasks to queue
[2025-07-17T08:34:55.749+0000] {logging_mixin.py:190} INFO - [2025-07-17T08:34:55.749+0000] {dagbag.py:587} INFO - Filling up the DagBag from /home/airflow/.local/lib/python3.12/site-packages/airflow/example_dags/example_bash_operator.py
[2025-07-17T08:34:55.755+0000] {processor.py:925} INFO - DAG(s) 'example_bash_operator' retrieved from /home/airflow/.local/lib/python3.12/site-packages/airflow/example_dags/example_bash_operator.py
[2025-07-17T08:34:55.770+0000] {logging_mixin.py:190} INFO - [2025-07-17T08:34:55.770+0000] {dag.py:3211} INFO - Sync 1 DAGs
[2025-07-17T08:34:55.779+0000] {logging_mixin.py:190} INFO - [2025-07-17T08:34:55.779+0000] {dag.py:4138} INFO - Setting next_dagrun for example_bash_operator to 2025-07-16 00:00:00+00:00, run_after=2025-07-17 00:00:00+00:00
[2025-07-17T08:34:55.787+0000] {processor.py:208} INFO - Processing /home/airflow/.local/lib/python3.12/site-packages/airflow/example_dags/example_bash_operator.py took 0.043 seconds
[2025-07-17T08:35:26.736+0000] {processor.py:186} INFO - Started process (PID=648) to work on /home/airflow/.local/lib/python3.12/site-packages/airflow/example_dags/example_bash_operator.py
[2025-07-17T08:35:26.738+0000] {processor.py:914} INFO - Processing file /home/airflow/.local/lib/python3.12/site-packages/airflow/example_dags/example_bash_operator.py for tasks to queue
[2025-07-17T08:35:26.739+0000] {logging_mixin.py:190} INFO - [2025-07-17T08:35:26.739+0000] {dagbag.py:587} INFO - Filling up the DagBag from /home/airflow/.local/lib/python3.12/site-packages/airflow/example_dags/example_bash_operator.py
[2025-07-17T08:35:26.745+0000] {processor.py:925} INFO - DAG(s) 'example_bash_operator' retrieved from /home/airflow/.local/lib/python3.12/site-packages/airflow/example_dags/example_bash_operator.py
[2025-07-17T08:35:26.757+0000] {logging_mixin.py:190} INFO - [2025-07-17T08:35:26.757+0000] {dag.py:3211} INFO - Sync 1 DAGs
[2025-07-17T08:35:26.766+0000] {logging_mixin.py:190} INFO - [2025-07-17T08:35:26.766+0000] {dag.py:4138} INFO - Setting next_dagrun for example_bash_operator to 2025-07-16 00:00:00+00:00, run_after=2025-07-17 00:00:00+00:00
[2025-07-17T08:35:26.775+0000] {processor.py:208} INFO - Processing /home/airflow/.local/lib/python3.12/site-packages/airflow/example_dags/example_bash_operator.py took 0.042 seconds
