[2025-07-17T08:30:48.685+0000] {processor.py:186} INFO - Started process (PID=78) to work on /home/airflow/.local/lib/python3.12/site-packages/airflow/example_dags/example_local_kubernetes_executor.py
[2025-07-17T08:30:48.685+0000] {processor.py:914} INFO - Processing file /home/airflow/.local/lib/python3.12/site-packages/airflow/example_dags/example_local_kubernetes_executor.py for tasks to queue
[2025-07-17T08:30:48.686+0000] {logging_mixin.py:190} INFO - [2025-07-17T08:30:48.686+0000] {dagbag.py:587} INFO - Filling up the DagBag from /home/airflow/.local/lib/python3.12/site-packages/airflow/example_dags/example_local_kubernetes_executor.py
[2025-07-17T08:30:48.691+0000] {processor.py:925} INFO - DAG(s) 'example_local_kubernetes_executor' retrieved from /home/airflow/.local/lib/python3.12/site-packages/airflow/example_dags/example_local_kubernetes_executor.py
[2025-07-17T08:30:48.735+0000] {logging_mixin.py:190} INFO - [2025-07-17T08:30:48.734+0000] {override.py:1858} INFO - Created Permission View: can delete on DAG:example_local_kubernetes_executor
[2025-07-17T08:30:48.740+0000] {logging_mixin.py:190} INFO - [2025-07-17T08:30:48.739+0000] {override.py:1858} INFO - Created Permission View: can edit on DAG:example_local_kubernetes_executor
[2025-07-17T08:30:48.741+0000] {logging_mixin.py:190} INFO - [2025-07-17T08:30:48.741+0000] {override.py:1858} INFO - Created Permission View: can read on DAG:example_local_kubernetes_executor
[2025-07-17T08:30:48.741+0000] {logging_mixin.py:190} INFO - [2025-07-17T08:30:48.741+0000] {dag.py:3211} INFO - Sync 1 DAGs
[2025-07-17T08:30:48.746+0000] {logging_mixin.py:190} INFO - [2025-07-17T08:30:48.746+0000] {dag.py:3234} INFO - Creating ORM DAG for example_local_kubernetes_executor
[2025-07-17T08:30:48.747+0000] {logging_mixin.py:190} INFO - [2025-07-17T08:30:48.747+0000] {dag.py:4138} INFO - Setting next_dagrun for example_local_kubernetes_executor to None, run_after=None
[2025-07-17T08:30:48.752+0000] {processor.py:208} INFO - Processing /home/airflow/.local/lib/python3.12/site-packages/airflow/example_dags/example_local_kubernetes_executor.py took 0.070 seconds
[2025-07-17T08:31:18.908+0000] {processor.py:186} INFO - Started process (PID=140) to work on /home/airflow/.local/lib/python3.12/site-packages/airflow/example_dags/example_local_kubernetes_executor.py
[2025-07-17T08:31:18.908+0000] {processor.py:914} INFO - Processing file /home/airflow/.local/lib/python3.12/site-packages/airflow/example_dags/example_local_kubernetes_executor.py for tasks to queue
[2025-07-17T08:31:18.909+0000] {logging_mixin.py:190} INFO - [2025-07-17T08:31:18.909+0000] {dagbag.py:587} INFO - Filling up the DagBag from /home/airflow/.local/lib/python3.12/site-packages/airflow/example_dags/example_local_kubernetes_executor.py
[2025-07-17T08:31:18.914+0000] {processor.py:925} INFO - DAG(s) 'example_local_kubernetes_executor' retrieved from /home/airflow/.local/lib/python3.12/site-packages/airflow/example_dags/example_local_kubernetes_executor.py
[2025-07-17T08:31:18.928+0000] {logging_mixin.py:190} INFO - [2025-07-17T08:31:18.928+0000] {dag.py:3211} INFO - Sync 1 DAGs
[2025-07-17T08:31:18.933+0000] {logging_mixin.py:190} INFO - [2025-07-17T08:31:18.933+0000] {dag.py:4138} INFO - Setting next_dagrun for example_local_kubernetes_executor to None, run_after=None
[2025-07-17T08:31:18.940+0000] {processor.py:208} INFO - Processing /home/airflow/.local/lib/python3.12/site-packages/airflow/example_dags/example_local_kubernetes_executor.py took 0.034 seconds
[2025-07-17T08:31:49.621+0000] {processor.py:186} INFO - Started process (PID=202) to work on /home/airflow/.local/lib/python3.12/site-packages/airflow/example_dags/example_local_kubernetes_executor.py
[2025-07-17T08:31:49.622+0000] {processor.py:914} INFO - Processing file /home/airflow/.local/lib/python3.12/site-packages/airflow/example_dags/example_local_kubernetes_executor.py for tasks to queue
[2025-07-17T08:31:49.623+0000] {logging_mixin.py:190} INFO - [2025-07-17T08:31:49.623+0000] {dagbag.py:587} INFO - Filling up the DagBag from /home/airflow/.local/lib/python3.12/site-packages/airflow/example_dags/example_local_kubernetes_executor.py
[2025-07-17T08:31:49.628+0000] {processor.py:925} INFO - DAG(s) 'example_local_kubernetes_executor' retrieved from /home/airflow/.local/lib/python3.12/site-packages/airflow/example_dags/example_local_kubernetes_executor.py
[2025-07-17T08:31:49.642+0000] {logging_mixin.py:190} INFO - [2025-07-17T08:31:49.642+0000] {dag.py:3211} INFO - Sync 1 DAGs
[2025-07-17T08:31:49.648+0000] {logging_mixin.py:190} INFO - [2025-07-17T08:31:49.648+0000] {dag.py:4138} INFO - Setting next_dagrun for example_local_kubernetes_executor to None, run_after=None
[2025-07-17T08:31:49.655+0000] {processor.py:208} INFO - Processing /home/airflow/.local/lib/python3.12/site-packages/airflow/example_dags/example_local_kubernetes_executor.py took 0.036 seconds
[2025-07-17T08:32:20.374+0000] {processor.py:186} INFO - Started process (PID=264) to work on /home/airflow/.local/lib/python3.12/site-packages/airflow/example_dags/example_local_kubernetes_executor.py
[2025-07-17T08:32:20.375+0000] {processor.py:914} INFO - Processing file /home/airflow/.local/lib/python3.12/site-packages/airflow/example_dags/example_local_kubernetes_executor.py for tasks to queue
[2025-07-17T08:32:20.376+0000] {logging_mixin.py:190} INFO - [2025-07-17T08:32:20.376+0000] {dagbag.py:587} INFO - Filling up the DagBag from /home/airflow/.local/lib/python3.12/site-packages/airflow/example_dags/example_local_kubernetes_executor.py
[2025-07-17T08:32:20.381+0000] {processor.py:925} INFO - DAG(s) 'example_local_kubernetes_executor' retrieved from /home/airflow/.local/lib/python3.12/site-packages/airflow/example_dags/example_local_kubernetes_executor.py
[2025-07-17T08:32:20.399+0000] {logging_mixin.py:190} INFO - [2025-07-17T08:32:20.399+0000] {dag.py:3211} INFO - Sync 1 DAGs
[2025-07-17T08:32:20.405+0000] {logging_mixin.py:190} INFO - [2025-07-17T08:32:20.405+0000] {dag.py:4138} INFO - Setting next_dagrun for example_local_kubernetes_executor to None, run_after=None
[2025-07-17T08:32:20.424+0000] {processor.py:208} INFO - Processing /home/airflow/.local/lib/python3.12/site-packages/airflow/example_dags/example_local_kubernetes_executor.py took 0.053 seconds
[2025-07-17T08:32:51.123+0000] {processor.py:186} INFO - Started process (PID=326) to work on /home/airflow/.local/lib/python3.12/site-packages/airflow/example_dags/example_local_kubernetes_executor.py
[2025-07-17T08:32:51.125+0000] {processor.py:914} INFO - Processing file /home/airflow/.local/lib/python3.12/site-packages/airflow/example_dags/example_local_kubernetes_executor.py for tasks to queue
[2025-07-17T08:32:51.127+0000] {logging_mixin.py:190} INFO - [2025-07-17T08:32:51.127+0000] {dagbag.py:587} INFO - Filling up the DagBag from /home/airflow/.local/lib/python3.12/site-packages/airflow/example_dags/example_local_kubernetes_executor.py
[2025-07-17T08:32:51.132+0000] {processor.py:925} INFO - DAG(s) 'example_local_kubernetes_executor' retrieved from /home/airflow/.local/lib/python3.12/site-packages/airflow/example_dags/example_local_kubernetes_executor.py
[2025-07-17T08:32:51.149+0000] {logging_mixin.py:190} INFO - [2025-07-17T08:32:51.149+0000] {dag.py:3211} INFO - Sync 1 DAGs
[2025-07-17T08:32:51.156+0000] {logging_mixin.py:190} INFO - [2025-07-17T08:32:51.156+0000] {dag.py:4138} INFO - Setting next_dagrun for example_local_kubernetes_executor to None, run_after=None
[2025-07-17T08:32:51.163+0000] {processor.py:208} INFO - Processing /home/airflow/.local/lib/python3.12/site-packages/airflow/example_dags/example_local_kubernetes_executor.py took 0.042 seconds
[2025-07-17T08:33:21.872+0000] {processor.py:186} INFO - Started process (PID=388) to work on /home/airflow/.local/lib/python3.12/site-packages/airflow/example_dags/example_local_kubernetes_executor.py
[2025-07-17T08:33:21.872+0000] {processor.py:914} INFO - Processing file /home/airflow/.local/lib/python3.12/site-packages/airflow/example_dags/example_local_kubernetes_executor.py for tasks to queue
[2025-07-17T08:33:21.873+0000] {logging_mixin.py:190} INFO - [2025-07-17T08:33:21.873+0000] {dagbag.py:587} INFO - Filling up the DagBag from /home/airflow/.local/lib/python3.12/site-packages/airflow/example_dags/example_local_kubernetes_executor.py
[2025-07-17T08:33:21.878+0000] {processor.py:925} INFO - DAG(s) 'example_local_kubernetes_executor' retrieved from /home/airflow/.local/lib/python3.12/site-packages/airflow/example_dags/example_local_kubernetes_executor.py
[2025-07-17T08:33:21.891+0000] {logging_mixin.py:190} INFO - [2025-07-17T08:33:21.891+0000] {dag.py:3211} INFO - Sync 1 DAGs
[2025-07-17T08:33:21.897+0000] {logging_mixin.py:190} INFO - [2025-07-17T08:33:21.897+0000] {dag.py:4138} INFO - Setting next_dagrun for example_local_kubernetes_executor to None, run_after=None
[2025-07-17T08:33:21.905+0000] {processor.py:208} INFO - Processing /home/airflow/.local/lib/python3.12/site-packages/airflow/example_dags/example_local_kubernetes_executor.py took 0.035 seconds
[2025-07-17T08:33:52.623+0000] {processor.py:186} INFO - Started process (PID=450) to work on /home/airflow/.local/lib/python3.12/site-packages/airflow/example_dags/example_local_kubernetes_executor.py
[2025-07-17T08:33:52.624+0000] {processor.py:914} INFO - Processing file /home/airflow/.local/lib/python3.12/site-packages/airflow/example_dags/example_local_kubernetes_executor.py for tasks to queue
[2025-07-17T08:33:52.625+0000] {logging_mixin.py:190} INFO - [2025-07-17T08:33:52.624+0000] {dagbag.py:587} INFO - Filling up the DagBag from /home/airflow/.local/lib/python3.12/site-packages/airflow/example_dags/example_local_kubernetes_executor.py
[2025-07-17T08:33:52.629+0000] {processor.py:925} INFO - DAG(s) 'example_local_kubernetes_executor' retrieved from /home/airflow/.local/lib/python3.12/site-packages/airflow/example_dags/example_local_kubernetes_executor.py
[2025-07-17T08:33:52.643+0000] {logging_mixin.py:190} INFO - [2025-07-17T08:33:52.643+0000] {dag.py:3211} INFO - Sync 1 DAGs
[2025-07-17T08:33:52.648+0000] {logging_mixin.py:190} INFO - [2025-07-17T08:33:52.648+0000] {dag.py:4138} INFO - Setting next_dagrun for example_local_kubernetes_executor to None, run_after=None
[2025-07-17T08:33:52.655+0000] {processor.py:208} INFO - Processing /home/airflow/.local/lib/python3.12/site-packages/airflow/example_dags/example_local_kubernetes_executor.py took 0.034 seconds
[2025-07-17T08:34:23.507+0000] {processor.py:186} INFO - Started process (PID=512) to work on /home/airflow/.local/lib/python3.12/site-packages/airflow/example_dags/example_local_kubernetes_executor.py
[2025-07-17T08:34:23.508+0000] {processor.py:914} INFO - Processing file /home/airflow/.local/lib/python3.12/site-packages/airflow/example_dags/example_local_kubernetes_executor.py for tasks to queue
[2025-07-17T08:34:23.509+0000] {logging_mixin.py:190} INFO - [2025-07-17T08:34:23.509+0000] {dagbag.py:587} INFO - Filling up the DagBag from /home/airflow/.local/lib/python3.12/site-packages/airflow/example_dags/example_local_kubernetes_executor.py
[2025-07-17T08:34:23.514+0000] {processor.py:925} INFO - DAG(s) 'example_local_kubernetes_executor' retrieved from /home/airflow/.local/lib/python3.12/site-packages/airflow/example_dags/example_local_kubernetes_executor.py
[2025-07-17T08:34:23.530+0000] {logging_mixin.py:190} INFO - [2025-07-17T08:34:23.530+0000] {dag.py:3211} INFO - Sync 1 DAGs
[2025-07-17T08:34:23.541+0000] {logging_mixin.py:190} INFO - [2025-07-17T08:34:23.541+0000] {dag.py:4138} INFO - Setting next_dagrun for example_local_kubernetes_executor to None, run_after=None
[2025-07-17T08:34:23.550+0000] {processor.py:208} INFO - Processing /home/airflow/.local/lib/python3.12/site-packages/airflow/example_dags/example_local_kubernetes_executor.py took 0.046 seconds
[2025-07-17T08:34:54.401+0000] {processor.py:186} INFO - Started process (PID=574) to work on /home/airflow/.local/lib/python3.12/site-packages/airflow/example_dags/example_local_kubernetes_executor.py
[2025-07-17T08:34:54.402+0000] {processor.py:914} INFO - Processing file /home/airflow/.local/lib/python3.12/site-packages/airflow/example_dags/example_local_kubernetes_executor.py for tasks to queue
[2025-07-17T08:34:54.403+0000] {logging_mixin.py:190} INFO - [2025-07-17T08:34:54.402+0000] {dagbag.py:587} INFO - Filling up the DagBag from /home/airflow/.local/lib/python3.12/site-packages/airflow/example_dags/example_local_kubernetes_executor.py
[2025-07-17T08:34:54.407+0000] {processor.py:925} INFO - DAG(s) 'example_local_kubernetes_executor' retrieved from /home/airflow/.local/lib/python3.12/site-packages/airflow/example_dags/example_local_kubernetes_executor.py
[2025-07-17T08:34:54.420+0000] {logging_mixin.py:190} INFO - [2025-07-17T08:34:54.420+0000] {dag.py:3211} INFO - Sync 1 DAGs
[2025-07-17T08:34:54.425+0000] {logging_mixin.py:190} INFO - [2025-07-17T08:34:54.424+0000] {dag.py:4138} INFO - Setting next_dagrun for example_local_kubernetes_executor to None, run_after=None
[2025-07-17T08:34:54.432+0000] {processor.py:208} INFO - Processing /home/airflow/.local/lib/python3.12/site-packages/airflow/example_dags/example_local_kubernetes_executor.py took 0.033 seconds
[2025-07-17T08:35:25.344+0000] {processor.py:186} INFO - Started process (PID=636) to work on /home/airflow/.local/lib/python3.12/site-packages/airflow/example_dags/example_local_kubernetes_executor.py
[2025-07-17T08:35:25.344+0000] {processor.py:914} INFO - Processing file /home/airflow/.local/lib/python3.12/site-packages/airflow/example_dags/example_local_kubernetes_executor.py for tasks to queue
[2025-07-17T08:35:25.345+0000] {logging_mixin.py:190} INFO - [2025-07-17T08:35:25.345+0000] {dagbag.py:587} INFO - Filling up the DagBag from /home/airflow/.local/lib/python3.12/site-packages/airflow/example_dags/example_local_kubernetes_executor.py
[2025-07-17T08:35:25.354+0000] {processor.py:925} INFO - DAG(s) 'example_local_kubernetes_executor' retrieved from /home/airflow/.local/lib/python3.12/site-packages/airflow/example_dags/example_local_kubernetes_executor.py
[2025-07-17T08:35:25.371+0000] {logging_mixin.py:190} INFO - [2025-07-17T08:35:25.371+0000] {dag.py:3211} INFO - Sync 1 DAGs
[2025-07-17T08:35:25.377+0000] {logging_mixin.py:190} INFO - [2025-07-17T08:35:25.377+0000] {dag.py:4138} INFO - Setting next_dagrun for example_local_kubernetes_executor to None, run_after=None
[2025-07-17T08:35:25.384+0000] {processor.py:208} INFO - Processing /home/airflow/.local/lib/python3.12/site-packages/airflow/example_dags/example_local_kubernetes_executor.py took 0.043 seconds
