[2025-07-17T08:30:48.080+0000] {processor.py:186} INFO - Started process (PID=58) to work on /home/airflow/.local/lib/python3.12/site-packages/airflow/example_dags/example_branch_datetime_operator.py
[2025-07-17T08:30:48.080+0000] {processor.py:914} INFO - Processing file /home/airflow/.local/lib/python3.12/site-packages/airflow/example_dags/example_branch_datetime_operator.py for tasks to queue
[2025-07-17T08:30:48.082+0000] {logging_mixin.py:190} INFO - [2025-07-17T08:30:48.082+0000] {dagbag.py:587} INFO - Filling up the DagBag from /home/airflow/.local/lib/python3.12/site-packages/airflow/example_dags/example_branch_datetime_operator.py
[2025-07-17T08:30:48.088+0000] {processor.py:925} INFO - DAG(s) 'example_branch_datetime_operator', 'example_branch_datetime_operator_2', 'example_branch_datetime_operator_3' retrieved from /home/airflow/.local/lib/python3.12/site-packages/airflow/example_dags/example_branch_datetime_operator.py
[2025-07-17T08:30:48.126+0000] {logging_mixin.py:190} INFO - [2025-07-17T08:30:48.126+0000] {override.py:1858} INFO - Created Permission View: can delete on DAG:example_branch_datetime_operator
[2025-07-17T08:30:48.132+0000] {logging_mixin.py:190} INFO - [2025-07-17T08:30:48.132+0000] {override.py:1858} INFO - Created Permission View: can edit on DAG:example_branch_datetime_operator
[2025-07-17T08:30:48.134+0000] {logging_mixin.py:190} INFO - [2025-07-17T08:30:48.134+0000] {override.py:1858} INFO - Created Permission View: can read on DAG:example_branch_datetime_operator
[2025-07-17T08:30:48.138+0000] {logging_mixin.py:190} INFO - [2025-07-17T08:30:48.138+0000] {override.py:1858} INFO - Created Permission View: can delete on DAG:example_branch_datetime_operator_2
[2025-07-17T08:30:48.140+0000] {logging_mixin.py:190} INFO - [2025-07-17T08:30:48.140+0000] {override.py:1858} INFO - Created Permission View: can edit on DAG:example_branch_datetime_operator_2
[2025-07-17T08:30:48.141+0000] {logging_mixin.py:190} INFO - [2025-07-17T08:30:48.141+0000] {override.py:1858} INFO - Created Permission View: can read on DAG:example_branch_datetime_operator_2
[2025-07-17T08:30:48.145+0000] {logging_mixin.py:190} INFO - [2025-07-17T08:30:48.145+0000] {override.py:1858} INFO - Created Permission View: can delete on DAG:example_branch_datetime_operator_3
[2025-07-17T08:30:48.147+0000] {logging_mixin.py:190} INFO - [2025-07-17T08:30:48.146+0000] {override.py:1858} INFO - Created Permission View: can edit on DAG:example_branch_datetime_operator_3
[2025-07-17T08:30:48.148+0000] {logging_mixin.py:190} INFO - [2025-07-17T08:30:48.148+0000] {override.py:1858} INFO - Created Permission View: can read on DAG:example_branch_datetime_operator_3
[2025-07-17T08:30:48.150+0000] {logging_mixin.py:190} INFO - [2025-07-17T08:30:48.150+0000] {dag.py:3211} INFO - Sync 3 DAGs
[2025-07-17T08:30:48.154+0000] {logging_mixin.py:190} INFO - [2025-07-17T08:30:48.154+0000] {dag.py:3234} INFO - Creating ORM DAG for example_branch_datetime_operator_3
[2025-07-17T08:30:48.155+0000] {logging_mixin.py:190} INFO - [2025-07-17T08:30:48.155+0000] {dag.py:3234} INFO - Creating ORM DAG for example_branch_datetime_operator_2
[2025-07-17T08:30:48.155+0000] {logging_mixin.py:190} INFO - [2025-07-17T08:30:48.155+0000] {dag.py:3234} INFO - Creating ORM DAG for example_branch_datetime_operator
[2025-07-17T08:30:48.159+0000] {logging_mixin.py:190} INFO - [2025-07-17T08:30:48.159+0000] {dag.py:4138} INFO - Setting next_dagrun for example_branch_datetime_operator to 2025-07-16 00:00:00+00:00, run_after=2025-07-17 00:00:00+00:00
[2025-07-17T08:30:48.160+0000] {logging_mixin.py:190} INFO - [2025-07-17T08:30:48.160+0000] {dag.py:4138} INFO - Setting next_dagrun for example_branch_datetime_operator_2 to 2025-07-16 00:00:00+00:00, run_after=2025-07-17 00:00:00+00:00
[2025-07-17T08:30:48.160+0000] {logging_mixin.py:190} INFO - [2025-07-17T08:30:48.160+0000] {dag.py:4138} INFO - Setting next_dagrun for example_branch_datetime_operator_3 to 2025-07-16 00:00:00+00:00, run_after=2025-07-17 00:00:00+00:00
[2025-07-17T08:30:48.167+0000] {processor.py:208} INFO - Processing /home/airflow/.local/lib/python3.12/site-packages/airflow/example_dags/example_branch_datetime_operator.py took 0.090 seconds
[2025-07-17T08:31:18.535+0000] {processor.py:186} INFO - Started process (PID=126) to work on /home/airflow/.local/lib/python3.12/site-packages/airflow/example_dags/example_branch_datetime_operator.py
[2025-07-17T08:31:18.535+0000] {processor.py:914} INFO - Processing file /home/airflow/.local/lib/python3.12/site-packages/airflow/example_dags/example_branch_datetime_operator.py for tasks to queue
[2025-07-17T08:31:18.538+0000] {logging_mixin.py:190} INFO - [2025-07-17T08:31:18.538+0000] {dagbag.py:587} INFO - Filling up the DagBag from /home/airflow/.local/lib/python3.12/site-packages/airflow/example_dags/example_branch_datetime_operator.py
[2025-07-17T08:31:18.543+0000] {processor.py:925} INFO - DAG(s) 'example_branch_datetime_operator', 'example_branch_datetime_operator_3', 'example_branch_datetime_operator_2' retrieved from /home/airflow/.local/lib/python3.12/site-packages/airflow/example_dags/example_branch_datetime_operator.py
[2025-07-17T08:31:18.554+0000] {logging_mixin.py:190} INFO - [2025-07-17T08:31:18.554+0000] {dag.py:3211} INFO - Sync 3 DAGs
[2025-07-17T08:31:18.565+0000] {logging_mixin.py:190} INFO - [2025-07-17T08:31:18.564+0000] {dag.py:4138} INFO - Setting next_dagrun for example_branch_datetime_operator to 2025-07-16 00:00:00+00:00, run_after=2025-07-17 00:00:00+00:00
[2025-07-17T08:31:18.566+0000] {logging_mixin.py:190} INFO - [2025-07-17T08:31:18.566+0000] {dag.py:4138} INFO - Setting next_dagrun for example_branch_datetime_operator_2 to 2025-07-16 00:00:00+00:00, run_after=2025-07-17 00:00:00+00:00
[2025-07-17T08:31:18.567+0000] {logging_mixin.py:190} INFO - [2025-07-17T08:31:18.567+0000] {dag.py:4138} INFO - Setting next_dagrun for example_branch_datetime_operator_3 to 2025-07-16 00:00:00+00:00, run_after=2025-07-17 00:00:00+00:00
[2025-07-17T08:31:18.573+0000] {processor.py:208} INFO - Processing /home/airflow/.local/lib/python3.12/site-packages/airflow/example_dags/example_branch_datetime_operator.py took 0.041 seconds
[2025-07-17T08:31:49.235+0000] {processor.py:186} INFO - Started process (PID=188) to work on /home/airflow/.local/lib/python3.12/site-packages/airflow/example_dags/example_branch_datetime_operator.py
[2025-07-17T08:31:49.236+0000] {processor.py:914} INFO - Processing file /home/airflow/.local/lib/python3.12/site-packages/airflow/example_dags/example_branch_datetime_operator.py for tasks to queue
[2025-07-17T08:31:49.238+0000] {logging_mixin.py:190} INFO - [2025-07-17T08:31:49.238+0000] {dagbag.py:587} INFO - Filling up the DagBag from /home/airflow/.local/lib/python3.12/site-packages/airflow/example_dags/example_branch_datetime_operator.py
[2025-07-17T08:31:49.243+0000] {processor.py:925} INFO - DAG(s) 'example_branch_datetime_operator_3', 'example_branch_datetime_operator_2', 'example_branch_datetime_operator' retrieved from /home/airflow/.local/lib/python3.12/site-packages/airflow/example_dags/example_branch_datetime_operator.py
[2025-07-17T08:31:49.254+0000] {logging_mixin.py:190} INFO - [2025-07-17T08:31:49.254+0000] {dag.py:3211} INFO - Sync 3 DAGs
[2025-07-17T08:31:49.265+0000] {logging_mixin.py:190} INFO - [2025-07-17T08:31:49.265+0000] {dag.py:4138} INFO - Setting next_dagrun for example_branch_datetime_operator to 2025-07-16 00:00:00+00:00, run_after=2025-07-17 00:00:00+00:00
[2025-07-17T08:31:49.270+0000] {logging_mixin.py:190} INFO - [2025-07-17T08:31:49.269+0000] {dag.py:4138} INFO - Setting next_dagrun for example_branch_datetime_operator_2 to 2025-07-16 00:00:00+00:00, run_after=2025-07-17 00:00:00+00:00
[2025-07-17T08:31:49.270+0000] {logging_mixin.py:190} INFO - [2025-07-17T08:31:49.270+0000] {dag.py:4138} INFO - Setting next_dagrun for example_branch_datetime_operator_3 to 2025-07-16 00:00:00+00:00, run_after=2025-07-17 00:00:00+00:00
[2025-07-17T08:31:49.276+0000] {processor.py:208} INFO - Processing /home/airflow/.local/lib/python3.12/site-packages/airflow/example_dags/example_branch_datetime_operator.py took 0.044 seconds
[2025-07-17T08:32:20.009+0000] {processor.py:186} INFO - Started process (PID=250) to work on /home/airflow/.local/lib/python3.12/site-packages/airflow/example_dags/example_branch_datetime_operator.py
[2025-07-17T08:32:20.010+0000] {processor.py:914} INFO - Processing file /home/airflow/.local/lib/python3.12/site-packages/airflow/example_dags/example_branch_datetime_operator.py for tasks to queue
[2025-07-17T08:32:20.011+0000] {logging_mixin.py:190} INFO - [2025-07-17T08:32:20.011+0000] {dagbag.py:587} INFO - Filling up the DagBag from /home/airflow/.local/lib/python3.12/site-packages/airflow/example_dags/example_branch_datetime_operator.py
[2025-07-17T08:32:20.016+0000] {processor.py:925} INFO - DAG(s) 'example_branch_datetime_operator', 'example_branch_datetime_operator_2', 'example_branch_datetime_operator_3' retrieved from /home/airflow/.local/lib/python3.12/site-packages/airflow/example_dags/example_branch_datetime_operator.py
[2025-07-17T08:32:20.028+0000] {logging_mixin.py:190} INFO - [2025-07-17T08:32:20.027+0000] {dag.py:3211} INFO - Sync 3 DAGs
[2025-07-17T08:32:20.038+0000] {logging_mixin.py:190} INFO - [2025-07-17T08:32:20.038+0000] {dag.py:4138} INFO - Setting next_dagrun for example_branch_datetime_operator to 2025-07-16 00:00:00+00:00, run_after=2025-07-17 00:00:00+00:00
[2025-07-17T08:32:20.040+0000] {logging_mixin.py:190} INFO - [2025-07-17T08:32:20.040+0000] {dag.py:4138} INFO - Setting next_dagrun for example_branch_datetime_operator_2 to 2025-07-16 00:00:00+00:00, run_after=2025-07-17 00:00:00+00:00
[2025-07-17T08:32:20.041+0000] {logging_mixin.py:190} INFO - [2025-07-17T08:32:20.041+0000] {dag.py:4138} INFO - Setting next_dagrun for example_branch_datetime_operator_3 to 2025-07-16 00:00:00+00:00, run_after=2025-07-17 00:00:00+00:00
[2025-07-17T08:32:20.049+0000] {processor.py:208} INFO - Processing /home/airflow/.local/lib/python3.12/site-packages/airflow/example_dags/example_branch_datetime_operator.py took 0.042 seconds
[2025-07-17T08:32:50.771+0000] {processor.py:186} INFO - Started process (PID=312) to work on /home/airflow/.local/lib/python3.12/site-packages/airflow/example_dags/example_branch_datetime_operator.py
[2025-07-17T08:32:50.771+0000] {processor.py:914} INFO - Processing file /home/airflow/.local/lib/python3.12/site-packages/airflow/example_dags/example_branch_datetime_operator.py for tasks to queue
[2025-07-17T08:32:50.772+0000] {logging_mixin.py:190} INFO - [2025-07-17T08:32:50.772+0000] {dagbag.py:587} INFO - Filling up the DagBag from /home/airflow/.local/lib/python3.12/site-packages/airflow/example_dags/example_branch_datetime_operator.py
[2025-07-17T08:32:50.778+0000] {processor.py:925} INFO - DAG(s) 'example_branch_datetime_operator_2', 'example_branch_datetime_operator', 'example_branch_datetime_operator_3' retrieved from /home/airflow/.local/lib/python3.12/site-packages/airflow/example_dags/example_branch_datetime_operator.py
[2025-07-17T08:32:50.788+0000] {logging_mixin.py:190} INFO - [2025-07-17T08:32:50.788+0000] {dag.py:3211} INFO - Sync 3 DAGs
[2025-07-17T08:32:50.798+0000] {logging_mixin.py:190} INFO - [2025-07-17T08:32:50.797+0000] {dag.py:4138} INFO - Setting next_dagrun for example_branch_datetime_operator to 2025-07-16 00:00:00+00:00, run_after=2025-07-17 00:00:00+00:00
[2025-07-17T08:32:50.800+0000] {logging_mixin.py:190} INFO - [2025-07-17T08:32:50.799+0000] {dag.py:4138} INFO - Setting next_dagrun for example_branch_datetime_operator_2 to 2025-07-16 00:00:00+00:00, run_after=2025-07-17 00:00:00+00:00
[2025-07-17T08:32:50.800+0000] {logging_mixin.py:190} INFO - [2025-07-17T08:32:50.800+0000] {dag.py:4138} INFO - Setting next_dagrun for example_branch_datetime_operator_3 to 2025-07-16 00:00:00+00:00, run_after=2025-07-17 00:00:00+00:00
[2025-07-17T08:32:50.806+0000] {processor.py:208} INFO - Processing /home/airflow/.local/lib/python3.12/site-packages/airflow/example_dags/example_branch_datetime_operator.py took 0.037 seconds
[2025-07-17T08:33:21.514+0000] {processor.py:186} INFO - Started process (PID=374) to work on /home/airflow/.local/lib/python3.12/site-packages/airflow/example_dags/example_branch_datetime_operator.py
[2025-07-17T08:33:21.514+0000] {processor.py:914} INFO - Processing file /home/airflow/.local/lib/python3.12/site-packages/airflow/example_dags/example_branch_datetime_operator.py for tasks to queue
[2025-07-17T08:33:21.515+0000] {logging_mixin.py:190} INFO - [2025-07-17T08:33:21.515+0000] {dagbag.py:587} INFO - Filling up the DagBag from /home/airflow/.local/lib/python3.12/site-packages/airflow/example_dags/example_branch_datetime_operator.py
[2025-07-17T08:33:21.520+0000] {processor.py:925} INFO - DAG(s) 'example_branch_datetime_operator_2', 'example_branch_datetime_operator_3', 'example_branch_datetime_operator' retrieved from /home/airflow/.local/lib/python3.12/site-packages/airflow/example_dags/example_branch_datetime_operator.py
[2025-07-17T08:33:21.531+0000] {logging_mixin.py:190} INFO - [2025-07-17T08:33:21.531+0000] {dag.py:3211} INFO - Sync 3 DAGs
[2025-07-17T08:33:21.541+0000] {logging_mixin.py:190} INFO - [2025-07-17T08:33:21.540+0000] {dag.py:4138} INFO - Setting next_dagrun for example_branch_datetime_operator to 2025-07-16 00:00:00+00:00, run_after=2025-07-17 00:00:00+00:00
[2025-07-17T08:33:21.542+0000] {logging_mixin.py:190} INFO - [2025-07-17T08:33:21.542+0000] {dag.py:4138} INFO - Setting next_dagrun for example_branch_datetime_operator_2 to 2025-07-16 00:00:00+00:00, run_after=2025-07-17 00:00:00+00:00
[2025-07-17T08:33:21.544+0000] {logging_mixin.py:190} INFO - [2025-07-17T08:33:21.544+0000] {dag.py:4138} INFO - Setting next_dagrun for example_branch_datetime_operator_3 to 2025-07-16 00:00:00+00:00, run_after=2025-07-17 00:00:00+00:00
[2025-07-17T08:33:21.551+0000] {processor.py:208} INFO - Processing /home/airflow/.local/lib/python3.12/site-packages/airflow/example_dags/example_branch_datetime_operator.py took 0.040 seconds
[2025-07-17T08:33:52.237+0000] {processor.py:186} INFO - Started process (PID=436) to work on /home/airflow/.local/lib/python3.12/site-packages/airflow/example_dags/example_branch_datetime_operator.py
[2025-07-17T08:33:52.239+0000] {processor.py:914} INFO - Processing file /home/airflow/.local/lib/python3.12/site-packages/airflow/example_dags/example_branch_datetime_operator.py for tasks to queue
[2025-07-17T08:33:52.241+0000] {logging_mixin.py:190} INFO - [2025-07-17T08:33:52.240+0000] {dagbag.py:587} INFO - Filling up the DagBag from /home/airflow/.local/lib/python3.12/site-packages/airflow/example_dags/example_branch_datetime_operator.py
[2025-07-17T08:33:52.247+0000] {processor.py:925} INFO - DAG(s) 'example_branch_datetime_operator_3', 'example_branch_datetime_operator_2', 'example_branch_datetime_operator' retrieved from /home/airflow/.local/lib/python3.12/site-packages/airflow/example_dags/example_branch_datetime_operator.py
[2025-07-17T08:33:52.263+0000] {logging_mixin.py:190} INFO - [2025-07-17T08:33:52.263+0000] {dag.py:3211} INFO - Sync 3 DAGs
[2025-07-17T08:33:52.273+0000] {logging_mixin.py:190} INFO - [2025-07-17T08:33:52.273+0000] {dag.py:4138} INFO - Setting next_dagrun for example_branch_datetime_operator to 2025-07-16 00:00:00+00:00, run_after=2025-07-17 00:00:00+00:00
[2025-07-17T08:33:52.275+0000] {logging_mixin.py:190} INFO - [2025-07-17T08:33:52.275+0000] {dag.py:4138} INFO - Setting next_dagrun for example_branch_datetime_operator_2 to 2025-07-16 00:00:00+00:00, run_after=2025-07-17 00:00:00+00:00
[2025-07-17T08:33:52.276+0000] {logging_mixin.py:190} INFO - [2025-07-17T08:33:52.276+0000] {dag.py:4138} INFO - Setting next_dagrun for example_branch_datetime_operator_3 to 2025-07-16 00:00:00+00:00, run_after=2025-07-17 00:00:00+00:00
[2025-07-17T08:33:52.285+0000] {processor.py:208} INFO - Processing /home/airflow/.local/lib/python3.12/site-packages/airflow/example_dags/example_branch_datetime_operator.py took 0.050 seconds
[2025-07-17T08:34:23.100+0000] {processor.py:186} INFO - Started process (PID=498) to work on /home/airflow/.local/lib/python3.12/site-packages/airflow/example_dags/example_branch_datetime_operator.py
[2025-07-17T08:34:23.101+0000] {processor.py:914} INFO - Processing file /home/airflow/.local/lib/python3.12/site-packages/airflow/example_dags/example_branch_datetime_operator.py for tasks to queue
[2025-07-17T08:34:23.103+0000] {logging_mixin.py:190} INFO - [2025-07-17T08:34:23.102+0000] {dagbag.py:587} INFO - Filling up the DagBag from /home/airflow/.local/lib/python3.12/site-packages/airflow/example_dags/example_branch_datetime_operator.py
[2025-07-17T08:34:23.108+0000] {processor.py:925} INFO - DAG(s) 'example_branch_datetime_operator', 'example_branch_datetime_operator_2', 'example_branch_datetime_operator_3' retrieved from /home/airflow/.local/lib/python3.12/site-packages/airflow/example_dags/example_branch_datetime_operator.py
[2025-07-17T08:34:23.123+0000] {logging_mixin.py:190} INFO - [2025-07-17T08:34:23.123+0000] {dag.py:3211} INFO - Sync 3 DAGs
[2025-07-17T08:34:23.135+0000] {logging_mixin.py:190} INFO - [2025-07-17T08:34:23.135+0000] {dag.py:4138} INFO - Setting next_dagrun for example_branch_datetime_operator to 2025-07-16 00:00:00+00:00, run_after=2025-07-17 00:00:00+00:00
[2025-07-17T08:34:23.137+0000] {logging_mixin.py:190} INFO - [2025-07-17T08:34:23.137+0000] {dag.py:4138} INFO - Setting next_dagrun for example_branch_datetime_operator_2 to 2025-07-16 00:00:00+00:00, run_after=2025-07-17 00:00:00+00:00
[2025-07-17T08:34:23.138+0000] {logging_mixin.py:190} INFO - [2025-07-17T08:34:23.138+0000] {dag.py:4138} INFO - Setting next_dagrun for example_branch_datetime_operator_3 to 2025-07-16 00:00:00+00:00, run_after=2025-07-17 00:00:00+00:00
[2025-07-17T08:34:23.148+0000] {processor.py:208} INFO - Processing /home/airflow/.local/lib/python3.12/site-packages/airflow/example_dags/example_branch_datetime_operator.py took 0.051 seconds
[2025-07-17T08:34:54.023+0000] {processor.py:186} INFO - Started process (PID=560) to work on /home/airflow/.local/lib/python3.12/site-packages/airflow/example_dags/example_branch_datetime_operator.py
[2025-07-17T08:34:54.024+0000] {processor.py:914} INFO - Processing file /home/airflow/.local/lib/python3.12/site-packages/airflow/example_dags/example_branch_datetime_operator.py for tasks to queue
[2025-07-17T08:34:54.025+0000] {logging_mixin.py:190} INFO - [2025-07-17T08:34:54.024+0000] {dagbag.py:587} INFO - Filling up the DagBag from /home/airflow/.local/lib/python3.12/site-packages/airflow/example_dags/example_branch_datetime_operator.py
[2025-07-17T08:34:54.030+0000] {processor.py:925} INFO - DAG(s) 'example_branch_datetime_operator_2', 'example_branch_datetime_operator', 'example_branch_datetime_operator_3' retrieved from /home/airflow/.local/lib/python3.12/site-packages/airflow/example_dags/example_branch_datetime_operator.py
[2025-07-17T08:34:54.044+0000] {logging_mixin.py:190} INFO - [2025-07-17T08:34:54.043+0000] {dag.py:3211} INFO - Sync 3 DAGs
[2025-07-17T08:34:54.054+0000] {logging_mixin.py:190} INFO - [2025-07-17T08:34:54.054+0000] {dag.py:4138} INFO - Setting next_dagrun for example_branch_datetime_operator to 2025-07-16 00:00:00+00:00, run_after=2025-07-17 00:00:00+00:00
[2025-07-17T08:34:54.056+0000] {logging_mixin.py:190} INFO - [2025-07-17T08:34:54.056+0000] {dag.py:4138} INFO - Setting next_dagrun for example_branch_datetime_operator_2 to 2025-07-16 00:00:00+00:00, run_after=2025-07-17 00:00:00+00:00
[2025-07-17T08:34:54.057+0000] {logging_mixin.py:190} INFO - [2025-07-17T08:34:54.057+0000] {dag.py:4138} INFO - Setting next_dagrun for example_branch_datetime_operator_3 to 2025-07-16 00:00:00+00:00, run_after=2025-07-17 00:00:00+00:00
[2025-07-17T08:34:54.065+0000] {processor.py:208} INFO - Processing /home/airflow/.local/lib/python3.12/site-packages/airflow/example_dags/example_branch_datetime_operator.py took 0.044 seconds
[2025-07-17T08:35:24.900+0000] {processor.py:186} INFO - Started process (PID=622) to work on /home/airflow/.local/lib/python3.12/site-packages/airflow/example_dags/example_branch_datetime_operator.py
[2025-07-17T08:35:24.900+0000] {processor.py:914} INFO - Processing file /home/airflow/.local/lib/python3.12/site-packages/airflow/example_dags/example_branch_datetime_operator.py for tasks to queue
[2025-07-17T08:35:24.901+0000] {logging_mixin.py:190} INFO - [2025-07-17T08:35:24.901+0000] {dagbag.py:587} INFO - Filling up the DagBag from /home/airflow/.local/lib/python3.12/site-packages/airflow/example_dags/example_branch_datetime_operator.py
[2025-07-17T08:35:24.906+0000] {processor.py:925} INFO - DAG(s) 'example_branch_datetime_operator', 'example_branch_datetime_operator_3', 'example_branch_datetime_operator_2' retrieved from /home/airflow/.local/lib/python3.12/site-packages/airflow/example_dags/example_branch_datetime_operator.py
[2025-07-17T08:35:24.918+0000] {logging_mixin.py:190} INFO - [2025-07-17T08:35:24.917+0000] {dag.py:3211} INFO - Sync 3 DAGs
[2025-07-17T08:35:24.928+0000] {logging_mixin.py:190} INFO - [2025-07-17T08:35:24.928+0000] {dag.py:4138} INFO - Setting next_dagrun for example_branch_datetime_operator to 2025-07-16 00:00:00+00:00, run_after=2025-07-17 00:00:00+00:00
[2025-07-17T08:35:24.929+0000] {logging_mixin.py:190} INFO - [2025-07-17T08:35:24.929+0000] {dag.py:4138} INFO - Setting next_dagrun for example_branch_datetime_operator_2 to 2025-07-16 00:00:00+00:00, run_after=2025-07-17 00:00:00+00:00
[2025-07-17T08:35:24.930+0000] {logging_mixin.py:190} INFO - [2025-07-17T08:35:24.930+0000] {dag.py:4138} INFO - Setting next_dagrun for example_branch_datetime_operator_3 to 2025-07-16 00:00:00+00:00, run_after=2025-07-17 00:00:00+00:00
[2025-07-17T08:35:24.936+0000] {processor.py:208} INFO - Processing /home/airflow/.local/lib/python3.12/site-packages/airflow/example_dags/example_branch_datetime_operator.py took 0.039 seconds
