[2025-07-17T08:30:47.360+0000] {processor.py:186} INFO - Started process (PID=48) to work on /home/airflow/.local/lib/python3.12/site-packages/airflow/example_dags/example_dataset_alias.py
[2025-07-17T08:30:47.362+0000] {processor.py:914} INFO - Processing file /home/airflow/.local/lib/python3.12/site-packages/airflow/example_dags/example_dataset_alias.py for tasks to queue
[2025-07-17T08:30:47.363+0000] {logging_mixin.py:190} INFO - [2025-07-17T08:30:47.363+0000] {dagbag.py:587} INFO - Filling up the DagBag from /home/airflow/.local/lib/python3.12/site-packages/airflow/example_dags/example_dataset_alias.py
[2025-07-17T08:30:47.609+0000] {processor.py:925} INFO - DAG(s) 'dataset_alias_example_alias_producer', 'dataset_s3_bucket_producer', 'dataset_alias_example_alias_consumer', 'dataset_s3_bucket_consumer' retrieved from /home/airflow/.local/lib/python3.12/site-packages/airflow/example_dags/example_dataset_alias.py
[2025-07-17T08:30:47.644+0000] {logging_mixin.py:190} INFO - [2025-07-17T08:30:47.643+0000] {override.py:1858} INFO - Created Permission View: can delete on DAG:dataset_alias_example_alias_producer
[2025-07-17T08:30:47.647+0000] {logging_mixin.py:190} INFO - [2025-07-17T08:30:47.647+0000] {override.py:1858} INFO - Created Permission View: can edit on DAG:dataset_alias_example_alias_producer
[2025-07-17T08:30:47.649+0000] {logging_mixin.py:190} INFO - [2025-07-17T08:30:47.649+0000] {override.py:1858} INFO - Created Permission View: can read on DAG:dataset_alias_example_alias_producer
[2025-07-17T08:30:47.653+0000] {logging_mixin.py:190} INFO - [2025-07-17T08:30:47.653+0000] {override.py:1858} INFO - Created Permission View: can delete on DAG:dataset_s3_bucket_producer
[2025-07-17T08:30:47.655+0000] {logging_mixin.py:190} INFO - [2025-07-17T08:30:47.655+0000] {override.py:1858} INFO - Created Permission View: can edit on DAG:dataset_s3_bucket_producer
[2025-07-17T08:30:47.657+0000] {logging_mixin.py:190} INFO - [2025-07-17T08:30:47.657+0000] {override.py:1858} INFO - Created Permission View: can read on DAG:dataset_s3_bucket_producer
[2025-07-17T08:30:47.660+0000] {logging_mixin.py:190} INFO - [2025-07-17T08:30:47.660+0000] {override.py:1858} INFO - Created Permission View: can delete on DAG:dataset_alias_example_alias_consumer
[2025-07-17T08:30:47.662+0000] {logging_mixin.py:190} INFO - [2025-07-17T08:30:47.661+0000] {override.py:1858} INFO - Created Permission View: can edit on DAG:dataset_alias_example_alias_consumer
[2025-07-17T08:30:47.663+0000] {logging_mixin.py:190} INFO - [2025-07-17T08:30:47.663+0000] {override.py:1858} INFO - Created Permission View: can read on DAG:dataset_alias_example_alias_consumer
[2025-07-17T08:30:47.666+0000] {logging_mixin.py:190} INFO - [2025-07-17T08:30:47.666+0000] {override.py:1858} INFO - Created Permission View: can delete on DAG:dataset_s3_bucket_consumer
[2025-07-17T08:30:47.668+0000] {logging_mixin.py:190} INFO - [2025-07-17T08:30:47.668+0000] {override.py:1858} INFO - Created Permission View: can edit on DAG:dataset_s3_bucket_consumer
[2025-07-17T08:30:47.670+0000] {logging_mixin.py:190} INFO - [2025-07-17T08:30:47.670+0000] {override.py:1858} INFO - Created Permission View: can read on DAG:dataset_s3_bucket_consumer
[2025-07-17T08:30:47.670+0000] {logging_mixin.py:190} INFO - [2025-07-17T08:30:47.670+0000] {dag.py:3211} INFO - Sync 4 DAGs
[2025-07-17T08:30:47.675+0000] {logging_mixin.py:190} INFO - [2025-07-17T08:30:47.675+0000] {dag.py:3234} INFO - Creating ORM DAG for dataset_s3_bucket_consumer
[2025-07-17T08:30:47.675+0000] {logging_mixin.py:190} INFO - [2025-07-17T08:30:47.675+0000] {dag.py:3234} INFO - Creating ORM DAG for dataset_s3_bucket_producer
[2025-07-17T08:30:47.675+0000] {logging_mixin.py:190} INFO - [2025-07-17T08:30:47.675+0000] {dag.py:3234} INFO - Creating ORM DAG for dataset_alias_example_alias_producer
[2025-07-17T08:30:47.676+0000] {logging_mixin.py:190} INFO - [2025-07-17T08:30:47.676+0000] {dag.py:3234} INFO - Creating ORM DAG for dataset_alias_example_alias_consumer
[2025-07-17T08:30:47.679+0000] {logging_mixin.py:190} INFO - [2025-07-17T08:30:47.679+0000] {dag.py:4138} INFO - Setting next_dagrun for dataset_alias_example_alias_consumer to None, run_after=None
[2025-07-17T08:30:47.679+0000] {logging_mixin.py:190} INFO - [2025-07-17T08:30:47.679+0000] {dag.py:4138} INFO - Setting next_dagrun for dataset_alias_example_alias_producer to None, run_after=None
[2025-07-17T08:30:47.680+0000] {logging_mixin.py:190} INFO - [2025-07-17T08:30:47.680+0000] {dag.py:4138} INFO - Setting next_dagrun for dataset_s3_bucket_consumer to None, run_after=None
[2025-07-17T08:30:47.680+0000] {logging_mixin.py:190} INFO - [2025-07-17T08:30:47.680+0000] {dag.py:4138} INFO - Setting next_dagrun for dataset_s3_bucket_producer to None, run_after=None
[2025-07-17T08:30:47.692+0000] {processor.py:208} INFO - Processing /home/airflow/.local/lib/python3.12/site-packages/airflow/example_dags/example_dataset_alias.py took 0.335 seconds
[2025-07-17T08:31:18.230+0000] {processor.py:186} INFO - Started process (PID=110) to work on /home/airflow/.local/lib/python3.12/site-packages/airflow/example_dags/example_dataset_alias.py
[2025-07-17T08:31:18.230+0000] {processor.py:914} INFO - Processing file /home/airflow/.local/lib/python3.12/site-packages/airflow/example_dags/example_dataset_alias.py for tasks to queue
[2025-07-17T08:31:18.231+0000] {logging_mixin.py:190} INFO - [2025-07-17T08:31:18.231+0000] {dagbag.py:587} INFO - Filling up the DagBag from /home/airflow/.local/lib/python3.12/site-packages/airflow/example_dags/example_dataset_alias.py
[2025-07-17T08:31:18.298+0000] {processor.py:925} INFO - DAG(s) 'dataset_alias_example_alias_consumer', 'dataset_s3_bucket_producer', 'dataset_s3_bucket_consumer', 'dataset_alias_example_alias_producer' retrieved from /home/airflow/.local/lib/python3.12/site-packages/airflow/example_dags/example_dataset_alias.py
[2025-07-17T08:31:18.305+0000] {logging_mixin.py:190} INFO - [2025-07-17T08:31:18.305+0000] {dag.py:3211} INFO - Sync 4 DAGs
[2025-07-17T08:31:18.316+0000] {logging_mixin.py:190} INFO - [2025-07-17T08:31:18.316+0000] {dag.py:4138} INFO - Setting next_dagrun for dataset_alias_example_alias_consumer to None, run_after=None
[2025-07-17T08:31:18.317+0000] {logging_mixin.py:190} INFO - [2025-07-17T08:31:18.317+0000] {dag.py:4138} INFO - Setting next_dagrun for dataset_alias_example_alias_producer to None, run_after=None
[2025-07-17T08:31:18.317+0000] {logging_mixin.py:190} INFO - [2025-07-17T08:31:18.317+0000] {dag.py:4138} INFO - Setting next_dagrun for dataset_s3_bucket_consumer to None, run_after=None
[2025-07-17T08:31:18.318+0000] {logging_mixin.py:190} INFO - [2025-07-17T08:31:18.318+0000] {dag.py:4138} INFO - Setting next_dagrun for dataset_s3_bucket_producer to None, run_after=None
[2025-07-17T08:31:18.326+0000] {processor.py:208} INFO - Processing /home/airflow/.local/lib/python3.12/site-packages/airflow/example_dags/example_dataset_alias.py took 0.098 seconds
[2025-07-17T08:31:48.937+0000] {processor.py:186} INFO - Started process (PID=178) to work on /home/airflow/.local/lib/python3.12/site-packages/airflow/example_dags/example_dataset_alias.py
[2025-07-17T08:31:48.940+0000] {processor.py:914} INFO - Processing file /home/airflow/.local/lib/python3.12/site-packages/airflow/example_dags/example_dataset_alias.py for tasks to queue
[2025-07-17T08:31:48.941+0000] {logging_mixin.py:190} INFO - [2025-07-17T08:31:48.941+0000] {dagbag.py:587} INFO - Filling up the DagBag from /home/airflow/.local/lib/python3.12/site-packages/airflow/example_dags/example_dataset_alias.py
[2025-07-17T08:31:49.002+0000] {processor.py:925} INFO - DAG(s) 'dataset_s3_bucket_consumer', 'dataset_alias_example_alias_producer', 'dataset_alias_example_alias_consumer', 'dataset_s3_bucket_producer' retrieved from /home/airflow/.local/lib/python3.12/site-packages/airflow/example_dags/example_dataset_alias.py
[2025-07-17T08:31:49.010+0000] {logging_mixin.py:190} INFO - [2025-07-17T08:31:49.010+0000] {dag.py:3211} INFO - Sync 4 DAGs
[2025-07-17T08:31:49.019+0000] {logging_mixin.py:190} INFO - [2025-07-17T08:31:49.019+0000] {dag.py:4138} INFO - Setting next_dagrun for dataset_alias_example_alias_consumer to None, run_after=None
[2025-07-17T08:31:49.020+0000] {logging_mixin.py:190} INFO - [2025-07-17T08:31:49.020+0000] {dag.py:4138} INFO - Setting next_dagrun for dataset_alias_example_alias_producer to None, run_after=None
[2025-07-17T08:31:49.020+0000] {logging_mixin.py:190} INFO - [2025-07-17T08:31:49.020+0000] {dag.py:4138} INFO - Setting next_dagrun for dataset_s3_bucket_consumer to None, run_after=None
[2025-07-17T08:31:49.021+0000] {logging_mixin.py:190} INFO - [2025-07-17T08:31:49.021+0000] {dag.py:4138} INFO - Setting next_dagrun for dataset_s3_bucket_producer to None, run_after=None
[2025-07-17T08:31:49.028+0000] {processor.py:208} INFO - Processing /home/airflow/.local/lib/python3.12/site-packages/airflow/example_dags/example_dataset_alias.py took 0.094 seconds
[2025-07-17T08:32:19.680+0000] {processor.py:186} INFO - Started process (PID=240) to work on /home/airflow/.local/lib/python3.12/site-packages/airflow/example_dags/example_dataset_alias.py
[2025-07-17T08:32:19.684+0000] {processor.py:914} INFO - Processing file /home/airflow/.local/lib/python3.12/site-packages/airflow/example_dags/example_dataset_alias.py for tasks to queue
[2025-07-17T08:32:19.685+0000] {logging_mixin.py:190} INFO - [2025-07-17T08:32:19.685+0000] {dagbag.py:587} INFO - Filling up the DagBag from /home/airflow/.local/lib/python3.12/site-packages/airflow/example_dags/example_dataset_alias.py
[2025-07-17T08:32:19.749+0000] {processor.py:925} INFO - DAG(s) 'dataset_alias_example_alias_producer', 'dataset_s3_bucket_producer', 'dataset_s3_bucket_consumer', 'dataset_alias_example_alias_consumer' retrieved from /home/airflow/.local/lib/python3.12/site-packages/airflow/example_dags/example_dataset_alias.py
[2025-07-17T08:32:19.758+0000] {logging_mixin.py:190} INFO - [2025-07-17T08:32:19.757+0000] {dag.py:3211} INFO - Sync 4 DAGs
[2025-07-17T08:32:19.769+0000] {logging_mixin.py:190} INFO - [2025-07-17T08:32:19.769+0000] {dag.py:4138} INFO - Setting next_dagrun for dataset_alias_example_alias_consumer to None, run_after=None
[2025-07-17T08:32:19.770+0000] {logging_mixin.py:190} INFO - [2025-07-17T08:32:19.770+0000] {dag.py:4138} INFO - Setting next_dagrun for dataset_alias_example_alias_producer to None, run_after=None
[2025-07-17T08:32:19.771+0000] {logging_mixin.py:190} INFO - [2025-07-17T08:32:19.771+0000] {dag.py:4138} INFO - Setting next_dagrun for dataset_s3_bucket_consumer to None, run_after=None
[2025-07-17T08:32:19.772+0000] {logging_mixin.py:190} INFO - [2025-07-17T08:32:19.772+0000] {dag.py:4138} INFO - Setting next_dagrun for dataset_s3_bucket_producer to None, run_after=None
[2025-07-17T08:32:19.781+0000] {processor.py:208} INFO - Processing /home/airflow/.local/lib/python3.12/site-packages/airflow/example_dags/example_dataset_alias.py took 0.103 seconds
[2025-07-17T08:32:50.464+0000] {processor.py:186} INFO - Started process (PID=302) to work on /home/airflow/.local/lib/python3.12/site-packages/airflow/example_dags/example_dataset_alias.py
[2025-07-17T08:32:50.464+0000] {processor.py:914} INFO - Processing file /home/airflow/.local/lib/python3.12/site-packages/airflow/example_dags/example_dataset_alias.py for tasks to queue
[2025-07-17T08:32:50.465+0000] {logging_mixin.py:190} INFO - [2025-07-17T08:32:50.465+0000] {dagbag.py:587} INFO - Filling up the DagBag from /home/airflow/.local/lib/python3.12/site-packages/airflow/example_dags/example_dataset_alias.py
[2025-07-17T08:32:50.527+0000] {processor.py:925} INFO - DAG(s) 'dataset_alias_example_alias_producer', 'dataset_alias_example_alias_consumer', 'dataset_s3_bucket_consumer', 'dataset_s3_bucket_producer' retrieved from /home/airflow/.local/lib/python3.12/site-packages/airflow/example_dags/example_dataset_alias.py
[2025-07-17T08:32:50.537+0000] {logging_mixin.py:190} INFO - [2025-07-17T08:32:50.536+0000] {dag.py:3211} INFO - Sync 4 DAGs
[2025-07-17T08:32:50.545+0000] {logging_mixin.py:190} INFO - [2025-07-17T08:32:50.545+0000] {dag.py:4138} INFO - Setting next_dagrun for dataset_alias_example_alias_consumer to None, run_after=None
[2025-07-17T08:32:50.546+0000] {logging_mixin.py:190} INFO - [2025-07-17T08:32:50.546+0000] {dag.py:4138} INFO - Setting next_dagrun for dataset_alias_example_alias_producer to None, run_after=None
[2025-07-17T08:32:50.548+0000] {logging_mixin.py:190} INFO - [2025-07-17T08:32:50.548+0000] {dag.py:4138} INFO - Setting next_dagrun for dataset_s3_bucket_consumer to None, run_after=None
[2025-07-17T08:32:50.548+0000] {logging_mixin.py:190} INFO - [2025-07-17T08:32:50.548+0000] {dag.py:4138} INFO - Setting next_dagrun for dataset_s3_bucket_producer to None, run_after=None
[2025-07-17T08:32:50.558+0000] {processor.py:208} INFO - Processing /home/airflow/.local/lib/python3.12/site-packages/airflow/example_dags/example_dataset_alias.py took 0.097 seconds
[2025-07-17T08:33:21.212+0000] {processor.py:186} INFO - Started process (PID=364) to work on /home/airflow/.local/lib/python3.12/site-packages/airflow/example_dags/example_dataset_alias.py
[2025-07-17T08:33:21.212+0000] {processor.py:914} INFO - Processing file /home/airflow/.local/lib/python3.12/site-packages/airflow/example_dags/example_dataset_alias.py for tasks to queue
[2025-07-17T08:33:21.214+0000] {logging_mixin.py:190} INFO - [2025-07-17T08:33:21.213+0000] {dagbag.py:587} INFO - Filling up the DagBag from /home/airflow/.local/lib/python3.12/site-packages/airflow/example_dags/example_dataset_alias.py
[2025-07-17T08:33:21.275+0000] {processor.py:925} INFO - DAG(s) 'dataset_s3_bucket_consumer', 'dataset_alias_example_alias_producer', 'dataset_alias_example_alias_consumer', 'dataset_s3_bucket_producer' retrieved from /home/airflow/.local/lib/python3.12/site-packages/airflow/example_dags/example_dataset_alias.py
[2025-07-17T08:33:21.283+0000] {logging_mixin.py:190} INFO - [2025-07-17T08:33:21.282+0000] {dag.py:3211} INFO - Sync 4 DAGs
[2025-07-17T08:33:21.291+0000] {logging_mixin.py:190} INFO - [2025-07-17T08:33:21.291+0000] {dag.py:4138} INFO - Setting next_dagrun for dataset_alias_example_alias_consumer to None, run_after=None
[2025-07-17T08:33:21.294+0000] {logging_mixin.py:190} INFO - [2025-07-17T08:33:21.294+0000] {dag.py:4138} INFO - Setting next_dagrun for dataset_alias_example_alias_producer to None, run_after=None
[2025-07-17T08:33:21.295+0000] {logging_mixin.py:190} INFO - [2025-07-17T08:33:21.295+0000] {dag.py:4138} INFO - Setting next_dagrun for dataset_s3_bucket_consumer to None, run_after=None
[2025-07-17T08:33:21.296+0000] {logging_mixin.py:190} INFO - [2025-07-17T08:33:21.296+0000] {dag.py:4138} INFO - Setting next_dagrun for dataset_s3_bucket_producer to None, run_after=None
[2025-07-17T08:33:21.308+0000] {processor.py:208} INFO - Processing /home/airflow/.local/lib/python3.12/site-packages/airflow/example_dags/example_dataset_alias.py took 0.098 seconds
[2025-07-17T08:33:51.908+0000] {processor.py:186} INFO - Started process (PID=426) to work on /home/airflow/.local/lib/python3.12/site-packages/airflow/example_dags/example_dataset_alias.py
[2025-07-17T08:33:51.909+0000] {processor.py:914} INFO - Processing file /home/airflow/.local/lib/python3.12/site-packages/airflow/example_dags/example_dataset_alias.py for tasks to queue
[2025-07-17T08:33:51.911+0000] {logging_mixin.py:190} INFO - [2025-07-17T08:33:51.910+0000] {dagbag.py:587} INFO - Filling up the DagBag from /home/airflow/.local/lib/python3.12/site-packages/airflow/example_dags/example_dataset_alias.py
[2025-07-17T08:33:51.977+0000] {processor.py:925} INFO - DAG(s) 'dataset_alias_example_alias_producer', 'dataset_alias_example_alias_consumer', 'dataset_s3_bucket_producer', 'dataset_s3_bucket_consumer' retrieved from /home/airflow/.local/lib/python3.12/site-packages/airflow/example_dags/example_dataset_alias.py
[2025-07-17T08:33:51.990+0000] {logging_mixin.py:190} INFO - [2025-07-17T08:33:51.990+0000] {dag.py:3211} INFO - Sync 4 DAGs
[2025-07-17T08:33:51.999+0000] {logging_mixin.py:190} INFO - [2025-07-17T08:33:51.999+0000] {dag.py:4138} INFO - Setting next_dagrun for dataset_alias_example_alias_consumer to None, run_after=None
[2025-07-17T08:33:52.000+0000] {logging_mixin.py:190} INFO - [2025-07-17T08:33:52.000+0000] {dag.py:4138} INFO - Setting next_dagrun for dataset_alias_example_alias_producer to None, run_after=None
[2025-07-17T08:33:52.000+0000] {logging_mixin.py:190} INFO - [2025-07-17T08:33:52.000+0000] {dag.py:4138} INFO - Setting next_dagrun for dataset_s3_bucket_consumer to None, run_after=None
[2025-07-17T08:33:52.001+0000] {logging_mixin.py:190} INFO - [2025-07-17T08:33:52.001+0000] {dag.py:4138} INFO - Setting next_dagrun for dataset_s3_bucket_producer to None, run_after=None
[2025-07-17T08:33:52.009+0000] {processor.py:208} INFO - Processing /home/airflow/.local/lib/python3.12/site-packages/airflow/example_dags/example_dataset_alias.py took 0.103 seconds
[2025-07-17T08:34:22.748+0000] {processor.py:186} INFO - Started process (PID=488) to work on /home/airflow/.local/lib/python3.12/site-packages/airflow/example_dags/example_dataset_alias.py
[2025-07-17T08:34:22.751+0000] {processor.py:914} INFO - Processing file /home/airflow/.local/lib/python3.12/site-packages/airflow/example_dags/example_dataset_alias.py for tasks to queue
[2025-07-17T08:34:22.753+0000] {logging_mixin.py:190} INFO - [2025-07-17T08:34:22.752+0000] {dagbag.py:587} INFO - Filling up the DagBag from /home/airflow/.local/lib/python3.12/site-packages/airflow/example_dags/example_dataset_alias.py
[2025-07-17T08:34:22.823+0000] {processor.py:925} INFO - DAG(s) 'dataset_alias_example_alias_producer', 'dataset_alias_example_alias_consumer', 'dataset_s3_bucket_producer', 'dataset_s3_bucket_consumer' retrieved from /home/airflow/.local/lib/python3.12/site-packages/airflow/example_dags/example_dataset_alias.py
[2025-07-17T08:34:22.834+0000] {logging_mixin.py:190} INFO - [2025-07-17T08:34:22.833+0000] {dag.py:3211} INFO - Sync 4 DAGs
[2025-07-17T08:34:22.843+0000] {logging_mixin.py:190} INFO - [2025-07-17T08:34:22.843+0000] {dag.py:4138} INFO - Setting next_dagrun for dataset_alias_example_alias_consumer to None, run_after=None
[2025-07-17T08:34:22.844+0000] {logging_mixin.py:190} INFO - [2025-07-17T08:34:22.844+0000] {dag.py:4138} INFO - Setting next_dagrun for dataset_alias_example_alias_producer to None, run_after=None
[2025-07-17T08:34:22.844+0000] {logging_mixin.py:190} INFO - [2025-07-17T08:34:22.844+0000] {dag.py:4138} INFO - Setting next_dagrun for dataset_s3_bucket_consumer to None, run_after=None
[2025-07-17T08:34:22.845+0000] {logging_mixin.py:190} INFO - [2025-07-17T08:34:22.844+0000] {dag.py:4138} INFO - Setting next_dagrun for dataset_s3_bucket_producer to None, run_after=None
[2025-07-17T08:34:22.855+0000] {processor.py:208} INFO - Processing /home/airflow/.local/lib/python3.12/site-packages/airflow/example_dags/example_dataset_alias.py took 0.110 seconds
[2025-07-17T08:34:53.720+0000] {processor.py:186} INFO - Started process (PID=550) to work on /home/airflow/.local/lib/python3.12/site-packages/airflow/example_dags/example_dataset_alias.py
[2025-07-17T08:34:53.720+0000] {processor.py:914} INFO - Processing file /home/airflow/.local/lib/python3.12/site-packages/airflow/example_dags/example_dataset_alias.py for tasks to queue
[2025-07-17T08:34:53.721+0000] {logging_mixin.py:190} INFO - [2025-07-17T08:34:53.721+0000] {dagbag.py:587} INFO - Filling up the DagBag from /home/airflow/.local/lib/python3.12/site-packages/airflow/example_dags/example_dataset_alias.py
[2025-07-17T08:34:53.789+0000] {processor.py:925} INFO - DAG(s) 'dataset_alias_example_alias_producer', 'dataset_alias_example_alias_consumer', 'dataset_s3_bucket_producer', 'dataset_s3_bucket_consumer' retrieved from /home/airflow/.local/lib/python3.12/site-packages/airflow/example_dags/example_dataset_alias.py
[2025-07-17T08:34:53.796+0000] {logging_mixin.py:190} INFO - [2025-07-17T08:34:53.796+0000] {dag.py:3211} INFO - Sync 4 DAGs
[2025-07-17T08:34:53.807+0000] {logging_mixin.py:190} INFO - [2025-07-17T08:34:53.807+0000] {dag.py:4138} INFO - Setting next_dagrun for dataset_alias_example_alias_consumer to None, run_after=None
[2025-07-17T08:34:53.809+0000] {logging_mixin.py:190} INFO - [2025-07-17T08:34:53.809+0000] {dag.py:4138} INFO - Setting next_dagrun for dataset_alias_example_alias_producer to None, run_after=None
[2025-07-17T08:34:53.809+0000] {logging_mixin.py:190} INFO - [2025-07-17T08:34:53.809+0000] {dag.py:4138} INFO - Setting next_dagrun for dataset_s3_bucket_consumer to None, run_after=None
[2025-07-17T08:34:53.810+0000] {logging_mixin.py:190} INFO - [2025-07-17T08:34:53.810+0000] {dag.py:4138} INFO - Setting next_dagrun for dataset_s3_bucket_producer to None, run_after=None
[2025-07-17T08:34:53.819+0000] {processor.py:208} INFO - Processing /home/airflow/.local/lib/python3.12/site-packages/airflow/example_dags/example_dataset_alias.py took 0.102 seconds
[2025-07-17T08:35:24.515+0000] {processor.py:186} INFO - Started process (PID=612) to work on /home/airflow/.local/lib/python3.12/site-packages/airflow/example_dags/example_dataset_alias.py
[2025-07-17T08:35:24.519+0000] {processor.py:914} INFO - Processing file /home/airflow/.local/lib/python3.12/site-packages/airflow/example_dags/example_dataset_alias.py for tasks to queue
[2025-07-17T08:35:24.521+0000] {logging_mixin.py:190} INFO - [2025-07-17T08:35:24.521+0000] {dagbag.py:587} INFO - Filling up the DagBag from /home/airflow/.local/lib/python3.12/site-packages/airflow/example_dags/example_dataset_alias.py
[2025-07-17T08:35:24.591+0000] {processor.py:925} INFO - DAG(s) 'dataset_alias_example_alias_producer', 'dataset_s3_bucket_consumer', 'dataset_alias_example_alias_consumer', 'dataset_s3_bucket_producer' retrieved from /home/airflow/.local/lib/python3.12/site-packages/airflow/example_dags/example_dataset_alias.py
[2025-07-17T08:35:24.604+0000] {logging_mixin.py:190} INFO - [2025-07-17T08:35:24.604+0000] {dag.py:3211} INFO - Sync 4 DAGs
[2025-07-17T08:35:24.617+0000] {logging_mixin.py:190} INFO - [2025-07-17T08:35:24.616+0000] {dag.py:4138} INFO - Setting next_dagrun for dataset_alias_example_alias_consumer to None, run_after=None
[2025-07-17T08:35:24.618+0000] {logging_mixin.py:190} INFO - [2025-07-17T08:35:24.618+0000] {dag.py:4138} INFO - Setting next_dagrun for dataset_alias_example_alias_producer to None, run_after=None
[2025-07-17T08:35:24.618+0000] {logging_mixin.py:190} INFO - [2025-07-17T08:35:24.618+0000] {dag.py:4138} INFO - Setting next_dagrun for dataset_s3_bucket_consumer to None, run_after=None
[2025-07-17T08:35:24.619+0000] {logging_mixin.py:190} INFO - [2025-07-17T08:35:24.619+0000] {dag.py:4138} INFO - Setting next_dagrun for dataset_s3_bucket_producer to None, run_after=None
[2025-07-17T08:35:24.628+0000] {processor.py:208} INFO - Processing /home/airflow/.local/lib/python3.12/site-packages/airflow/example_dags/example_dataset_alias.py took 0.115 seconds
