[2025-07-17T08:30:49.113+0000] {processor.py:186} INFO - Started process (PID=86) to work on /home/airflow/.local/lib/python3.12/site-packages/airflow/example_dags/example_xcom.py
[2025-07-17T08:30:49.113+0000] {processor.py:914} INFO - Processing file /home/airflow/.local/lib/python3.12/site-packages/airflow/example_dags/example_xcom.py for tasks to queue
[2025-07-17T08:30:49.114+0000] {logging_mixin.py:190} INFO - [2025-07-17T08:30:49.114+0000] {dagbag.py:587} INFO - Filling up the DagBag from /home/airflow/.local/lib/python3.12/site-packages/airflow/example_dags/example_xcom.py
[2025-07-17T08:30:49.120+0000] {processor.py:925} INFO - DAG(s) 'example_xcom' retrieved from /home/airflow/.local/lib/python3.12/site-packages/airflow/example_dags/example_xcom.py
[2025-07-17T08:30:49.158+0000] {logging_mixin.py:190} INFO - [2025-07-17T08:30:49.158+0000] {override.py:1858} INFO - Created Permission View: can delete on DAG:example_xcom
[2025-07-17T08:30:49.163+0000] {logging_mixin.py:190} INFO - [2025-07-17T08:30:49.163+0000] {override.py:1858} INFO - Created Permission View: can edit on DAG:example_xcom
[2025-07-17T08:30:49.165+0000] {logging_mixin.py:190} INFO - [2025-07-17T08:30:49.165+0000] {override.py:1858} INFO - Created Permission View: can read on DAG:example_xcom
[2025-07-17T08:30:49.165+0000] {logging_mixin.py:190} INFO - [2025-07-17T08:30:49.165+0000] {dag.py:3211} INFO - Sync 1 DAGs
[2025-07-17T08:30:49.170+0000] {logging_mixin.py:190} INFO - [2025-07-17T08:30:49.170+0000] {dag.py:3234} INFO - Creating ORM DAG for example_xcom
[2025-07-17T08:30:49.174+0000] {logging_mixin.py:190} INFO - [2025-07-17T08:30:49.174+0000] {dag.py:4138} INFO - Setting next_dagrun for example_xcom to 2021-01-01 00:00:00+00:00, run_after=2021-01-01 00:00:00+00:00
[2025-07-17T08:30:49.181+0000] {processor.py:208} INFO - Processing /home/airflow/.local/lib/python3.12/site-packages/airflow/example_dags/example_xcom.py took 0.071 seconds
[2025-07-17T08:31:20.131+0000] {processor.py:186} INFO - Started process (PID=148) to work on /home/airflow/.local/lib/python3.12/site-packages/airflow/example_dags/example_xcom.py
[2025-07-17T08:31:20.131+0000] {processor.py:914} INFO - Processing file /home/airflow/.local/lib/python3.12/site-packages/airflow/example_dags/example_xcom.py for tasks to queue
[2025-07-17T08:31:20.133+0000] {logging_mixin.py:190} INFO - [2025-07-17T08:31:20.133+0000] {dagbag.py:587} INFO - Filling up the DagBag from /home/airflow/.local/lib/python3.12/site-packages/airflow/example_dags/example_xcom.py
[2025-07-17T08:31:20.137+0000] {processor.py:925} INFO - DAG(s) 'example_xcom' retrieved from /home/airflow/.local/lib/python3.12/site-packages/airflow/example_dags/example_xcom.py
[2025-07-17T08:31:20.147+0000] {logging_mixin.py:190} INFO - [2025-07-17T08:31:20.147+0000] {dag.py:3211} INFO - Sync 1 DAGs
[2025-07-17T08:31:20.155+0000] {logging_mixin.py:190} INFO - [2025-07-17T08:31:20.155+0000] {dag.py:4138} INFO - Setting next_dagrun for example_xcom to 2021-01-01 00:00:00+00:00, run_after=2021-01-01 00:00:00+00:00
[2025-07-17T08:31:20.162+0000] {processor.py:208} INFO - Processing /home/airflow/.local/lib/python3.12/site-packages/airflow/example_dags/example_xcom.py took 0.034 seconds
[2025-07-17T08:31:50.852+0000] {processor.py:186} INFO - Started process (PID=210) to work on /home/airflow/.local/lib/python3.12/site-packages/airflow/example_dags/example_xcom.py
[2025-07-17T08:31:50.853+0000] {processor.py:914} INFO - Processing file /home/airflow/.local/lib/python3.12/site-packages/airflow/example_dags/example_xcom.py for tasks to queue
[2025-07-17T08:31:50.854+0000] {logging_mixin.py:190} INFO - [2025-07-17T08:31:50.854+0000] {dagbag.py:587} INFO - Filling up the DagBag from /home/airflow/.local/lib/python3.12/site-packages/airflow/example_dags/example_xcom.py
[2025-07-17T08:31:50.858+0000] {processor.py:925} INFO - DAG(s) 'example_xcom' retrieved from /home/airflow/.local/lib/python3.12/site-packages/airflow/example_dags/example_xcom.py
[2025-07-17T08:31:50.867+0000] {logging_mixin.py:190} INFO - [2025-07-17T08:31:50.867+0000] {dag.py:3211} INFO - Sync 1 DAGs
[2025-07-17T08:31:50.876+0000] {logging_mixin.py:190} INFO - [2025-07-17T08:31:50.876+0000] {dag.py:4138} INFO - Setting next_dagrun for example_xcom to 2021-01-01 00:00:00+00:00, run_after=2021-01-01 00:00:00+00:00
[2025-07-17T08:31:50.882+0000] {processor.py:208} INFO - Processing /home/airflow/.local/lib/python3.12/site-packages/airflow/example_dags/example_xcom.py took 0.032 seconds
[2025-07-17T08:32:21.621+0000] {processor.py:186} INFO - Started process (PID=272) to work on /home/airflow/.local/lib/python3.12/site-packages/airflow/example_dags/example_xcom.py
[2025-07-17T08:32:21.622+0000] {processor.py:914} INFO - Processing file /home/airflow/.local/lib/python3.12/site-packages/airflow/example_dags/example_xcom.py for tasks to queue
[2025-07-17T08:32:21.624+0000] {logging_mixin.py:190} INFO - [2025-07-17T08:32:21.624+0000] {dagbag.py:587} INFO - Filling up the DagBag from /home/airflow/.local/lib/python3.12/site-packages/airflow/example_dags/example_xcom.py
[2025-07-17T08:32:21.630+0000] {processor.py:925} INFO - DAG(s) 'example_xcom' retrieved from /home/airflow/.local/lib/python3.12/site-packages/airflow/example_dags/example_xcom.py
[2025-07-17T08:32:21.640+0000] {logging_mixin.py:190} INFO - [2025-07-17T08:32:21.640+0000] {dag.py:3211} INFO - Sync 1 DAGs
[2025-07-17T08:32:21.649+0000] {logging_mixin.py:190} INFO - [2025-07-17T08:32:21.648+0000] {dag.py:4138} INFO - Setting next_dagrun for example_xcom to 2021-01-01 00:00:00+00:00, run_after=2021-01-01 00:00:00+00:00
[2025-07-17T08:32:21.657+0000] {processor.py:208} INFO - Processing /home/airflow/.local/lib/python3.12/site-packages/airflow/example_dags/example_xcom.py took 0.038 seconds
[2025-07-17T08:32:52.375+0000] {processor.py:186} INFO - Started process (PID=334) to work on /home/airflow/.local/lib/python3.12/site-packages/airflow/example_dags/example_xcom.py
[2025-07-17T08:32:52.376+0000] {processor.py:914} INFO - Processing file /home/airflow/.local/lib/python3.12/site-packages/airflow/example_dags/example_xcom.py for tasks to queue
[2025-07-17T08:32:52.377+0000] {logging_mixin.py:190} INFO - [2025-07-17T08:32:52.377+0000] {dagbag.py:587} INFO - Filling up the DagBag from /home/airflow/.local/lib/python3.12/site-packages/airflow/example_dags/example_xcom.py
[2025-07-17T08:32:52.381+0000] {processor.py:925} INFO - DAG(s) 'example_xcom' retrieved from /home/airflow/.local/lib/python3.12/site-packages/airflow/example_dags/example_xcom.py
[2025-07-17T08:32:52.390+0000] {logging_mixin.py:190} INFO - [2025-07-17T08:32:52.390+0000] {dag.py:3211} INFO - Sync 1 DAGs
[2025-07-17T08:32:52.400+0000] {logging_mixin.py:190} INFO - [2025-07-17T08:32:52.400+0000] {dag.py:4138} INFO - Setting next_dagrun for example_xcom to 2021-01-01 00:00:00+00:00, run_after=2021-01-01 00:00:00+00:00
[2025-07-17T08:32:52.411+0000] {processor.py:208} INFO - Processing /home/airflow/.local/lib/python3.12/site-packages/airflow/example_dags/example_xcom.py took 0.038 seconds
[2025-07-17T08:33:23.096+0000] {processor.py:186} INFO - Started process (PID=396) to work on /home/airflow/.local/lib/python3.12/site-packages/airflow/example_dags/example_xcom.py
[2025-07-17T08:33:23.096+0000] {processor.py:914} INFO - Processing file /home/airflow/.local/lib/python3.12/site-packages/airflow/example_dags/example_xcom.py for tasks to queue
[2025-07-17T08:33:23.097+0000] {logging_mixin.py:190} INFO - [2025-07-17T08:33:23.097+0000] {dagbag.py:587} INFO - Filling up the DagBag from /home/airflow/.local/lib/python3.12/site-packages/airflow/example_dags/example_xcom.py
[2025-07-17T08:33:23.101+0000] {processor.py:925} INFO - DAG(s) 'example_xcom' retrieved from /home/airflow/.local/lib/python3.12/site-packages/airflow/example_dags/example_xcom.py
[2025-07-17T08:33:23.112+0000] {logging_mixin.py:190} INFO - [2025-07-17T08:33:23.112+0000] {dag.py:3211} INFO - Sync 1 DAGs
[2025-07-17T08:33:23.121+0000] {logging_mixin.py:190} INFO - [2025-07-17T08:33:23.120+0000] {dag.py:4138} INFO - Setting next_dagrun for example_xcom to 2021-01-01 00:00:00+00:00, run_after=2021-01-01 00:00:00+00:00
[2025-07-17T08:33:23.128+0000] {processor.py:208} INFO - Processing /home/airflow/.local/lib/python3.12/site-packages/airflow/example_dags/example_xcom.py took 0.035 seconds
[2025-07-17T08:33:53.920+0000] {processor.py:186} INFO - Started process (PID=458) to work on /home/airflow/.local/lib/python3.12/site-packages/airflow/example_dags/example_xcom.py
[2025-07-17T08:33:53.921+0000] {processor.py:914} INFO - Processing file /home/airflow/.local/lib/python3.12/site-packages/airflow/example_dags/example_xcom.py for tasks to queue
[2025-07-17T08:33:53.923+0000] {logging_mixin.py:190} INFO - [2025-07-17T08:33:53.923+0000] {dagbag.py:587} INFO - Filling up the DagBag from /home/airflow/.local/lib/python3.12/site-packages/airflow/example_dags/example_xcom.py
[2025-07-17T08:33:53.927+0000] {processor.py:925} INFO - DAG(s) 'example_xcom' retrieved from /home/airflow/.local/lib/python3.12/site-packages/airflow/example_dags/example_xcom.py
[2025-07-17T08:33:53.937+0000] {logging_mixin.py:190} INFO - [2025-07-17T08:33:53.937+0000] {dag.py:3211} INFO - Sync 1 DAGs
[2025-07-17T08:33:53.950+0000] {logging_mixin.py:190} INFO - [2025-07-17T08:33:53.950+0000] {dag.py:4138} INFO - Setting next_dagrun for example_xcom to 2021-01-01 00:00:00+00:00, run_after=2021-01-01 00:00:00+00:00
[2025-07-17T08:33:53.958+0000] {processor.py:208} INFO - Processing /home/airflow/.local/lib/python3.12/site-packages/airflow/example_dags/example_xcom.py took 0.041 seconds
[2025-07-17T08:34:24.835+0000] {processor.py:186} INFO - Started process (PID=520) to work on /home/airflow/.local/lib/python3.12/site-packages/airflow/example_dags/example_xcom.py
[2025-07-17T08:34:24.836+0000] {processor.py:914} INFO - Processing file /home/airflow/.local/lib/python3.12/site-packages/airflow/example_dags/example_xcom.py for tasks to queue
[2025-07-17T08:34:24.837+0000] {logging_mixin.py:190} INFO - [2025-07-17T08:34:24.837+0000] {dagbag.py:587} INFO - Filling up the DagBag from /home/airflow/.local/lib/python3.12/site-packages/airflow/example_dags/example_xcom.py
[2025-07-17T08:34:24.841+0000] {processor.py:925} INFO - DAG(s) 'example_xcom' retrieved from /home/airflow/.local/lib/python3.12/site-packages/airflow/example_dags/example_xcom.py
[2025-07-17T08:34:24.853+0000] {logging_mixin.py:190} INFO - [2025-07-17T08:34:24.853+0000] {dag.py:3211} INFO - Sync 1 DAGs
[2025-07-17T08:34:24.870+0000] {logging_mixin.py:190} INFO - [2025-07-17T08:34:24.869+0000] {dag.py:4138} INFO - Setting next_dagrun for example_xcom to 2021-01-01 00:00:00+00:00, run_after=2021-01-01 00:00:00+00:00
[2025-07-17T08:34:24.881+0000] {processor.py:208} INFO - Processing /home/airflow/.local/lib/python3.12/site-packages/airflow/example_dags/example_xcom.py took 0.048 seconds
[2025-07-17T08:34:55.632+0000] {processor.py:186} INFO - Started process (PID=582) to work on /home/airflow/.local/lib/python3.12/site-packages/airflow/example_dags/example_xcom.py
[2025-07-17T08:34:55.633+0000] {processor.py:914} INFO - Processing file /home/airflow/.local/lib/python3.12/site-packages/airflow/example_dags/example_xcom.py for tasks to queue
[2025-07-17T08:34:55.634+0000] {logging_mixin.py:190} INFO - [2025-07-17T08:34:55.634+0000] {dagbag.py:587} INFO - Filling up the DagBag from /home/airflow/.local/lib/python3.12/site-packages/airflow/example_dags/example_xcom.py
[2025-07-17T08:34:55.639+0000] {processor.py:925} INFO - DAG(s) 'example_xcom' retrieved from /home/airflow/.local/lib/python3.12/site-packages/airflow/example_dags/example_xcom.py
[2025-07-17T08:34:55.648+0000] {logging_mixin.py:190} INFO - [2025-07-17T08:34:55.648+0000] {dag.py:3211} INFO - Sync 1 DAGs
[2025-07-17T08:34:55.658+0000] {logging_mixin.py:190} INFO - [2025-07-17T08:34:55.658+0000] {dag.py:4138} INFO - Setting next_dagrun for example_xcom to 2021-01-01 00:00:00+00:00, run_after=2021-01-01 00:00:00+00:00
[2025-07-17T08:34:55.666+0000] {processor.py:208} INFO - Processing /home/airflow/.local/lib/python3.12/site-packages/airflow/example_dags/example_xcom.py took 0.038 seconds
[2025-07-17T08:35:26.614+0000] {processor.py:186} INFO - Started process (PID=644) to work on /home/airflow/.local/lib/python3.12/site-packages/airflow/example_dags/example_xcom.py
[2025-07-17T08:35:26.614+0000] {processor.py:914} INFO - Processing file /home/airflow/.local/lib/python3.12/site-packages/airflow/example_dags/example_xcom.py for tasks to queue
[2025-07-17T08:35:26.616+0000] {logging_mixin.py:190} INFO - [2025-07-17T08:35:26.616+0000] {dagbag.py:587} INFO - Filling up the DagBag from /home/airflow/.local/lib/python3.12/site-packages/airflow/example_dags/example_xcom.py
[2025-07-17T08:35:26.620+0000] {processor.py:925} INFO - DAG(s) 'example_xcom' retrieved from /home/airflow/.local/lib/python3.12/site-packages/airflow/example_dags/example_xcom.py
[2025-07-17T08:35:26.630+0000] {logging_mixin.py:190} INFO - [2025-07-17T08:35:26.630+0000] {dag.py:3211} INFO - Sync 1 DAGs
[2025-07-17T08:35:26.639+0000] {logging_mixin.py:190} INFO - [2025-07-17T08:35:26.639+0000] {dag.py:4138} INFO - Setting next_dagrun for example_xcom to 2021-01-01 00:00:00+00:00, run_after=2021-01-01 00:00:00+00:00
[2025-07-17T08:35:26.649+0000] {processor.py:208} INFO - Processing /home/airflow/.local/lib/python3.12/site-packages/airflow/example_dags/example_xcom.py took 0.038 seconds
