[2025-07-17T08:30:47.096+0000] {processor.py:186} INFO - Started process (PID=44) to work on /home/airflow/.local/lib/python3.12/site-packages/airflow/example_dags/example_branch_labels.py
[2025-07-17T08:30:47.097+0000] {processor.py:914} INFO - Processing file /home/airflow/.local/lib/python3.12/site-packages/airflow/example_dags/example_branch_labels.py for tasks to queue
[2025-07-17T08:30:47.099+0000] {logging_mixin.py:190} INFO - [2025-07-17T08:30:47.098+0000] {dagbag.py:587} INFO - Filling up the DagBag from /home/airflow/.local/lib/python3.12/site-packages/airflow/example_dags/example_branch_labels.py
[2025-07-17T08:30:47.112+0000] {processor.py:925} INFO - DAG(s) 'example_branch_labels' retrieved from /home/airflow/.local/lib/python3.12/site-packages/airflow/example_dags/example_branch_labels.py
[2025-07-17T08:30:47.216+0000] {logging_mixin.py:190} INFO - [2025-07-17T08:30:47.216+0000] {override.py:1858} INFO - Created Permission View: can delete on DAG:example_branch_labels
[2025-07-17T08:30:47.220+0000] {logging_mixin.py:190} INFO - [2025-07-17T08:30:47.219+0000] {override.py:1858} INFO - Created Permission View: can edit on DAG:example_branch_labels
[2025-07-17T08:30:47.222+0000] {logging_mixin.py:190} INFO - [2025-07-17T08:30:47.222+0000] {override.py:1858} INFO - Created Permission View: can read on DAG:example_branch_labels
[2025-07-17T08:30:47.223+0000] {logging_mixin.py:190} INFO - [2025-07-17T08:30:47.223+0000] {dag.py:3211} INFO - Sync 1 DAGs
[2025-07-17T08:30:47.231+0000] {logging_mixin.py:190} INFO - [2025-07-17T08:30:47.231+0000] {dag.py:3234} INFO - Creating ORM DAG for example_branch_labels
[2025-07-17T08:30:47.238+0000] {logging_mixin.py:190} INFO - [2025-07-17T08:30:47.238+0000] {dag.py:4138} INFO - Setting next_dagrun for example_branch_labels to 2025-07-16 00:00:00+00:00, run_after=2025-07-17 00:00:00+00:00
[2025-07-17T08:30:47.245+0000] {processor.py:208} INFO - Processing /home/airflow/.local/lib/python3.12/site-packages/airflow/example_dags/example_branch_labels.py took 0.153 seconds
[2025-07-17T08:31:18.134+0000] {processor.py:186} INFO - Started process (PID=106) to work on /home/airflow/.local/lib/python3.12/site-packages/airflow/example_dags/example_branch_labels.py
[2025-07-17T08:31:18.135+0000] {processor.py:914} INFO - Processing file /home/airflow/.local/lib/python3.12/site-packages/airflow/example_dags/example_branch_labels.py for tasks to queue
[2025-07-17T08:31:18.136+0000] {logging_mixin.py:190} INFO - [2025-07-17T08:31:18.136+0000] {dagbag.py:587} INFO - Filling up the DagBag from /home/airflow/.local/lib/python3.12/site-packages/airflow/example_dags/example_branch_labels.py
[2025-07-17T08:31:18.142+0000] {processor.py:925} INFO - DAG(s) 'example_branch_labels' retrieved from /home/airflow/.local/lib/python3.12/site-packages/airflow/example_dags/example_branch_labels.py
[2025-07-17T08:31:18.154+0000] {logging_mixin.py:190} INFO - [2025-07-17T08:31:18.154+0000] {dag.py:3211} INFO - Sync 1 DAGs
[2025-07-17T08:31:18.166+0000] {logging_mixin.py:190} INFO - [2025-07-17T08:31:18.166+0000] {dag.py:4138} INFO - Setting next_dagrun for example_branch_labels to 2025-07-16 00:00:00+00:00, run_after=2025-07-17 00:00:00+00:00
[2025-07-17T08:31:18.174+0000] {processor.py:208} INFO - Processing /home/airflow/.local/lib/python3.12/site-packages/airflow/example_dags/example_branch_labels.py took 0.044 seconds
[2025-07-17T08:31:48.842+0000] {processor.py:186} INFO - Started process (PID=174) to work on /home/airflow/.local/lib/python3.12/site-packages/airflow/example_dags/example_branch_labels.py
[2025-07-17T08:31:48.843+0000] {processor.py:914} INFO - Processing file /home/airflow/.local/lib/python3.12/site-packages/airflow/example_dags/example_branch_labels.py for tasks to queue
[2025-07-17T08:31:48.844+0000] {logging_mixin.py:190} INFO - [2025-07-17T08:31:48.844+0000] {dagbag.py:587} INFO - Filling up the DagBag from /home/airflow/.local/lib/python3.12/site-packages/airflow/example_dags/example_branch_labels.py
[2025-07-17T08:31:48.848+0000] {processor.py:925} INFO - DAG(s) 'example_branch_labels' retrieved from /home/airflow/.local/lib/python3.12/site-packages/airflow/example_dags/example_branch_labels.py
[2025-07-17T08:31:48.858+0000] {logging_mixin.py:190} INFO - [2025-07-17T08:31:48.858+0000] {dag.py:3211} INFO - Sync 1 DAGs
[2025-07-17T08:31:48.869+0000] {logging_mixin.py:190} INFO - [2025-07-17T08:31:48.869+0000] {dag.py:4138} INFO - Setting next_dagrun for example_branch_labels to 2025-07-16 00:00:00+00:00, run_after=2025-07-17 00:00:00+00:00
[2025-07-17T08:31:48.878+0000] {processor.py:208} INFO - Processing /home/airflow/.local/lib/python3.12/site-packages/airflow/example_dags/example_branch_labels.py took 0.041 seconds
[2025-07-17T08:32:19.575+0000] {processor.py:186} INFO - Started process (PID=236) to work on /home/airflow/.local/lib/python3.12/site-packages/airflow/example_dags/example_branch_labels.py
[2025-07-17T08:32:19.576+0000] {processor.py:914} INFO - Processing file /home/airflow/.local/lib/python3.12/site-packages/airflow/example_dags/example_branch_labels.py for tasks to queue
[2025-07-17T08:32:19.578+0000] {logging_mixin.py:190} INFO - [2025-07-17T08:32:19.578+0000] {dagbag.py:587} INFO - Filling up the DagBag from /home/airflow/.local/lib/python3.12/site-packages/airflow/example_dags/example_branch_labels.py
[2025-07-17T08:32:19.583+0000] {processor.py:925} INFO - DAG(s) 'example_branch_labels' retrieved from /home/airflow/.local/lib/python3.12/site-packages/airflow/example_dags/example_branch_labels.py
[2025-07-17T08:32:19.595+0000] {logging_mixin.py:190} INFO - [2025-07-17T08:32:19.595+0000] {dag.py:3211} INFO - Sync 1 DAGs
[2025-07-17T08:32:19.607+0000] {logging_mixin.py:190} INFO - [2025-07-17T08:32:19.607+0000] {dag.py:4138} INFO - Setting next_dagrun for example_branch_labels to 2025-07-16 00:00:00+00:00, run_after=2025-07-17 00:00:00+00:00
[2025-07-17T08:32:19.618+0000] {processor.py:208} INFO - Processing /home/airflow/.local/lib/python3.12/site-packages/airflow/example_dags/example_branch_labels.py took 0.047 seconds
[2025-07-17T08:32:50.368+0000] {processor.py:186} INFO - Started process (PID=298) to work on /home/airflow/.local/lib/python3.12/site-packages/airflow/example_dags/example_branch_labels.py
[2025-07-17T08:32:50.368+0000] {processor.py:914} INFO - Processing file /home/airflow/.local/lib/python3.12/site-packages/airflow/example_dags/example_branch_labels.py for tasks to queue
[2025-07-17T08:32:50.370+0000] {logging_mixin.py:190} INFO - [2025-07-17T08:32:50.370+0000] {dagbag.py:587} INFO - Filling up the DagBag from /home/airflow/.local/lib/python3.12/site-packages/airflow/example_dags/example_branch_labels.py
[2025-07-17T08:32:50.375+0000] {processor.py:925} INFO - DAG(s) 'example_branch_labels' retrieved from /home/airflow/.local/lib/python3.12/site-packages/airflow/example_dags/example_branch_labels.py
[2025-07-17T08:32:50.385+0000] {logging_mixin.py:190} INFO - [2025-07-17T08:32:50.385+0000] {dag.py:3211} INFO - Sync 1 DAGs
[2025-07-17T08:32:50.394+0000] {logging_mixin.py:190} INFO - [2025-07-17T08:32:50.394+0000] {dag.py:4138} INFO - Setting next_dagrun for example_branch_labels to 2025-07-16 00:00:00+00:00, run_after=2025-07-17 00:00:00+00:00
[2025-07-17T08:32:50.402+0000] {processor.py:208} INFO - Processing /home/airflow/.local/lib/python3.12/site-packages/airflow/example_dags/example_branch_labels.py took 0.037 seconds
[2025-07-17T08:33:21.110+0000] {processor.py:186} INFO - Started process (PID=360) to work on /home/airflow/.local/lib/python3.12/site-packages/airflow/example_dags/example_branch_labels.py
[2025-07-17T08:33:21.112+0000] {processor.py:914} INFO - Processing file /home/airflow/.local/lib/python3.12/site-packages/airflow/example_dags/example_branch_labels.py for tasks to queue
[2025-07-17T08:33:21.114+0000] {logging_mixin.py:190} INFO - [2025-07-17T08:33:21.114+0000] {dagbag.py:587} INFO - Filling up the DagBag from /home/airflow/.local/lib/python3.12/site-packages/airflow/example_dags/example_branch_labels.py
[2025-07-17T08:33:21.120+0000] {processor.py:925} INFO - DAG(s) 'example_branch_labels' retrieved from /home/airflow/.local/lib/python3.12/site-packages/airflow/example_dags/example_branch_labels.py
[2025-07-17T08:33:21.131+0000] {logging_mixin.py:190} INFO - [2025-07-17T08:33:21.131+0000] {dag.py:3211} INFO - Sync 1 DAGs
[2025-07-17T08:33:21.142+0000] {logging_mixin.py:190} INFO - [2025-07-17T08:33:21.142+0000] {dag.py:4138} INFO - Setting next_dagrun for example_branch_labels to 2025-07-16 00:00:00+00:00, run_after=2025-07-17 00:00:00+00:00
[2025-07-17T08:33:21.152+0000] {processor.py:208} INFO - Processing /home/airflow/.local/lib/python3.12/site-packages/airflow/example_dags/example_branch_labels.py took 0.045 seconds
[2025-07-17T08:33:51.798+0000] {processor.py:186} INFO - Started process (PID=422) to work on /home/airflow/.local/lib/python3.12/site-packages/airflow/example_dags/example_branch_labels.py
[2025-07-17T08:33:51.799+0000] {processor.py:914} INFO - Processing file /home/airflow/.local/lib/python3.12/site-packages/airflow/example_dags/example_branch_labels.py for tasks to queue
[2025-07-17T08:33:51.800+0000] {logging_mixin.py:190} INFO - [2025-07-17T08:33:51.800+0000] {dagbag.py:587} INFO - Filling up the DagBag from /home/airflow/.local/lib/python3.12/site-packages/airflow/example_dags/example_branch_labels.py
[2025-07-17T08:33:51.807+0000] {processor.py:925} INFO - DAG(s) 'example_branch_labels' retrieved from /home/airflow/.local/lib/python3.12/site-packages/airflow/example_dags/example_branch_labels.py
[2025-07-17T08:33:51.821+0000] {logging_mixin.py:190} INFO - [2025-07-17T08:33:51.821+0000] {dag.py:3211} INFO - Sync 1 DAGs
[2025-07-17T08:33:51.832+0000] {logging_mixin.py:190} INFO - [2025-07-17T08:33:51.832+0000] {dag.py:4138} INFO - Setting next_dagrun for example_branch_labels to 2025-07-16 00:00:00+00:00, run_after=2025-07-17 00:00:00+00:00
[2025-07-17T08:33:51.843+0000] {processor.py:208} INFO - Processing /home/airflow/.local/lib/python3.12/site-packages/airflow/example_dags/example_branch_labels.py took 0.049 seconds
[2025-07-17T08:34:22.641+0000] {processor.py:186} INFO - Started process (PID=484) to work on /home/airflow/.local/lib/python3.12/site-packages/airflow/example_dags/example_branch_labels.py
[2025-07-17T08:34:22.642+0000] {processor.py:914} INFO - Processing file /home/airflow/.local/lib/python3.12/site-packages/airflow/example_dags/example_branch_labels.py for tasks to queue
[2025-07-17T08:34:22.647+0000] {logging_mixin.py:190} INFO - [2025-07-17T08:34:22.646+0000] {dagbag.py:587} INFO - Filling up the DagBag from /home/airflow/.local/lib/python3.12/site-packages/airflow/example_dags/example_branch_labels.py
[2025-07-17T08:34:22.652+0000] {processor.py:925} INFO - DAG(s) 'example_branch_labels' retrieved from /home/airflow/.local/lib/python3.12/site-packages/airflow/example_dags/example_branch_labels.py
[2025-07-17T08:34:22.662+0000] {logging_mixin.py:190} INFO - [2025-07-17T08:34:22.662+0000] {dag.py:3211} INFO - Sync 1 DAGs
[2025-07-17T08:34:22.673+0000] {logging_mixin.py:190} INFO - [2025-07-17T08:34:22.673+0000] {dag.py:4138} INFO - Setting next_dagrun for example_branch_labels to 2025-07-16 00:00:00+00:00, run_after=2025-07-17 00:00:00+00:00
[2025-07-17T08:34:22.683+0000] {processor.py:208} INFO - Processing /home/airflow/.local/lib/python3.12/site-packages/airflow/example_dags/example_branch_labels.py took 0.045 seconds
[2025-07-17T08:34:53.625+0000] {processor.py:186} INFO - Started process (PID=546) to work on /home/airflow/.local/lib/python3.12/site-packages/airflow/example_dags/example_branch_labels.py
[2025-07-17T08:34:53.626+0000] {processor.py:914} INFO - Processing file /home/airflow/.local/lib/python3.12/site-packages/airflow/example_dags/example_branch_labels.py for tasks to queue
[2025-07-17T08:34:53.627+0000] {logging_mixin.py:190} INFO - [2025-07-17T08:34:53.627+0000] {dagbag.py:587} INFO - Filling up the DagBag from /home/airflow/.local/lib/python3.12/site-packages/airflow/example_dags/example_branch_labels.py
[2025-07-17T08:34:53.630+0000] {processor.py:925} INFO - DAG(s) 'example_branch_labels' retrieved from /home/airflow/.local/lib/python3.12/site-packages/airflow/example_dags/example_branch_labels.py
[2025-07-17T08:34:53.643+0000] {logging_mixin.py:190} INFO - [2025-07-17T08:34:53.643+0000] {dag.py:3211} INFO - Sync 1 DAGs
[2025-07-17T08:34:53.651+0000] {logging_mixin.py:190} INFO - [2025-07-17T08:34:53.651+0000] {dag.py:4138} INFO - Setting next_dagrun for example_branch_labels to 2025-07-16 00:00:00+00:00, run_after=2025-07-17 00:00:00+00:00
[2025-07-17T08:34:53.660+0000] {processor.py:208} INFO - Processing /home/airflow/.local/lib/python3.12/site-packages/airflow/example_dags/example_branch_labels.py took 0.037 seconds
[2025-07-17T08:35:24.418+0000] {processor.py:186} INFO - Started process (PID=608) to work on /home/airflow/.local/lib/python3.12/site-packages/airflow/example_dags/example_branch_labels.py
[2025-07-17T08:35:24.419+0000] {processor.py:914} INFO - Processing file /home/airflow/.local/lib/python3.12/site-packages/airflow/example_dags/example_branch_labels.py for tasks to queue
[2025-07-17T08:35:24.420+0000] {logging_mixin.py:190} INFO - [2025-07-17T08:35:24.420+0000] {dagbag.py:587} INFO - Filling up the DagBag from /home/airflow/.local/lib/python3.12/site-packages/airflow/example_dags/example_branch_labels.py
[2025-07-17T08:35:24.424+0000] {processor.py:925} INFO - DAG(s) 'example_branch_labels' retrieved from /home/airflow/.local/lib/python3.12/site-packages/airflow/example_dags/example_branch_labels.py
[2025-07-17T08:35:24.436+0000] {logging_mixin.py:190} INFO - [2025-07-17T08:35:24.435+0000] {dag.py:3211} INFO - Sync 1 DAGs
[2025-07-17T08:35:24.446+0000] {logging_mixin.py:190} INFO - [2025-07-17T08:35:24.446+0000] {dag.py:4138} INFO - Setting next_dagrun for example_branch_labels to 2025-07-16 00:00:00+00:00, run_after=2025-07-17 00:00:00+00:00
[2025-07-17T08:35:24.455+0000] {processor.py:208} INFO - Processing /home/airflow/.local/lib/python3.12/site-packages/airflow/example_dags/example_branch_labels.py took 0.040 seconds
