[2025-07-17T08:30:47.899+0000] {processor.py:186} INFO - Started process (PID=54) to work on /home/airflow/.local/lib/python3.12/site-packages/airflow/example_dags/example_xcomargs.py
[2025-07-17T08:30:47.900+0000] {processor.py:914} INFO - Processing file /home/airflow/.local/lib/python3.12/site-packages/airflow/example_dags/example_xcomargs.py for tasks to queue
[2025-07-17T08:30:47.901+0000] {logging_mixin.py:190} INFO - [2025-07-17T08:30:47.901+0000] {dagbag.py:587} INFO - Filling up the DagBag from /home/airflow/.local/lib/python3.12/site-packages/airflow/example_dags/example_xcomargs.py
[2025-07-17T08:30:47.909+0000] {processor.py:925} INFO - DAG(s) 'example_xcom_args_with_operators', 'example_xcom_args' retrieved from /home/airflow/.local/lib/python3.12/site-packages/airflow/example_dags/example_xcomargs.py
[2025-07-17T08:30:47.952+0000] {logging_mixin.py:190} INFO - [2025-07-17T08:30:47.952+0000] {override.py:1858} INFO - Created Permission View: can delete on DAG:example_xcom_args_with_operators
[2025-07-17T08:30:47.956+0000] {logging_mixin.py:190} INFO - [2025-07-17T08:30:47.956+0000] {override.py:1858} INFO - Created Permission View: can edit on DAG:example_xcom_args_with_operators
[2025-07-17T08:30:47.958+0000] {logging_mixin.py:190} INFO - [2025-07-17T08:30:47.958+0000] {override.py:1858} INFO - Created Permission View: can read on DAG:example_xcom_args_with_operators
[2025-07-17T08:30:47.964+0000] {logging_mixin.py:190} INFO - [2025-07-17T08:30:47.964+0000] {override.py:1858} INFO - Created Permission View: can delete on DAG:example_xcom_args
[2025-07-17T08:30:47.966+0000] {logging_mixin.py:190} INFO - [2025-07-17T08:30:47.966+0000] {override.py:1858} INFO - Created Permission View: can edit on DAG:example_xcom_args
[2025-07-17T08:30:47.967+0000] {logging_mixin.py:190} INFO - [2025-07-17T08:30:47.967+0000] {override.py:1858} INFO - Created Permission View: can read on DAG:example_xcom_args
[2025-07-17T08:30:47.967+0000] {logging_mixin.py:190} INFO - [2025-07-17T08:30:47.967+0000] {dag.py:3211} INFO - Sync 2 DAGs
[2025-07-17T08:30:47.972+0000] {logging_mixin.py:190} INFO - [2025-07-17T08:30:47.972+0000] {dag.py:3234} INFO - Creating ORM DAG for example_xcom_args_with_operators
[2025-07-17T08:30:47.973+0000] {logging_mixin.py:190} INFO - [2025-07-17T08:30:47.973+0000] {dag.py:3234} INFO - Creating ORM DAG for example_xcom_args
[2025-07-17T08:30:47.973+0000] {logging_mixin.py:190} INFO - [2025-07-17T08:30:47.973+0000] {dag.py:4138} INFO - Setting next_dagrun for example_xcom_args to None, run_after=None
[2025-07-17T08:30:47.973+0000] {logging_mixin.py:190} INFO - [2025-07-17T08:30:47.973+0000] {dag.py:4138} INFO - Setting next_dagrun for example_xcom_args_with_operators to None, run_after=None
[2025-07-17T08:30:47.980+0000] {processor.py:208} INFO - Processing /home/airflow/.local/lib/python3.12/site-packages/airflow/example_dags/example_xcomargs.py took 0.083 seconds
[2025-07-17T08:31:18.453+0000] {processor.py:186} INFO - Started process (PID=122) to work on /home/airflow/.local/lib/python3.12/site-packages/airflow/example_dags/example_xcomargs.py
[2025-07-17T08:31:18.456+0000] {processor.py:914} INFO - Processing file /home/airflow/.local/lib/python3.12/site-packages/airflow/example_dags/example_xcomargs.py for tasks to queue
[2025-07-17T08:31:18.457+0000] {logging_mixin.py:190} INFO - [2025-07-17T08:31:18.457+0000] {dagbag.py:587} INFO - Filling up the DagBag from /home/airflow/.local/lib/python3.12/site-packages/airflow/example_dags/example_xcomargs.py
[2025-07-17T08:31:18.462+0000] {processor.py:925} INFO - DAG(s) 'example_xcom_args_with_operators', 'example_xcom_args' retrieved from /home/airflow/.local/lib/python3.12/site-packages/airflow/example_dags/example_xcomargs.py
[2025-07-17T08:31:18.472+0000] {logging_mixin.py:190} INFO - [2025-07-17T08:31:18.472+0000] {dag.py:3211} INFO - Sync 2 DAGs
[2025-07-17T08:31:18.477+0000] {logging_mixin.py:190} INFO - [2025-07-17T08:31:18.477+0000] {dag.py:4138} INFO - Setting next_dagrun for example_xcom_args to None, run_after=None
[2025-07-17T08:31:18.479+0000] {logging_mixin.py:190} INFO - [2025-07-17T08:31:18.479+0000] {dag.py:4138} INFO - Setting next_dagrun for example_xcom_args_with_operators to None, run_after=None
[2025-07-17T08:31:18.484+0000] {processor.py:208} INFO - Processing /home/airflow/.local/lib/python3.12/site-packages/airflow/example_dags/example_xcomargs.py took 0.034 seconds
[2025-07-17T08:31:49.150+0000] {processor.py:186} INFO - Started process (PID=184) to work on /home/airflow/.local/lib/python3.12/site-packages/airflow/example_dags/example_xcomargs.py
[2025-07-17T08:31:49.150+0000] {processor.py:914} INFO - Processing file /home/airflow/.local/lib/python3.12/site-packages/airflow/example_dags/example_xcomargs.py for tasks to queue
[2025-07-17T08:31:49.153+0000] {logging_mixin.py:190} INFO - [2025-07-17T08:31:49.153+0000] {dagbag.py:587} INFO - Filling up the DagBag from /home/airflow/.local/lib/python3.12/site-packages/airflow/example_dags/example_xcomargs.py
[2025-07-17T08:31:49.158+0000] {processor.py:925} INFO - DAG(s) 'example_xcom_args_with_operators', 'example_xcom_args' retrieved from /home/airflow/.local/lib/python3.12/site-packages/airflow/example_dags/example_xcomargs.py
[2025-07-17T08:31:49.167+0000] {logging_mixin.py:190} INFO - [2025-07-17T08:31:49.167+0000] {dag.py:3211} INFO - Sync 2 DAGs
[2025-07-17T08:31:49.173+0000] {logging_mixin.py:190} INFO - [2025-07-17T08:31:49.173+0000] {dag.py:4138} INFO - Setting next_dagrun for example_xcom_args to None, run_after=None
[2025-07-17T08:31:49.174+0000] {logging_mixin.py:190} INFO - [2025-07-17T08:31:49.174+0000] {dag.py:4138} INFO - Setting next_dagrun for example_xcom_args_with_operators to None, run_after=None
[2025-07-17T08:31:49.180+0000] {processor.py:208} INFO - Processing /home/airflow/.local/lib/python3.12/site-packages/airflow/example_dags/example_xcomargs.py took 0.033 seconds
[2025-07-17T08:32:19.919+0000] {processor.py:186} INFO - Started process (PID=246) to work on /home/airflow/.local/lib/python3.12/site-packages/airflow/example_dags/example_xcomargs.py
[2025-07-17T08:32:19.921+0000] {processor.py:914} INFO - Processing file /home/airflow/.local/lib/python3.12/site-packages/airflow/example_dags/example_xcomargs.py for tasks to queue
[2025-07-17T08:32:19.922+0000] {logging_mixin.py:190} INFO - [2025-07-17T08:32:19.922+0000] {dagbag.py:587} INFO - Filling up the DagBag from /home/airflow/.local/lib/python3.12/site-packages/airflow/example_dags/example_xcomargs.py
[2025-07-17T08:32:19.927+0000] {processor.py:925} INFO - DAG(s) 'example_xcom_args', 'example_xcom_args_with_operators' retrieved from /home/airflow/.local/lib/python3.12/site-packages/airflow/example_dags/example_xcomargs.py
[2025-07-17T08:32:19.936+0000] {logging_mixin.py:190} INFO - [2025-07-17T08:32:19.936+0000] {dag.py:3211} INFO - Sync 2 DAGs
[2025-07-17T08:32:19.942+0000] {logging_mixin.py:190} INFO - [2025-07-17T08:32:19.942+0000] {dag.py:4138} INFO - Setting next_dagrun for example_xcom_args to None, run_after=None
[2025-07-17T08:32:19.943+0000] {logging_mixin.py:190} INFO - [2025-07-17T08:32:19.943+0000] {dag.py:4138} INFO - Setting next_dagrun for example_xcom_args_with_operators to None, run_after=None
[2025-07-17T08:32:19.950+0000] {processor.py:208} INFO - Processing /home/airflow/.local/lib/python3.12/site-packages/airflow/example_dags/example_xcomargs.py took 0.034 seconds
[2025-07-17T08:32:50.679+0000] {processor.py:186} INFO - Started process (PID=308) to work on /home/airflow/.local/lib/python3.12/site-packages/airflow/example_dags/example_xcomargs.py
[2025-07-17T08:32:50.679+0000] {processor.py:914} INFO - Processing file /home/airflow/.local/lib/python3.12/site-packages/airflow/example_dags/example_xcomargs.py for tasks to queue
[2025-07-17T08:32:50.681+0000] {logging_mixin.py:190} INFO - [2025-07-17T08:32:50.680+0000] {dagbag.py:587} INFO - Filling up the DagBag from /home/airflow/.local/lib/python3.12/site-packages/airflow/example_dags/example_xcomargs.py
[2025-07-17T08:32:50.686+0000] {processor.py:925} INFO - DAG(s) 'example_xcom_args', 'example_xcom_args_with_operators' retrieved from /home/airflow/.local/lib/python3.12/site-packages/airflow/example_dags/example_xcomargs.py
[2025-07-17T08:32:50.695+0000] {logging_mixin.py:190} INFO - [2025-07-17T08:32:50.695+0000] {dag.py:3211} INFO - Sync 2 DAGs
[2025-07-17T08:32:50.701+0000] {logging_mixin.py:190} INFO - [2025-07-17T08:32:50.701+0000] {dag.py:4138} INFO - Setting next_dagrun for example_xcom_args to None, run_after=None
[2025-07-17T08:32:50.703+0000] {logging_mixin.py:190} INFO - [2025-07-17T08:32:50.703+0000] {dag.py:4138} INFO - Setting next_dagrun for example_xcom_args_with_operators to None, run_after=None
[2025-07-17T08:32:50.709+0000] {processor.py:208} INFO - Processing /home/airflow/.local/lib/python3.12/site-packages/airflow/example_dags/example_xcomargs.py took 0.033 seconds
[2025-07-17T08:33:21.425+0000] {processor.py:186} INFO - Started process (PID=370) to work on /home/airflow/.local/lib/python3.12/site-packages/airflow/example_dags/example_xcomargs.py
[2025-07-17T08:33:21.428+0000] {processor.py:914} INFO - Processing file /home/airflow/.local/lib/python3.12/site-packages/airflow/example_dags/example_xcomargs.py for tasks to queue
[2025-07-17T08:33:21.429+0000] {logging_mixin.py:190} INFO - [2025-07-17T08:33:21.429+0000] {dagbag.py:587} INFO - Filling up the DagBag from /home/airflow/.local/lib/python3.12/site-packages/airflow/example_dags/example_xcomargs.py
[2025-07-17T08:33:21.433+0000] {processor.py:925} INFO - DAG(s) 'example_xcom_args_with_operators', 'example_xcom_args' retrieved from /home/airflow/.local/lib/python3.12/site-packages/airflow/example_dags/example_xcomargs.py
[2025-07-17T08:33:21.443+0000] {logging_mixin.py:190} INFO - [2025-07-17T08:33:21.443+0000] {dag.py:3211} INFO - Sync 2 DAGs
[2025-07-17T08:33:21.450+0000] {logging_mixin.py:190} INFO - [2025-07-17T08:33:21.449+0000] {dag.py:4138} INFO - Setting next_dagrun for example_xcom_args to None, run_after=None
[2025-07-17T08:33:21.451+0000] {logging_mixin.py:190} INFO - [2025-07-17T08:33:21.451+0000] {dag.py:4138} INFO - Setting next_dagrun for example_xcom_args_with_operators to None, run_after=None
[2025-07-17T08:33:21.457+0000] {processor.py:208} INFO - Processing /home/airflow/.local/lib/python3.12/site-packages/airflow/example_dags/example_xcomargs.py took 0.035 seconds
[2025-07-17T08:33:52.140+0000] {processor.py:186} INFO - Started process (PID=432) to work on /home/airflow/.local/lib/python3.12/site-packages/airflow/example_dags/example_xcomargs.py
[2025-07-17T08:33:52.140+0000] {processor.py:914} INFO - Processing file /home/airflow/.local/lib/python3.12/site-packages/airflow/example_dags/example_xcomargs.py for tasks to queue
[2025-07-17T08:33:52.141+0000] {logging_mixin.py:190} INFO - [2025-07-17T08:33:52.141+0000] {dagbag.py:587} INFO - Filling up the DagBag from /home/airflow/.local/lib/python3.12/site-packages/airflow/example_dags/example_xcomargs.py
[2025-07-17T08:33:52.146+0000] {processor.py:925} INFO - DAG(s) 'example_xcom_args_with_operators', 'example_xcom_args' retrieved from /home/airflow/.local/lib/python3.12/site-packages/airflow/example_dags/example_xcomargs.py
[2025-07-17T08:33:52.158+0000] {logging_mixin.py:190} INFO - [2025-07-17T08:33:52.158+0000] {dag.py:3211} INFO - Sync 2 DAGs
[2025-07-17T08:33:52.165+0000] {logging_mixin.py:190} INFO - [2025-07-17T08:33:52.164+0000] {dag.py:4138} INFO - Setting next_dagrun for example_xcom_args to None, run_after=None
[2025-07-17T08:33:52.167+0000] {logging_mixin.py:190} INFO - [2025-07-17T08:33:52.167+0000] {dag.py:4138} INFO - Setting next_dagrun for example_xcom_args_with_operators to None, run_after=None
[2025-07-17T08:33:52.175+0000] {processor.py:208} INFO - Processing /home/airflow/.local/lib/python3.12/site-packages/airflow/example_dags/example_xcomargs.py took 0.038 seconds
[2025-07-17T08:34:23.001+0000] {processor.py:186} INFO - Started process (PID=494) to work on /home/airflow/.local/lib/python3.12/site-packages/airflow/example_dags/example_xcomargs.py
[2025-07-17T08:34:23.002+0000] {processor.py:914} INFO - Processing file /home/airflow/.local/lib/python3.12/site-packages/airflow/example_dags/example_xcomargs.py for tasks to queue
[2025-07-17T08:34:23.003+0000] {logging_mixin.py:190} INFO - [2025-07-17T08:34:23.003+0000] {dagbag.py:587} INFO - Filling up the DagBag from /home/airflow/.local/lib/python3.12/site-packages/airflow/example_dags/example_xcomargs.py
[2025-07-17T08:34:23.008+0000] {processor.py:925} INFO - DAG(s) 'example_xcom_args_with_operators', 'example_xcom_args' retrieved from /home/airflow/.local/lib/python3.12/site-packages/airflow/example_dags/example_xcomargs.py
[2025-07-17T08:34:23.020+0000] {logging_mixin.py:190} INFO - [2025-07-17T08:34:23.020+0000] {dag.py:3211} INFO - Sync 2 DAGs
[2025-07-17T08:34:23.027+0000] {logging_mixin.py:190} INFO - [2025-07-17T08:34:23.027+0000] {dag.py:4138} INFO - Setting next_dagrun for example_xcom_args to None, run_after=None
[2025-07-17T08:34:23.029+0000] {logging_mixin.py:190} INFO - [2025-07-17T08:34:23.029+0000] {dag.py:4138} INFO - Setting next_dagrun for example_xcom_args_with_operators to None, run_after=None
[2025-07-17T08:34:23.035+0000] {processor.py:208} INFO - Processing /home/airflow/.local/lib/python3.12/site-packages/airflow/example_dags/example_xcomargs.py took 0.037 seconds
[2025-07-17T08:34:53.934+0000] {processor.py:186} INFO - Started process (PID=556) to work on /home/airflow/.local/lib/python3.12/site-packages/airflow/example_dags/example_xcomargs.py
[2025-07-17T08:34:53.936+0000] {processor.py:914} INFO - Processing file /home/airflow/.local/lib/python3.12/site-packages/airflow/example_dags/example_xcomargs.py for tasks to queue
[2025-07-17T08:34:53.937+0000] {logging_mixin.py:190} INFO - [2025-07-17T08:34:53.937+0000] {dagbag.py:587} INFO - Filling up the DagBag from /home/airflow/.local/lib/python3.12/site-packages/airflow/example_dags/example_xcomargs.py
[2025-07-17T08:34:53.942+0000] {processor.py:925} INFO - DAG(s) 'example_xcom_args', 'example_xcom_args_with_operators' retrieved from /home/airflow/.local/lib/python3.12/site-packages/airflow/example_dags/example_xcomargs.py
[2025-07-17T08:34:53.951+0000] {logging_mixin.py:190} INFO - [2025-07-17T08:34:53.951+0000] {dag.py:3211} INFO - Sync 2 DAGs
[2025-07-17T08:34:53.958+0000] {logging_mixin.py:190} INFO - [2025-07-17T08:34:53.957+0000] {dag.py:4138} INFO - Setting next_dagrun for example_xcom_args to None, run_after=None
[2025-07-17T08:34:53.959+0000] {logging_mixin.py:190} INFO - [2025-07-17T08:34:53.959+0000] {dag.py:4138} INFO - Setting next_dagrun for example_xcom_args_with_operators to None, run_after=None
[2025-07-17T08:34:53.964+0000] {processor.py:208} INFO - Processing /home/airflow/.local/lib/python3.12/site-packages/airflow/example_dags/example_xcomargs.py took 0.033 seconds
[2025-07-17T08:35:24.788+0000] {processor.py:186} INFO - Started process (PID=618) to work on /home/airflow/.local/lib/python3.12/site-packages/airflow/example_dags/example_xcomargs.py
[2025-07-17T08:35:24.789+0000] {processor.py:914} INFO - Processing file /home/airflow/.local/lib/python3.12/site-packages/airflow/example_dags/example_xcomargs.py for tasks to queue
[2025-07-17T08:35:24.790+0000] {logging_mixin.py:190} INFO - [2025-07-17T08:35:24.790+0000] {dagbag.py:587} INFO - Filling up the DagBag from /home/airflow/.local/lib/python3.12/site-packages/airflow/example_dags/example_xcomargs.py
[2025-07-17T08:35:24.799+0000] {processor.py:925} INFO - DAG(s) 'example_xcom_args_with_operators', 'example_xcom_args' retrieved from /home/airflow/.local/lib/python3.12/site-packages/airflow/example_dags/example_xcomargs.py
[2025-07-17T08:35:24.813+0000] {logging_mixin.py:190} INFO - [2025-07-17T08:35:24.813+0000] {dag.py:3211} INFO - Sync 2 DAGs
[2025-07-17T08:35:24.820+0000] {logging_mixin.py:190} INFO - [2025-07-17T08:35:24.820+0000] {dag.py:4138} INFO - Setting next_dagrun for example_xcom_args to None, run_after=None
[2025-07-17T08:35:24.821+0000] {logging_mixin.py:190} INFO - [2025-07-17T08:35:24.821+0000] {dag.py:4138} INFO - Setting next_dagrun for example_xcom_args_with_operators to None, run_after=None
[2025-07-17T08:35:24.830+0000] {processor.py:208} INFO - Processing /home/airflow/.local/lib/python3.12/site-packages/airflow/example_dags/example_xcomargs.py took 0.044 seconds
