[2025-07-17T08:30:49.671+0000] {processor.py:186} INFO - Started process (PID=99) to work on /home/airflow/.local/lib/python3.12/site-packages/airflow/example_dags/example_subdag_operator.py
[2025-07-17T08:30:49.671+0000] {processor.py:914} INFO - Processing file /home/airflow/.local/lib/python3.12/site-packages/airflow/example_dags/example_subdag_operator.py for tasks to queue
[2025-07-17T08:30:49.673+0000] {logging_mixin.py:190} INFO - [2025-07-17T08:30:49.673+0000] {dagbag.py:587} INFO - Filling up the DagBag from /home/airflow/.local/lib/python3.12/site-packages/airflow/example_dags/example_subdag_operator.py
[2025-07-17T08:30:49.684+0000] {processor.py:925} INFO - DAG(s) 'example_subdag_operator.section-1', 'example_subdag_operator.section-2', 'example_subdag_operator' retrieved from /home/airflow/.local/lib/python3.12/site-packages/airflow/example_dags/example_subdag_operator.py
[2025-07-17T08:30:49.720+0000] {logging_mixin.py:190} INFO - [2025-07-17T08:30:49.720+0000] {override.py:1858} INFO - Created Permission View: can delete on DAG:example_subdag_operator
[2025-07-17T08:30:49.725+0000] {logging_mixin.py:190} INFO - [2025-07-17T08:30:49.724+0000] {override.py:1858} INFO - Created Permission View: can edit on DAG:example_subdag_operator
[2025-07-17T08:30:49.726+0000] {logging_mixin.py:190} INFO - [2025-07-17T08:30:49.726+0000] {override.py:1858} INFO - Created Permission View: can read on DAG:example_subdag_operator
[2025-07-17T08:30:49.730+0000] {logging_mixin.py:190} INFO - [2025-07-17T08:30:49.730+0000] {dag.py:3211} INFO - Sync 3 DAGs
[2025-07-17T08:30:49.737+0000] {logging_mixin.py:190} INFO - [2025-07-17T08:30:49.737+0000] {dag.py:3234} INFO - Creating ORM DAG for example_subdag_operator
[2025-07-17T08:30:49.737+0000] {logging_mixin.py:190} INFO - [2025-07-17T08:30:49.737+0000] {dag.py:3234} INFO - Creating ORM DAG for example_subdag_operator.section-2
[2025-07-17T08:30:49.737+0000] {logging_mixin.py:190} INFO - [2025-07-17T08:30:49.737+0000] {dag.py:3234} INFO - Creating ORM DAG for example_subdag_operator.section-1
[2025-07-17T08:30:49.741+0000] {logging_mixin.py:190} INFO - [2025-07-17T08:30:49.740+0000] {dag.py:4138} INFO - Setting next_dagrun for example_subdag_operator to 2022-01-01 00:00:00+00:00, run_after=2022-01-01 00:00:00+00:00
[2025-07-17T08:30:49.741+0000] {logging_mixin.py:190} INFO - [2025-07-17T08:30:49.741+0000] {dag.py:4138} INFO - Setting next_dagrun for example_subdag_operator.section-1 to None, run_after=None
[2025-07-17T08:30:49.741+0000] {logging_mixin.py:190} INFO - [2025-07-17T08:30:49.741+0000] {dag.py:4138} INFO - Setting next_dagrun for example_subdag_operator.section-2 to None, run_after=None
[2025-07-17T08:30:49.744+0000] {logging_mixin.py:190} INFO - [2025-07-17T08:30:49.744+0000] {dag.py:3211} INFO - Sync 2 DAGs
[2025-07-17T08:30:49.746+0000] {logging_mixin.py:190} INFO - [2025-07-17T08:30:49.746+0000] {dag.py:4138} INFO - Setting next_dagrun for example_subdag_operator.section-1 to None, run_after=None
[2025-07-17T08:30:49.748+0000] {logging_mixin.py:190} INFO - [2025-07-17T08:30:49.748+0000] {dag.py:4138} INFO - Setting next_dagrun for example_subdag_operator.section-2 to None, run_after=None
[2025-07-17T08:30:49.752+0000] {processor.py:208} INFO - Processing /home/airflow/.local/lib/python3.12/site-packages/airflow/example_dags/example_subdag_operator.py took 0.084 seconds
[2025-07-17T08:31:20.476+0000] {processor.py:186} INFO - Started process (PID=161) to work on /home/airflow/.local/lib/python3.12/site-packages/airflow/example_dags/example_subdag_operator.py
[2025-07-17T08:31:20.476+0000] {processor.py:914} INFO - Processing file /home/airflow/.local/lib/python3.12/site-packages/airflow/example_dags/example_subdag_operator.py for tasks to queue
[2025-07-17T08:31:20.477+0000] {logging_mixin.py:190} INFO - [2025-07-17T08:31:20.477+0000] {dagbag.py:587} INFO - Filling up the DagBag from /home/airflow/.local/lib/python3.12/site-packages/airflow/example_dags/example_subdag_operator.py
[2025-07-17T08:31:20.488+0000] {processor.py:925} INFO - DAG(s) 'example_subdag_operator.section-1', 'example_subdag_operator.section-2', 'example_subdag_operator' retrieved from /home/airflow/.local/lib/python3.12/site-packages/airflow/example_dags/example_subdag_operator.py
[2025-07-17T08:31:20.494+0000] {logging_mixin.py:190} INFO - [2025-07-17T08:31:20.494+0000] {dag.py:3211} INFO - Sync 3 DAGs
[2025-07-17T08:31:20.503+0000] {logging_mixin.py:190} INFO - [2025-07-17T08:31:20.502+0000] {dag.py:4138} INFO - Setting next_dagrun for example_subdag_operator to 2022-01-01 00:00:00+00:00, run_after=2022-01-01 00:00:00+00:00
[2025-07-17T08:31:20.504+0000] {logging_mixin.py:190} INFO - [2025-07-17T08:31:20.504+0000] {dag.py:4138} INFO - Setting next_dagrun for example_subdag_operator.section-1 to None, run_after=None
[2025-07-17T08:31:20.504+0000] {logging_mixin.py:190} INFO - [2025-07-17T08:31:20.504+0000] {dag.py:4138} INFO - Setting next_dagrun for example_subdag_operator.section-2 to None, run_after=None
[2025-07-17T08:31:20.507+0000] {logging_mixin.py:190} INFO - [2025-07-17T08:31:20.507+0000] {dag.py:3211} INFO - Sync 2 DAGs
[2025-07-17T08:31:20.508+0000] {logging_mixin.py:190} INFO - [2025-07-17T08:31:20.508+0000] {dag.py:4138} INFO - Setting next_dagrun for example_subdag_operator.section-1 to None, run_after=None
[2025-07-17T08:31:20.509+0000] {logging_mixin.py:190} INFO - [2025-07-17T08:31:20.509+0000] {dag.py:4138} INFO - Setting next_dagrun for example_subdag_operator.section-2 to None, run_after=None
[2025-07-17T08:31:20.512+0000] {processor.py:208} INFO - Processing /home/airflow/.local/lib/python3.12/site-packages/airflow/example_dags/example_subdag_operator.py took 0.038 seconds
[2025-07-17T08:31:51.193+0000] {processor.py:186} INFO - Started process (PID=223) to work on /home/airflow/.local/lib/python3.12/site-packages/airflow/example_dags/example_subdag_operator.py
[2025-07-17T08:31:51.194+0000] {processor.py:914} INFO - Processing file /home/airflow/.local/lib/python3.12/site-packages/airflow/example_dags/example_subdag_operator.py for tasks to queue
[2025-07-17T08:31:51.195+0000] {logging_mixin.py:190} INFO - [2025-07-17T08:31:51.195+0000] {dagbag.py:587} INFO - Filling up the DagBag from /home/airflow/.local/lib/python3.12/site-packages/airflow/example_dags/example_subdag_operator.py
[2025-07-17T08:31:51.207+0000] {processor.py:925} INFO - DAG(s) 'example_subdag_operator.section-1', 'example_subdag_operator.section-2', 'example_subdag_operator' retrieved from /home/airflow/.local/lib/python3.12/site-packages/airflow/example_dags/example_subdag_operator.py
[2025-07-17T08:31:51.216+0000] {logging_mixin.py:190} INFO - [2025-07-17T08:31:51.216+0000] {dag.py:3211} INFO - Sync 3 DAGs
[2025-07-17T08:31:51.226+0000] {logging_mixin.py:190} INFO - [2025-07-17T08:31:51.226+0000] {dag.py:4138} INFO - Setting next_dagrun for example_subdag_operator to 2022-01-01 00:00:00+00:00, run_after=2022-01-01 00:00:00+00:00
[2025-07-17T08:31:51.227+0000] {logging_mixin.py:190} INFO - [2025-07-17T08:31:51.227+0000] {dag.py:4138} INFO - Setting next_dagrun for example_subdag_operator.section-1 to None, run_after=None
[2025-07-17T08:31:51.228+0000] {logging_mixin.py:190} INFO - [2025-07-17T08:31:51.228+0000] {dag.py:4138} INFO - Setting next_dagrun for example_subdag_operator.section-2 to None, run_after=None
[2025-07-17T08:31:51.231+0000] {logging_mixin.py:190} INFO - [2025-07-17T08:31:51.231+0000] {dag.py:3211} INFO - Sync 2 DAGs
[2025-07-17T08:31:51.235+0000] {logging_mixin.py:190} INFO - [2025-07-17T08:31:51.235+0000] {dag.py:4138} INFO - Setting next_dagrun for example_subdag_operator.section-1 to None, run_after=None
[2025-07-17T08:31:51.235+0000] {logging_mixin.py:190} INFO - [2025-07-17T08:31:51.235+0000] {dag.py:4138} INFO - Setting next_dagrun for example_subdag_operator.section-2 to None, run_after=None
[2025-07-17T08:31:51.238+0000] {processor.py:208} INFO - Processing /home/airflow/.local/lib/python3.12/site-packages/airflow/example_dags/example_subdag_operator.py took 0.047 seconds
[2025-07-17T08:32:21.973+0000] {processor.py:186} INFO - Started process (PID=285) to work on /home/airflow/.local/lib/python3.12/site-packages/airflow/example_dags/example_subdag_operator.py
[2025-07-17T08:32:21.976+0000] {processor.py:914} INFO - Processing file /home/airflow/.local/lib/python3.12/site-packages/airflow/example_dags/example_subdag_operator.py for tasks to queue
[2025-07-17T08:32:21.977+0000] {logging_mixin.py:190} INFO - [2025-07-17T08:32:21.977+0000] {dagbag.py:587} INFO - Filling up the DagBag from /home/airflow/.local/lib/python3.12/site-packages/airflow/example_dags/example_subdag_operator.py
[2025-07-17T08:32:21.988+0000] {processor.py:925} INFO - DAG(s) 'example_subdag_operator.section-1', 'example_subdag_operator.section-2', 'example_subdag_operator' retrieved from /home/airflow/.local/lib/python3.12/site-packages/airflow/example_dags/example_subdag_operator.py
[2025-07-17T08:32:21.994+0000] {logging_mixin.py:190} INFO - [2025-07-17T08:32:21.994+0000] {dag.py:3211} INFO - Sync 3 DAGs
[2025-07-17T08:32:22.005+0000] {logging_mixin.py:190} INFO - [2025-07-17T08:32:22.005+0000] {dag.py:4138} INFO - Setting next_dagrun for example_subdag_operator to 2022-01-01 00:00:00+00:00, run_after=2022-01-01 00:00:00+00:00
[2025-07-17T08:32:22.008+0000] {logging_mixin.py:190} INFO - [2025-07-17T08:32:22.008+0000] {dag.py:4138} INFO - Setting next_dagrun for example_subdag_operator.section-1 to None, run_after=None
[2025-07-17T08:32:22.008+0000] {logging_mixin.py:190} INFO - [2025-07-17T08:32:22.008+0000] {dag.py:4138} INFO - Setting next_dagrun for example_subdag_operator.section-2 to None, run_after=None
[2025-07-17T08:32:22.012+0000] {logging_mixin.py:190} INFO - [2025-07-17T08:32:22.012+0000] {dag.py:3211} INFO - Sync 2 DAGs
[2025-07-17T08:32:22.015+0000] {logging_mixin.py:190} INFO - [2025-07-17T08:32:22.015+0000] {dag.py:4138} INFO - Setting next_dagrun for example_subdag_operator.section-1 to None, run_after=None
[2025-07-17T08:32:22.015+0000] {logging_mixin.py:190} INFO - [2025-07-17T08:32:22.015+0000] {dag.py:4138} INFO - Setting next_dagrun for example_subdag_operator.section-2 to None, run_after=None
[2025-07-17T08:32:22.021+0000] {processor.py:208} INFO - Processing /home/airflow/.local/lib/python3.12/site-packages/airflow/example_dags/example_subdag_operator.py took 0.051 seconds
[2025-07-17T08:32:52.735+0000] {processor.py:186} INFO - Started process (PID=347) to work on /home/airflow/.local/lib/python3.12/site-packages/airflow/example_dags/example_subdag_operator.py
[2025-07-17T08:32:52.736+0000] {processor.py:914} INFO - Processing file /home/airflow/.local/lib/python3.12/site-packages/airflow/example_dags/example_subdag_operator.py for tasks to queue
[2025-07-17T08:32:52.737+0000] {logging_mixin.py:190} INFO - [2025-07-17T08:32:52.737+0000] {dagbag.py:587} INFO - Filling up the DagBag from /home/airflow/.local/lib/python3.12/site-packages/airflow/example_dags/example_subdag_operator.py
[2025-07-17T08:32:52.748+0000] {processor.py:925} INFO - DAG(s) 'example_subdag_operator.section-1', 'example_subdag_operator.section-2', 'example_subdag_operator' retrieved from /home/airflow/.local/lib/python3.12/site-packages/airflow/example_dags/example_subdag_operator.py
[2025-07-17T08:32:52.755+0000] {logging_mixin.py:190} INFO - [2025-07-17T08:32:52.755+0000] {dag.py:3211} INFO - Sync 3 DAGs
[2025-07-17T08:32:52.765+0000] {logging_mixin.py:190} INFO - [2025-07-17T08:32:52.765+0000] {dag.py:4138} INFO - Setting next_dagrun for example_subdag_operator to 2022-01-01 00:00:00+00:00, run_after=2022-01-01 00:00:00+00:00
[2025-07-17T08:32:52.767+0000] {logging_mixin.py:190} INFO - [2025-07-17T08:32:52.767+0000] {dag.py:4138} INFO - Setting next_dagrun for example_subdag_operator.section-1 to None, run_after=None
[2025-07-17T08:32:52.769+0000] {logging_mixin.py:190} INFO - [2025-07-17T08:32:52.768+0000] {dag.py:4138} INFO - Setting next_dagrun for example_subdag_operator.section-2 to None, run_after=None
[2025-07-17T08:32:52.772+0000] {logging_mixin.py:190} INFO - [2025-07-17T08:32:52.772+0000] {dag.py:3211} INFO - Sync 2 DAGs
[2025-07-17T08:32:52.775+0000] {logging_mixin.py:190} INFO - [2025-07-17T08:32:52.775+0000] {dag.py:4138} INFO - Setting next_dagrun for example_subdag_operator.section-1 to None, run_after=None
[2025-07-17T08:32:52.776+0000] {logging_mixin.py:190} INFO - [2025-07-17T08:32:52.776+0000] {dag.py:4138} INFO - Setting next_dagrun for example_subdag_operator.section-2 to None, run_after=None
[2025-07-17T08:32:52.780+0000] {processor.py:208} INFO - Processing /home/airflow/.local/lib/python3.12/site-packages/airflow/example_dags/example_subdag_operator.py took 0.048 seconds
[2025-07-17T08:33:23.453+0000] {processor.py:186} INFO - Started process (PID=409) to work on /home/airflow/.local/lib/python3.12/site-packages/airflow/example_dags/example_subdag_operator.py
[2025-07-17T08:33:23.455+0000] {processor.py:914} INFO - Processing file /home/airflow/.local/lib/python3.12/site-packages/airflow/example_dags/example_subdag_operator.py for tasks to queue
[2025-07-17T08:33:23.456+0000] {logging_mixin.py:190} INFO - [2025-07-17T08:33:23.456+0000] {dagbag.py:587} INFO - Filling up the DagBag from /home/airflow/.local/lib/python3.12/site-packages/airflow/example_dags/example_subdag_operator.py
[2025-07-17T08:33:23.467+0000] {processor.py:925} INFO - DAG(s) 'example_subdag_operator.section-1', 'example_subdag_operator.section-2', 'example_subdag_operator' retrieved from /home/airflow/.local/lib/python3.12/site-packages/airflow/example_dags/example_subdag_operator.py
[2025-07-17T08:33:23.473+0000] {logging_mixin.py:190} INFO - [2025-07-17T08:33:23.473+0000] {dag.py:3211} INFO - Sync 3 DAGs
[2025-07-17T08:33:23.483+0000] {logging_mixin.py:190} INFO - [2025-07-17T08:33:23.483+0000] {dag.py:4138} INFO - Setting next_dagrun for example_subdag_operator to 2022-01-01 00:00:00+00:00, run_after=2022-01-01 00:00:00+00:00
[2025-07-17T08:33:23.487+0000] {logging_mixin.py:190} INFO - [2025-07-17T08:33:23.487+0000] {dag.py:4138} INFO - Setting next_dagrun for example_subdag_operator.section-1 to None, run_after=None
[2025-07-17T08:33:23.487+0000] {logging_mixin.py:190} INFO - [2025-07-17T08:33:23.487+0000] {dag.py:4138} INFO - Setting next_dagrun for example_subdag_operator.section-2 to None, run_after=None
[2025-07-17T08:33:23.492+0000] {logging_mixin.py:190} INFO - [2025-07-17T08:33:23.492+0000] {dag.py:3211} INFO - Sync 2 DAGs
[2025-07-17T08:33:23.494+0000] {logging_mixin.py:190} INFO - [2025-07-17T08:33:23.494+0000] {dag.py:4138} INFO - Setting next_dagrun for example_subdag_operator.section-1 to None, run_after=None
[2025-07-17T08:33:23.495+0000] {logging_mixin.py:190} INFO - [2025-07-17T08:33:23.495+0000] {dag.py:4138} INFO - Setting next_dagrun for example_subdag_operator.section-2 to None, run_after=None
[2025-07-17T08:33:23.499+0000] {processor.py:208} INFO - Processing /home/airflow/.local/lib/python3.12/site-packages/airflow/example_dags/example_subdag_operator.py took 0.049 seconds
[2025-07-17T08:33:54.267+0000] {processor.py:186} INFO - Started process (PID=471) to work on /home/airflow/.local/lib/python3.12/site-packages/airflow/example_dags/example_subdag_operator.py
[2025-07-17T08:33:54.267+0000] {processor.py:914} INFO - Processing file /home/airflow/.local/lib/python3.12/site-packages/airflow/example_dags/example_subdag_operator.py for tasks to queue
[2025-07-17T08:33:54.268+0000] {logging_mixin.py:190} INFO - [2025-07-17T08:33:54.268+0000] {dagbag.py:587} INFO - Filling up the DagBag from /home/airflow/.local/lib/python3.12/site-packages/airflow/example_dags/example_subdag_operator.py
[2025-07-17T08:33:54.281+0000] {processor.py:925} INFO - DAG(s) 'example_subdag_operator.section-1', 'example_subdag_operator.section-2', 'example_subdag_operator' retrieved from /home/airflow/.local/lib/python3.12/site-packages/airflow/example_dags/example_subdag_operator.py
[2025-07-17T08:33:54.287+0000] {logging_mixin.py:190} INFO - [2025-07-17T08:33:54.287+0000] {dag.py:3211} INFO - Sync 3 DAGs
[2025-07-17T08:33:54.295+0000] {logging_mixin.py:190} INFO - [2025-07-17T08:33:54.295+0000] {dag.py:4138} INFO - Setting next_dagrun for example_subdag_operator to 2022-01-01 00:00:00+00:00, run_after=2022-01-01 00:00:00+00:00
[2025-07-17T08:33:54.296+0000] {logging_mixin.py:190} INFO - [2025-07-17T08:33:54.296+0000] {dag.py:4138} INFO - Setting next_dagrun for example_subdag_operator.section-1 to None, run_after=None
[2025-07-17T08:33:54.298+0000] {logging_mixin.py:190} INFO - [2025-07-17T08:33:54.298+0000] {dag.py:4138} INFO - Setting next_dagrun for example_subdag_operator.section-2 to None, run_after=None
[2025-07-17T08:33:54.303+0000] {logging_mixin.py:190} INFO - [2025-07-17T08:33:54.303+0000] {dag.py:3211} INFO - Sync 2 DAGs
[2025-07-17T08:33:54.306+0000] {logging_mixin.py:190} INFO - [2025-07-17T08:33:54.306+0000] {dag.py:4138} INFO - Setting next_dagrun for example_subdag_operator.section-1 to None, run_after=None
[2025-07-17T08:33:54.307+0000] {logging_mixin.py:190} INFO - [2025-07-17T08:33:54.307+0000] {dag.py:4138} INFO - Setting next_dagrun for example_subdag_operator.section-2 to None, run_after=None
[2025-07-17T08:33:54.312+0000] {processor.py:208} INFO - Processing /home/airflow/.local/lib/python3.12/site-packages/airflow/example_dags/example_subdag_operator.py took 0.048 seconds
[2025-07-17T08:34:25.241+0000] {processor.py:186} INFO - Started process (PID=533) to work on /home/airflow/.local/lib/python3.12/site-packages/airflow/example_dags/example_subdag_operator.py
[2025-07-17T08:34:25.244+0000] {processor.py:914} INFO - Processing file /home/airflow/.local/lib/python3.12/site-packages/airflow/example_dags/example_subdag_operator.py for tasks to queue
[2025-07-17T08:34:25.245+0000] {logging_mixin.py:190} INFO - [2025-07-17T08:34:25.245+0000] {dagbag.py:587} INFO - Filling up the DagBag from /home/airflow/.local/lib/python3.12/site-packages/airflow/example_dags/example_subdag_operator.py
[2025-07-17T08:34:25.257+0000] {processor.py:925} INFO - DAG(s) 'example_subdag_operator.section-1', 'example_subdag_operator.section-2', 'example_subdag_operator' retrieved from /home/airflow/.local/lib/python3.12/site-packages/airflow/example_dags/example_subdag_operator.py
[2025-07-17T08:34:25.265+0000] {logging_mixin.py:190} INFO - [2025-07-17T08:34:25.265+0000] {dag.py:3211} INFO - Sync 3 DAGs
[2025-07-17T08:34:25.277+0000] {logging_mixin.py:190} INFO - [2025-07-17T08:34:25.277+0000] {dag.py:4138} INFO - Setting next_dagrun for example_subdag_operator to 2022-01-01 00:00:00+00:00, run_after=2022-01-01 00:00:00+00:00
[2025-07-17T08:34:25.280+0000] {logging_mixin.py:190} INFO - [2025-07-17T08:34:25.280+0000] {dag.py:4138} INFO - Setting next_dagrun for example_subdag_operator.section-1 to None, run_after=None
[2025-07-17T08:34:25.280+0000] {logging_mixin.py:190} INFO - [2025-07-17T08:34:25.280+0000] {dag.py:4138} INFO - Setting next_dagrun for example_subdag_operator.section-2 to None, run_after=None
[2025-07-17T08:34:25.284+0000] {logging_mixin.py:190} INFO - [2025-07-17T08:34:25.284+0000] {dag.py:3211} INFO - Sync 2 DAGs
[2025-07-17T08:34:25.288+0000] {logging_mixin.py:190} INFO - [2025-07-17T08:34:25.288+0000] {dag.py:4138} INFO - Setting next_dagrun for example_subdag_operator.section-1 to None, run_after=None
[2025-07-17T08:34:25.289+0000] {logging_mixin.py:190} INFO - [2025-07-17T08:34:25.289+0000] {dag.py:4138} INFO - Setting next_dagrun for example_subdag_operator.section-2 to None, run_after=None
[2025-07-17T08:34:25.293+0000] {processor.py:208} INFO - Processing /home/airflow/.local/lib/python3.12/site-packages/airflow/example_dags/example_subdag_operator.py took 0.055 seconds
[2025-07-17T08:34:56.000+0000] {processor.py:186} INFO - Started process (PID=595) to work on /home/airflow/.local/lib/python3.12/site-packages/airflow/example_dags/example_subdag_operator.py
[2025-07-17T08:34:56.000+0000] {processor.py:914} INFO - Processing file /home/airflow/.local/lib/python3.12/site-packages/airflow/example_dags/example_subdag_operator.py for tasks to queue
[2025-07-17T08:34:56.001+0000] {logging_mixin.py:190} INFO - [2025-07-17T08:34:56.001+0000] {dagbag.py:587} INFO - Filling up the DagBag from /home/airflow/.local/lib/python3.12/site-packages/airflow/example_dags/example_subdag_operator.py
[2025-07-17T08:34:56.012+0000] {processor.py:925} INFO - DAG(s) 'example_subdag_operator.section-1', 'example_subdag_operator.section-2', 'example_subdag_operator' retrieved from /home/airflow/.local/lib/python3.12/site-packages/airflow/example_dags/example_subdag_operator.py
[2025-07-17T08:34:56.017+0000] {logging_mixin.py:190} INFO - [2025-07-17T08:34:56.017+0000] {dag.py:3211} INFO - Sync 3 DAGs
[2025-07-17T08:34:56.025+0000] {logging_mixin.py:190} INFO - [2025-07-17T08:34:56.024+0000] {dag.py:4138} INFO - Setting next_dagrun for example_subdag_operator to 2022-01-01 00:00:00+00:00, run_after=2022-01-01 00:00:00+00:00
[2025-07-17T08:34:56.026+0000] {logging_mixin.py:190} INFO - [2025-07-17T08:34:56.026+0000] {dag.py:4138} INFO - Setting next_dagrun for example_subdag_operator.section-1 to None, run_after=None
[2025-07-17T08:34:56.026+0000] {logging_mixin.py:190} INFO - [2025-07-17T08:34:56.026+0000] {dag.py:4138} INFO - Setting next_dagrun for example_subdag_operator.section-2 to None, run_after=None
[2025-07-17T08:34:56.029+0000] {logging_mixin.py:190} INFO - [2025-07-17T08:34:56.029+0000] {dag.py:3211} INFO - Sync 2 DAGs
[2025-07-17T08:34:56.030+0000] {logging_mixin.py:190} INFO - [2025-07-17T08:34:56.030+0000] {dag.py:4138} INFO - Setting next_dagrun for example_subdag_operator.section-1 to None, run_after=None
[2025-07-17T08:34:56.031+0000] {logging_mixin.py:190} INFO - [2025-07-17T08:34:56.030+0000] {dag.py:4138} INFO - Setting next_dagrun for example_subdag_operator.section-2 to None, run_after=None
[2025-07-17T08:34:56.034+0000] {processor.py:208} INFO - Processing /home/airflow/.local/lib/python3.12/site-packages/airflow/example_dags/example_subdag_operator.py took 0.036 seconds
[2025-07-17T08:35:27.001+0000] {processor.py:186} INFO - Started process (PID=657) to work on /home/airflow/.local/lib/python3.12/site-packages/airflow/example_dags/example_subdag_operator.py
[2025-07-17T08:35:27.001+0000] {processor.py:914} INFO - Processing file /home/airflow/.local/lib/python3.12/site-packages/airflow/example_dags/example_subdag_operator.py for tasks to queue
[2025-07-17T08:35:27.002+0000] {logging_mixin.py:190} INFO - [2025-07-17T08:35:27.002+0000] {dagbag.py:587} INFO - Filling up the DagBag from /home/airflow/.local/lib/python3.12/site-packages/airflow/example_dags/example_subdag_operator.py
[2025-07-17T08:35:27.014+0000] {processor.py:925} INFO - DAG(s) 'example_subdag_operator.section-1', 'example_subdag_operator.section-2', 'example_subdag_operator' retrieved from /home/airflow/.local/lib/python3.12/site-packages/airflow/example_dags/example_subdag_operator.py
[2025-07-17T08:35:27.021+0000] {logging_mixin.py:190} INFO - [2025-07-17T08:35:27.021+0000] {dag.py:3211} INFO - Sync 3 DAGs
[2025-07-17T08:35:27.029+0000] {logging_mixin.py:190} INFO - [2025-07-17T08:35:27.029+0000] {dag.py:4138} INFO - Setting next_dagrun for example_subdag_operator to 2022-01-01 00:00:00+00:00, run_after=2022-01-01 00:00:00+00:00
[2025-07-17T08:35:27.031+0000] {logging_mixin.py:190} INFO - [2025-07-17T08:35:27.031+0000] {dag.py:4138} INFO - Setting next_dagrun for example_subdag_operator.section-1 to None, run_after=None
[2025-07-17T08:35:27.031+0000] {logging_mixin.py:190} INFO - [2025-07-17T08:35:27.031+0000] {dag.py:4138} INFO - Setting next_dagrun for example_subdag_operator.section-2 to None, run_after=None
[2025-07-17T08:35:27.033+0000] {logging_mixin.py:190} INFO - [2025-07-17T08:35:27.033+0000] {dag.py:3211} INFO - Sync 2 DAGs
[2025-07-17T08:35:27.036+0000] {logging_mixin.py:190} INFO - [2025-07-17T08:35:27.036+0000] {dag.py:4138} INFO - Setting next_dagrun for example_subdag_operator.section-1 to None, run_after=None
[2025-07-17T08:35:27.036+0000] {logging_mixin.py:190} INFO - [2025-07-17T08:35:27.036+0000] {dag.py:4138} INFO - Setting next_dagrun for example_subdag_operator.section-2 to None, run_after=None
[2025-07-17T08:35:27.041+0000] {processor.py:208} INFO - Processing /home/airflow/.local/lib/python3.12/site-packages/airflow/example_dags/example_subdag_operator.py took 0.043 seconds
