[2025-07-17T08:30:49.367+0000] {processor.py:186} INFO - Started process (PID=92) to work on /home/airflow/.local/lib/python3.12/site-packages/airflow/example_dags/tutorial.py
[2025-07-17T08:30:49.368+0000] {processor.py:914} INFO - Processing file /home/airflow/.local/lib/python3.12/site-packages/airflow/example_dags/tutorial.py for tasks to queue
[2025-07-17T08:30:49.369+0000] {logging_mixin.py:190} INFO - [2025-07-17T08:30:49.369+0000] {dagbag.py:587} INFO - Filling up the DagBag from /home/airflow/.local/lib/python3.12/site-packages/airflow/example_dags/tutorial.py
[2025-07-17T08:30:49.373+0000] {processor.py:925} INFO - DAG(s) 'tutorial' retrieved from /home/airflow/.local/lib/python3.12/site-packages/airflow/example_dags/tutorial.py
[2025-07-17T08:30:49.409+0000] {logging_mixin.py:190} INFO - [2025-07-17T08:30:49.408+0000] {override.py:1858} INFO - Created Permission View: can delete on DAG:tutorial
[2025-07-17T08:30:49.412+0000] {logging_mixin.py:190} INFO - [2025-07-17T08:30:49.412+0000] {override.py:1858} INFO - Created Permission View: can edit on DAG:tutorial
[2025-07-17T08:30:49.414+0000] {logging_mixin.py:190} INFO - [2025-07-17T08:30:49.414+0000] {override.py:1858} INFO - Created Permission View: can read on DAG:tutorial
[2025-07-17T08:30:49.414+0000] {logging_mixin.py:190} INFO - [2025-07-17T08:30:49.414+0000] {dag.py:3211} INFO - Sync 1 DAGs
[2025-07-17T08:30:49.420+0000] {logging_mixin.py:190} INFO - [2025-07-17T08:30:49.420+0000] {dag.py:3234} INFO - Creating ORM DAG for tutorial
[2025-07-17T08:30:49.424+0000] {logging_mixin.py:190} INFO - [2025-07-17T08:30:49.423+0000] {dag.py:4138} INFO - Setting next_dagrun for tutorial to 2025-07-16 00:00:00+00:00, run_after=2025-07-17 00:00:00+00:00
[2025-07-17T08:30:49.430+0000] {processor.py:208} INFO - Processing /home/airflow/.local/lib/python3.12/site-packages/airflow/example_dags/tutorial.py took 0.066 seconds
[2025-07-17T08:31:20.292+0000] {processor.py:186} INFO - Started process (PID=154) to work on /home/airflow/.local/lib/python3.12/site-packages/airflow/example_dags/tutorial.py
[2025-07-17T08:31:20.293+0000] {processor.py:914} INFO - Processing file /home/airflow/.local/lib/python3.12/site-packages/airflow/example_dags/tutorial.py for tasks to queue
[2025-07-17T08:31:20.295+0000] {logging_mixin.py:190} INFO - [2025-07-17T08:31:20.294+0000] {dagbag.py:587} INFO - Filling up the DagBag from /home/airflow/.local/lib/python3.12/site-packages/airflow/example_dags/tutorial.py
[2025-07-17T08:31:20.299+0000] {processor.py:925} INFO - DAG(s) 'tutorial' retrieved from /home/airflow/.local/lib/python3.12/site-packages/airflow/example_dags/tutorial.py
[2025-07-17T08:31:20.307+0000] {logging_mixin.py:190} INFO - [2025-07-17T08:31:20.307+0000] {dag.py:3211} INFO - Sync 1 DAGs
[2025-07-17T08:31:20.317+0000] {logging_mixin.py:190} INFO - [2025-07-17T08:31:20.317+0000] {dag.py:4138} INFO - Setting next_dagrun for tutorial to 2025-07-16 00:00:00+00:00, run_after=2025-07-17 00:00:00+00:00
[2025-07-17T08:31:20.324+0000] {processor.py:208} INFO - Processing /home/airflow/.local/lib/python3.12/site-packages/airflow/example_dags/tutorial.py took 0.034 seconds
[2025-07-17T08:31:51.008+0000] {processor.py:186} INFO - Started process (PID=216) to work on /home/airflow/.local/lib/python3.12/site-packages/airflow/example_dags/tutorial.py
[2025-07-17T08:31:51.010+0000] {processor.py:914} INFO - Processing file /home/airflow/.local/lib/python3.12/site-packages/airflow/example_dags/tutorial.py for tasks to queue
[2025-07-17T08:31:51.011+0000] {logging_mixin.py:190} INFO - [2025-07-17T08:31:51.011+0000] {dagbag.py:587} INFO - Filling up the DagBag from /home/airflow/.local/lib/python3.12/site-packages/airflow/example_dags/tutorial.py
[2025-07-17T08:31:51.015+0000] {processor.py:925} INFO - DAG(s) 'tutorial' retrieved from /home/airflow/.local/lib/python3.12/site-packages/airflow/example_dags/tutorial.py
[2025-07-17T08:31:51.023+0000] {logging_mixin.py:190} INFO - [2025-07-17T08:31:51.023+0000] {dag.py:3211} INFO - Sync 1 DAGs
[2025-07-17T08:31:51.031+0000] {logging_mixin.py:190} INFO - [2025-07-17T08:31:51.031+0000] {dag.py:4138} INFO - Setting next_dagrun for tutorial to 2025-07-16 00:00:00+00:00, run_after=2025-07-17 00:00:00+00:00
[2025-07-17T08:31:51.037+0000] {processor.py:208} INFO - Processing /home/airflow/.local/lib/python3.12/site-packages/airflow/example_dags/tutorial.py took 0.032 seconds
[2025-07-17T08:32:21.777+0000] {processor.py:186} INFO - Started process (PID=278) to work on /home/airflow/.local/lib/python3.12/site-packages/airflow/example_dags/tutorial.py
[2025-07-17T08:32:21.780+0000] {processor.py:914} INFO - Processing file /home/airflow/.local/lib/python3.12/site-packages/airflow/example_dags/tutorial.py for tasks to queue
[2025-07-17T08:32:21.781+0000] {logging_mixin.py:190} INFO - [2025-07-17T08:32:21.781+0000] {dagbag.py:587} INFO - Filling up the DagBag from /home/airflow/.local/lib/python3.12/site-packages/airflow/example_dags/tutorial.py
[2025-07-17T08:32:21.784+0000] {processor.py:925} INFO - DAG(s) 'tutorial' retrieved from /home/airflow/.local/lib/python3.12/site-packages/airflow/example_dags/tutorial.py
[2025-07-17T08:32:21.793+0000] {logging_mixin.py:190} INFO - [2025-07-17T08:32:21.793+0000] {dag.py:3211} INFO - Sync 1 DAGs
[2025-07-17T08:32:21.802+0000] {logging_mixin.py:190} INFO - [2025-07-17T08:32:21.802+0000] {dag.py:4138} INFO - Setting next_dagrun for tutorial to 2025-07-16 00:00:00+00:00, run_after=2025-07-17 00:00:00+00:00
[2025-07-17T08:32:21.809+0000] {processor.py:208} INFO - Processing /home/airflow/.local/lib/python3.12/site-packages/airflow/example_dags/tutorial.py took 0.034 seconds
[2025-07-17T08:32:52.542+0000] {processor.py:186} INFO - Started process (PID=340) to work on /home/airflow/.local/lib/python3.12/site-packages/airflow/example_dags/tutorial.py
[2025-07-17T08:32:52.542+0000] {processor.py:914} INFO - Processing file /home/airflow/.local/lib/python3.12/site-packages/airflow/example_dags/tutorial.py for tasks to queue
[2025-07-17T08:32:52.543+0000] {logging_mixin.py:190} INFO - [2025-07-17T08:32:52.543+0000] {dagbag.py:587} INFO - Filling up the DagBag from /home/airflow/.local/lib/python3.12/site-packages/airflow/example_dags/tutorial.py
[2025-07-17T08:32:52.547+0000] {processor.py:925} INFO - DAG(s) 'tutorial' retrieved from /home/airflow/.local/lib/python3.12/site-packages/airflow/example_dags/tutorial.py
[2025-07-17T08:32:52.555+0000] {logging_mixin.py:190} INFO - [2025-07-17T08:32:52.555+0000] {dag.py:3211} INFO - Sync 1 DAGs
[2025-07-17T08:32:52.564+0000] {logging_mixin.py:190} INFO - [2025-07-17T08:32:52.564+0000] {dag.py:4138} INFO - Setting next_dagrun for tutorial to 2025-07-16 00:00:00+00:00, run_after=2025-07-17 00:00:00+00:00
[2025-07-17T08:32:52.574+0000] {processor.py:208} INFO - Processing /home/airflow/.local/lib/python3.12/site-packages/airflow/example_dags/tutorial.py took 0.035 seconds
[2025-07-17T08:33:23.250+0000] {processor.py:186} INFO - Started process (PID=402) to work on /home/airflow/.local/lib/python3.12/site-packages/airflow/example_dags/tutorial.py
[2025-07-17T08:33:23.251+0000] {processor.py:914} INFO - Processing file /home/airflow/.local/lib/python3.12/site-packages/airflow/example_dags/tutorial.py for tasks to queue
[2025-07-17T08:33:23.252+0000] {logging_mixin.py:190} INFO - [2025-07-17T08:33:23.252+0000] {dagbag.py:587} INFO - Filling up the DagBag from /home/airflow/.local/lib/python3.12/site-packages/airflow/example_dags/tutorial.py
[2025-07-17T08:33:23.258+0000] {processor.py:925} INFO - DAG(s) 'tutorial' retrieved from /home/airflow/.local/lib/python3.12/site-packages/airflow/example_dags/tutorial.py
[2025-07-17T08:33:23.267+0000] {logging_mixin.py:190} INFO - [2025-07-17T08:33:23.267+0000] {dag.py:3211} INFO - Sync 1 DAGs
[2025-07-17T08:33:23.276+0000] {logging_mixin.py:190} INFO - [2025-07-17T08:33:23.276+0000] {dag.py:4138} INFO - Setting next_dagrun for tutorial to 2025-07-16 00:00:00+00:00, run_after=2025-07-17 00:00:00+00:00
[2025-07-17T08:33:23.287+0000] {processor.py:208} INFO - Processing /home/airflow/.local/lib/python3.12/site-packages/airflow/example_dags/tutorial.py took 0.040 seconds
[2025-07-17T08:33:54.065+0000] {processor.py:186} INFO - Started process (PID=464) to work on /home/airflow/.local/lib/python3.12/site-packages/airflow/example_dags/tutorial.py
[2025-07-17T08:33:54.068+0000] {processor.py:914} INFO - Processing file /home/airflow/.local/lib/python3.12/site-packages/airflow/example_dags/tutorial.py for tasks to queue
[2025-07-17T08:33:54.070+0000] {logging_mixin.py:190} INFO - [2025-07-17T08:33:54.069+0000] {dagbag.py:587} INFO - Filling up the DagBag from /home/airflow/.local/lib/python3.12/site-packages/airflow/example_dags/tutorial.py
[2025-07-17T08:33:54.073+0000] {processor.py:925} INFO - DAG(s) 'tutorial' retrieved from /home/airflow/.local/lib/python3.12/site-packages/airflow/example_dags/tutorial.py
[2025-07-17T08:33:54.083+0000] {logging_mixin.py:190} INFO - [2025-07-17T08:33:54.083+0000] {dag.py:3211} INFO - Sync 1 DAGs
[2025-07-17T08:33:54.092+0000] {logging_mixin.py:190} INFO - [2025-07-17T08:33:54.092+0000] {dag.py:4138} INFO - Setting next_dagrun for tutorial to 2025-07-16 00:00:00+00:00, run_after=2025-07-17 00:00:00+00:00
[2025-07-17T08:33:54.098+0000] {processor.py:208} INFO - Processing /home/airflow/.local/lib/python3.12/site-packages/airflow/example_dags/tutorial.py took 0.036 seconds
[2025-07-17T08:34:25.026+0000] {processor.py:186} INFO - Started process (PID=526) to work on /home/airflow/.local/lib/python3.12/site-packages/airflow/example_dags/tutorial.py
[2025-07-17T08:34:25.028+0000] {processor.py:914} INFO - Processing file /home/airflow/.local/lib/python3.12/site-packages/airflow/example_dags/tutorial.py for tasks to queue
[2025-07-17T08:34:25.030+0000] {logging_mixin.py:190} INFO - [2025-07-17T08:34:25.029+0000] {dagbag.py:587} INFO - Filling up the DagBag from /home/airflow/.local/lib/python3.12/site-packages/airflow/example_dags/tutorial.py
[2025-07-17T08:34:25.033+0000] {processor.py:925} INFO - DAG(s) 'tutorial' retrieved from /home/airflow/.local/lib/python3.12/site-packages/airflow/example_dags/tutorial.py
[2025-07-17T08:34:25.043+0000] {logging_mixin.py:190} INFO - [2025-07-17T08:34:25.043+0000] {dag.py:3211} INFO - Sync 1 DAGs
[2025-07-17T08:34:25.054+0000] {logging_mixin.py:190} INFO - [2025-07-17T08:34:25.054+0000] {dag.py:4138} INFO - Setting next_dagrun for tutorial to 2025-07-16 00:00:00+00:00, run_after=2025-07-17 00:00:00+00:00
[2025-07-17T08:34:25.064+0000] {processor.py:208} INFO - Processing /home/airflow/.local/lib/python3.12/site-packages/airflow/example_dags/tutorial.py took 0.040 seconds
[2025-07-17T08:34:55.800+0000] {processor.py:186} INFO - Started process (PID=588) to work on /home/airflow/.local/lib/python3.12/site-packages/airflow/example_dags/tutorial.py
[2025-07-17T08:34:55.800+0000] {processor.py:914} INFO - Processing file /home/airflow/.local/lib/python3.12/site-packages/airflow/example_dags/tutorial.py for tasks to queue
[2025-07-17T08:34:55.801+0000] {logging_mixin.py:190} INFO - [2025-07-17T08:34:55.801+0000] {dagbag.py:587} INFO - Filling up the DagBag from /home/airflow/.local/lib/python3.12/site-packages/airflow/example_dags/tutorial.py
[2025-07-17T08:34:55.805+0000] {processor.py:925} INFO - DAG(s) 'tutorial' retrieved from /home/airflow/.local/lib/python3.12/site-packages/airflow/example_dags/tutorial.py
[2025-07-17T08:34:55.814+0000] {logging_mixin.py:190} INFO - [2025-07-17T08:34:55.814+0000] {dag.py:3211} INFO - Sync 1 DAGs
[2025-07-17T08:34:55.823+0000] {logging_mixin.py:190} INFO - [2025-07-17T08:34:55.823+0000] {dag.py:4138} INFO - Setting next_dagrun for tutorial to 2025-07-16 00:00:00+00:00, run_after=2025-07-17 00:00:00+00:00
[2025-07-17T08:34:55.832+0000] {processor.py:208} INFO - Processing /home/airflow/.local/lib/python3.12/site-packages/airflow/example_dags/tutorial.py took 0.035 seconds
[2025-07-17T08:35:26.788+0000] {processor.py:186} INFO - Started process (PID=650) to work on /home/airflow/.local/lib/python3.12/site-packages/airflow/example_dags/tutorial.py
[2025-07-17T08:35:26.789+0000] {processor.py:914} INFO - Processing file /home/airflow/.local/lib/python3.12/site-packages/airflow/example_dags/tutorial.py for tasks to queue
[2025-07-17T08:35:26.790+0000] {logging_mixin.py:190} INFO - [2025-07-17T08:35:26.790+0000] {dagbag.py:587} INFO - Filling up the DagBag from /home/airflow/.local/lib/python3.12/site-packages/airflow/example_dags/tutorial.py
[2025-07-17T08:35:26.793+0000] {processor.py:925} INFO - DAG(s) 'tutorial' retrieved from /home/airflow/.local/lib/python3.12/site-packages/airflow/example_dags/tutorial.py
[2025-07-17T08:35:26.804+0000] {logging_mixin.py:190} INFO - [2025-07-17T08:35:26.804+0000] {dag.py:3211} INFO - Sync 1 DAGs
[2025-07-17T08:35:26.814+0000] {logging_mixin.py:190} INFO - [2025-07-17T08:35:26.814+0000] {dag.py:4138} INFO - Setting next_dagrun for tutorial to 2025-07-16 00:00:00+00:00, run_after=2025-07-17 00:00:00+00:00
[2025-07-17T08:35:26.824+0000] {processor.py:208} INFO - Processing /home/airflow/.local/lib/python3.12/site-packages/airflow/example_dags/tutorial.py took 0.039 seconds
