[2025-07-17T08:30:48.098+0000] {processor.py:186} INFO - Started process (PID=59) to work on /home/airflow/.local/lib/python3.12/site-packages/airflow/example_dags/tutorial_dag.py
[2025-07-17T08:30:48.098+0000] {processor.py:914} INFO - Processing file /home/airflow/.local/lib/python3.12/site-packages/airflow/example_dags/tutorial_dag.py for tasks to queue
[2025-07-17T08:30:48.099+0000] {logging_mixin.py:190} INFO - [2025-07-17T08:30:48.099+0000] {dagbag.py:587} INFO - Filling up the DagBag from /home/airflow/.local/lib/python3.12/site-packages/airflow/example_dags/tutorial_dag.py
[2025-07-17T08:30:48.103+0000] {processor.py:925} INFO - DAG(s) 'tutorial_dag' retrieved from /home/airflow/.local/lib/python3.12/site-packages/airflow/example_dags/tutorial_dag.py
[2025-07-17T08:30:48.142+0000] {logging_mixin.py:190} INFO - [2025-07-17T08:30:48.142+0000] {override.py:1858} INFO - Created Permission View: can delete on DAG:tutorial_dag
[2025-07-17T08:30:48.145+0000] {logging_mixin.py:190} INFO - [2025-07-17T08:30:48.145+0000] {override.py:1858} INFO - Created Permission View: can edit on DAG:tutorial_dag
[2025-07-17T08:30:48.147+0000] {logging_mixin.py:190} INFO - [2025-07-17T08:30:48.147+0000] {override.py:1858} INFO - Created Permission View: can read on DAG:tutorial_dag
[2025-07-17T08:30:48.147+0000] {logging_mixin.py:190} INFO - [2025-07-17T08:30:48.147+0000] {dag.py:3211} INFO - Sync 1 DAGs
[2025-07-17T08:30:48.151+0000] {logging_mixin.py:190} INFO - [2025-07-17T08:30:48.151+0000] {dag.py:3234} INFO - Creating ORM DAG for tutorial_dag
[2025-07-17T08:30:48.151+0000] {logging_mixin.py:190} INFO - [2025-07-17T08:30:48.151+0000] {dag.py:4138} INFO - Setting next_dagrun for tutorial_dag to None, run_after=None
[2025-07-17T08:30:48.157+0000] {processor.py:208} INFO - Processing /home/airflow/.local/lib/python3.12/site-packages/airflow/example_dags/tutorial_dag.py took 0.062 seconds
[2025-07-17T08:31:18.563+0000] {processor.py:186} INFO - Started process (PID=127) to work on /home/airflow/.local/lib/python3.12/site-packages/airflow/example_dags/tutorial_dag.py
[2025-07-17T08:31:18.564+0000] {processor.py:914} INFO - Processing file /home/airflow/.local/lib/python3.12/site-packages/airflow/example_dags/tutorial_dag.py for tasks to queue
[2025-07-17T08:31:18.565+0000] {logging_mixin.py:190} INFO - [2025-07-17T08:31:18.565+0000] {dagbag.py:587} INFO - Filling up the DagBag from /home/airflow/.local/lib/python3.12/site-packages/airflow/example_dags/tutorial_dag.py
[2025-07-17T08:31:18.568+0000] {processor.py:925} INFO - DAG(s) 'tutorial_dag' retrieved from /home/airflow/.local/lib/python3.12/site-packages/airflow/example_dags/tutorial_dag.py
[2025-07-17T08:31:18.577+0000] {logging_mixin.py:190} INFO - [2025-07-17T08:31:18.577+0000] {dag.py:3211} INFO - Sync 1 DAGs
[2025-07-17T08:31:18.582+0000] {logging_mixin.py:190} INFO - [2025-07-17T08:31:18.582+0000] {dag.py:4138} INFO - Setting next_dagrun for tutorial_dag to None, run_after=None
[2025-07-17T08:31:18.589+0000] {processor.py:208} INFO - Processing /home/airflow/.local/lib/python3.12/site-packages/airflow/example_dags/tutorial_dag.py took 0.028 seconds
[2025-07-17T08:31:49.252+0000] {processor.py:186} INFO - Started process (PID=189) to work on /home/airflow/.local/lib/python3.12/site-packages/airflow/example_dags/tutorial_dag.py
[2025-07-17T08:31:49.252+0000] {processor.py:914} INFO - Processing file /home/airflow/.local/lib/python3.12/site-packages/airflow/example_dags/tutorial_dag.py for tasks to queue
[2025-07-17T08:31:49.253+0000] {logging_mixin.py:190} INFO - [2025-07-17T08:31:49.253+0000] {dagbag.py:587} INFO - Filling up the DagBag from /home/airflow/.local/lib/python3.12/site-packages/airflow/example_dags/tutorial_dag.py
[2025-07-17T08:31:49.256+0000] {processor.py:925} INFO - DAG(s) 'tutorial_dag' retrieved from /home/airflow/.local/lib/python3.12/site-packages/airflow/example_dags/tutorial_dag.py
[2025-07-17T08:31:49.264+0000] {logging_mixin.py:190} INFO - [2025-07-17T08:31:49.264+0000] {dag.py:3211} INFO - Sync 1 DAGs
[2025-07-17T08:31:49.270+0000] {logging_mixin.py:190} INFO - [2025-07-17T08:31:49.270+0000] {dag.py:4138} INFO - Setting next_dagrun for tutorial_dag to None, run_after=None
[2025-07-17T08:31:49.276+0000] {processor.py:208} INFO - Processing /home/airflow/.local/lib/python3.12/site-packages/airflow/example_dags/tutorial_dag.py took 0.026 seconds
[2025-07-17T08:32:20.028+0000] {processor.py:186} INFO - Started process (PID=251) to work on /home/airflow/.local/lib/python3.12/site-packages/airflow/example_dags/tutorial_dag.py
[2025-07-17T08:32:20.032+0000] {processor.py:914} INFO - Processing file /home/airflow/.local/lib/python3.12/site-packages/airflow/example_dags/tutorial_dag.py for tasks to queue
[2025-07-17T08:32:20.033+0000] {logging_mixin.py:190} INFO - [2025-07-17T08:32:20.033+0000] {dagbag.py:587} INFO - Filling up the DagBag from /home/airflow/.local/lib/python3.12/site-packages/airflow/example_dags/tutorial_dag.py
[2025-07-17T08:32:20.036+0000] {processor.py:925} INFO - DAG(s) 'tutorial_dag' retrieved from /home/airflow/.local/lib/python3.12/site-packages/airflow/example_dags/tutorial_dag.py
[2025-07-17T08:32:20.047+0000] {logging_mixin.py:190} INFO - [2025-07-17T08:32:20.047+0000] {dag.py:3211} INFO - Sync 1 DAGs
[2025-07-17T08:32:20.053+0000] {logging_mixin.py:190} INFO - [2025-07-17T08:32:20.053+0000] {dag.py:4138} INFO - Setting next_dagrun for tutorial_dag to None, run_after=None
[2025-07-17T08:32:20.061+0000] {processor.py:208} INFO - Processing /home/airflow/.local/lib/python3.12/site-packages/airflow/example_dags/tutorial_dag.py took 0.036 seconds
[2025-07-17T08:32:50.790+0000] {processor.py:186} INFO - Started process (PID=313) to work on /home/airflow/.local/lib/python3.12/site-packages/airflow/example_dags/tutorial_dag.py
[2025-07-17T08:32:50.792+0000] {processor.py:914} INFO - Processing file /home/airflow/.local/lib/python3.12/site-packages/airflow/example_dags/tutorial_dag.py for tasks to queue
[2025-07-17T08:32:50.793+0000] {logging_mixin.py:190} INFO - [2025-07-17T08:32:50.793+0000] {dagbag.py:587} INFO - Filling up the DagBag from /home/airflow/.local/lib/python3.12/site-packages/airflow/example_dags/tutorial_dag.py
[2025-07-17T08:32:50.796+0000] {processor.py:925} INFO - DAG(s) 'tutorial_dag' retrieved from /home/airflow/.local/lib/python3.12/site-packages/airflow/example_dags/tutorial_dag.py
[2025-07-17T08:32:50.804+0000] {logging_mixin.py:190} INFO - [2025-07-17T08:32:50.804+0000] {dag.py:3211} INFO - Sync 1 DAGs
[2025-07-17T08:32:50.810+0000] {logging_mixin.py:190} INFO - [2025-07-17T08:32:50.810+0000] {dag.py:4138} INFO - Setting next_dagrun for tutorial_dag to None, run_after=None
[2025-07-17T08:32:50.817+0000] {processor.py:208} INFO - Processing /home/airflow/.local/lib/python3.12/site-packages/airflow/example_dags/tutorial_dag.py took 0.030 seconds
[2025-07-17T08:33:21.531+0000] {processor.py:186} INFO - Started process (PID=375) to work on /home/airflow/.local/lib/python3.12/site-packages/airflow/example_dags/tutorial_dag.py
[2025-07-17T08:33:21.535+0000] {processor.py:914} INFO - Processing file /home/airflow/.local/lib/python3.12/site-packages/airflow/example_dags/tutorial_dag.py for tasks to queue
[2025-07-17T08:33:21.536+0000] {logging_mixin.py:190} INFO - [2025-07-17T08:33:21.536+0000] {dagbag.py:587} INFO - Filling up the DagBag from /home/airflow/.local/lib/python3.12/site-packages/airflow/example_dags/tutorial_dag.py
[2025-07-17T08:33:21.539+0000] {processor.py:925} INFO - DAG(s) 'tutorial_dag' retrieved from /home/airflow/.local/lib/python3.12/site-packages/airflow/example_dags/tutorial_dag.py
[2025-07-17T08:33:21.549+0000] {logging_mixin.py:190} INFO - [2025-07-17T08:33:21.549+0000] {dag.py:3211} INFO - Sync 1 DAGs
[2025-07-17T08:33:21.554+0000] {logging_mixin.py:190} INFO - [2025-07-17T08:33:21.554+0000] {dag.py:4138} INFO - Setting next_dagrun for tutorial_dag to None, run_after=None
[2025-07-17T08:33:21.560+0000] {processor.py:208} INFO - Processing /home/airflow/.local/lib/python3.12/site-packages/airflow/example_dags/tutorial_dag.py took 0.032 seconds
[2025-07-17T08:33:52.275+0000] {processor.py:186} INFO - Started process (PID=437) to work on /home/airflow/.local/lib/python3.12/site-packages/airflow/example_dags/tutorial_dag.py
[2025-07-17T08:33:52.276+0000] {processor.py:914} INFO - Processing file /home/airflow/.local/lib/python3.12/site-packages/airflow/example_dags/tutorial_dag.py for tasks to queue
[2025-07-17T08:33:52.279+0000] {logging_mixin.py:190} INFO - [2025-07-17T08:33:52.278+0000] {dagbag.py:587} INFO - Filling up the DagBag from /home/airflow/.local/lib/python3.12/site-packages/airflow/example_dags/tutorial_dag.py
[2025-07-17T08:33:52.282+0000] {processor.py:925} INFO - DAG(s) 'tutorial_dag' retrieved from /home/airflow/.local/lib/python3.12/site-packages/airflow/example_dags/tutorial_dag.py
[2025-07-17T08:33:52.292+0000] {logging_mixin.py:190} INFO - [2025-07-17T08:33:52.292+0000] {dag.py:3211} INFO - Sync 1 DAGs
[2025-07-17T08:33:52.299+0000] {logging_mixin.py:190} INFO - [2025-07-17T08:33:52.299+0000] {dag.py:4138} INFO - Setting next_dagrun for tutorial_dag to None, run_after=None
[2025-07-17T08:33:52.309+0000] {processor.py:208} INFO - Processing /home/airflow/.local/lib/python3.12/site-packages/airflow/example_dags/tutorial_dag.py took 0.036 seconds
[2025-07-17T08:34:23.137+0000] {processor.py:186} INFO - Started process (PID=499) to work on /home/airflow/.local/lib/python3.12/site-packages/airflow/example_dags/tutorial_dag.py
[2025-07-17T08:34:23.138+0000] {processor.py:914} INFO - Processing file /home/airflow/.local/lib/python3.12/site-packages/airflow/example_dags/tutorial_dag.py for tasks to queue
[2025-07-17T08:34:23.139+0000] {logging_mixin.py:190} INFO - [2025-07-17T08:34:23.139+0000] {dagbag.py:587} INFO - Filling up the DagBag from /home/airflow/.local/lib/python3.12/site-packages/airflow/example_dags/tutorial_dag.py
[2025-07-17T08:34:23.144+0000] {processor.py:925} INFO - DAG(s) 'tutorial_dag' retrieved from /home/airflow/.local/lib/python3.12/site-packages/airflow/example_dags/tutorial_dag.py
[2025-07-17T08:34:23.155+0000] {logging_mixin.py:190} INFO - [2025-07-17T08:34:23.155+0000] {dag.py:3211} INFO - Sync 1 DAGs
[2025-07-17T08:34:23.161+0000] {logging_mixin.py:190} INFO - [2025-07-17T08:34:23.160+0000] {dag.py:4138} INFO - Setting next_dagrun for tutorial_dag to None, run_after=None
[2025-07-17T08:34:23.168+0000] {processor.py:208} INFO - Processing /home/airflow/.local/lib/python3.12/site-packages/airflow/example_dags/tutorial_dag.py took 0.034 seconds
[2025-07-17T08:34:54.032+0000] {processor.py:186} INFO - Started process (PID=561) to work on /home/airflow/.local/lib/python3.12/site-packages/airflow/example_dags/tutorial_dag.py
[2025-07-17T08:34:54.032+0000] {processor.py:914} INFO - Processing file /home/airflow/.local/lib/python3.12/site-packages/airflow/example_dags/tutorial_dag.py for tasks to queue
[2025-07-17T08:34:54.033+0000] {logging_mixin.py:190} INFO - [2025-07-17T08:34:54.033+0000] {dagbag.py:587} INFO - Filling up the DagBag from /home/airflow/.local/lib/python3.12/site-packages/airflow/example_dags/tutorial_dag.py
[2025-07-17T08:34:54.036+0000] {processor.py:925} INFO - DAG(s) 'tutorial_dag' retrieved from /home/airflow/.local/lib/python3.12/site-packages/airflow/example_dags/tutorial_dag.py
[2025-07-17T08:34:54.049+0000] {logging_mixin.py:190} INFO - [2025-07-17T08:34:54.049+0000] {dag.py:3211} INFO - Sync 1 DAGs
[2025-07-17T08:34:54.054+0000] {logging_mixin.py:190} INFO - [2025-07-17T08:34:54.054+0000] {dag.py:4138} INFO - Setting next_dagrun for tutorial_dag to None, run_after=None
[2025-07-17T08:34:54.065+0000] {processor.py:208} INFO - Processing /home/airflow/.local/lib/python3.12/site-packages/airflow/example_dags/tutorial_dag.py took 0.035 seconds
[2025-07-17T08:35:24.947+0000] {processor.py:186} INFO - Started process (PID=623) to work on /home/airflow/.local/lib/python3.12/site-packages/airflow/example_dags/tutorial_dag.py
[2025-07-17T08:35:24.947+0000] {processor.py:914} INFO - Processing file /home/airflow/.local/lib/python3.12/site-packages/airflow/example_dags/tutorial_dag.py for tasks to queue
[2025-07-17T08:35:24.949+0000] {logging_mixin.py:190} INFO - [2025-07-17T08:35:24.948+0000] {dagbag.py:587} INFO - Filling up the DagBag from /home/airflow/.local/lib/python3.12/site-packages/airflow/example_dags/tutorial_dag.py
[2025-07-17T08:35:24.952+0000] {processor.py:925} INFO - DAG(s) 'tutorial_dag' retrieved from /home/airflow/.local/lib/python3.12/site-packages/airflow/example_dags/tutorial_dag.py
[2025-07-17T08:35:24.963+0000] {logging_mixin.py:190} INFO - [2025-07-17T08:35:24.963+0000] {dag.py:3211} INFO - Sync 1 DAGs
[2025-07-17T08:35:24.970+0000] {logging_mixin.py:190} INFO - [2025-07-17T08:35:24.969+0000] {dag.py:4138} INFO - Setting next_dagrun for tutorial_dag to None, run_after=None
[2025-07-17T08:35:24.980+0000] {processor.py:208} INFO - Processing /home/airflow/.local/lib/python3.12/site-packages/airflow/example_dags/tutorial_dag.py took 0.036 seconds
