[2025-07-17T08:30:47.852+0000] {processor.py:186} INFO - Started process (PID=53) to work on /home/airflow/.local/lib/python3.12/site-packages/airflow/example_dags/tutorial_objectstorage.py
[2025-07-17T08:30:47.853+0000] {processor.py:914} INFO - Processing file /home/airflow/.local/lib/python3.12/site-packages/airflow/example_dags/tutorial_objectstorage.py for tasks to queue
[2025-07-17T08:30:47.854+0000] {logging_mixin.py:190} INFO - [2025-07-17T08:30:47.854+0000] {dagbag.py:587} INFO - Filling up the DagBag from /home/airflow/.local/lib/python3.12/site-packages/airflow/example_dags/tutorial_objectstorage.py
[2025-07-17T08:30:47.861+0000] {processor.py:925} INFO - DAG(s) 'tutorial_objectstorage' retrieved from /home/airflow/.local/lib/python3.12/site-packages/airflow/example_dags/tutorial_objectstorage.py
[2025-07-17T08:30:47.904+0000] {logging_mixin.py:190} INFO - [2025-07-17T08:30:47.904+0000] {override.py:1858} INFO - Created Permission View: can delete on DAG:tutorial_objectstorage
[2025-07-17T08:30:47.907+0000] {logging_mixin.py:190} INFO - [2025-07-17T08:30:47.907+0000] {override.py:1858} INFO - Created Permission View: can edit on DAG:tutorial_objectstorage
[2025-07-17T08:30:47.909+0000] {logging_mixin.py:190} INFO - [2025-07-17T08:30:47.909+0000] {override.py:1858} INFO - Created Permission View: can read on DAG:tutorial_objectstorage
[2025-07-17T08:30:47.909+0000] {logging_mixin.py:190} INFO - [2025-07-17T08:30:47.909+0000] {dag.py:3211} INFO - Sync 1 DAGs
[2025-07-17T08:30:47.914+0000] {logging_mixin.py:190} INFO - [2025-07-17T08:30:47.914+0000] {dag.py:3234} INFO - Creating ORM DAG for tutorial_objectstorage
[2025-07-17T08:30:47.914+0000] {logging_mixin.py:190} INFO - [2025-07-17T08:30:47.914+0000] {dag.py:4138} INFO - Setting next_dagrun for tutorial_objectstorage to None, run_after=None
[2025-07-17T08:30:47.920+0000] {processor.py:208} INFO - Processing /home/airflow/.local/lib/python3.12/site-packages/airflow/example_dags/tutorial_objectstorage.py took 0.071 seconds
[2025-07-17T08:31:18.437+0000] {processor.py:186} INFO - Started process (PID=121) to work on /home/airflow/.local/lib/python3.12/site-packages/airflow/example_dags/tutorial_objectstorage.py
[2025-07-17T08:31:18.438+0000] {processor.py:914} INFO - Processing file /home/airflow/.local/lib/python3.12/site-packages/airflow/example_dags/tutorial_objectstorage.py for tasks to queue
[2025-07-17T08:31:18.439+0000] {logging_mixin.py:190} INFO - [2025-07-17T08:31:18.439+0000] {dagbag.py:587} INFO - Filling up the DagBag from /home/airflow/.local/lib/python3.12/site-packages/airflow/example_dags/tutorial_objectstorage.py
[2025-07-17T08:31:18.443+0000] {processor.py:925} INFO - DAG(s) 'tutorial_objectstorage' retrieved from /home/airflow/.local/lib/python3.12/site-packages/airflow/example_dags/tutorial_objectstorage.py
[2025-07-17T08:31:18.453+0000] {logging_mixin.py:190} INFO - [2025-07-17T08:31:18.452+0000] {dag.py:3211} INFO - Sync 1 DAGs
[2025-07-17T08:31:18.458+0000] {logging_mixin.py:190} INFO - [2025-07-17T08:31:18.458+0000] {dag.py:4138} INFO - Setting next_dagrun for tutorial_objectstorage to None, run_after=None
[2025-07-17T08:31:18.465+0000] {processor.py:208} INFO - Processing /home/airflow/.local/lib/python3.12/site-packages/airflow/example_dags/tutorial_objectstorage.py took 0.031 seconds
[2025-07-17T08:31:49.124+0000] {processor.py:186} INFO - Started process (PID=183) to work on /home/airflow/.local/lib/python3.12/site-packages/airflow/example_dags/tutorial_objectstorage.py
[2025-07-17T08:31:49.125+0000] {processor.py:914} INFO - Processing file /home/airflow/.local/lib/python3.12/site-packages/airflow/example_dags/tutorial_objectstorage.py for tasks to queue
[2025-07-17T08:31:49.126+0000] {logging_mixin.py:190} INFO - [2025-07-17T08:31:49.125+0000] {dagbag.py:587} INFO - Filling up the DagBag from /home/airflow/.local/lib/python3.12/site-packages/airflow/example_dags/tutorial_objectstorage.py
[2025-07-17T08:31:49.130+0000] {processor.py:925} INFO - DAG(s) 'tutorial_objectstorage' retrieved from /home/airflow/.local/lib/python3.12/site-packages/airflow/example_dags/tutorial_objectstorage.py
[2025-07-17T08:31:49.138+0000] {logging_mixin.py:190} INFO - [2025-07-17T08:31:49.138+0000] {dag.py:3211} INFO - Sync 1 DAGs
[2025-07-17T08:31:49.144+0000] {logging_mixin.py:190} INFO - [2025-07-17T08:31:49.143+0000] {dag.py:4138} INFO - Setting next_dagrun for tutorial_objectstorage to None, run_after=None
[2025-07-17T08:31:49.150+0000] {processor.py:208} INFO - Processing /home/airflow/.local/lib/python3.12/site-packages/airflow/example_dags/tutorial_objectstorage.py took 0.028 seconds
[2025-07-17T08:32:19.888+0000] {processor.py:186} INFO - Started process (PID=245) to work on /home/airflow/.local/lib/python3.12/site-packages/airflow/example_dags/tutorial_objectstorage.py
[2025-07-17T08:32:19.890+0000] {processor.py:914} INFO - Processing file /home/airflow/.local/lib/python3.12/site-packages/airflow/example_dags/tutorial_objectstorage.py for tasks to queue
[2025-07-17T08:32:19.891+0000] {logging_mixin.py:190} INFO - [2025-07-17T08:32:19.891+0000] {dagbag.py:587} INFO - Filling up the DagBag from /home/airflow/.local/lib/python3.12/site-packages/airflow/example_dags/tutorial_objectstorage.py
[2025-07-17T08:32:19.895+0000] {processor.py:925} INFO - DAG(s) 'tutorial_objectstorage' retrieved from /home/airflow/.local/lib/python3.12/site-packages/airflow/example_dags/tutorial_objectstorage.py
[2025-07-17T08:32:19.906+0000] {logging_mixin.py:190} INFO - [2025-07-17T08:32:19.906+0000] {dag.py:3211} INFO - Sync 1 DAGs
[2025-07-17T08:32:19.912+0000] {logging_mixin.py:190} INFO - [2025-07-17T08:32:19.912+0000] {dag.py:4138} INFO - Setting next_dagrun for tutorial_objectstorage to None, run_after=None
[2025-07-17T08:32:19.918+0000] {processor.py:208} INFO - Processing /home/airflow/.local/lib/python3.12/site-packages/airflow/example_dags/tutorial_objectstorage.py took 0.033 seconds
[2025-07-17T08:32:50.647+0000] {processor.py:186} INFO - Started process (PID=307) to work on /home/airflow/.local/lib/python3.12/site-packages/airflow/example_dags/tutorial_objectstorage.py
[2025-07-17T08:32:50.648+0000] {processor.py:914} INFO - Processing file /home/airflow/.local/lib/python3.12/site-packages/airflow/example_dags/tutorial_objectstorage.py for tasks to queue
[2025-07-17T08:32:50.649+0000] {logging_mixin.py:190} INFO - [2025-07-17T08:32:50.649+0000] {dagbag.py:587} INFO - Filling up the DagBag from /home/airflow/.local/lib/python3.12/site-packages/airflow/example_dags/tutorial_objectstorage.py
[2025-07-17T08:32:50.653+0000] {processor.py:925} INFO - DAG(s) 'tutorial_objectstorage' retrieved from /home/airflow/.local/lib/python3.12/site-packages/airflow/example_dags/tutorial_objectstorage.py
[2025-07-17T08:32:50.665+0000] {logging_mixin.py:190} INFO - [2025-07-17T08:32:50.665+0000] {dag.py:3211} INFO - Sync 1 DAGs
[2025-07-17T08:32:50.672+0000] {logging_mixin.py:190} INFO - [2025-07-17T08:32:50.672+0000] {dag.py:4138} INFO - Setting next_dagrun for tutorial_objectstorage to None, run_after=None
[2025-07-17T08:32:50.679+0000] {processor.py:208} INFO - Processing /home/airflow/.local/lib/python3.12/site-packages/airflow/example_dags/tutorial_objectstorage.py took 0.036 seconds
[2025-07-17T08:33:21.393+0000] {processor.py:186} INFO - Started process (PID=369) to work on /home/airflow/.local/lib/python3.12/site-packages/airflow/example_dags/tutorial_objectstorage.py
[2025-07-17T08:33:21.394+0000] {processor.py:914} INFO - Processing file /home/airflow/.local/lib/python3.12/site-packages/airflow/example_dags/tutorial_objectstorage.py for tasks to queue
[2025-07-17T08:33:21.396+0000] {logging_mixin.py:190} INFO - [2025-07-17T08:33:21.396+0000] {dagbag.py:587} INFO - Filling up the DagBag from /home/airflow/.local/lib/python3.12/site-packages/airflow/example_dags/tutorial_objectstorage.py
[2025-07-17T08:33:21.402+0000] {processor.py:925} INFO - DAG(s) 'tutorial_objectstorage' retrieved from /home/airflow/.local/lib/python3.12/site-packages/airflow/example_dags/tutorial_objectstorage.py
[2025-07-17T08:33:21.411+0000] {logging_mixin.py:190} INFO - [2025-07-17T08:33:21.411+0000] {dag.py:3211} INFO - Sync 1 DAGs
[2025-07-17T08:33:21.417+0000] {logging_mixin.py:190} INFO - [2025-07-17T08:33:21.417+0000] {dag.py:4138} INFO - Setting next_dagrun for tutorial_objectstorage to None, run_after=None
[2025-07-17T08:33:21.425+0000] {processor.py:208} INFO - Processing /home/airflow/.local/lib/python3.12/site-packages/airflow/example_dags/tutorial_objectstorage.py took 0.034 seconds
[2025-07-17T08:33:52.127+0000] {processor.py:186} INFO - Started process (PID=431) to work on /home/airflow/.local/lib/python3.12/site-packages/airflow/example_dags/tutorial_objectstorage.py
[2025-07-17T08:33:52.130+0000] {processor.py:914} INFO - Processing file /home/airflow/.local/lib/python3.12/site-packages/airflow/example_dags/tutorial_objectstorage.py for tasks to queue
[2025-07-17T08:33:52.131+0000] {logging_mixin.py:190} INFO - [2025-07-17T08:33:52.131+0000] {dagbag.py:587} INFO - Filling up the DagBag from /home/airflow/.local/lib/python3.12/site-packages/airflow/example_dags/tutorial_objectstorage.py
[2025-07-17T08:33:52.135+0000] {processor.py:925} INFO - DAG(s) 'tutorial_objectstorage' retrieved from /home/airflow/.local/lib/python3.12/site-packages/airflow/example_dags/tutorial_objectstorage.py
[2025-07-17T08:33:52.143+0000] {logging_mixin.py:190} INFO - [2025-07-17T08:33:52.143+0000] {dag.py:3211} INFO - Sync 1 DAGs
[2025-07-17T08:33:52.150+0000] {logging_mixin.py:190} INFO - [2025-07-17T08:33:52.150+0000] {dag.py:4138} INFO - Setting next_dagrun for tutorial_objectstorage to None, run_after=None
[2025-07-17T08:33:52.157+0000] {processor.py:208} INFO - Processing /home/airflow/.local/lib/python3.12/site-packages/airflow/example_dags/tutorial_objectstorage.py took 0.033 seconds
[2025-07-17T08:34:22.981+0000] {processor.py:186} INFO - Started process (PID=493) to work on /home/airflow/.local/lib/python3.12/site-packages/airflow/example_dags/tutorial_objectstorage.py
[2025-07-17T08:34:22.982+0000] {processor.py:914} INFO - Processing file /home/airflow/.local/lib/python3.12/site-packages/airflow/example_dags/tutorial_objectstorage.py for tasks to queue
[2025-07-17T08:34:22.983+0000] {logging_mixin.py:190} INFO - [2025-07-17T08:34:22.983+0000] {dagbag.py:587} INFO - Filling up the DagBag from /home/airflow/.local/lib/python3.12/site-packages/airflow/example_dags/tutorial_objectstorage.py
[2025-07-17T08:34:22.989+0000] {processor.py:925} INFO - DAG(s) 'tutorial_objectstorage' retrieved from /home/airflow/.local/lib/python3.12/site-packages/airflow/example_dags/tutorial_objectstorage.py
[2025-07-17T08:34:22.998+0000] {logging_mixin.py:190} INFO - [2025-07-17T08:34:22.998+0000] {dag.py:3211} INFO - Sync 1 DAGs
[2025-07-17T08:34:23.004+0000] {logging_mixin.py:190} INFO - [2025-07-17T08:34:23.004+0000] {dag.py:4138} INFO - Setting next_dagrun for tutorial_objectstorage to None, run_after=None
[2025-07-17T08:34:23.017+0000] {processor.py:208} INFO - Processing /home/airflow/.local/lib/python3.12/site-packages/airflow/example_dags/tutorial_objectstorage.py took 0.038 seconds
[2025-07-17T08:34:53.904+0000] {processor.py:186} INFO - Started process (PID=555) to work on /home/airflow/.local/lib/python3.12/site-packages/airflow/example_dags/tutorial_objectstorage.py
[2025-07-17T08:34:53.907+0000] {processor.py:914} INFO - Processing file /home/airflow/.local/lib/python3.12/site-packages/airflow/example_dags/tutorial_objectstorage.py for tasks to queue
[2025-07-17T08:34:53.908+0000] {logging_mixin.py:190} INFO - [2025-07-17T08:34:53.908+0000] {dagbag.py:587} INFO - Filling up the DagBag from /home/airflow/.local/lib/python3.12/site-packages/airflow/example_dags/tutorial_objectstorage.py
[2025-07-17T08:34:53.912+0000] {processor.py:925} INFO - DAG(s) 'tutorial_objectstorage' retrieved from /home/airflow/.local/lib/python3.12/site-packages/airflow/example_dags/tutorial_objectstorage.py
[2025-07-17T08:34:53.922+0000] {logging_mixin.py:190} INFO - [2025-07-17T08:34:53.922+0000] {dag.py:3211} INFO - Sync 1 DAGs
[2025-07-17T08:34:53.927+0000] {logging_mixin.py:190} INFO - [2025-07-17T08:34:53.927+0000] {dag.py:4138} INFO - Setting next_dagrun for tutorial_objectstorage to None, run_after=None
[2025-07-17T08:34:53.933+0000] {processor.py:208} INFO - Processing /home/airflow/.local/lib/python3.12/site-packages/airflow/example_dags/tutorial_objectstorage.py took 0.032 seconds
[2025-07-17T08:35:24.741+0000] {processor.py:186} INFO - Started process (PID=617) to work on /home/airflow/.local/lib/python3.12/site-packages/airflow/example_dags/tutorial_objectstorage.py
[2025-07-17T08:35:24.744+0000] {processor.py:914} INFO - Processing file /home/airflow/.local/lib/python3.12/site-packages/airflow/example_dags/tutorial_objectstorage.py for tasks to queue
[2025-07-17T08:35:24.745+0000] {logging_mixin.py:190} INFO - [2025-07-17T08:35:24.745+0000] {dagbag.py:587} INFO - Filling up the DagBag from /home/airflow/.local/lib/python3.12/site-packages/airflow/example_dags/tutorial_objectstorage.py
[2025-07-17T08:35:24.750+0000] {processor.py:925} INFO - DAG(s) 'tutorial_objectstorage' retrieved from /home/airflow/.local/lib/python3.12/site-packages/airflow/example_dags/tutorial_objectstorage.py
[2025-07-17T08:35:24.760+0000] {logging_mixin.py:190} INFO - [2025-07-17T08:35:24.760+0000] {dag.py:3211} INFO - Sync 1 DAGs
[2025-07-17T08:35:24.766+0000] {logging_mixin.py:190} INFO - [2025-07-17T08:35:24.766+0000] {dag.py:4138} INFO - Setting next_dagrun for tutorial_objectstorage to None, run_after=None
[2025-07-17T08:35:24.774+0000] {processor.py:208} INFO - Processing /home/airflow/.local/lib/python3.12/site-packages/airflow/example_dags/tutorial_objectstorage.py took 0.036 seconds
