[2025-07-17T08:33:00.259+0000] {local_task_job_runner.py:123} INFO - ::group::Pre task execution logs
[2025-07-17T08:33:00.265+0000] {taskinstance.py:2603} INFO - Dependencies all met for dep_context=non-requeueable deps ti=<TaskInstance: conditional_dataset_and_time_based_timetable.conditional_dataset_and_time_based_timetable scheduled__2025-07-16T01:00:00+00:00 [queued]>
[2025-07-17T08:33:00.267+0000] {taskinstance.py:2603} INFO - Dependencies all met for dep_context=requeueable deps ti=<TaskInstance: conditional_dataset_and_time_based_timetable.conditional_dataset_and_time_based_timetable scheduled__2025-07-16T01:00:00+00:00 [queued]>
[2025-07-17T08:33:00.267+0000] {taskinstance.py:2856} INFO - Starting attempt 1 of 1
[2025-07-17T08:33:00.271+0000] {taskinstance.py:2879} INFO - Executing <Task(BashOperator): conditional_dataset_and_time_based_timetable> on 2025-07-16 01:00:00+00:00
[2025-07-17T08:33:00.274+0000] {warnings.py:112} WARNING - /home/***/.local/lib/python3.12/site-packages/***/task/task_runner/standard_task_runner.py:70: DeprecationWarning: This process (pid=97) is multi-threaded, use of fork() may lead to deadlocks in the child.
  pid = os.fork()

[2025-07-17T08:33:00.275+0000] {standard_task_runner.py:72} INFO - Started process 99 to run task
[2025-07-17T08:33:00.275+0000] {standard_task_runner.py:104} INFO - Running: ['***', 'tasks', 'run', 'conditional_dataset_and_time_based_timetable', 'conditional_dataset_and_time_based_timetable', 'scheduled__2025-07-16T01:00:00+00:00', '--job-id', '3', '--raw', '--subdir', '/home/***/.local/lib/python3.12/site-packages/***/example_dags/example_datasets.py', '--cfg-path', '/tmp/tmp7ux7r4my']
[2025-07-17T08:33:00.276+0000] {standard_task_runner.py:105} INFO - Job 3: Subtask conditional_dataset_and_time_based_timetable
[2025-07-17T08:33:00.297+0000] {task_command.py:467} INFO - Running <TaskInstance: conditional_dataset_and_time_based_timetable.conditional_dataset_and_time_based_timetable scheduled__2025-07-16T01:00:00+00:00 [running]> on host 7e69639930ef
[2025-07-17T08:33:00.326+0000] {taskinstance.py:3122} INFO - Exporting env vars: AIRFLOW_CTX_DAG_OWNER='***' AIRFLOW_CTX_DAG_ID='conditional_dataset_and_time_based_timetable' AIRFLOW_CTX_TASK_ID='conditional_dataset_and_time_based_timetable' AIRFLOW_CTX_EXECUTION_DATE='2025-07-16T01:00:00+00:00' AIRFLOW_CTX_TRY_NUMBER='1' AIRFLOW_CTX_DAG_RUN_ID='scheduled__2025-07-16T01:00:00+00:00'
[2025-07-17T08:33:00.327+0000] {logging_mixin.py:190} INFO - Task instance is in running state
[2025-07-17T08:33:00.327+0000] {logging_mixin.py:190} INFO -  Previous state of the Task instance: queued
[2025-07-17T08:33:00.327+0000] {logging_mixin.py:190} INFO - Current task name:conditional_dataset_and_time_based_timetable state:running start_date:2025-07-17 08:33:00.265800+00:00
[2025-07-17T08:33:00.327+0000] {logging_mixin.py:190} INFO - Dag name:conditional_dataset_and_time_based_timetable and current dag run status:running
[2025-07-17T08:33:00.327+0000] {taskinstance.py:731} INFO - ::endgroup::
[2025-07-17T08:33:00.327+0000] {subprocess.py:63} INFO - Tmp dir root location: /tmp
[2025-07-17T08:33:00.328+0000] {subprocess.py:75} INFO - Running command: ['/usr/bin/bash', '-c', 'sleep 5']
[2025-07-17T08:33:00.332+0000] {subprocess.py:86} INFO - Output:
[2025-07-17T08:33:05.338+0000] {subprocess.py:97} INFO - Command exited with return code 0
[2025-07-17T08:33:05.357+0000] {taskinstance.py:340} INFO - ::group::Post task execution logs
[2025-07-17T08:33:05.358+0000] {taskinstance.py:352} INFO - Marking task as SUCCESS. dag_id=conditional_dataset_and_time_based_timetable, task_id=conditional_dataset_and_time_based_timetable, run_id=scheduled__2025-07-16T01:00:00+00:00, execution_date=20250716T010000, start_date=20250717T083300, end_date=20250717T083305
[2025-07-17T08:33:05.370+0000] {logging_mixin.py:190} INFO - Task instance in success state
[2025-07-17T08:33:05.370+0000] {logging_mixin.py:190} INFO -  Previous state of the Task instance: running
[2025-07-17T08:33:05.370+0000] {logging_mixin.py:190} INFO - Dag name:conditional_dataset_and_time_based_timetable queued_at:2025-07-17 08:32:58.956081+00:00
[2025-07-17T08:33:05.370+0000] {logging_mixin.py:190} INFO - Task hostname:7e69639930ef operator:BashOperator
[2025-07-17T08:33:05.397+0000] {local_task_job_runner.py:261} INFO - Task exited with return code 0
[2025-07-17T08:33:05.406+0000] {taskinstance.py:3891} INFO - 0 downstream tasks scheduled from follow-on schedule check
[2025-07-17T08:33:05.407+0000] {local_task_job_runner.py:240} INFO - ::endgroup::
