[2025-07-17T09:25:51.076+0000] {processor.py:186} INFO - Started process (PID=6730) to work on /opt/airflow/dags/enhanced_csv_json_merge_dag.py
[2025-07-17T09:25:51.077+0000] {processor.py:914} INFO - Processing file /opt/airflow/dags/enhanced_csv_json_merge_dag.py for tasks to queue
[2025-07-17T09:25:51.078+0000] {logging_mixin.py:190} INFO - [2025-07-17T09:25:51.078+0000] {dagbag.py:587} INFO - Filling up the DagBag from /opt/airflow/dags/enhanced_csv_json_merge_dag.py
[2025-07-17T09:25:51.084+0000] {processor.py:925} INFO - DAG(s) 'enhanced_csv_json_merge_pipeline' retrieved from /opt/airflow/dags/enhanced_csv_json_merge_dag.py
[2025-07-17T09:25:51.128+0000] {logging_mixin.py:190} INFO - [2025-07-17T09:25:51.128+0000] {override.py:1858} INFO - Created Permission View: can delete on DAG:enhanced_csv_json_merge_pipeline
[2025-07-17T09:25:51.134+0000] {logging_mixin.py:190} INFO - [2025-07-17T09:25:51.133+0000] {override.py:1858} INFO - Created Permission View: can edit on DAG:enhanced_csv_json_merge_pipeline
[2025-07-17T09:25:51.136+0000] {logging_mixin.py:190} INFO - [2025-07-17T09:25:51.136+0000] {override.py:1858} INFO - Created Permission View: can read on DAG:enhanced_csv_json_merge_pipeline
[2025-07-17T09:25:51.137+0000] {logging_mixin.py:190} INFO - [2025-07-17T09:25:51.137+0000] {dag.py:3211} INFO - Sync 1 DAGs
[2025-07-17T09:25:51.143+0000] {logging_mixin.py:190} INFO - [2025-07-17T09:25:51.142+0000] {dag.py:3234} INFO - Creating ORM DAG for enhanced_csv_json_merge_pipeline
[2025-07-17T09:25:51.143+0000] {logging_mixin.py:190} INFO - [2025-07-17T09:25:51.143+0000] {dag.py:4138} INFO - Setting next_dagrun for enhanced_csv_json_merge_pipeline to None, run_after=None
[2025-07-17T09:25:51.150+0000] {processor.py:208} INFO - Processing /opt/airflow/dags/enhanced_csv_json_merge_dag.py took 0.076 seconds
[2025-07-17T09:27:05.285+0000] {processor.py:186} INFO - Started process (PID=44) to work on /opt/airflow/dags/enhanced_csv_json_merge_dag.py
[2025-07-17T09:27:05.286+0000] {processor.py:914} INFO - Processing file /opt/airflow/dags/enhanced_csv_json_merge_dag.py for tasks to queue
[2025-07-17T09:27:05.288+0000] {logging_mixin.py:190} INFO - [2025-07-17T09:27:05.287+0000] {dagbag.py:587} INFO - Filling up the DagBag from /opt/airflow/dags/enhanced_csv_json_merge_dag.py
[2025-07-17T09:27:05.303+0000] {processor.py:925} INFO - DAG(s) 'enhanced_csv_json_merge_pipeline' retrieved from /opt/airflow/dags/enhanced_csv_json_merge_dag.py
[2025-07-17T09:27:05.322+0000] {logging_mixin.py:190} INFO - [2025-07-17T09:27:05.322+0000] {dag.py:3211} INFO - Sync 1 DAGs
[2025-07-17T09:27:05.329+0000] {logging_mixin.py:190} INFO - [2025-07-17T09:27:05.329+0000] {dag.py:4138} INFO - Setting next_dagrun for enhanced_csv_json_merge_pipeline to None, run_after=None
[2025-07-17T09:27:05.340+0000] {processor.py:208} INFO - Processing /opt/airflow/dags/enhanced_csv_json_merge_dag.py took 0.058 seconds
[2025-07-17T09:27:35.819+0000] {processor.py:186} INFO - Started process (PID=107) to work on /opt/airflow/dags/enhanced_csv_json_merge_dag.py
[2025-07-17T09:27:35.820+0000] {processor.py:914} INFO - Processing file /opt/airflow/dags/enhanced_csv_json_merge_dag.py for tasks to queue
[2025-07-17T09:27:35.821+0000] {logging_mixin.py:190} INFO - [2025-07-17T09:27:35.821+0000] {dagbag.py:587} INFO - Filling up the DagBag from /opt/airflow/dags/enhanced_csv_json_merge_dag.py
[2025-07-17T09:27:35.835+0000] {processor.py:925} INFO - DAG(s) 'enhanced_csv_json_merge_pipeline' retrieved from /opt/airflow/dags/enhanced_csv_json_merge_dag.py
[2025-07-17T09:27:35.846+0000] {logging_mixin.py:190} INFO - [2025-07-17T09:27:35.846+0000] {dag.py:3211} INFO - Sync 1 DAGs
[2025-07-17T09:27:35.853+0000] {logging_mixin.py:190} INFO - [2025-07-17T09:27:35.853+0000] {dag.py:4138} INFO - Setting next_dagrun for enhanced_csv_json_merge_pipeline to None, run_after=None
[2025-07-17T09:27:35.865+0000] {processor.py:208} INFO - Processing /opt/airflow/dags/enhanced_csv_json_merge_dag.py took 0.049 seconds
[2025-07-17T09:28:05.904+0000] {processor.py:186} INFO - Started process (PID=170) to work on /opt/airflow/dags/enhanced_csv_json_merge_dag.py
[2025-07-17T09:28:05.905+0000] {processor.py:914} INFO - Processing file /opt/airflow/dags/enhanced_csv_json_merge_dag.py for tasks to queue
[2025-07-17T09:28:05.907+0000] {logging_mixin.py:190} INFO - [2025-07-17T09:28:05.906+0000] {dagbag.py:587} INFO - Filling up the DagBag from /opt/airflow/dags/enhanced_csv_json_merge_dag.py
[2025-07-17T09:28:05.917+0000] {processor.py:925} INFO - DAG(s) 'enhanced_csv_json_merge_pipeline' retrieved from /opt/airflow/dags/enhanced_csv_json_merge_dag.py
[2025-07-17T09:28:05.928+0000] {logging_mixin.py:190} INFO - [2025-07-17T09:28:05.928+0000] {dag.py:3211} INFO - Sync 1 DAGs
[2025-07-17T09:28:05.936+0000] {logging_mixin.py:190} INFO - [2025-07-17T09:28:05.935+0000] {dag.py:4138} INFO - Setting next_dagrun for enhanced_csv_json_merge_pipeline to None, run_after=None
[2025-07-17T09:28:05.946+0000] {processor.py:208} INFO - Processing /opt/airflow/dags/enhanced_csv_json_merge_dag.py took 0.046 seconds
[2025-07-17T09:28:36.918+0000] {processor.py:186} INFO - Started process (PID=239) to work on /opt/airflow/dags/enhanced_csv_json_merge_dag.py
[2025-07-17T09:28:36.919+0000] {processor.py:914} INFO - Processing file /opt/airflow/dags/enhanced_csv_json_merge_dag.py for tasks to queue
[2025-07-17T09:28:36.922+0000] {logging_mixin.py:190} INFO - [2025-07-17T09:28:36.921+0000] {dagbag.py:587} INFO - Filling up the DagBag from /opt/airflow/dags/enhanced_csv_json_merge_dag.py
[2025-07-17T09:28:36.927+0000] {processor.py:925} INFO - DAG(s) 'enhanced_csv_json_merge_pipeline' retrieved from /opt/airflow/dags/enhanced_csv_json_merge_dag.py
[2025-07-17T09:28:36.941+0000] {logging_mixin.py:190} INFO - [2025-07-17T09:28:36.941+0000] {dag.py:3211} INFO - Sync 1 DAGs
[2025-07-17T09:28:36.950+0000] {logging_mixin.py:190} INFO - [2025-07-17T09:28:36.950+0000] {dag.py:4138} INFO - Setting next_dagrun for enhanced_csv_json_merge_pipeline to None, run_after=None
[2025-07-17T09:28:36.960+0000] {processor.py:208} INFO - Processing /opt/airflow/dags/enhanced_csv_json_merge_dag.py took 0.046 seconds
[2025-07-17T09:29:07.893+0000] {processor.py:186} INFO - Started process (PID=302) to work on /opt/airflow/dags/enhanced_csv_json_merge_dag.py
[2025-07-17T09:29:07.894+0000] {processor.py:914} INFO - Processing file /opt/airflow/dags/enhanced_csv_json_merge_dag.py for tasks to queue
[2025-07-17T09:29:07.896+0000] {logging_mixin.py:190} INFO - [2025-07-17T09:29:07.895+0000] {dagbag.py:587} INFO - Filling up the DagBag from /opt/airflow/dags/enhanced_csv_json_merge_dag.py
[2025-07-17T09:29:07.902+0000] {processor.py:925} INFO - DAG(s) 'enhanced_csv_json_merge_pipeline' retrieved from /opt/airflow/dags/enhanced_csv_json_merge_dag.py
[2025-07-17T09:29:07.913+0000] {logging_mixin.py:190} INFO - [2025-07-17T09:29:07.913+0000] {dag.py:3211} INFO - Sync 1 DAGs
[2025-07-17T09:29:07.921+0000] {logging_mixin.py:190} INFO - [2025-07-17T09:29:07.921+0000] {dag.py:4138} INFO - Setting next_dagrun for enhanced_csv_json_merge_pipeline to None, run_after=None
[2025-07-17T09:29:07.935+0000] {processor.py:208} INFO - Processing /opt/airflow/dags/enhanced_csv_json_merge_dag.py took 0.046 seconds
[2025-07-17T09:29:38.936+0000] {processor.py:186} INFO - Started process (PID=365) to work on /opt/airflow/dags/enhanced_csv_json_merge_dag.py
[2025-07-17T09:29:38.937+0000] {processor.py:914} INFO - Processing file /opt/airflow/dags/enhanced_csv_json_merge_dag.py for tasks to queue
[2025-07-17T09:29:38.939+0000] {logging_mixin.py:190} INFO - [2025-07-17T09:29:38.939+0000] {dagbag.py:587} INFO - Filling up the DagBag from /opt/airflow/dags/enhanced_csv_json_merge_dag.py
[2025-07-17T09:29:38.948+0000] {processor.py:925} INFO - DAG(s) 'enhanced_csv_json_merge_pipeline' retrieved from /opt/airflow/dags/enhanced_csv_json_merge_dag.py
[2025-07-17T09:29:38.962+0000] {logging_mixin.py:190} INFO - [2025-07-17T09:29:38.962+0000] {dag.py:3211} INFO - Sync 1 DAGs
[2025-07-17T09:29:38.969+0000] {logging_mixin.py:190} INFO - [2025-07-17T09:29:38.969+0000] {dag.py:4138} INFO - Setting next_dagrun for enhanced_csv_json_merge_pipeline to None, run_after=None
[2025-07-17T09:29:38.978+0000] {processor.py:208} INFO - Processing /opt/airflow/dags/enhanced_csv_json_merge_dag.py took 0.047 seconds
[2025-07-17T09:30:09.931+0000] {processor.py:186} INFO - Started process (PID=428) to work on /opt/airflow/dags/enhanced_csv_json_merge_dag.py
[2025-07-17T09:30:09.931+0000] {processor.py:914} INFO - Processing file /opt/airflow/dags/enhanced_csv_json_merge_dag.py for tasks to queue
[2025-07-17T09:30:09.933+0000] {logging_mixin.py:190} INFO - [2025-07-17T09:30:09.933+0000] {dagbag.py:587} INFO - Filling up the DagBag from /opt/airflow/dags/enhanced_csv_json_merge_dag.py
[2025-07-17T09:30:09.944+0000] {processor.py:925} INFO - DAG(s) 'enhanced_csv_json_merge_pipeline' retrieved from /opt/airflow/dags/enhanced_csv_json_merge_dag.py
[2025-07-17T09:30:09.955+0000] {logging_mixin.py:190} INFO - [2025-07-17T09:30:09.955+0000] {dag.py:3211} INFO - Sync 1 DAGs
[2025-07-17T09:30:09.962+0000] {logging_mixin.py:190} INFO - [2025-07-17T09:30:09.962+0000] {dag.py:4138} INFO - Setting next_dagrun for enhanced_csv_json_merge_pipeline to None, run_after=None
[2025-07-17T09:30:09.975+0000] {processor.py:208} INFO - Processing /opt/airflow/dags/enhanced_csv_json_merge_dag.py took 0.048 seconds
[2025-07-17T09:30:40.907+0000] {processor.py:186} INFO - Started process (PID=491) to work on /opt/airflow/dags/enhanced_csv_json_merge_dag.py
[2025-07-17T09:30:40.908+0000] {processor.py:914} INFO - Processing file /opt/airflow/dags/enhanced_csv_json_merge_dag.py for tasks to queue
[2025-07-17T09:30:40.909+0000] {logging_mixin.py:190} INFO - [2025-07-17T09:30:40.909+0000] {dagbag.py:587} INFO - Filling up the DagBag from /opt/airflow/dags/enhanced_csv_json_merge_dag.py
[2025-07-17T09:30:40.916+0000] {processor.py:925} INFO - DAG(s) 'enhanced_csv_json_merge_pipeline' retrieved from /opt/airflow/dags/enhanced_csv_json_merge_dag.py
[2025-07-17T09:30:40.929+0000] {logging_mixin.py:190} INFO - [2025-07-17T09:30:40.929+0000] {dag.py:3211} INFO - Sync 1 DAGs
[2025-07-17T09:30:40.940+0000] {logging_mixin.py:190} INFO - [2025-07-17T09:30:40.940+0000] {dag.py:4138} INFO - Setting next_dagrun for enhanced_csv_json_merge_pipeline to None, run_after=None
[2025-07-17T09:30:40.951+0000] {processor.py:208} INFO - Processing /opt/airflow/dags/enhanced_csv_json_merge_dag.py took 0.046 seconds
[2025-07-17T09:31:11.922+0000] {processor.py:186} INFO - Started process (PID=554) to work on /opt/airflow/dags/enhanced_csv_json_merge_dag.py
[2025-07-17T09:31:11.923+0000] {processor.py:914} INFO - Processing file /opt/airflow/dags/enhanced_csv_json_merge_dag.py for tasks to queue
[2025-07-17T09:31:11.924+0000] {logging_mixin.py:190} INFO - [2025-07-17T09:31:11.924+0000] {dagbag.py:587} INFO - Filling up the DagBag from /opt/airflow/dags/enhanced_csv_json_merge_dag.py
[2025-07-17T09:31:11.934+0000] {processor.py:925} INFO - DAG(s) 'enhanced_csv_json_merge_pipeline' retrieved from /opt/airflow/dags/enhanced_csv_json_merge_dag.py
[2025-07-17T09:31:11.944+0000] {logging_mixin.py:190} INFO - [2025-07-17T09:31:11.944+0000] {dag.py:3211} INFO - Sync 1 DAGs
[2025-07-17T09:31:11.950+0000] {logging_mixin.py:190} INFO - [2025-07-17T09:31:11.950+0000] {dag.py:4138} INFO - Setting next_dagrun for enhanced_csv_json_merge_pipeline to None, run_after=None
[2025-07-17T09:31:11.961+0000] {processor.py:208} INFO - Processing /opt/airflow/dags/enhanced_csv_json_merge_dag.py took 0.042 seconds
[2025-07-17T09:31:42.927+0000] {processor.py:186} INFO - Started process (PID=617) to work on /opt/airflow/dags/enhanced_csv_json_merge_dag.py
[2025-07-17T09:31:42.928+0000] {processor.py:914} INFO - Processing file /opt/airflow/dags/enhanced_csv_json_merge_dag.py for tasks to queue
[2025-07-17T09:31:42.930+0000] {logging_mixin.py:190} INFO - [2025-07-17T09:31:42.930+0000] {dagbag.py:587} INFO - Filling up the DagBag from /opt/airflow/dags/enhanced_csv_json_merge_dag.py
[2025-07-17T09:31:42.935+0000] {processor.py:925} INFO - DAG(s) 'enhanced_csv_json_merge_pipeline' retrieved from /opt/airflow/dags/enhanced_csv_json_merge_dag.py
[2025-07-17T09:31:42.947+0000] {logging_mixin.py:190} INFO - [2025-07-17T09:31:42.947+0000] {dag.py:3211} INFO - Sync 1 DAGs
[2025-07-17T09:31:42.955+0000] {logging_mixin.py:190} INFO - [2025-07-17T09:31:42.955+0000] {dag.py:4138} INFO - Setting next_dagrun for enhanced_csv_json_merge_pipeline to None, run_after=None
[2025-07-17T09:31:42.967+0000] {processor.py:208} INFO - Processing /opt/airflow/dags/enhanced_csv_json_merge_dag.py took 0.043 seconds
[2025-07-17T09:32:12.982+0000] {processor.py:186} INFO - Started process (PID=680) to work on /opt/airflow/dags/enhanced_csv_json_merge_dag.py
[2025-07-17T09:32:12.983+0000] {processor.py:914} INFO - Processing file /opt/airflow/dags/enhanced_csv_json_merge_dag.py for tasks to queue
[2025-07-17T09:32:12.984+0000] {logging_mixin.py:190} INFO - [2025-07-17T09:32:12.984+0000] {dagbag.py:587} INFO - Filling up the DagBag from /opt/airflow/dags/enhanced_csv_json_merge_dag.py
[2025-07-17T09:32:12.988+0000] {processor.py:925} INFO - DAG(s) 'enhanced_csv_json_merge_pipeline' retrieved from /opt/airflow/dags/enhanced_csv_json_merge_dag.py
[2025-07-17T09:32:13.000+0000] {logging_mixin.py:190} INFO - [2025-07-17T09:32:13.000+0000] {dag.py:3211} INFO - Sync 1 DAGs
[2025-07-17T09:32:13.007+0000] {logging_mixin.py:190} INFO - [2025-07-17T09:32:13.007+0000] {dag.py:4138} INFO - Setting next_dagrun for enhanced_csv_json_merge_pipeline to None, run_after=None
[2025-07-17T09:32:13.016+0000] {processor.py:208} INFO - Processing /opt/airflow/dags/enhanced_csv_json_merge_dag.py took 0.037 seconds
[2025-07-17T09:32:43.060+0000] {processor.py:186} INFO - Started process (PID=743) to work on /opt/airflow/dags/enhanced_csv_json_merge_dag.py
[2025-07-17T09:32:43.060+0000] {processor.py:914} INFO - Processing file /opt/airflow/dags/enhanced_csv_json_merge_dag.py for tasks to queue
[2025-07-17T09:32:43.062+0000] {logging_mixin.py:190} INFO - [2025-07-17T09:32:43.062+0000] {dagbag.py:587} INFO - Filling up the DagBag from /opt/airflow/dags/enhanced_csv_json_merge_dag.py
[2025-07-17T09:32:43.068+0000] {processor.py:925} INFO - DAG(s) 'enhanced_csv_json_merge_pipeline' retrieved from /opt/airflow/dags/enhanced_csv_json_merge_dag.py
[2025-07-17T09:32:43.081+0000] {logging_mixin.py:190} INFO - [2025-07-17T09:32:43.081+0000] {dag.py:3211} INFO - Sync 1 DAGs
[2025-07-17T09:32:43.089+0000] {logging_mixin.py:190} INFO - [2025-07-17T09:32:43.089+0000] {dag.py:4138} INFO - Setting next_dagrun for enhanced_csv_json_merge_pipeline to None, run_after=None
[2025-07-17T09:32:43.098+0000] {processor.py:208} INFO - Processing /opt/airflow/dags/enhanced_csv_json_merge_dag.py took 0.042 seconds
[2025-07-17T09:33:13.959+0000] {processor.py:186} INFO - Started process (PID=806) to work on /opt/airflow/dags/enhanced_csv_json_merge_dag.py
[2025-07-17T09:33:13.959+0000] {processor.py:914} INFO - Processing file /opt/airflow/dags/enhanced_csv_json_merge_dag.py for tasks to queue
[2025-07-17T09:33:13.961+0000] {logging_mixin.py:190} INFO - [2025-07-17T09:33:13.961+0000] {dagbag.py:587} INFO - Filling up the DagBag from /opt/airflow/dags/enhanced_csv_json_merge_dag.py
[2025-07-17T09:33:13.968+0000] {processor.py:925} INFO - DAG(s) 'enhanced_csv_json_merge_pipeline' retrieved from /opt/airflow/dags/enhanced_csv_json_merge_dag.py
[2025-07-17T09:33:13.980+0000] {logging_mixin.py:190} INFO - [2025-07-17T09:33:13.980+0000] {dag.py:3211} INFO - Sync 1 DAGs
[2025-07-17T09:33:13.988+0000] {logging_mixin.py:190} INFO - [2025-07-17T09:33:13.988+0000] {dag.py:4138} INFO - Setting next_dagrun for enhanced_csv_json_merge_pipeline to None, run_after=None
[2025-07-17T09:33:13.998+0000] {processor.py:208} INFO - Processing /opt/airflow/dags/enhanced_csv_json_merge_dag.py took 0.041 seconds
[2025-07-17T09:33:45.003+0000] {processor.py:186} INFO - Started process (PID=869) to work on /opt/airflow/dags/enhanced_csv_json_merge_dag.py
[2025-07-17T09:33:45.004+0000] {processor.py:914} INFO - Processing file /opt/airflow/dags/enhanced_csv_json_merge_dag.py for tasks to queue
[2025-07-17T09:33:45.006+0000] {logging_mixin.py:190} INFO - [2025-07-17T09:33:45.005+0000] {dagbag.py:587} INFO - Filling up the DagBag from /opt/airflow/dags/enhanced_csv_json_merge_dag.py
[2025-07-17T09:33:45.012+0000] {processor.py:925} INFO - DAG(s) 'enhanced_csv_json_merge_pipeline' retrieved from /opt/airflow/dags/enhanced_csv_json_merge_dag.py
[2025-07-17T09:33:45.032+0000] {logging_mixin.py:190} INFO - [2025-07-17T09:33:45.032+0000] {dag.py:3211} INFO - Sync 1 DAGs
[2025-07-17T09:33:45.041+0000] {logging_mixin.py:190} INFO - [2025-07-17T09:33:45.040+0000] {dag.py:4138} INFO - Setting next_dagrun for enhanced_csv_json_merge_pipeline to None, run_after=None
[2025-07-17T09:33:45.052+0000] {processor.py:208} INFO - Processing /opt/airflow/dags/enhanced_csv_json_merge_dag.py took 0.054 seconds
[2025-07-17T09:34:15.174+0000] {processor.py:186} INFO - Started process (PID=932) to work on /opt/airflow/dags/enhanced_csv_json_merge_dag.py
[2025-07-17T09:34:15.176+0000] {processor.py:914} INFO - Processing file /opt/airflow/dags/enhanced_csv_json_merge_dag.py for tasks to queue
[2025-07-17T09:34:15.178+0000] {logging_mixin.py:190} INFO - [2025-07-17T09:34:15.178+0000] {dagbag.py:587} INFO - Filling up the DagBag from /opt/airflow/dags/enhanced_csv_json_merge_dag.py
[2025-07-17T09:34:15.193+0000] {processor.py:925} INFO - DAG(s) 'enhanced_csv_json_merge_pipeline' retrieved from /opt/airflow/dags/enhanced_csv_json_merge_dag.py
[2025-07-17T09:34:15.206+0000] {logging_mixin.py:190} INFO - [2025-07-17T09:34:15.206+0000] {dag.py:3211} INFO - Sync 1 DAGs
[2025-07-17T09:34:15.213+0000] {logging_mixin.py:190} INFO - [2025-07-17T09:34:15.213+0000] {dag.py:4138} INFO - Setting next_dagrun for enhanced_csv_json_merge_pipeline to None, run_after=None
[2025-07-17T09:34:15.224+0000] {processor.py:208} INFO - Processing /opt/airflow/dags/enhanced_csv_json_merge_dag.py took 0.055 seconds
[2025-07-17T09:37:29.811+0000] {processor.py:186} INFO - Started process (PID=44) to work on /opt/airflow/dags/enhanced_csv_json_merge_dag.py
[2025-07-17T09:37:29.812+0000] {processor.py:914} INFO - Processing file /opt/airflow/dags/enhanced_csv_json_merge_dag.py for tasks to queue
[2025-07-17T09:37:29.813+0000] {logging_mixin.py:190} INFO - [2025-07-17T09:37:29.812+0000] {dagbag.py:587} INFO - Filling up the DagBag from /opt/airflow/dags/enhanced_csv_json_merge_dag.py
[2025-07-17T09:37:29.819+0000] {processor.py:925} INFO - DAG(s) 'enhanced_csv_json_merge_pipeline' retrieved from /opt/airflow/dags/enhanced_csv_json_merge_dag.py
[2025-07-17T09:37:29.841+0000] {logging_mixin.py:190} INFO - [2025-07-17T09:37:29.841+0000] {dag.py:3211} INFO - Sync 1 DAGs
[2025-07-17T09:37:29.849+0000] {logging_mixin.py:190} INFO - [2025-07-17T09:37:29.849+0000] {dag.py:4138} INFO - Setting next_dagrun for enhanced_csv_json_merge_pipeline to None, run_after=None
[2025-07-17T09:37:29.858+0000] {processor.py:208} INFO - Processing /opt/airflow/dags/enhanced_csv_json_merge_dag.py took 0.050 seconds
[2025-07-17T09:38:00.358+0000] {processor.py:186} INFO - Started process (PID=114) to work on /opt/airflow/dags/enhanced_csv_json_merge_dag.py
[2025-07-17T09:38:00.358+0000] {processor.py:914} INFO - Processing file /opt/airflow/dags/enhanced_csv_json_merge_dag.py for tasks to queue
[2025-07-17T09:38:00.361+0000] {logging_mixin.py:190} INFO - [2025-07-17T09:38:00.360+0000] {dagbag.py:587} INFO - Filling up the DagBag from /opt/airflow/dags/enhanced_csv_json_merge_dag.py
[2025-07-17T09:38:00.371+0000] {processor.py:925} INFO - DAG(s) 'enhanced_csv_json_merge_pipeline' retrieved from /opt/airflow/dags/enhanced_csv_json_merge_dag.py
[2025-07-17T09:38:00.381+0000] {logging_mixin.py:190} INFO - [2025-07-17T09:38:00.381+0000] {dag.py:3211} INFO - Sync 1 DAGs
[2025-07-17T09:38:00.389+0000] {logging_mixin.py:190} INFO - [2025-07-17T09:38:00.389+0000] {dag.py:4138} INFO - Setting next_dagrun for enhanced_csv_json_merge_pipeline to None, run_after=None
[2025-07-17T09:38:00.402+0000] {processor.py:208} INFO - Processing /opt/airflow/dags/enhanced_csv_json_merge_dag.py took 0.047 seconds
[2025-07-17T09:38:31.291+0000] {processor.py:186} INFO - Started process (PID=177) to work on /opt/airflow/dags/enhanced_csv_json_merge_dag.py
[2025-07-17T09:38:31.293+0000] {processor.py:914} INFO - Processing file /opt/airflow/dags/enhanced_csv_json_merge_dag.py for tasks to queue
[2025-07-17T09:38:31.294+0000] {logging_mixin.py:190} INFO - [2025-07-17T09:38:31.294+0000] {dagbag.py:587} INFO - Filling up the DagBag from /opt/airflow/dags/enhanced_csv_json_merge_dag.py
[2025-07-17T09:38:31.300+0000] {processor.py:925} INFO - DAG(s) 'enhanced_csv_json_merge_pipeline' retrieved from /opt/airflow/dags/enhanced_csv_json_merge_dag.py
[2025-07-17T09:38:31.314+0000] {logging_mixin.py:190} INFO - [2025-07-17T09:38:31.314+0000] {dag.py:3211} INFO - Sync 1 DAGs
[2025-07-17T09:38:31.322+0000] {logging_mixin.py:190} INFO - [2025-07-17T09:38:31.322+0000] {dag.py:4138} INFO - Setting next_dagrun for enhanced_csv_json_merge_pipeline to None, run_after=None
[2025-07-17T09:38:31.331+0000] {processor.py:208} INFO - Processing /opt/airflow/dags/enhanced_csv_json_merge_dag.py took 0.044 seconds
[2025-07-17T09:39:02.112+0000] {processor.py:186} INFO - Started process (PID=240) to work on /opt/airflow/dags/enhanced_csv_json_merge_dag.py
[2025-07-17T09:39:02.114+0000] {processor.py:914} INFO - Processing file /opt/airflow/dags/enhanced_csv_json_merge_dag.py for tasks to queue
[2025-07-17T09:39:02.115+0000] {logging_mixin.py:190} INFO - [2025-07-17T09:39:02.115+0000] {dagbag.py:587} INFO - Filling up the DagBag from /opt/airflow/dags/enhanced_csv_json_merge_dag.py
[2025-07-17T09:39:02.122+0000] {processor.py:925} INFO - DAG(s) 'enhanced_csv_json_merge_pipeline' retrieved from /opt/airflow/dags/enhanced_csv_json_merge_dag.py
[2025-07-17T09:39:02.135+0000] {logging_mixin.py:190} INFO - [2025-07-17T09:39:02.134+0000] {dag.py:3211} INFO - Sync 1 DAGs
[2025-07-17T09:39:02.142+0000] {logging_mixin.py:190} INFO - [2025-07-17T09:39:02.142+0000] {dag.py:4138} INFO - Setting next_dagrun for enhanced_csv_json_merge_pipeline to None, run_after=None
[2025-07-17T09:39:02.153+0000] {processor.py:208} INFO - Processing /opt/airflow/dags/enhanced_csv_json_merge_dag.py took 0.045 seconds
[2025-07-17T09:39:33.048+0000] {processor.py:186} INFO - Started process (PID=303) to work on /opt/airflow/dags/enhanced_csv_json_merge_dag.py
[2025-07-17T09:39:33.050+0000] {processor.py:914} INFO - Processing file /opt/airflow/dags/enhanced_csv_json_merge_dag.py for tasks to queue
[2025-07-17T09:39:33.053+0000] {logging_mixin.py:190} INFO - [2025-07-17T09:39:33.053+0000] {dagbag.py:587} INFO - Filling up the DagBag from /opt/airflow/dags/enhanced_csv_json_merge_dag.py
[2025-07-17T09:39:33.063+0000] {processor.py:925} INFO - DAG(s) 'enhanced_csv_json_merge_pipeline' retrieved from /opt/airflow/dags/enhanced_csv_json_merge_dag.py
[2025-07-17T09:39:33.076+0000] {logging_mixin.py:190} INFO - [2025-07-17T09:39:33.076+0000] {dag.py:3211} INFO - Sync 1 DAGs
[2025-07-17T09:39:33.084+0000] {logging_mixin.py:190} INFO - [2025-07-17T09:39:33.083+0000] {dag.py:4138} INFO - Setting next_dagrun for enhanced_csv_json_merge_pipeline to None, run_after=None
[2025-07-17T09:39:33.094+0000] {processor.py:208} INFO - Processing /opt/airflow/dags/enhanced_csv_json_merge_dag.py took 0.050 seconds
[2025-07-17T09:40:03.962+0000] {processor.py:186} INFO - Started process (PID=366) to work on /opt/airflow/dags/enhanced_csv_json_merge_dag.py
[2025-07-17T09:40:03.963+0000] {processor.py:914} INFO - Processing file /opt/airflow/dags/enhanced_csv_json_merge_dag.py for tasks to queue
[2025-07-17T09:40:03.965+0000] {logging_mixin.py:190} INFO - [2025-07-17T09:40:03.964+0000] {dagbag.py:587} INFO - Filling up the DagBag from /opt/airflow/dags/enhanced_csv_json_merge_dag.py
[2025-07-17T09:40:03.978+0000] {processor.py:925} INFO - DAG(s) 'enhanced_csv_json_merge_pipeline' retrieved from /opt/airflow/dags/enhanced_csv_json_merge_dag.py
[2025-07-17T09:40:03.989+0000] {logging_mixin.py:190} INFO - [2025-07-17T09:40:03.989+0000] {dag.py:3211} INFO - Sync 1 DAGs
[2025-07-17T09:40:03.996+0000] {logging_mixin.py:190} INFO - [2025-07-17T09:40:03.995+0000] {dag.py:4138} INFO - Setting next_dagrun for enhanced_csv_json_merge_pipeline to None, run_after=None
[2025-07-17T09:40:04.006+0000] {processor.py:208} INFO - Processing /opt/airflow/dags/enhanced_csv_json_merge_dag.py took 0.049 seconds
[2025-07-17T09:40:34.920+0000] {processor.py:186} INFO - Started process (PID=429) to work on /opt/airflow/dags/enhanced_csv_json_merge_dag.py
[2025-07-17T09:40:34.920+0000] {processor.py:914} INFO - Processing file /opt/airflow/dags/enhanced_csv_json_merge_dag.py for tasks to queue
[2025-07-17T09:40:34.922+0000] {logging_mixin.py:190} INFO - [2025-07-17T09:40:34.922+0000] {dagbag.py:587} INFO - Filling up the DagBag from /opt/airflow/dags/enhanced_csv_json_merge_dag.py
[2025-07-17T09:40:34.928+0000] {processor.py:925} INFO - DAG(s) 'enhanced_csv_json_merge_pipeline' retrieved from /opt/airflow/dags/enhanced_csv_json_merge_dag.py
[2025-07-17T09:40:34.939+0000] {logging_mixin.py:190} INFO - [2025-07-17T09:40:34.939+0000] {dag.py:3211} INFO - Sync 1 DAGs
[2025-07-17T09:40:34.946+0000] {logging_mixin.py:190} INFO - [2025-07-17T09:40:34.946+0000] {dag.py:4138} INFO - Setting next_dagrun for enhanced_csv_json_merge_pipeline to None, run_after=None
[2025-07-17T09:40:34.956+0000] {processor.py:208} INFO - Processing /opt/airflow/dags/enhanced_csv_json_merge_dag.py took 0.039 seconds
[2025-07-17T09:41:05.865+0000] {processor.py:186} INFO - Started process (PID=492) to work on /opt/airflow/dags/enhanced_csv_json_merge_dag.py
[2025-07-17T09:41:05.866+0000] {processor.py:914} INFO - Processing file /opt/airflow/dags/enhanced_csv_json_merge_dag.py for tasks to queue
[2025-07-17T09:41:05.868+0000] {logging_mixin.py:190} INFO - [2025-07-17T09:41:05.868+0000] {dagbag.py:587} INFO - Filling up the DagBag from /opt/airflow/dags/enhanced_csv_json_merge_dag.py
[2025-07-17T09:41:05.876+0000] {processor.py:925} INFO - DAG(s) 'enhanced_csv_json_merge_pipeline' retrieved from /opt/airflow/dags/enhanced_csv_json_merge_dag.py
[2025-07-17T09:41:05.890+0000] {logging_mixin.py:190} INFO - [2025-07-17T09:41:05.890+0000] {dag.py:3211} INFO - Sync 1 DAGs
[2025-07-17T09:41:05.897+0000] {logging_mixin.py:190} INFO - [2025-07-17T09:41:05.897+0000] {dag.py:4138} INFO - Setting next_dagrun for enhanced_csv_json_merge_pipeline to None, run_after=None
[2025-07-17T09:41:05.908+0000] {processor.py:208} INFO - Processing /opt/airflow/dags/enhanced_csv_json_merge_dag.py took 0.047 seconds
[2025-07-17T09:41:36.817+0000] {processor.py:186} INFO - Started process (PID=555) to work on /opt/airflow/dags/enhanced_csv_json_merge_dag.py
[2025-07-17T09:41:36.818+0000] {processor.py:914} INFO - Processing file /opt/airflow/dags/enhanced_csv_json_merge_dag.py for tasks to queue
[2025-07-17T09:41:36.820+0000] {logging_mixin.py:190} INFO - [2025-07-17T09:41:36.820+0000] {dagbag.py:587} INFO - Filling up the DagBag from /opt/airflow/dags/enhanced_csv_json_merge_dag.py
[2025-07-17T09:41:36.829+0000] {processor.py:925} INFO - DAG(s) 'enhanced_csv_json_merge_pipeline' retrieved from /opt/airflow/dags/enhanced_csv_json_merge_dag.py
[2025-07-17T09:41:36.844+0000] {logging_mixin.py:190} INFO - [2025-07-17T09:41:36.844+0000] {dag.py:3211} INFO - Sync 1 DAGs
[2025-07-17T09:41:36.851+0000] {logging_mixin.py:190} INFO - [2025-07-17T09:41:36.851+0000] {dag.py:4138} INFO - Setting next_dagrun for enhanced_csv_json_merge_pipeline to None, run_after=None
[2025-07-17T09:41:36.859+0000] {processor.py:208} INFO - Processing /opt/airflow/dags/enhanced_csv_json_merge_dag.py took 0.047 seconds
[2025-07-17T09:42:07.722+0000] {processor.py:186} INFO - Started process (PID=618) to work on /opt/airflow/dags/enhanced_csv_json_merge_dag.py
[2025-07-17T09:42:07.722+0000] {processor.py:914} INFO - Processing file /opt/airflow/dags/enhanced_csv_json_merge_dag.py for tasks to queue
[2025-07-17T09:42:07.723+0000] {logging_mixin.py:190} INFO - [2025-07-17T09:42:07.723+0000] {dagbag.py:587} INFO - Filling up the DagBag from /opt/airflow/dags/enhanced_csv_json_merge_dag.py
[2025-07-17T09:42:07.727+0000] {processor.py:925} INFO - DAG(s) 'enhanced_csv_json_merge_pipeline' retrieved from /opt/airflow/dags/enhanced_csv_json_merge_dag.py
[2025-07-17T09:42:07.738+0000] {logging_mixin.py:190} INFO - [2025-07-17T09:42:07.737+0000] {dag.py:3211} INFO - Sync 1 DAGs
[2025-07-17T09:42:07.743+0000] {logging_mixin.py:190} INFO - [2025-07-17T09:42:07.743+0000] {dag.py:4138} INFO - Setting next_dagrun for enhanced_csv_json_merge_pipeline to None, run_after=None
[2025-07-17T09:42:07.751+0000] {processor.py:208} INFO - Processing /opt/airflow/dags/enhanced_csv_json_merge_dag.py took 0.033 seconds
[2025-07-17T09:42:38.578+0000] {processor.py:186} INFO - Started process (PID=681) to work on /opt/airflow/dags/enhanced_csv_json_merge_dag.py
[2025-07-17T09:42:38.579+0000] {processor.py:914} INFO - Processing file /opt/airflow/dags/enhanced_csv_json_merge_dag.py for tasks to queue
[2025-07-17T09:42:38.580+0000] {logging_mixin.py:190} INFO - [2025-07-17T09:42:38.580+0000] {dagbag.py:587} INFO - Filling up the DagBag from /opt/airflow/dags/enhanced_csv_json_merge_dag.py
[2025-07-17T09:42:38.586+0000] {processor.py:925} INFO - DAG(s) 'enhanced_csv_json_merge_pipeline' retrieved from /opt/airflow/dags/enhanced_csv_json_merge_dag.py
[2025-07-17T09:42:38.596+0000] {logging_mixin.py:190} INFO - [2025-07-17T09:42:38.596+0000] {dag.py:3211} INFO - Sync 1 DAGs
[2025-07-17T09:42:38.602+0000] {logging_mixin.py:190} INFO - [2025-07-17T09:42:38.601+0000] {dag.py:4138} INFO - Setting next_dagrun for enhanced_csv_json_merge_pipeline to None, run_after=None
[2025-07-17T09:42:38.611+0000] {processor.py:208} INFO - Processing /opt/airflow/dags/enhanced_csv_json_merge_dag.py took 0.036 seconds
[2025-07-17T09:43:09.417+0000] {processor.py:186} INFO - Started process (PID=744) to work on /opt/airflow/dags/enhanced_csv_json_merge_dag.py
[2025-07-17T09:43:09.419+0000] {processor.py:914} INFO - Processing file /opt/airflow/dags/enhanced_csv_json_merge_dag.py for tasks to queue
[2025-07-17T09:43:09.420+0000] {logging_mixin.py:190} INFO - [2025-07-17T09:43:09.419+0000] {dagbag.py:587} INFO - Filling up the DagBag from /opt/airflow/dags/enhanced_csv_json_merge_dag.py
[2025-07-17T09:43:09.427+0000] {processor.py:925} INFO - DAG(s) 'enhanced_csv_json_merge_pipeline' retrieved from /opt/airflow/dags/enhanced_csv_json_merge_dag.py
[2025-07-17T09:43:09.436+0000] {logging_mixin.py:190} INFO - [2025-07-17T09:43:09.436+0000] {dag.py:3211} INFO - Sync 1 DAGs
[2025-07-17T09:43:09.443+0000] {logging_mixin.py:190} INFO - [2025-07-17T09:43:09.443+0000] {dag.py:4138} INFO - Setting next_dagrun for enhanced_csv_json_merge_pipeline to None, run_after=None
[2025-07-17T09:43:09.453+0000] {processor.py:208} INFO - Processing /opt/airflow/dags/enhanced_csv_json_merge_dag.py took 0.038 seconds
[2025-07-17T09:43:39.534+0000] {processor.py:186} INFO - Started process (PID=807) to work on /opt/airflow/dags/enhanced_csv_json_merge_dag.py
[2025-07-17T09:43:39.536+0000] {processor.py:914} INFO - Processing file /opt/airflow/dags/enhanced_csv_json_merge_dag.py for tasks to queue
[2025-07-17T09:43:39.538+0000] {logging_mixin.py:190} INFO - [2025-07-17T09:43:39.538+0000] {dagbag.py:587} INFO - Filling up the DagBag from /opt/airflow/dags/enhanced_csv_json_merge_dag.py
[2025-07-17T09:43:39.549+0000] {processor.py:925} INFO - DAG(s) 'enhanced_csv_json_merge_pipeline' retrieved from /opt/airflow/dags/enhanced_csv_json_merge_dag.py
[2025-07-17T09:43:39.563+0000] {logging_mixin.py:190} INFO - [2025-07-17T09:43:39.562+0000] {dag.py:3211} INFO - Sync 1 DAGs
[2025-07-17T09:43:39.573+0000] {logging_mixin.py:190} INFO - [2025-07-17T09:43:39.573+0000] {dag.py:4138} INFO - Setting next_dagrun for enhanced_csv_json_merge_pipeline to None, run_after=None
[2025-07-17T09:43:39.585+0000] {processor.py:208} INFO - Processing /opt/airflow/dags/enhanced_csv_json_merge_dag.py took 0.054 seconds
[2025-07-17T09:44:09.747+0000] {processor.py:186} INFO - Started process (PID=870) to work on /opt/airflow/dags/enhanced_csv_json_merge_dag.py
[2025-07-17T09:44:09.748+0000] {processor.py:914} INFO - Processing file /opt/airflow/dags/enhanced_csv_json_merge_dag.py for tasks to queue
[2025-07-17T09:44:09.751+0000] {logging_mixin.py:190} INFO - [2025-07-17T09:44:09.751+0000] {dagbag.py:587} INFO - Filling up the DagBag from /opt/airflow/dags/enhanced_csv_json_merge_dag.py
[2025-07-17T09:44:09.763+0000] {processor.py:925} INFO - DAG(s) 'enhanced_csv_json_merge_pipeline' retrieved from /opt/airflow/dags/enhanced_csv_json_merge_dag.py
[2025-07-17T09:44:09.779+0000] {logging_mixin.py:190} INFO - [2025-07-17T09:44:09.779+0000] {dag.py:3211} INFO - Sync 1 DAGs
[2025-07-17T09:44:09.787+0000] {logging_mixin.py:190} INFO - [2025-07-17T09:44:09.787+0000] {dag.py:4138} INFO - Setting next_dagrun for enhanced_csv_json_merge_pipeline to None, run_after=None
[2025-07-17T09:44:09.798+0000] {processor.py:208} INFO - Processing /opt/airflow/dags/enhanced_csv_json_merge_dag.py took 0.056 seconds
[2025-07-17T09:44:40.787+0000] {processor.py:186} INFO - Started process (PID=933) to work on /opt/airflow/dags/enhanced_csv_json_merge_dag.py
[2025-07-17T09:44:40.788+0000] {processor.py:914} INFO - Processing file /opt/airflow/dags/enhanced_csv_json_merge_dag.py for tasks to queue
[2025-07-17T09:44:40.790+0000] {logging_mixin.py:190} INFO - [2025-07-17T09:44:40.790+0000] {dagbag.py:587} INFO - Filling up the DagBag from /opt/airflow/dags/enhanced_csv_json_merge_dag.py
[2025-07-17T09:44:40.804+0000] {processor.py:925} INFO - DAG(s) 'enhanced_csv_json_merge_pipeline' retrieved from /opt/airflow/dags/enhanced_csv_json_merge_dag.py
[2025-07-17T09:44:40.817+0000] {logging_mixin.py:190} INFO - [2025-07-17T09:44:40.817+0000] {dag.py:3211} INFO - Sync 1 DAGs
[2025-07-17T09:44:40.824+0000] {logging_mixin.py:190} INFO - [2025-07-17T09:44:40.824+0000] {dag.py:4138} INFO - Setting next_dagrun for enhanced_csv_json_merge_pipeline to None, run_after=None
[2025-07-17T09:44:40.835+0000] {processor.py:208} INFO - Processing /opt/airflow/dags/enhanced_csv_json_merge_dag.py took 0.053 seconds
[2025-07-17T09:45:10.961+0000] {processor.py:186} INFO - Started process (PID=996) to work on /opt/airflow/dags/enhanced_csv_json_merge_dag.py
[2025-07-17T09:45:10.962+0000] {processor.py:914} INFO - Processing file /opt/airflow/dags/enhanced_csv_json_merge_dag.py for tasks to queue
[2025-07-17T09:45:10.964+0000] {logging_mixin.py:190} INFO - [2025-07-17T09:45:10.964+0000] {dagbag.py:587} INFO - Filling up the DagBag from /opt/airflow/dags/enhanced_csv_json_merge_dag.py
[2025-07-17T09:45:10.970+0000] {processor.py:925} INFO - DAG(s) 'enhanced_csv_json_merge_pipeline' retrieved from /opt/airflow/dags/enhanced_csv_json_merge_dag.py
[2025-07-17T09:45:10.983+0000] {logging_mixin.py:190} INFO - [2025-07-17T09:45:10.983+0000] {dag.py:3211} INFO - Sync 1 DAGs
[2025-07-17T09:45:10.990+0000] {logging_mixin.py:190} INFO - [2025-07-17T09:45:10.990+0000] {dag.py:4138} INFO - Setting next_dagrun for enhanced_csv_json_merge_pipeline to None, run_after=None
[2025-07-17T09:45:11.003+0000] {processor.py:208} INFO - Processing /opt/airflow/dags/enhanced_csv_json_merge_dag.py took 0.045 seconds
[2025-07-17T09:45:42.018+0000] {processor.py:186} INFO - Started process (PID=1059) to work on /opt/airflow/dags/enhanced_csv_json_merge_dag.py
[2025-07-17T09:45:42.019+0000] {processor.py:914} INFO - Processing file /opt/airflow/dags/enhanced_csv_json_merge_dag.py for tasks to queue
[2025-07-17T09:45:42.021+0000] {logging_mixin.py:190} INFO - [2025-07-17T09:45:42.021+0000] {dagbag.py:587} INFO - Filling up the DagBag from /opt/airflow/dags/enhanced_csv_json_merge_dag.py
[2025-07-17T09:45:42.033+0000] {processor.py:925} INFO - DAG(s) 'enhanced_csv_json_merge_pipeline' retrieved from /opt/airflow/dags/enhanced_csv_json_merge_dag.py
[2025-07-17T09:45:42.047+0000] {logging_mixin.py:190} INFO - [2025-07-17T09:45:42.047+0000] {dag.py:3211} INFO - Sync 1 DAGs
[2025-07-17T09:45:42.056+0000] {logging_mixin.py:190} INFO - [2025-07-17T09:45:42.056+0000] {dag.py:4138} INFO - Setting next_dagrun for enhanced_csv_json_merge_pipeline to None, run_after=None
[2025-07-17T09:45:42.066+0000] {processor.py:208} INFO - Processing /opt/airflow/dags/enhanced_csv_json_merge_dag.py took 0.052 seconds
[2025-07-17T09:46:13.061+0000] {processor.py:186} INFO - Started process (PID=1122) to work on /opt/airflow/dags/enhanced_csv_json_merge_dag.py
[2025-07-17T09:46:13.062+0000] {processor.py:914} INFO - Processing file /opt/airflow/dags/enhanced_csv_json_merge_dag.py for tasks to queue
[2025-07-17T09:46:13.064+0000] {logging_mixin.py:190} INFO - [2025-07-17T09:46:13.064+0000] {dagbag.py:587} INFO - Filling up the DagBag from /opt/airflow/dags/enhanced_csv_json_merge_dag.py
[2025-07-17T09:46:13.077+0000] {processor.py:925} INFO - DAG(s) 'enhanced_csv_json_merge_pipeline' retrieved from /opt/airflow/dags/enhanced_csv_json_merge_dag.py
[2025-07-17T09:46:13.089+0000] {logging_mixin.py:190} INFO - [2025-07-17T09:46:13.089+0000] {dag.py:3211} INFO - Sync 1 DAGs
[2025-07-17T09:46:13.096+0000] {logging_mixin.py:190} INFO - [2025-07-17T09:46:13.096+0000] {dag.py:4138} INFO - Setting next_dagrun for enhanced_csv_json_merge_pipeline to None, run_after=None
[2025-07-17T09:46:13.106+0000] {processor.py:208} INFO - Processing /opt/airflow/dags/enhanced_csv_json_merge_dag.py took 0.051 seconds
[2025-07-17T09:46:43.135+0000] {processor.py:186} INFO - Started process (PID=1185) to work on /opt/airflow/dags/enhanced_csv_json_merge_dag.py
[2025-07-17T09:46:43.135+0000] {processor.py:914} INFO - Processing file /opt/airflow/dags/enhanced_csv_json_merge_dag.py for tasks to queue
[2025-07-17T09:46:43.137+0000] {logging_mixin.py:190} INFO - [2025-07-17T09:46:43.136+0000] {dagbag.py:587} INFO - Filling up the DagBag from /opt/airflow/dags/enhanced_csv_json_merge_dag.py
[2025-07-17T09:46:43.142+0000] {processor.py:925} INFO - DAG(s) 'enhanced_csv_json_merge_pipeline' retrieved from /opt/airflow/dags/enhanced_csv_json_merge_dag.py
[2025-07-17T09:46:43.154+0000] {logging_mixin.py:190} INFO - [2025-07-17T09:46:43.154+0000] {dag.py:3211} INFO - Sync 1 DAGs
[2025-07-17T09:46:43.165+0000] {logging_mixin.py:190} INFO - [2025-07-17T09:46:43.165+0000] {dag.py:4138} INFO - Setting next_dagrun for enhanced_csv_json_merge_pipeline to None, run_after=None
[2025-07-17T09:46:43.178+0000] {processor.py:208} INFO - Processing /opt/airflow/dags/enhanced_csv_json_merge_dag.py took 0.047 seconds
[2025-07-17T09:47:13.240+0000] {processor.py:186} INFO - Started process (PID=1248) to work on /opt/airflow/dags/enhanced_csv_json_merge_dag.py
[2025-07-17T09:47:13.241+0000] {processor.py:914} INFO - Processing file /opt/airflow/dags/enhanced_csv_json_merge_dag.py for tasks to queue
[2025-07-17T09:47:13.242+0000] {logging_mixin.py:190} INFO - [2025-07-17T09:47:13.242+0000] {dagbag.py:587} INFO - Filling up the DagBag from /opt/airflow/dags/enhanced_csv_json_merge_dag.py
[2025-07-17T09:47:13.251+0000] {processor.py:925} INFO - DAG(s) 'enhanced_csv_json_merge_pipeline' retrieved from /opt/airflow/dags/enhanced_csv_json_merge_dag.py
[2025-07-17T09:47:13.265+0000] {logging_mixin.py:190} INFO - [2025-07-17T09:47:13.265+0000] {dag.py:3211} INFO - Sync 1 DAGs
[2025-07-17T09:47:13.273+0000] {logging_mixin.py:190} INFO - [2025-07-17T09:47:13.273+0000] {dag.py:4138} INFO - Setting next_dagrun for enhanced_csv_json_merge_pipeline to None, run_after=None
[2025-07-17T09:47:13.282+0000] {processor.py:208} INFO - Processing /opt/airflow/dags/enhanced_csv_json_merge_dag.py took 0.046 seconds
[2025-07-17T09:47:44.203+0000] {processor.py:186} INFO - Started process (PID=1311) to work on /opt/airflow/dags/enhanced_csv_json_merge_dag.py
[2025-07-17T09:47:44.204+0000] {processor.py:914} INFO - Processing file /opt/airflow/dags/enhanced_csv_json_merge_dag.py for tasks to queue
[2025-07-17T09:47:44.205+0000] {logging_mixin.py:190} INFO - [2025-07-17T09:47:44.205+0000] {dagbag.py:587} INFO - Filling up the DagBag from /opt/airflow/dags/enhanced_csv_json_merge_dag.py
[2025-07-17T09:47:44.212+0000] {processor.py:925} INFO - DAG(s) 'enhanced_csv_json_merge_pipeline' retrieved from /opt/airflow/dags/enhanced_csv_json_merge_dag.py
[2025-07-17T09:47:44.225+0000] {logging_mixin.py:190} INFO - [2025-07-17T09:47:44.225+0000] {dag.py:3211} INFO - Sync 1 DAGs
[2025-07-17T09:47:44.235+0000] {logging_mixin.py:190} INFO - [2025-07-17T09:47:44.235+0000] {dag.py:4138} INFO - Setting next_dagrun for enhanced_csv_json_merge_pipeline to None, run_after=None
[2025-07-17T09:47:44.245+0000] {processor.py:208} INFO - Processing /opt/airflow/dags/enhanced_csv_json_merge_dag.py took 0.047 seconds
[2025-07-17T09:48:15.101+0000] {processor.py:186} INFO - Started process (PID=1374) to work on /opt/airflow/dags/enhanced_csv_json_merge_dag.py
[2025-07-17T09:48:15.102+0000] {processor.py:914} INFO - Processing file /opt/airflow/dags/enhanced_csv_json_merge_dag.py for tasks to queue
[2025-07-17T09:48:15.104+0000] {logging_mixin.py:190} INFO - [2025-07-17T09:48:15.104+0000] {dagbag.py:587} INFO - Filling up the DagBag from /opt/airflow/dags/enhanced_csv_json_merge_dag.py
[2025-07-17T09:48:15.116+0000] {processor.py:925} INFO - DAG(s) 'enhanced_csv_json_merge_pipeline' retrieved from /opt/airflow/dags/enhanced_csv_json_merge_dag.py
[2025-07-17T09:48:15.130+0000] {logging_mixin.py:190} INFO - [2025-07-17T09:48:15.130+0000] {dag.py:3211} INFO - Sync 1 DAGs
[2025-07-17T09:48:15.137+0000] {logging_mixin.py:190} INFO - [2025-07-17T09:48:15.137+0000] {dag.py:4138} INFO - Setting next_dagrun for enhanced_csv_json_merge_pipeline to None, run_after=None
[2025-07-17T09:48:15.146+0000] {processor.py:208} INFO - Processing /opt/airflow/dags/enhanced_csv_json_merge_dag.py took 0.049 seconds
[2025-07-17T09:48:46.017+0000] {processor.py:186} INFO - Started process (PID=1437) to work on /opt/airflow/dags/enhanced_csv_json_merge_dag.py
[2025-07-17T09:48:46.018+0000] {processor.py:914} INFO - Processing file /opt/airflow/dags/enhanced_csv_json_merge_dag.py for tasks to queue
[2025-07-17T09:48:46.019+0000] {logging_mixin.py:190} INFO - [2025-07-17T09:48:46.019+0000] {dagbag.py:587} INFO - Filling up the DagBag from /opt/airflow/dags/enhanced_csv_json_merge_dag.py
[2025-07-17T09:48:46.029+0000] {processor.py:925} INFO - DAG(s) 'enhanced_csv_json_merge_pipeline' retrieved from /opt/airflow/dags/enhanced_csv_json_merge_dag.py
[2025-07-17T09:48:46.044+0000] {logging_mixin.py:190} INFO - [2025-07-17T09:48:46.043+0000] {dag.py:3211} INFO - Sync 1 DAGs
[2025-07-17T09:48:46.051+0000] {logging_mixin.py:190} INFO - [2025-07-17T09:48:46.051+0000] {dag.py:4138} INFO - Setting next_dagrun for enhanced_csv_json_merge_pipeline to None, run_after=None
[2025-07-17T09:48:46.060+0000] {processor.py:208} INFO - Processing /opt/airflow/dags/enhanced_csv_json_merge_dag.py took 0.047 seconds
[2025-07-17T09:49:16.897+0000] {processor.py:186} INFO - Started process (PID=1500) to work on /opt/airflow/dags/enhanced_csv_json_merge_dag.py
[2025-07-17T09:49:16.897+0000] {processor.py:914} INFO - Processing file /opt/airflow/dags/enhanced_csv_json_merge_dag.py for tasks to queue
[2025-07-17T09:49:16.899+0000] {logging_mixin.py:190} INFO - [2025-07-17T09:49:16.899+0000] {dagbag.py:587} INFO - Filling up the DagBag from /opt/airflow/dags/enhanced_csv_json_merge_dag.py
[2025-07-17T09:49:16.911+0000] {processor.py:925} INFO - DAG(s) 'enhanced_csv_json_merge_pipeline' retrieved from /opt/airflow/dags/enhanced_csv_json_merge_dag.py
[2025-07-17T09:49:16.925+0000] {logging_mixin.py:190} INFO - [2025-07-17T09:49:16.925+0000] {dag.py:3211} INFO - Sync 1 DAGs
[2025-07-17T09:49:16.933+0000] {logging_mixin.py:190} INFO - [2025-07-17T09:49:16.933+0000] {dag.py:4138} INFO - Setting next_dagrun for enhanced_csv_json_merge_pipeline to None, run_after=None
[2025-07-17T09:49:16.945+0000] {processor.py:208} INFO - Processing /opt/airflow/dags/enhanced_csv_json_merge_dag.py took 0.052 seconds
[2025-07-17T09:49:46.996+0000] {processor.py:186} INFO - Started process (PID=1563) to work on /opt/airflow/dags/enhanced_csv_json_merge_dag.py
[2025-07-17T09:49:46.996+0000] {processor.py:914} INFO - Processing file /opt/airflow/dags/enhanced_csv_json_merge_dag.py for tasks to queue
[2025-07-17T09:49:46.998+0000] {logging_mixin.py:190} INFO - [2025-07-17T09:49:46.998+0000] {dagbag.py:587} INFO - Filling up the DagBag from /opt/airflow/dags/enhanced_csv_json_merge_dag.py
[2025-07-17T09:49:47.009+0000] {processor.py:925} INFO - DAG(s) 'enhanced_csv_json_merge_pipeline' retrieved from /opt/airflow/dags/enhanced_csv_json_merge_dag.py
[2025-07-17T09:49:47.021+0000] {logging_mixin.py:190} INFO - [2025-07-17T09:49:47.021+0000] {dag.py:3211} INFO - Sync 1 DAGs
[2025-07-17T09:49:47.027+0000] {logging_mixin.py:190} INFO - [2025-07-17T09:49:47.026+0000] {dag.py:4138} INFO - Setting next_dagrun for enhanced_csv_json_merge_pipeline to None, run_after=None
[2025-07-17T09:49:47.039+0000] {processor.py:208} INFO - Processing /opt/airflow/dags/enhanced_csv_json_merge_dag.py took 0.047 seconds
[2025-07-17T09:50:17.932+0000] {processor.py:186} INFO - Started process (PID=1626) to work on /opt/airflow/dags/enhanced_csv_json_merge_dag.py
[2025-07-17T09:50:17.933+0000] {processor.py:914} INFO - Processing file /opt/airflow/dags/enhanced_csv_json_merge_dag.py for tasks to queue
[2025-07-17T09:50:17.935+0000] {logging_mixin.py:190} INFO - [2025-07-17T09:50:17.934+0000] {dagbag.py:587} INFO - Filling up the DagBag from /opt/airflow/dags/enhanced_csv_json_merge_dag.py
[2025-07-17T09:50:17.946+0000] {processor.py:925} INFO - DAG(s) 'enhanced_csv_json_merge_pipeline' retrieved from /opt/airflow/dags/enhanced_csv_json_merge_dag.py
[2025-07-17T09:50:17.959+0000] {logging_mixin.py:190} INFO - [2025-07-17T09:50:17.959+0000] {dag.py:3211} INFO - Sync 1 DAGs
[2025-07-17T09:50:17.966+0000] {logging_mixin.py:190} INFO - [2025-07-17T09:50:17.966+0000] {dag.py:4138} INFO - Setting next_dagrun for enhanced_csv_json_merge_pipeline to None, run_after=None
[2025-07-17T09:50:17.976+0000] {processor.py:208} INFO - Processing /opt/airflow/dags/enhanced_csv_json_merge_dag.py took 0.049 seconds
[2025-07-17T09:50:48.852+0000] {processor.py:186} INFO - Started process (PID=1689) to work on /opt/airflow/dags/enhanced_csv_json_merge_dag.py
[2025-07-17T09:50:48.853+0000] {processor.py:914} INFO - Processing file /opt/airflow/dags/enhanced_csv_json_merge_dag.py for tasks to queue
[2025-07-17T09:50:48.855+0000] {logging_mixin.py:190} INFO - [2025-07-17T09:50:48.854+0000] {dagbag.py:587} INFO - Filling up the DagBag from /opt/airflow/dags/enhanced_csv_json_merge_dag.py
[2025-07-17T09:50:48.867+0000] {processor.py:925} INFO - DAG(s) 'enhanced_csv_json_merge_pipeline' retrieved from /opt/airflow/dags/enhanced_csv_json_merge_dag.py
[2025-07-17T09:50:48.881+0000] {logging_mixin.py:190} INFO - [2025-07-17T09:50:48.880+0000] {dag.py:3211} INFO - Sync 1 DAGs
[2025-07-17T09:50:48.887+0000] {logging_mixin.py:190} INFO - [2025-07-17T09:50:48.887+0000] {dag.py:4138} INFO - Setting next_dagrun for enhanced_csv_json_merge_pipeline to None, run_after=None
[2025-07-17T09:50:48.899+0000] {processor.py:208} INFO - Processing /opt/airflow/dags/enhanced_csv_json_merge_dag.py took 0.052 seconds
[2025-07-17T09:51:18.933+0000] {processor.py:186} INFO - Started process (PID=1752) to work on /opt/airflow/dags/enhanced_csv_json_merge_dag.py
[2025-07-17T09:51:18.934+0000] {processor.py:914} INFO - Processing file /opt/airflow/dags/enhanced_csv_json_merge_dag.py for tasks to queue
[2025-07-17T09:51:18.935+0000] {logging_mixin.py:190} INFO - [2025-07-17T09:51:18.935+0000] {dagbag.py:587} INFO - Filling up the DagBag from /opt/airflow/dags/enhanced_csv_json_merge_dag.py
[2025-07-17T09:51:18.949+0000] {processor.py:925} INFO - DAG(s) 'enhanced_csv_json_merge_pipeline' retrieved from /opt/airflow/dags/enhanced_csv_json_merge_dag.py
[2025-07-17T09:51:18.962+0000] {logging_mixin.py:190} INFO - [2025-07-17T09:51:18.961+0000] {dag.py:3211} INFO - Sync 1 DAGs
[2025-07-17T09:51:18.970+0000] {logging_mixin.py:190} INFO - [2025-07-17T09:51:18.970+0000] {dag.py:4138} INFO - Setting next_dagrun for enhanced_csv_json_merge_pipeline to None, run_after=None
[2025-07-17T09:51:18.981+0000] {processor.py:208} INFO - Processing /opt/airflow/dags/enhanced_csv_json_merge_dag.py took 0.052 seconds
[2025-07-17T09:51:49.086+0000] {processor.py:186} INFO - Started process (PID=1815) to work on /opt/airflow/dags/enhanced_csv_json_merge_dag.py
[2025-07-17T09:51:49.087+0000] {processor.py:914} INFO - Processing file /opt/airflow/dags/enhanced_csv_json_merge_dag.py for tasks to queue
[2025-07-17T09:51:49.089+0000] {logging_mixin.py:190} INFO - [2025-07-17T09:51:49.088+0000] {dagbag.py:587} INFO - Filling up the DagBag from /opt/airflow/dags/enhanced_csv_json_merge_dag.py
[2025-07-17T09:51:49.102+0000] {processor.py:925} INFO - DAG(s) 'enhanced_csv_json_merge_pipeline' retrieved from /opt/airflow/dags/enhanced_csv_json_merge_dag.py
[2025-07-17T09:51:49.116+0000] {logging_mixin.py:190} INFO - [2025-07-17T09:51:49.116+0000] {dag.py:3211} INFO - Sync 1 DAGs
[2025-07-17T09:51:49.123+0000] {logging_mixin.py:190} INFO - [2025-07-17T09:51:49.122+0000] {dag.py:4138} INFO - Setting next_dagrun for enhanced_csv_json_merge_pipeline to None, run_after=None
[2025-07-17T09:51:49.132+0000] {processor.py:208} INFO - Processing /opt/airflow/dags/enhanced_csv_json_merge_dag.py took 0.050 seconds
[2025-07-17T09:52:19.279+0000] {processor.py:186} INFO - Started process (PID=1878) to work on /opt/airflow/dags/enhanced_csv_json_merge_dag.py
[2025-07-17T09:52:19.280+0000] {processor.py:914} INFO - Processing file /opt/airflow/dags/enhanced_csv_json_merge_dag.py for tasks to queue
[2025-07-17T09:52:19.282+0000] {logging_mixin.py:190} INFO - [2025-07-17T09:52:19.282+0000] {dagbag.py:587} INFO - Filling up the DagBag from /opt/airflow/dags/enhanced_csv_json_merge_dag.py
[2025-07-17T09:52:19.290+0000] {processor.py:925} INFO - DAG(s) 'enhanced_csv_json_merge_pipeline' retrieved from /opt/airflow/dags/enhanced_csv_json_merge_dag.py
[2025-07-17T09:52:19.303+0000] {logging_mixin.py:190} INFO - [2025-07-17T09:52:19.303+0000] {dag.py:3211} INFO - Sync 1 DAGs
[2025-07-17T09:52:19.309+0000] {logging_mixin.py:190} INFO - [2025-07-17T09:52:19.309+0000] {dag.py:4138} INFO - Setting next_dagrun for enhanced_csv_json_merge_pipeline to None, run_after=None
[2025-07-17T09:52:19.318+0000] {processor.py:208} INFO - Processing /opt/airflow/dags/enhanced_csv_json_merge_dag.py took 0.042 seconds
[2025-07-17T09:52:50.209+0000] {processor.py:186} INFO - Started process (PID=1941) to work on /opt/airflow/dags/enhanced_csv_json_merge_dag.py
[2025-07-17T09:52:50.210+0000] {processor.py:914} INFO - Processing file /opt/airflow/dags/enhanced_csv_json_merge_dag.py for tasks to queue
[2025-07-17T09:52:50.212+0000] {logging_mixin.py:190} INFO - [2025-07-17T09:52:50.212+0000] {dagbag.py:587} INFO - Filling up the DagBag from /opt/airflow/dags/enhanced_csv_json_merge_dag.py
[2025-07-17T09:52:50.224+0000] {processor.py:925} INFO - DAG(s) 'enhanced_csv_json_merge_pipeline' retrieved from /opt/airflow/dags/enhanced_csv_json_merge_dag.py
[2025-07-17T09:52:50.237+0000] {logging_mixin.py:190} INFO - [2025-07-17T09:52:50.237+0000] {dag.py:3211} INFO - Sync 1 DAGs
[2025-07-17T09:52:50.244+0000] {logging_mixin.py:190} INFO - [2025-07-17T09:52:50.244+0000] {dag.py:4138} INFO - Setting next_dagrun for enhanced_csv_json_merge_pipeline to None, run_after=None
[2025-07-17T09:52:50.253+0000] {processor.py:208} INFO - Processing /opt/airflow/dags/enhanced_csv_json_merge_dag.py took 0.048 seconds
[2025-07-17T09:53:21.112+0000] {processor.py:186} INFO - Started process (PID=2004) to work on /opt/airflow/dags/enhanced_csv_json_merge_dag.py
[2025-07-17T09:53:21.113+0000] {processor.py:914} INFO - Processing file /opt/airflow/dags/enhanced_csv_json_merge_dag.py for tasks to queue
[2025-07-17T09:53:21.115+0000] {logging_mixin.py:190} INFO - [2025-07-17T09:53:21.115+0000] {dagbag.py:587} INFO - Filling up the DagBag from /opt/airflow/dags/enhanced_csv_json_merge_dag.py
[2025-07-17T09:53:21.126+0000] {processor.py:925} INFO - DAG(s) 'enhanced_csv_json_merge_pipeline' retrieved from /opt/airflow/dags/enhanced_csv_json_merge_dag.py
[2025-07-17T09:53:21.141+0000] {logging_mixin.py:190} INFO - [2025-07-17T09:53:21.141+0000] {dag.py:3211} INFO - Sync 1 DAGs
[2025-07-17T09:53:21.148+0000] {logging_mixin.py:190} INFO - [2025-07-17T09:53:21.148+0000] {dag.py:4138} INFO - Setting next_dagrun for enhanced_csv_json_merge_pipeline to None, run_after=None
[2025-07-17T09:53:21.158+0000] {processor.py:208} INFO - Processing /opt/airflow/dags/enhanced_csv_json_merge_dag.py took 0.050 seconds
[2025-07-17T09:53:51.193+0000] {processor.py:186} INFO - Started process (PID=2067) to work on /opt/airflow/dags/enhanced_csv_json_merge_dag.py
[2025-07-17T09:53:51.195+0000] {processor.py:914} INFO - Processing file /opt/airflow/dags/enhanced_csv_json_merge_dag.py for tasks to queue
[2025-07-17T09:53:51.197+0000] {logging_mixin.py:190} INFO - [2025-07-17T09:53:51.197+0000] {dagbag.py:587} INFO - Filling up the DagBag from /opt/airflow/dags/enhanced_csv_json_merge_dag.py
[2025-07-17T09:53:51.205+0000] {processor.py:925} INFO - DAG(s) 'enhanced_csv_json_merge_pipeline' retrieved from /opt/airflow/dags/enhanced_csv_json_merge_dag.py
[2025-07-17T09:53:51.217+0000] {logging_mixin.py:190} INFO - [2025-07-17T09:53:51.217+0000] {dag.py:3211} INFO - Sync 1 DAGs
[2025-07-17T09:53:51.224+0000] {logging_mixin.py:190} INFO - [2025-07-17T09:53:51.224+0000] {dag.py:4138} INFO - Setting next_dagrun for enhanced_csv_json_merge_pipeline to None, run_after=None
[2025-07-17T09:53:51.235+0000] {processor.py:208} INFO - Processing /opt/airflow/dags/enhanced_csv_json_merge_dag.py took 0.047 seconds
[2025-07-17T09:54:21.391+0000] {processor.py:186} INFO - Started process (PID=2130) to work on /opt/airflow/dags/enhanced_csv_json_merge_dag.py
[2025-07-17T09:54:21.392+0000] {processor.py:914} INFO - Processing file /opt/airflow/dags/enhanced_csv_json_merge_dag.py for tasks to queue
[2025-07-17T09:54:21.394+0000] {logging_mixin.py:190} INFO - [2025-07-17T09:54:21.393+0000] {dagbag.py:587} INFO - Filling up the DagBag from /opt/airflow/dags/enhanced_csv_json_merge_dag.py
[2025-07-17T09:54:21.407+0000] {processor.py:925} INFO - DAG(s) 'enhanced_csv_json_merge_pipeline' retrieved from /opt/airflow/dags/enhanced_csv_json_merge_dag.py
[2025-07-17T09:54:21.419+0000] {logging_mixin.py:190} INFO - [2025-07-17T09:54:21.419+0000] {dag.py:3211} INFO - Sync 1 DAGs
[2025-07-17T09:54:21.429+0000] {logging_mixin.py:190} INFO - [2025-07-17T09:54:21.428+0000] {dag.py:4138} INFO - Setting next_dagrun for enhanced_csv_json_merge_pipeline to None, run_after=None
[2025-07-17T09:54:21.441+0000] {processor.py:208} INFO - Processing /opt/airflow/dags/enhanced_csv_json_merge_dag.py took 0.054 seconds
[2025-07-17T09:54:51.487+0000] {processor.py:186} INFO - Started process (PID=2193) to work on /opt/airflow/dags/enhanced_csv_json_merge_dag.py
[2025-07-17T09:54:51.488+0000] {processor.py:914} INFO - Processing file /opt/airflow/dags/enhanced_csv_json_merge_dag.py for tasks to queue
[2025-07-17T09:54:51.489+0000] {logging_mixin.py:190} INFO - [2025-07-17T09:54:51.489+0000] {dagbag.py:587} INFO - Filling up the DagBag from /opt/airflow/dags/enhanced_csv_json_merge_dag.py
[2025-07-17T09:54:51.497+0000] {processor.py:925} INFO - DAG(s) 'enhanced_csv_json_merge_pipeline' retrieved from /opt/airflow/dags/enhanced_csv_json_merge_dag.py
[2025-07-17T09:54:51.511+0000] {logging_mixin.py:190} INFO - [2025-07-17T09:54:51.511+0000] {dag.py:3211} INFO - Sync 1 DAGs
[2025-07-17T09:54:51.519+0000] {logging_mixin.py:190} INFO - [2025-07-17T09:54:51.519+0000] {dag.py:4138} INFO - Setting next_dagrun for enhanced_csv_json_merge_pipeline to None, run_after=None
[2025-07-17T09:54:51.532+0000] {processor.py:208} INFO - Processing /opt/airflow/dags/enhanced_csv_json_merge_dag.py took 0.050 seconds
[2025-07-17T09:55:21.677+0000] {processor.py:186} INFO - Started process (PID=2256) to work on /opt/airflow/dags/enhanced_csv_json_merge_dag.py
[2025-07-17T09:55:21.678+0000] {processor.py:914} INFO - Processing file /opt/airflow/dags/enhanced_csv_json_merge_dag.py for tasks to queue
[2025-07-17T09:55:21.680+0000] {logging_mixin.py:190} INFO - [2025-07-17T09:55:21.680+0000] {dagbag.py:587} INFO - Filling up the DagBag from /opt/airflow/dags/enhanced_csv_json_merge_dag.py
[2025-07-17T09:55:21.687+0000] {processor.py:925} INFO - DAG(s) 'enhanced_csv_json_merge_pipeline' retrieved from /opt/airflow/dags/enhanced_csv_json_merge_dag.py
[2025-07-17T09:55:21.701+0000] {logging_mixin.py:190} INFO - [2025-07-17T09:55:21.701+0000] {dag.py:3211} INFO - Sync 1 DAGs
[2025-07-17T09:55:21.708+0000] {logging_mixin.py:190} INFO - [2025-07-17T09:55:21.708+0000] {dag.py:4138} INFO - Setting next_dagrun for enhanced_csv_json_merge_pipeline to None, run_after=None
[2025-07-17T09:55:21.723+0000] {processor.py:208} INFO - Processing /opt/airflow/dags/enhanced_csv_json_merge_dag.py took 0.052 seconds
[2025-07-17T09:55:51.751+0000] {processor.py:186} INFO - Started process (PID=2319) to work on /opt/airflow/dags/enhanced_csv_json_merge_dag.py
[2025-07-17T09:55:51.752+0000] {processor.py:914} INFO - Processing file /opt/airflow/dags/enhanced_csv_json_merge_dag.py for tasks to queue
[2025-07-17T09:55:51.754+0000] {logging_mixin.py:190} INFO - [2025-07-17T09:55:51.754+0000] {dagbag.py:587} INFO - Filling up the DagBag from /opt/airflow/dags/enhanced_csv_json_merge_dag.py
[2025-07-17T09:55:51.761+0000] {processor.py:925} INFO - DAG(s) 'enhanced_csv_json_merge_pipeline' retrieved from /opt/airflow/dags/enhanced_csv_json_merge_dag.py
[2025-07-17T09:55:51.775+0000] {logging_mixin.py:190} INFO - [2025-07-17T09:55:51.775+0000] {dag.py:3211} INFO - Sync 1 DAGs
[2025-07-17T09:55:51.782+0000] {logging_mixin.py:190} INFO - [2025-07-17T09:55:51.782+0000] {dag.py:4138} INFO - Setting next_dagrun for enhanced_csv_json_merge_pipeline to None, run_after=None
[2025-07-17T09:55:51.794+0000] {processor.py:208} INFO - Processing /opt/airflow/dags/enhanced_csv_json_merge_dag.py took 0.048 seconds
[2025-07-17T09:56:21.909+0000] {processor.py:186} INFO - Started process (PID=2382) to work on /opt/airflow/dags/enhanced_csv_json_merge_dag.py
[2025-07-17T09:56:21.910+0000] {processor.py:914} INFO - Processing file /opt/airflow/dags/enhanced_csv_json_merge_dag.py for tasks to queue
[2025-07-17T09:56:21.912+0000] {logging_mixin.py:190} INFO - [2025-07-17T09:56:21.912+0000] {dagbag.py:587} INFO - Filling up the DagBag from /opt/airflow/dags/enhanced_csv_json_merge_dag.py
[2025-07-17T09:56:21.919+0000] {processor.py:925} INFO - DAG(s) 'enhanced_csv_json_merge_pipeline' retrieved from /opt/airflow/dags/enhanced_csv_json_merge_dag.py
[2025-07-17T09:56:21.933+0000] {logging_mixin.py:190} INFO - [2025-07-17T09:56:21.933+0000] {dag.py:3211} INFO - Sync 1 DAGs
[2025-07-17T09:56:21.940+0000] {logging_mixin.py:190} INFO - [2025-07-17T09:56:21.940+0000] {dag.py:4138} INFO - Setting next_dagrun for enhanced_csv_json_merge_pipeline to None, run_after=None
[2025-07-17T09:56:21.950+0000] {processor.py:208} INFO - Processing /opt/airflow/dags/enhanced_csv_json_merge_dag.py took 0.045 seconds
[2025-07-17T09:56:52.093+0000] {processor.py:186} INFO - Started process (PID=2445) to work on /opt/airflow/dags/enhanced_csv_json_merge_dag.py
[2025-07-17T09:56:52.094+0000] {processor.py:914} INFO - Processing file /opt/airflow/dags/enhanced_csv_json_merge_dag.py for tasks to queue
[2025-07-17T09:56:52.096+0000] {logging_mixin.py:190} INFO - [2025-07-17T09:56:52.095+0000] {dagbag.py:587} INFO - Filling up the DagBag from /opt/airflow/dags/enhanced_csv_json_merge_dag.py
[2025-07-17T09:56:52.105+0000] {processor.py:925} INFO - DAG(s) 'enhanced_csv_json_merge_pipeline' retrieved from /opt/airflow/dags/enhanced_csv_json_merge_dag.py
[2025-07-17T09:56:52.118+0000] {logging_mixin.py:190} INFO - [2025-07-17T09:56:52.118+0000] {dag.py:3211} INFO - Sync 1 DAGs
[2025-07-17T09:56:52.125+0000] {logging_mixin.py:190} INFO - [2025-07-17T09:56:52.125+0000] {dag.py:4138} INFO - Setting next_dagrun for enhanced_csv_json_merge_pipeline to None, run_after=None
[2025-07-17T09:56:52.137+0000] {processor.py:208} INFO - Processing /opt/airflow/dags/enhanced_csv_json_merge_dag.py took 0.049 seconds
[2025-07-17T09:57:22.262+0000] {processor.py:186} INFO - Started process (PID=2508) to work on /opt/airflow/dags/enhanced_csv_json_merge_dag.py
[2025-07-17T09:57:22.263+0000] {processor.py:914} INFO - Processing file /opt/airflow/dags/enhanced_csv_json_merge_dag.py for tasks to queue
[2025-07-17T09:57:22.264+0000] {logging_mixin.py:190} INFO - [2025-07-17T09:57:22.264+0000] {dagbag.py:587} INFO - Filling up the DagBag from /opt/airflow/dags/enhanced_csv_json_merge_dag.py
[2025-07-17T09:57:22.271+0000] {processor.py:925} INFO - DAG(s) 'enhanced_csv_json_merge_pipeline' retrieved from /opt/airflow/dags/enhanced_csv_json_merge_dag.py
[2025-07-17T09:57:22.284+0000] {logging_mixin.py:190} INFO - [2025-07-17T09:57:22.284+0000] {dag.py:3211} INFO - Sync 1 DAGs
[2025-07-17T09:57:22.290+0000] {logging_mixin.py:190} INFO - [2025-07-17T09:57:22.289+0000] {dag.py:4138} INFO - Setting next_dagrun for enhanced_csv_json_merge_pipeline to None, run_after=None
[2025-07-17T09:57:22.298+0000] {processor.py:208} INFO - Processing /opt/airflow/dags/enhanced_csv_json_merge_dag.py took 0.039 seconds
[2025-07-17T09:57:52.516+0000] {processor.py:186} INFO - Started process (PID=2571) to work on /opt/airflow/dags/enhanced_csv_json_merge_dag.py
[2025-07-17T09:57:52.517+0000] {processor.py:914} INFO - Processing file /opt/airflow/dags/enhanced_csv_json_merge_dag.py for tasks to queue
[2025-07-17T09:57:52.519+0000] {logging_mixin.py:190} INFO - [2025-07-17T09:57:52.518+0000] {dagbag.py:587} INFO - Filling up the DagBag from /opt/airflow/dags/enhanced_csv_json_merge_dag.py
[2025-07-17T09:57:52.528+0000] {processor.py:925} INFO - DAG(s) 'enhanced_csv_json_merge_pipeline' retrieved from /opt/airflow/dags/enhanced_csv_json_merge_dag.py
[2025-07-17T09:57:52.543+0000] {logging_mixin.py:190} INFO - [2025-07-17T09:57:52.543+0000] {dag.py:3211} INFO - Sync 1 DAGs
[2025-07-17T09:57:52.550+0000] {logging_mixin.py:190} INFO - [2025-07-17T09:57:52.550+0000] {dag.py:4138} INFO - Setting next_dagrun for enhanced_csv_json_merge_pipeline to None, run_after=None
[2025-07-17T09:57:52.560+0000] {processor.py:208} INFO - Processing /opt/airflow/dags/enhanced_csv_json_merge_dag.py took 0.049 seconds
[2025-07-17T09:58:22.710+0000] {processor.py:186} INFO - Started process (PID=2634) to work on /opt/airflow/dags/enhanced_csv_json_merge_dag.py
[2025-07-17T09:58:22.712+0000] {processor.py:914} INFO - Processing file /opt/airflow/dags/enhanced_csv_json_merge_dag.py for tasks to queue
[2025-07-17T09:58:22.713+0000] {logging_mixin.py:190} INFO - [2025-07-17T09:58:22.713+0000] {dagbag.py:587} INFO - Filling up the DagBag from /opt/airflow/dags/enhanced_csv_json_merge_dag.py
[2025-07-17T09:58:22.723+0000] {processor.py:925} INFO - DAG(s) 'enhanced_csv_json_merge_pipeline' retrieved from /opt/airflow/dags/enhanced_csv_json_merge_dag.py
[2025-07-17T09:58:22.739+0000] {logging_mixin.py:190} INFO - [2025-07-17T09:58:22.739+0000] {dag.py:3211} INFO - Sync 1 DAGs
[2025-07-17T09:58:22.748+0000] {logging_mixin.py:190} INFO - [2025-07-17T09:58:22.747+0000] {dag.py:4138} INFO - Setting next_dagrun for enhanced_csv_json_merge_pipeline to None, run_after=None
[2025-07-17T09:58:22.758+0000] {processor.py:208} INFO - Processing /opt/airflow/dags/enhanced_csv_json_merge_dag.py took 0.052 seconds
[2025-07-17T09:58:52.832+0000] {processor.py:186} INFO - Started process (PID=2697) to work on /opt/airflow/dags/enhanced_csv_json_merge_dag.py
[2025-07-17T09:58:52.832+0000] {processor.py:914} INFO - Processing file /opt/airflow/dags/enhanced_csv_json_merge_dag.py for tasks to queue
[2025-07-17T09:58:52.834+0000] {logging_mixin.py:190} INFO - [2025-07-17T09:58:52.834+0000] {dagbag.py:587} INFO - Filling up the DagBag from /opt/airflow/dags/enhanced_csv_json_merge_dag.py
[2025-07-17T09:58:52.842+0000] {processor.py:925} INFO - DAG(s) 'enhanced_csv_json_merge_pipeline' retrieved from /opt/airflow/dags/enhanced_csv_json_merge_dag.py
[2025-07-17T09:58:52.853+0000] {logging_mixin.py:190} INFO - [2025-07-17T09:58:52.853+0000] {dag.py:3211} INFO - Sync 1 DAGs
[2025-07-17T09:58:52.860+0000] {logging_mixin.py:190} INFO - [2025-07-17T09:58:52.860+0000] {dag.py:4138} INFO - Setting next_dagrun for enhanced_csv_json_merge_pipeline to None, run_after=None
[2025-07-17T09:58:52.870+0000] {processor.py:208} INFO - Processing /opt/airflow/dags/enhanced_csv_json_merge_dag.py took 0.041 seconds
[2025-07-17T09:59:23.034+0000] {processor.py:186} INFO - Started process (PID=2760) to work on /opt/airflow/dags/enhanced_csv_json_merge_dag.py
[2025-07-17T09:59:23.035+0000] {processor.py:914} INFO - Processing file /opt/airflow/dags/enhanced_csv_json_merge_dag.py for tasks to queue
[2025-07-17T09:59:23.037+0000] {logging_mixin.py:190} INFO - [2025-07-17T09:59:23.037+0000] {dagbag.py:587} INFO - Filling up the DagBag from /opt/airflow/dags/enhanced_csv_json_merge_dag.py
[2025-07-17T09:59:23.047+0000] {processor.py:925} INFO - DAG(s) 'enhanced_csv_json_merge_pipeline' retrieved from /opt/airflow/dags/enhanced_csv_json_merge_dag.py
[2025-07-17T09:59:23.057+0000] {logging_mixin.py:190} INFO - [2025-07-17T09:59:23.057+0000] {dag.py:3211} INFO - Sync 1 DAGs
[2025-07-17T09:59:23.063+0000] {logging_mixin.py:190} INFO - [2025-07-17T09:59:23.063+0000] {dag.py:4138} INFO - Setting next_dagrun for enhanced_csv_json_merge_pipeline to None, run_after=None
[2025-07-17T09:59:23.077+0000] {processor.py:208} INFO - Processing /opt/airflow/dags/enhanced_csv_json_merge_dag.py took 0.047 seconds
[2025-07-17T09:59:53.214+0000] {processor.py:186} INFO - Started process (PID=2823) to work on /opt/airflow/dags/enhanced_csv_json_merge_dag.py
[2025-07-17T09:59:53.214+0000] {processor.py:914} INFO - Processing file /opt/airflow/dags/enhanced_csv_json_merge_dag.py for tasks to queue
[2025-07-17T09:59:53.217+0000] {logging_mixin.py:190} INFO - [2025-07-17T09:59:53.217+0000] {dagbag.py:587} INFO - Filling up the DagBag from /opt/airflow/dags/enhanced_csv_json_merge_dag.py
[2025-07-17T09:59:53.226+0000] {processor.py:925} INFO - DAG(s) 'enhanced_csv_json_merge_pipeline' retrieved from /opt/airflow/dags/enhanced_csv_json_merge_dag.py
[2025-07-17T09:59:53.242+0000] {logging_mixin.py:190} INFO - [2025-07-17T09:59:53.241+0000] {dag.py:3211} INFO - Sync 1 DAGs
[2025-07-17T09:59:53.249+0000] {logging_mixin.py:190} INFO - [2025-07-17T09:59:53.249+0000] {dag.py:4138} INFO - Setting next_dagrun for enhanced_csv_json_merge_pipeline to None, run_after=None
[2025-07-17T09:59:53.258+0000] {processor.py:208} INFO - Processing /opt/airflow/dags/enhanced_csv_json_merge_dag.py took 0.049 seconds
[2025-07-17T10:00:23.547+0000] {processor.py:186} INFO - Started process (PID=2886) to work on /opt/airflow/dags/enhanced_csv_json_merge_dag.py
[2025-07-17T10:00:23.547+0000] {processor.py:914} INFO - Processing file /opt/airflow/dags/enhanced_csv_json_merge_dag.py for tasks to queue
[2025-07-17T10:00:23.549+0000] {logging_mixin.py:190} INFO - [2025-07-17T10:00:23.549+0000] {dagbag.py:587} INFO - Filling up the DagBag from /opt/airflow/dags/enhanced_csv_json_merge_dag.py
[2025-07-17T10:00:23.560+0000] {processor.py:925} INFO - DAG(s) 'enhanced_csv_json_merge_pipeline' retrieved from /opt/airflow/dags/enhanced_csv_json_merge_dag.py
[2025-07-17T10:00:23.572+0000] {logging_mixin.py:190} INFO - [2025-07-17T10:00:23.571+0000] {dag.py:3211} INFO - Sync 1 DAGs
[2025-07-17T10:00:23.582+0000] {logging_mixin.py:190} INFO - [2025-07-17T10:00:23.582+0000] {dag.py:4138} INFO - Setting next_dagrun for enhanced_csv_json_merge_pipeline to None, run_after=None
[2025-07-17T10:00:23.594+0000] {processor.py:208} INFO - Processing /opt/airflow/dags/enhanced_csv_json_merge_dag.py took 0.051 seconds
[2025-07-17T10:00:53.858+0000] {processor.py:186} INFO - Started process (PID=2949) to work on /opt/airflow/dags/enhanced_csv_json_merge_dag.py
[2025-07-17T10:00:53.859+0000] {processor.py:914} INFO - Processing file /opt/airflow/dags/enhanced_csv_json_merge_dag.py for tasks to queue
[2025-07-17T10:00:53.861+0000] {logging_mixin.py:190} INFO - [2025-07-17T10:00:53.861+0000] {dagbag.py:587} INFO - Filling up the DagBag from /opt/airflow/dags/enhanced_csv_json_merge_dag.py
[2025-07-17T10:00:53.872+0000] {processor.py:925} INFO - DAG(s) 'enhanced_csv_json_merge_pipeline' retrieved from /opt/airflow/dags/enhanced_csv_json_merge_dag.py
[2025-07-17T10:00:53.886+0000] {logging_mixin.py:190} INFO - [2025-07-17T10:00:53.886+0000] {dag.py:3211} INFO - Sync 1 DAGs
[2025-07-17T10:00:53.892+0000] {logging_mixin.py:190} INFO - [2025-07-17T10:00:53.892+0000] {dag.py:4138} INFO - Setting next_dagrun for enhanced_csv_json_merge_pipeline to None, run_after=None
[2025-07-17T10:00:53.902+0000] {processor.py:208} INFO - Processing /opt/airflow/dags/enhanced_csv_json_merge_dag.py took 0.049 seconds
[2025-07-17T10:01:24.153+0000] {processor.py:186} INFO - Started process (PID=3012) to work on /opt/airflow/dags/enhanced_csv_json_merge_dag.py
[2025-07-17T10:01:24.153+0000] {processor.py:914} INFO - Processing file /opt/airflow/dags/enhanced_csv_json_merge_dag.py for tasks to queue
[2025-07-17T10:01:24.155+0000] {logging_mixin.py:190} INFO - [2025-07-17T10:01:24.155+0000] {dagbag.py:587} INFO - Filling up the DagBag from /opt/airflow/dags/enhanced_csv_json_merge_dag.py
[2025-07-17T10:01:24.164+0000] {processor.py:925} INFO - DAG(s) 'enhanced_csv_json_merge_pipeline' retrieved from /opt/airflow/dags/enhanced_csv_json_merge_dag.py
[2025-07-17T10:01:24.178+0000] {logging_mixin.py:190} INFO - [2025-07-17T10:01:24.178+0000] {dag.py:3211} INFO - Sync 1 DAGs
[2025-07-17T10:01:24.185+0000] {logging_mixin.py:190} INFO - [2025-07-17T10:01:24.185+0000] {dag.py:4138} INFO - Setting next_dagrun for enhanced_csv_json_merge_pipeline to None, run_after=None
[2025-07-17T10:01:24.194+0000] {processor.py:208} INFO - Processing /opt/airflow/dags/enhanced_csv_json_merge_dag.py took 0.045 seconds
[2025-07-17T10:01:54.550+0000] {processor.py:186} INFO - Started process (PID=3075) to work on /opt/airflow/dags/enhanced_csv_json_merge_dag.py
[2025-07-17T10:01:54.550+0000] {processor.py:914} INFO - Processing file /opt/airflow/dags/enhanced_csv_json_merge_dag.py for tasks to queue
[2025-07-17T10:01:54.552+0000] {logging_mixin.py:190} INFO - [2025-07-17T10:01:54.551+0000] {dagbag.py:587} INFO - Filling up the DagBag from /opt/airflow/dags/enhanced_csv_json_merge_dag.py
[2025-07-17T10:01:54.559+0000] {processor.py:925} INFO - DAG(s) 'enhanced_csv_json_merge_pipeline' retrieved from /opt/airflow/dags/enhanced_csv_json_merge_dag.py
[2025-07-17T10:01:54.570+0000] {logging_mixin.py:190} INFO - [2025-07-17T10:01:54.569+0000] {dag.py:3211} INFO - Sync 1 DAGs
[2025-07-17T10:01:54.576+0000] {logging_mixin.py:190} INFO - [2025-07-17T10:01:54.575+0000] {dag.py:4138} INFO - Setting next_dagrun for enhanced_csv_json_merge_pipeline to None, run_after=None
[2025-07-17T10:01:54.587+0000] {processor.py:208} INFO - Processing /opt/airflow/dags/enhanced_csv_json_merge_dag.py took 0.040 seconds
[2025-07-17T10:02:24.889+0000] {processor.py:186} INFO - Started process (PID=3138) to work on /opt/airflow/dags/enhanced_csv_json_merge_dag.py
[2025-07-17T10:02:24.889+0000] {processor.py:914} INFO - Processing file /opt/airflow/dags/enhanced_csv_json_merge_dag.py for tasks to queue
[2025-07-17T10:02:24.891+0000] {logging_mixin.py:190} INFO - [2025-07-17T10:02:24.891+0000] {dagbag.py:587} INFO - Filling up the DagBag from /opt/airflow/dags/enhanced_csv_json_merge_dag.py
[2025-07-17T10:02:24.902+0000] {processor.py:925} INFO - DAG(s) 'enhanced_csv_json_merge_pipeline' retrieved from /opt/airflow/dags/enhanced_csv_json_merge_dag.py
[2025-07-17T10:02:24.915+0000] {logging_mixin.py:190} INFO - [2025-07-17T10:02:24.914+0000] {dag.py:3211} INFO - Sync 1 DAGs
[2025-07-17T10:02:24.922+0000] {logging_mixin.py:190} INFO - [2025-07-17T10:02:24.922+0000] {dag.py:4138} INFO - Setting next_dagrun for enhanced_csv_json_merge_pipeline to None, run_after=None
[2025-07-17T10:02:24.931+0000] {processor.py:208} INFO - Processing /opt/airflow/dags/enhanced_csv_json_merge_dag.py took 0.048 seconds
[2025-07-17T10:02:55.289+0000] {processor.py:186} INFO - Started process (PID=3201) to work on /opt/airflow/dags/enhanced_csv_json_merge_dag.py
[2025-07-17T10:02:55.290+0000] {processor.py:914} INFO - Processing file /opt/airflow/dags/enhanced_csv_json_merge_dag.py for tasks to queue
[2025-07-17T10:02:55.292+0000] {logging_mixin.py:190} INFO - [2025-07-17T10:02:55.292+0000] {dagbag.py:587} INFO - Filling up the DagBag from /opt/airflow/dags/enhanced_csv_json_merge_dag.py
[2025-07-17T10:02:55.299+0000] {processor.py:925} INFO - DAG(s) 'enhanced_csv_json_merge_pipeline' retrieved from /opt/airflow/dags/enhanced_csv_json_merge_dag.py
[2025-07-17T10:02:55.313+0000] {logging_mixin.py:190} INFO - [2025-07-17T10:02:55.313+0000] {dag.py:3211} INFO - Sync 1 DAGs
[2025-07-17T10:02:55.321+0000] {logging_mixin.py:190} INFO - [2025-07-17T10:02:55.321+0000] {dag.py:4138} INFO - Setting next_dagrun for enhanced_csv_json_merge_pipeline to None, run_after=None
[2025-07-17T10:02:55.329+0000] {processor.py:208} INFO - Processing /opt/airflow/dags/enhanced_csv_json_merge_dag.py took 0.044 seconds
[2025-07-17T10:03:25.716+0000] {processor.py:186} INFO - Started process (PID=3264) to work on /opt/airflow/dags/enhanced_csv_json_merge_dag.py
[2025-07-17T10:03:25.717+0000] {processor.py:914} INFO - Processing file /opt/airflow/dags/enhanced_csv_json_merge_dag.py for tasks to queue
[2025-07-17T10:03:25.719+0000] {logging_mixin.py:190} INFO - [2025-07-17T10:03:25.719+0000] {dagbag.py:587} INFO - Filling up the DagBag from /opt/airflow/dags/enhanced_csv_json_merge_dag.py
[2025-07-17T10:03:25.729+0000] {processor.py:925} INFO - DAG(s) 'enhanced_csv_json_merge_pipeline' retrieved from /opt/airflow/dags/enhanced_csv_json_merge_dag.py
[2025-07-17T10:03:25.742+0000] {logging_mixin.py:190} INFO - [2025-07-17T10:03:25.742+0000] {dag.py:3211} INFO - Sync 1 DAGs
[2025-07-17T10:03:25.848+0000] {logging_mixin.py:190} INFO - [2025-07-17T10:03:25.848+0000] {dag.py:4138} INFO - Setting next_dagrun for enhanced_csv_json_merge_pipeline to None, run_after=None
[2025-07-17T10:03:25.856+0000] {processor.py:208} INFO - Processing /opt/airflow/dags/enhanced_csv_json_merge_dag.py took 0.145 seconds
[2025-07-17T10:03:56.740+0000] {processor.py:186} INFO - Started process (PID=3327) to work on /opt/airflow/dags/enhanced_csv_json_merge_dag.py
[2025-07-17T10:03:56.741+0000] {processor.py:914} INFO - Processing file /opt/airflow/dags/enhanced_csv_json_merge_dag.py for tasks to queue
[2025-07-17T10:03:56.743+0000] {logging_mixin.py:190} INFO - [2025-07-17T10:03:56.743+0000] {dagbag.py:587} INFO - Filling up the DagBag from /opt/airflow/dags/enhanced_csv_json_merge_dag.py
[2025-07-17T10:03:56.754+0000] {processor.py:925} INFO - DAG(s) 'enhanced_csv_json_merge_pipeline' retrieved from /opt/airflow/dags/enhanced_csv_json_merge_dag.py
[2025-07-17T10:03:56.769+0000] {logging_mixin.py:190} INFO - [2025-07-17T10:03:56.768+0000] {dag.py:3211} INFO - Sync 1 DAGs
[2025-07-17T10:03:56.776+0000] {logging_mixin.py:190} INFO - [2025-07-17T10:03:56.776+0000] {dag.py:4138} INFO - Setting next_dagrun for enhanced_csv_json_merge_pipeline to None, run_after=None
[2025-07-17T10:03:56.877+0000] {processor.py:208} INFO - Processing /opt/airflow/dags/enhanced_csv_json_merge_dag.py took 0.142 seconds
[2025-07-17T10:04:27.716+0000] {processor.py:186} INFO - Started process (PID=3389) to work on /opt/airflow/dags/enhanced_csv_json_merge_dag.py
[2025-07-17T10:04:27.717+0000] {processor.py:914} INFO - Processing file /opt/airflow/dags/enhanced_csv_json_merge_dag.py for tasks to queue
[2025-07-17T10:04:27.718+0000] {logging_mixin.py:190} INFO - [2025-07-17T10:04:27.718+0000] {dagbag.py:587} INFO - Filling up the DagBag from /opt/airflow/dags/enhanced_csv_json_merge_dag.py
[2025-07-17T10:04:27.726+0000] {processor.py:925} INFO - DAG(s) 'enhanced_csv_json_merge_pipeline' retrieved from /opt/airflow/dags/enhanced_csv_json_merge_dag.py
[2025-07-17T10:04:27.740+0000] {logging_mixin.py:190} INFO - [2025-07-17T10:04:27.740+0000] {dag.py:3211} INFO - Sync 1 DAGs
[2025-07-17T10:04:27.748+0000] {logging_mixin.py:190} INFO - [2025-07-17T10:04:27.748+0000] {dag.py:4138} INFO - Setting next_dagrun for enhanced_csv_json_merge_pipeline to None, run_after=None
[2025-07-17T10:04:27.758+0000] {processor.py:208} INFO - Processing /opt/airflow/dags/enhanced_csv_json_merge_dag.py took 0.047 seconds
[2025-07-17T10:04:58.710+0000] {processor.py:186} INFO - Started process (PID=3452) to work on /opt/airflow/dags/enhanced_csv_json_merge_dag.py
[2025-07-17T10:04:58.711+0000] {processor.py:914} INFO - Processing file /opt/airflow/dags/enhanced_csv_json_merge_dag.py for tasks to queue
[2025-07-17T10:04:58.713+0000] {logging_mixin.py:190} INFO - [2025-07-17T10:04:58.713+0000] {dagbag.py:587} INFO - Filling up the DagBag from /opt/airflow/dags/enhanced_csv_json_merge_dag.py
[2025-07-17T10:04:58.720+0000] {processor.py:925} INFO - DAG(s) 'enhanced_csv_json_merge_pipeline' retrieved from /opt/airflow/dags/enhanced_csv_json_merge_dag.py
[2025-07-17T10:04:58.736+0000] {logging_mixin.py:190} INFO - [2025-07-17T10:04:58.736+0000] {dag.py:3211} INFO - Sync 1 DAGs
[2025-07-17T10:04:58.743+0000] {logging_mixin.py:190} INFO - [2025-07-17T10:04:58.743+0000] {dag.py:4138} INFO - Setting next_dagrun for enhanced_csv_json_merge_pipeline to None, run_after=None
[2025-07-17T10:04:58.753+0000] {processor.py:208} INFO - Processing /opt/airflow/dags/enhanced_csv_json_merge_dag.py took 0.048 seconds
[2025-07-17T10:05:29.701+0000] {processor.py:186} INFO - Started process (PID=3515) to work on /opt/airflow/dags/enhanced_csv_json_merge_dag.py
[2025-07-17T10:05:29.702+0000] {processor.py:914} INFO - Processing file /opt/airflow/dags/enhanced_csv_json_merge_dag.py for tasks to queue
[2025-07-17T10:05:29.706+0000] {logging_mixin.py:190} INFO - [2025-07-17T10:05:29.705+0000] {dagbag.py:587} INFO - Filling up the DagBag from /opt/airflow/dags/enhanced_csv_json_merge_dag.py
[2025-07-17T10:05:29.712+0000] {processor.py:925} INFO - DAG(s) 'enhanced_csv_json_merge_pipeline' retrieved from /opt/airflow/dags/enhanced_csv_json_merge_dag.py
[2025-07-17T10:05:29.729+0000] {logging_mixin.py:190} INFO - [2025-07-17T10:05:29.728+0000] {dag.py:3211} INFO - Sync 1 DAGs
[2025-07-17T10:05:29.738+0000] {logging_mixin.py:190} INFO - [2025-07-17T10:05:29.737+0000] {dag.py:4138} INFO - Setting next_dagrun for enhanced_csv_json_merge_pipeline to None, run_after=None
[2025-07-17T10:05:29.750+0000] {processor.py:208} INFO - Processing /opt/airflow/dags/enhanced_csv_json_merge_dag.py took 0.055 seconds
[2025-07-17T10:06:00.676+0000] {processor.py:186} INFO - Started process (PID=3578) to work on /opt/airflow/dags/enhanced_csv_json_merge_dag.py
[2025-07-17T10:06:00.677+0000] {processor.py:914} INFO - Processing file /opt/airflow/dags/enhanced_csv_json_merge_dag.py for tasks to queue
[2025-07-17T10:06:00.678+0000] {logging_mixin.py:190} INFO - [2025-07-17T10:06:00.678+0000] {dagbag.py:587} INFO - Filling up the DagBag from /opt/airflow/dags/enhanced_csv_json_merge_dag.py
[2025-07-17T10:06:00.688+0000] {processor.py:925} INFO - DAG(s) 'enhanced_csv_json_merge_pipeline' retrieved from /opt/airflow/dags/enhanced_csv_json_merge_dag.py
[2025-07-17T10:06:00.703+0000] {logging_mixin.py:190} INFO - [2025-07-17T10:06:00.703+0000] {dag.py:3211} INFO - Sync 1 DAGs
[2025-07-17T10:06:00.713+0000] {logging_mixin.py:190} INFO - [2025-07-17T10:06:00.713+0000] {dag.py:4138} INFO - Setting next_dagrun for enhanced_csv_json_merge_pipeline to None, run_after=None
[2025-07-17T10:06:00.723+0000] {processor.py:208} INFO - Processing /opt/airflow/dags/enhanced_csv_json_merge_dag.py took 0.051 seconds
[2025-07-17T10:06:31.561+0000] {processor.py:186} INFO - Started process (PID=3641) to work on /opt/airflow/dags/enhanced_csv_json_merge_dag.py
[2025-07-17T10:06:31.562+0000] {processor.py:914} INFO - Processing file /opt/airflow/dags/enhanced_csv_json_merge_dag.py for tasks to queue
[2025-07-17T10:06:31.564+0000] {logging_mixin.py:190} INFO - [2025-07-17T10:06:31.563+0000] {dagbag.py:587} INFO - Filling up the DagBag from /opt/airflow/dags/enhanced_csv_json_merge_dag.py
[2025-07-17T10:06:31.572+0000] {processor.py:925} INFO - DAG(s) 'enhanced_csv_json_merge_pipeline' retrieved from /opt/airflow/dags/enhanced_csv_json_merge_dag.py
[2025-07-17T10:06:31.586+0000] {logging_mixin.py:190} INFO - [2025-07-17T10:06:31.585+0000] {dag.py:3211} INFO - Sync 1 DAGs
[2025-07-17T10:06:31.593+0000] {logging_mixin.py:190} INFO - [2025-07-17T10:06:31.593+0000] {dag.py:4138} INFO - Setting next_dagrun for enhanced_csv_json_merge_pipeline to None, run_after=None
[2025-07-17T10:06:31.608+0000] {processor.py:208} INFO - Processing /opt/airflow/dags/enhanced_csv_json_merge_dag.py took 0.050 seconds
[2025-07-17T10:07:02.513+0000] {processor.py:186} INFO - Started process (PID=3704) to work on /opt/airflow/dags/enhanced_csv_json_merge_dag.py
[2025-07-17T10:07:02.514+0000] {processor.py:914} INFO - Processing file /opt/airflow/dags/enhanced_csv_json_merge_dag.py for tasks to queue
[2025-07-17T10:07:02.516+0000] {logging_mixin.py:190} INFO - [2025-07-17T10:07:02.516+0000] {dagbag.py:587} INFO - Filling up the DagBag from /opt/airflow/dags/enhanced_csv_json_merge_dag.py
[2025-07-17T10:07:02.527+0000] {processor.py:925} INFO - DAG(s) 'enhanced_csv_json_merge_pipeline' retrieved from /opt/airflow/dags/enhanced_csv_json_merge_dag.py
[2025-07-17T10:07:02.542+0000] {logging_mixin.py:190} INFO - [2025-07-17T10:07:02.541+0000] {dag.py:3211} INFO - Sync 1 DAGs
[2025-07-17T10:07:02.549+0000] {logging_mixin.py:190} INFO - [2025-07-17T10:07:02.549+0000] {dag.py:4138} INFO - Setting next_dagrun for enhanced_csv_json_merge_pipeline to None, run_after=None
[2025-07-17T10:07:02.558+0000] {processor.py:208} INFO - Processing /opt/airflow/dags/enhanced_csv_json_merge_dag.py took 0.051 seconds
[2025-07-17T10:07:33.545+0000] {processor.py:186} INFO - Started process (PID=3773) to work on /opt/airflow/dags/enhanced_csv_json_merge_dag.py
[2025-07-17T10:07:33.545+0000] {processor.py:914} INFO - Processing file /opt/airflow/dags/enhanced_csv_json_merge_dag.py for tasks to queue
[2025-07-17T10:07:33.548+0000] {logging_mixin.py:190} INFO - [2025-07-17T10:07:33.548+0000] {dagbag.py:587} INFO - Filling up the DagBag from /opt/airflow/dags/enhanced_csv_json_merge_dag.py
[2025-07-17T10:07:33.557+0000] {processor.py:925} INFO - DAG(s) 'enhanced_csv_json_merge_pipeline' retrieved from /opt/airflow/dags/enhanced_csv_json_merge_dag.py
[2025-07-17T10:07:33.571+0000] {logging_mixin.py:190} INFO - [2025-07-17T10:07:33.571+0000] {dag.py:3211} INFO - Sync 1 DAGs
[2025-07-17T10:07:33.580+0000] {logging_mixin.py:190} INFO - [2025-07-17T10:07:33.579+0000] {dag.py:4138} INFO - Setting next_dagrun for enhanced_csv_json_merge_pipeline to None, run_after=None
[2025-07-17T10:07:33.591+0000] {processor.py:208} INFO - Processing /opt/airflow/dags/enhanced_csv_json_merge_dag.py took 0.051 seconds
[2025-07-17T10:08:04.581+0000] {processor.py:186} INFO - Started process (PID=3836) to work on /opt/airflow/dags/enhanced_csv_json_merge_dag.py
[2025-07-17T10:08:04.581+0000] {processor.py:914} INFO - Processing file /opt/airflow/dags/enhanced_csv_json_merge_dag.py for tasks to queue
[2025-07-17T10:08:04.583+0000] {logging_mixin.py:190} INFO - [2025-07-17T10:08:04.582+0000] {dagbag.py:587} INFO - Filling up the DagBag from /opt/airflow/dags/enhanced_csv_json_merge_dag.py
[2025-07-17T10:08:04.595+0000] {processor.py:925} INFO - DAG(s) 'enhanced_csv_json_merge_pipeline' retrieved from /opt/airflow/dags/enhanced_csv_json_merge_dag.py
[2025-07-17T10:08:04.608+0000] {logging_mixin.py:190} INFO - [2025-07-17T10:08:04.608+0000] {dag.py:3211} INFO - Sync 1 DAGs
[2025-07-17T10:08:04.616+0000] {logging_mixin.py:190} INFO - [2025-07-17T10:08:04.616+0000] {dag.py:4138} INFO - Setting next_dagrun for enhanced_csv_json_merge_pipeline to None, run_after=None
[2025-07-17T10:08:04.627+0000] {processor.py:208} INFO - Processing /opt/airflow/dags/enhanced_csv_json_merge_dag.py took 0.050 seconds
[2025-07-17T10:08:35.503+0000] {processor.py:186} INFO - Started process (PID=3899) to work on /opt/airflow/dags/enhanced_csv_json_merge_dag.py
[2025-07-17T10:08:35.504+0000] {processor.py:914} INFO - Processing file /opt/airflow/dags/enhanced_csv_json_merge_dag.py for tasks to queue
[2025-07-17T10:08:35.506+0000] {logging_mixin.py:190} INFO - [2025-07-17T10:08:35.505+0000] {dagbag.py:587} INFO - Filling up the DagBag from /opt/airflow/dags/enhanced_csv_json_merge_dag.py
[2025-07-17T10:08:35.513+0000] {processor.py:925} INFO - DAG(s) 'enhanced_csv_json_merge_pipeline' retrieved from /opt/airflow/dags/enhanced_csv_json_merge_dag.py
[2025-07-17T10:08:35.527+0000] {logging_mixin.py:190} INFO - [2025-07-17T10:08:35.527+0000] {dag.py:3211} INFO - Sync 1 DAGs
[2025-07-17T10:08:35.535+0000] {logging_mixin.py:190} INFO - [2025-07-17T10:08:35.535+0000] {dag.py:4138} INFO - Setting next_dagrun for enhanced_csv_json_merge_pipeline to None, run_after=None
[2025-07-17T10:08:35.545+0000] {processor.py:208} INFO - Processing /opt/airflow/dags/enhanced_csv_json_merge_dag.py took 0.047 seconds
[2025-07-17T10:09:06.368+0000] {processor.py:186} INFO - Started process (PID=3962) to work on /opt/airflow/dags/enhanced_csv_json_merge_dag.py
[2025-07-17T10:09:06.368+0000] {processor.py:914} INFO - Processing file /opt/airflow/dags/enhanced_csv_json_merge_dag.py for tasks to queue
[2025-07-17T10:09:06.370+0000] {logging_mixin.py:190} INFO - [2025-07-17T10:09:06.370+0000] {dagbag.py:587} INFO - Filling up the DagBag from /opt/airflow/dags/enhanced_csv_json_merge_dag.py
[2025-07-17T10:09:06.383+0000] {processor.py:925} INFO - DAG(s) 'enhanced_csv_json_merge_pipeline' retrieved from /opt/airflow/dags/enhanced_csv_json_merge_dag.py
[2025-07-17T10:09:06.396+0000] {logging_mixin.py:190} INFO - [2025-07-17T10:09:06.396+0000] {dag.py:3211} INFO - Sync 1 DAGs
[2025-07-17T10:09:06.404+0000] {logging_mixin.py:190} INFO - [2025-07-17T10:09:06.404+0000] {dag.py:4138} INFO - Setting next_dagrun for enhanced_csv_json_merge_pipeline to None, run_after=None
[2025-07-17T10:09:06.417+0000] {processor.py:208} INFO - Processing /opt/airflow/dags/enhanced_csv_json_merge_dag.py took 0.052 seconds
[2025-07-17T10:09:37.341+0000] {processor.py:186} INFO - Started process (PID=4025) to work on /opt/airflow/dags/enhanced_csv_json_merge_dag.py
[2025-07-17T10:09:37.342+0000] {processor.py:914} INFO - Processing file /opt/airflow/dags/enhanced_csv_json_merge_dag.py for tasks to queue
[2025-07-17T10:09:37.345+0000] {logging_mixin.py:190} INFO - [2025-07-17T10:09:37.344+0000] {dagbag.py:587} INFO - Filling up the DagBag from /opt/airflow/dags/enhanced_csv_json_merge_dag.py
[2025-07-17T10:09:37.353+0000] {processor.py:925} INFO - DAG(s) 'enhanced_csv_json_merge_pipeline' retrieved from /opt/airflow/dags/enhanced_csv_json_merge_dag.py
[2025-07-17T10:09:37.366+0000] {logging_mixin.py:190} INFO - [2025-07-17T10:09:37.366+0000] {dag.py:3211} INFO - Sync 1 DAGs
[2025-07-17T10:09:37.373+0000] {logging_mixin.py:190} INFO - [2025-07-17T10:09:37.373+0000] {dag.py:4138} INFO - Setting next_dagrun for enhanced_csv_json_merge_pipeline to None, run_after=None
[2025-07-17T10:09:37.382+0000] {processor.py:208} INFO - Processing /opt/airflow/dags/enhanced_csv_json_merge_dag.py took 0.044 seconds
[2025-07-17T10:10:08.313+0000] {processor.py:186} INFO - Started process (PID=4088) to work on /opt/airflow/dags/enhanced_csv_json_merge_dag.py
[2025-07-17T10:10:08.314+0000] {processor.py:914} INFO - Processing file /opt/airflow/dags/enhanced_csv_json_merge_dag.py for tasks to queue
[2025-07-17T10:10:08.316+0000] {logging_mixin.py:190} INFO - [2025-07-17T10:10:08.316+0000] {dagbag.py:587} INFO - Filling up the DagBag from /opt/airflow/dags/enhanced_csv_json_merge_dag.py
[2025-07-17T10:10:08.330+0000] {processor.py:925} INFO - DAG(s) 'enhanced_csv_json_merge_pipeline' retrieved from /opt/airflow/dags/enhanced_csv_json_merge_dag.py
[2025-07-17T10:10:08.341+0000] {logging_mixin.py:190} INFO - [2025-07-17T10:10:08.341+0000] {dag.py:3211} INFO - Sync 1 DAGs
[2025-07-17T10:10:08.350+0000] {logging_mixin.py:190} INFO - [2025-07-17T10:10:08.350+0000] {dag.py:4138} INFO - Setting next_dagrun for enhanced_csv_json_merge_pipeline to None, run_after=None
[2025-07-17T10:10:08.360+0000] {processor.py:208} INFO - Processing /opt/airflow/dags/enhanced_csv_json_merge_dag.py took 0.052 seconds
[2025-07-17T10:10:39.226+0000] {processor.py:186} INFO - Started process (PID=4151) to work on /opt/airflow/dags/enhanced_csv_json_merge_dag.py
[2025-07-17T10:10:39.226+0000] {processor.py:914} INFO - Processing file /opt/airflow/dags/enhanced_csv_json_merge_dag.py for tasks to queue
[2025-07-17T10:10:39.228+0000] {logging_mixin.py:190} INFO - [2025-07-17T10:10:39.228+0000] {dagbag.py:587} INFO - Filling up the DagBag from /opt/airflow/dags/enhanced_csv_json_merge_dag.py
[2025-07-17T10:10:39.238+0000] {processor.py:925} INFO - DAG(s) 'enhanced_csv_json_merge_pipeline' retrieved from /opt/airflow/dags/enhanced_csv_json_merge_dag.py
[2025-07-17T10:10:39.253+0000] {logging_mixin.py:190} INFO - [2025-07-17T10:10:39.252+0000] {dag.py:3211} INFO - Sync 1 DAGs
[2025-07-17T10:10:39.260+0000] {logging_mixin.py:190} INFO - [2025-07-17T10:10:39.260+0000] {dag.py:4138} INFO - Setting next_dagrun for enhanced_csv_json_merge_pipeline to None, run_after=None
[2025-07-17T10:10:39.273+0000] {processor.py:208} INFO - Processing /opt/airflow/dags/enhanced_csv_json_merge_dag.py took 0.050 seconds
[2025-07-17T10:11:10.255+0000] {processor.py:186} INFO - Started process (PID=4214) to work on /opt/airflow/dags/enhanced_csv_json_merge_dag.py
[2025-07-17T10:11:10.256+0000] {processor.py:914} INFO - Processing file /opt/airflow/dags/enhanced_csv_json_merge_dag.py for tasks to queue
[2025-07-17T10:11:10.257+0000] {logging_mixin.py:190} INFO - [2025-07-17T10:11:10.257+0000] {dagbag.py:587} INFO - Filling up the DagBag from /opt/airflow/dags/enhanced_csv_json_merge_dag.py
[2025-07-17T10:11:10.266+0000] {processor.py:925} INFO - DAG(s) 'enhanced_csv_json_merge_pipeline' retrieved from /opt/airflow/dags/enhanced_csv_json_merge_dag.py
[2025-07-17T10:11:10.280+0000] {logging_mixin.py:190} INFO - [2025-07-17T10:11:10.280+0000] {dag.py:3211} INFO - Sync 1 DAGs
[2025-07-17T10:11:10.287+0000] {logging_mixin.py:190} INFO - [2025-07-17T10:11:10.286+0000] {dag.py:4138} INFO - Setting next_dagrun for enhanced_csv_json_merge_pipeline to None, run_after=None
[2025-07-17T10:11:10.295+0000] {processor.py:208} INFO - Processing /opt/airflow/dags/enhanced_csv_json_merge_dag.py took 0.043 seconds
[2025-07-17T10:11:41.175+0000] {processor.py:186} INFO - Started process (PID=4277) to work on /opt/airflow/dags/enhanced_csv_json_merge_dag.py
[2025-07-17T10:11:41.175+0000] {processor.py:914} INFO - Processing file /opt/airflow/dags/enhanced_csv_json_merge_dag.py for tasks to queue
[2025-07-17T10:11:41.177+0000] {logging_mixin.py:190} INFO - [2025-07-17T10:11:41.177+0000] {dagbag.py:587} INFO - Filling up the DagBag from /opt/airflow/dags/enhanced_csv_json_merge_dag.py
[2025-07-17T10:11:41.187+0000] {processor.py:925} INFO - DAG(s) 'enhanced_csv_json_merge_pipeline' retrieved from /opt/airflow/dags/enhanced_csv_json_merge_dag.py
[2025-07-17T10:11:41.199+0000] {logging_mixin.py:190} INFO - [2025-07-17T10:11:41.199+0000] {dag.py:3211} INFO - Sync 1 DAGs
[2025-07-17T10:11:41.208+0000] {logging_mixin.py:190} INFO - [2025-07-17T10:11:41.207+0000] {dag.py:4138} INFO - Setting next_dagrun for enhanced_csv_json_merge_pipeline to None, run_after=None
[2025-07-17T10:11:41.216+0000] {processor.py:208} INFO - Processing /opt/airflow/dags/enhanced_csv_json_merge_dag.py took 0.046 seconds
[2025-07-17T10:12:12.166+0000] {processor.py:186} INFO - Started process (PID=4340) to work on /opt/airflow/dags/enhanced_csv_json_merge_dag.py
[2025-07-17T10:12:12.166+0000] {processor.py:914} INFO - Processing file /opt/airflow/dags/enhanced_csv_json_merge_dag.py for tasks to queue
[2025-07-17T10:12:12.168+0000] {logging_mixin.py:190} INFO - [2025-07-17T10:12:12.168+0000] {dagbag.py:587} INFO - Filling up the DagBag from /opt/airflow/dags/enhanced_csv_json_merge_dag.py
[2025-07-17T10:12:12.183+0000] {processor.py:925} INFO - DAG(s) 'enhanced_csv_json_merge_pipeline' retrieved from /opt/airflow/dags/enhanced_csv_json_merge_dag.py
[2025-07-17T10:12:12.200+0000] {logging_mixin.py:190} INFO - [2025-07-17T10:12:12.199+0000] {dag.py:3211} INFO - Sync 1 DAGs
[2025-07-17T10:12:12.205+0000] {logging_mixin.py:190} INFO - [2025-07-17T10:12:12.205+0000] {dag.py:4138} INFO - Setting next_dagrun for enhanced_csv_json_merge_pipeline to None, run_after=None
[2025-07-17T10:12:12.216+0000] {processor.py:208} INFO - Processing /opt/airflow/dags/enhanced_csv_json_merge_dag.py took 0.056 seconds
[2025-07-17T10:12:43.134+0000] {processor.py:186} INFO - Started process (PID=4403) to work on /opt/airflow/dags/enhanced_csv_json_merge_dag.py
[2025-07-17T10:12:43.135+0000] {processor.py:914} INFO - Processing file /opt/airflow/dags/enhanced_csv_json_merge_dag.py for tasks to queue
[2025-07-17T10:12:43.137+0000] {logging_mixin.py:190} INFO - [2025-07-17T10:12:43.137+0000] {dagbag.py:587} INFO - Filling up the DagBag from /opt/airflow/dags/enhanced_csv_json_merge_dag.py
[2025-07-17T10:12:43.147+0000] {processor.py:925} INFO - DAG(s) 'enhanced_csv_json_merge_pipeline' retrieved from /opt/airflow/dags/enhanced_csv_json_merge_dag.py
[2025-07-17T10:12:43.160+0000] {logging_mixin.py:190} INFO - [2025-07-17T10:12:43.160+0000] {dag.py:3211} INFO - Sync 1 DAGs
[2025-07-17T10:12:43.169+0000] {logging_mixin.py:190} INFO - [2025-07-17T10:12:43.168+0000] {dag.py:4138} INFO - Setting next_dagrun for enhanced_csv_json_merge_pipeline to None, run_after=None
[2025-07-17T10:12:43.181+0000] {processor.py:208} INFO - Processing /opt/airflow/dags/enhanced_csv_json_merge_dag.py took 0.052 seconds
[2025-07-17T10:13:14.028+0000] {processor.py:186} INFO - Started process (PID=4466) to work on /opt/airflow/dags/enhanced_csv_json_merge_dag.py
[2025-07-17T10:13:14.029+0000] {processor.py:914} INFO - Processing file /opt/airflow/dags/enhanced_csv_json_merge_dag.py for tasks to queue
[2025-07-17T10:13:14.031+0000] {logging_mixin.py:190} INFO - [2025-07-17T10:13:14.031+0000] {dagbag.py:587} INFO - Filling up the DagBag from /opt/airflow/dags/enhanced_csv_json_merge_dag.py
[2025-07-17T10:13:14.041+0000] {processor.py:925} INFO - DAG(s) 'enhanced_csv_json_merge_pipeline' retrieved from /opt/airflow/dags/enhanced_csv_json_merge_dag.py
[2025-07-17T10:13:14.057+0000] {logging_mixin.py:190} INFO - [2025-07-17T10:13:14.057+0000] {dag.py:3211} INFO - Sync 1 DAGs
[2025-07-17T10:13:14.063+0000] {logging_mixin.py:190} INFO - [2025-07-17T10:13:14.063+0000] {dag.py:4138} INFO - Setting next_dagrun for enhanced_csv_json_merge_pipeline to None, run_after=None
[2025-07-17T10:13:14.075+0000] {processor.py:208} INFO - Processing /opt/airflow/dags/enhanced_csv_json_merge_dag.py took 0.052 seconds
[2025-07-17T10:13:44.924+0000] {processor.py:186} INFO - Started process (PID=4529) to work on /opt/airflow/dags/enhanced_csv_json_merge_dag.py
[2025-07-17T10:13:44.925+0000] {processor.py:914} INFO - Processing file /opt/airflow/dags/enhanced_csv_json_merge_dag.py for tasks to queue
[2025-07-17T10:13:44.927+0000] {logging_mixin.py:190} INFO - [2025-07-17T10:13:44.927+0000] {dagbag.py:587} INFO - Filling up the DagBag from /opt/airflow/dags/enhanced_csv_json_merge_dag.py
[2025-07-17T10:13:44.937+0000] {processor.py:925} INFO - DAG(s) 'enhanced_csv_json_merge_pipeline' retrieved from /opt/airflow/dags/enhanced_csv_json_merge_dag.py
[2025-07-17T10:13:44.952+0000] {logging_mixin.py:190} INFO - [2025-07-17T10:13:44.952+0000] {dag.py:3211} INFO - Sync 1 DAGs
[2025-07-17T10:13:44.959+0000] {logging_mixin.py:190} INFO - [2025-07-17T10:13:44.959+0000] {dag.py:4138} INFO - Setting next_dagrun for enhanced_csv_json_merge_pipeline to None, run_after=None
[2025-07-17T10:13:44.969+0000] {processor.py:208} INFO - Processing /opt/airflow/dags/enhanced_csv_json_merge_dag.py took 0.051 seconds
[2025-07-17T10:14:15.104+0000] {processor.py:186} INFO - Started process (PID=4592) to work on /opt/airflow/dags/enhanced_csv_json_merge_dag.py
[2025-07-17T10:14:15.104+0000] {processor.py:914} INFO - Processing file /opt/airflow/dags/enhanced_csv_json_merge_dag.py for tasks to queue
[2025-07-17T10:14:15.107+0000] {logging_mixin.py:190} INFO - [2025-07-17T10:14:15.106+0000] {dagbag.py:587} INFO - Filling up the DagBag from /opt/airflow/dags/enhanced_csv_json_merge_dag.py
[2025-07-17T10:14:15.115+0000] {processor.py:925} INFO - DAG(s) 'enhanced_csv_json_merge_pipeline' retrieved from /opt/airflow/dags/enhanced_csv_json_merge_dag.py
[2025-07-17T10:14:15.127+0000] {logging_mixin.py:190} INFO - [2025-07-17T10:14:15.126+0000] {dag.py:3211} INFO - Sync 1 DAGs
[2025-07-17T10:14:15.133+0000] {logging_mixin.py:190} INFO - [2025-07-17T10:14:15.133+0000] {dag.py:4138} INFO - Setting next_dagrun for enhanced_csv_json_merge_pipeline to None, run_after=None
[2025-07-17T10:14:15.142+0000] {processor.py:208} INFO - Processing /opt/airflow/dags/enhanced_csv_json_merge_dag.py took 0.043 seconds
